{"sha": "11f5309858db86d0419e53fbb5eb622c87664e3b", "node_id": "MDY6Q29tbWl0NzI0NzEyOjExZjUzMDk4NThkYjg2ZDA0MTllNTNmYmI1ZWI2MjJjODc2NjRlM2I=", "commit": {"author": {"name": "Mazdak Farrokhzad", "email": "twingoow@gmail.com", "date": "2020-03-23T03:26:08Z"}, "committer": {"name": "GitHub", "email": "noreply@github.com", "date": "2020-03-23T03:26:08Z"}, "message": "Rollup merge of #70227 - LeSeulArtichaut:typo-def, r=Centril\n\nOnly display definition when suggesting a typo\n\nCloses #70206\nr? @Centril", "tree": {"sha": "de20764d5cc5e187b91e3a0acf3048e0c47cbe86", "url": "https://api.github.com/repos/rust-lang/rust/git/trees/de20764d5cc5e187b91e3a0acf3048e0c47cbe86"}, "url": "https://api.github.com/repos/rust-lang/rust/git/commits/11f5309858db86d0419e53fbb5eb622c87664e3b", "comment_count": 0, "verification": {"verified": true, "reason": "valid", "signature": "-----BEGIN PGP SIGNATURE-----\n\nwsBcBAABCAAQBQJeeCxRCRBK7hj4Ov3rIwAAdHIIAEWjOqA3dlOa+FhUavGgk+E1\nPEi70ahech8V1LnlSseiDY+4dZpHx9BHXtFwpjKfgueNyv/Rlw0aOSNDW+uPH7ms\nDx5qHwXFZKcGRHgciIZHQbR1DKvA1omhxLg11NV49/goz2IaEYvudexb7M8/snJq\nitkt2CdhLvJd/0m2C8UhBbRoEr0O1PivO1LTrYv/TerqEt9iqzLcftAto75+Zrd1\nKcp2qD2nCGzdNVbE7YWvICpTj5yXpWHQFlAWH6y2Ju4WPXaOQlEQVVN/JID2aVBR\n1BbQB3uqwpHde7lubmdhRn52LsB2RUGwvG/Y33hp/lVAOlcs85NUjyxfVDKldCY=\n=rqOF\n-----END PGP SIGNATURE-----\n", "payload": "tree de20764d5cc5e187b91e3a0acf3048e0c47cbe86\nparent 675bdf6d6d7b6441598961052df6466efbb4bee4\nparent cb7a2c16aa086f89b0cc5ceb29dd46988ff21fc3\nauthor Mazdak Farrokhzad <twingoow@gmail.com> 1584933968 +0100\ncommitter GitHub <noreply@github.com> 1584933968 +0100\n\nRollup merge of #70227 - LeSeulArtichaut:typo-def, r=Centril\n\nOnly display definition when suggesting a typo\n\nCloses #70206\nr? @Centril\n"}}, "url": "https://api.github.com/repos/rust-lang/rust/commits/11f5309858db86d0419e53fbb5eb622c87664e3b", "html_url": "https://github.com/rust-lang/rust/commit/11f5309858db86d0419e53fbb5eb622c87664e3b", "comments_url": "https://api.github.com/repos/rust-lang/rust/commits/11f5309858db86d0419e53fbb5eb622c87664e3b/comments", "author": {"login": "Centril", "id": 855702, "node_id": "MDQ6VXNlcjg1NTcwMg==", "avatar_url": "https://avatars.githubusercontent.com/u/855702?v=4", "gravatar_id": "", "url": "https://api.github.com/users/Centril", "html_url": "https://github.com/Centril", "followers_url": "https://api.github.com/users/Centril/followers", "following_url": "https://api.github.com/users/Centril/following{/other_user}", "gists_url": "https://api.github.com/users/Centril/gists{/gist_id}", "starred_url": "https://api.github.com/users/Centril/starred{/owner}{/repo}", "subscriptions_url": "https://api.github.com/users/Centril/subscriptions", "organizations_url": "https://api.github.com/users/Centril/orgs", "repos_url": "https://api.github.com/users/Centril/repos", "events_url": "https://api.github.com/users/Centril/events{/privacy}", "received_events_url": "https://api.github.com/users/Centril/received_events", "type": "User", "site_admin": false}, "committer": {"login": "web-flow", "id": 19864447, "node_id": "MDQ6VXNlcjE5ODY0NDQ3", "avatar_url": "https://avatars.githubusercontent.com/u/19864447?v=4", "gravatar_id": "", "url": "https://api.github.com/users/web-flow", "html_url": "https://github.com/web-flow", "followers_url": "https://api.github.com/users/web-flow/followers", "following_url": "https://api.github.com/users/web-flow/following{/other_user}", "gists_url": "https://api.github.com/users/web-flow/gists{/gist_id}", "starred_url": "https://api.github.com/users/web-flow/starred{/owner}{/repo}", "subscriptions_url": "https://api.github.com/users/web-flow/subscriptions", "organizations_url": "https://api.github.com/users/web-flow/orgs", "repos_url": "https://api.github.com/users/web-flow/repos", "events_url": "https://api.github.com/users/web-flow/events{/privacy}", "received_events_url": "https://api.github.com/users/web-flow/received_events", "type": "User", "site_admin": false}, "parents": [{"sha": "675bdf6d6d7b6441598961052df6466efbb4bee4", "url": "https://api.github.com/repos/rust-lang/rust/commits/675bdf6d6d7b6441598961052df6466efbb4bee4", "html_url": "https://github.com/rust-lang/rust/commit/675bdf6d6d7b6441598961052df6466efbb4bee4"}, {"sha": "cb7a2c16aa086f89b0cc5ceb29dd46988ff21fc3", "url": "https://api.github.com/repos/rust-lang/rust/commits/cb7a2c16aa086f89b0cc5ceb29dd46988ff21fc3", "html_url": "https://github.com/rust-lang/rust/commit/cb7a2c16aa086f89b0cc5ceb29dd46988ff21fc3"}], "stats": {"total": 185, "additions": 69, "deletions": 116}, "files": [{"sha": "c3d6baee0c7b04f453ffda95ded95ed4cd3f7e5f", "filename": "src/librustc_resolve/diagnostics.rs", "status": "modified", "additions": 1, "deletions": 1, "changes": 2, "blob_url": "https://github.com/rust-lang/rust/blob/11f5309858db86d0419e53fbb5eb622c87664e3b/src%2Flibrustc_resolve%2Fdiagnostics.rs", "raw_url": "https://github.com/rust-lang/rust/raw/11f5309858db86d0419e53fbb5eb622c87664e3b/src%2Flibrustc_resolve%2Fdiagnostics.rs", "contents_url": "https://api.github.com/repos/rust-lang/rust/contents/src%2Flibrustc_resolve%2Fdiagnostics.rs?ref=11f5309858db86d0419e53fbb5eb622c87664e3b", "patch": "@@ -796,7 +796,7 @@ impl<'a> Resolver<'a> {\n             });\n             if let Some(span) = def_span {\n                 err.span_label(\n-                    span,\n+                    self.session.source_map().def_span(span),\n                     &format!(\n                         \"similarly named {} `{}` defined here\",\n                         suggestion.res.descr(),"}, {"sha": "a985e963e5726b547b20125863d5629c99e571b4", "filename": "src/test/ui/error-codes/E0423.stderr", "status": "modified", "additions": 9, "deletions": 12, "changes": 21, "blob_url": "https://github.com/rust-lang/rust/blob/11f5309858db86d0419e53fbb5eb622c87664e3b/src%2Ftest%2Fui%2Ferror-codes%2FE0423.stderr", "raw_url": "https://github.com/rust-lang/rust/raw/11f5309858db86d0419e53fbb5eb622c87664e3b/src%2Ftest%2Fui%2Ferror-codes%2FE0423.stderr", "contents_url": "https://api.github.com/repos/rust-lang/rust/contents/src%2Ftest%2Fui%2Ferror-codes%2FE0423.stderr?ref=11f5309858db86d0419e53fbb5eb622c87664e3b", "patch": "@@ -29,20 +29,17 @@ LL |     for _ in (std::ops::Range { start: 0, end: 10 }) {}\n error[E0423]: expected function, tuple struct or tuple variant, found struct `Foo`\n   --> $DIR/E0423.rs:4:13\n    |\n-LL |       struct Foo { a: bool };\n-   |       ---------------------- `Foo` defined here\n+LL |     struct Foo { a: bool };\n+   |     ---------------------- `Foo` defined here\n LL | \n-LL |       let f = Foo();\n-   |               ^^^\n-   |               |\n-   |               did you mean `Foo { /* fields */ }`?\n-   |               help: a function with a similar name exists (notice the capitalization): `foo`\n+LL |     let f = Foo();\n+   |             ^^^\n+   |             |\n+   |             did you mean `Foo { /* fields */ }`?\n+   |             help: a function with a similar name exists (notice the capitalization): `foo`\n ...\n-LL | / fn foo() {\n-LL | |     for _ in std::ops::Range { start: 0, end: 10 } {}\n-LL | |\n-LL | | }\n-   | |_- similarly named function `foo` defined here\n+LL | fn foo() {\n+   | -------- similarly named function `foo` defined here\n \n error[E0423]: expected value, found struct `T`\n   --> $DIR/E0423.rs:14:8"}, {"sha": "efbd53fd223a4e12e877d94f1d7578af9a65086a", "filename": "src/test/ui/glob-resolve1.stderr", "status": "modified", "additions": 3, "deletions": 3, "changes": 6, "blob_url": "https://github.com/rust-lang/rust/blob/11f5309858db86d0419e53fbb5eb622c87664e3b/src%2Ftest%2Fui%2Fglob-resolve1.stderr", "raw_url": "https://github.com/rust-lang/rust/raw/11f5309858db86d0419e53fbb5eb622c87664e3b/src%2Ftest%2Fui%2Fglob-resolve1.stderr", "contents_url": "https://api.github.com/repos/rust-lang/rust/contents/src%2Ftest%2Fui%2Fglob-resolve1.stderr?ref=11f5309858db86d0419e53fbb5eb622c87664e3b", "patch": "@@ -47,7 +47,7 @@ error[E0412]: cannot find type `A` in this scope\n   --> $DIR/glob-resolve1.rs:28:11\n    |\n LL |     pub enum B { B1 }\n-   |     ----------------- similarly named enum `B` defined here\n+   |     ---------- similarly named enum `B` defined here\n ...\n LL |     foo::<A>();\n    |           ^\n@@ -65,7 +65,7 @@ error[E0412]: cannot find type `C` in this scope\n   --> $DIR/glob-resolve1.rs:29:11\n    |\n LL |     pub enum B { B1 }\n-   |     ----------------- similarly named enum `B` defined here\n+   |     ---------- similarly named enum `B` defined here\n ...\n LL |     foo::<C>();\n    |           ^\n@@ -83,7 +83,7 @@ error[E0412]: cannot find type `D` in this scope\n   --> $DIR/glob-resolve1.rs:30:11\n    |\n LL |     pub enum B { B1 }\n-   |     ----------------- similarly named enum `B` defined here\n+   |     ---------- similarly named enum `B` defined here\n ...\n LL |     foo::<D>();\n    |           ^"}, {"sha": "fe51fa0699fb43496d40d2bd79078219005cbb74", "filename": "src/test/ui/issues/issue-31845.stderr", "status": "modified", "additions": 4, "deletions": 5, "changes": 9, "blob_url": "https://github.com/rust-lang/rust/blob/11f5309858db86d0419e53fbb5eb622c87664e3b/src%2Ftest%2Fui%2Fissues%2Fissue-31845.stderr", "raw_url": "https://github.com/rust-lang/rust/raw/11f5309858db86d0419e53fbb5eb622c87664e3b/src%2Ftest%2Fui%2Fissues%2Fissue-31845.stderr", "contents_url": "https://api.github.com/repos/rust-lang/rust/contents/src%2Ftest%2Fui%2Fissues%2Fissue-31845.stderr?ref=11f5309858db86d0419e53fbb5eb622c87664e3b", "patch": "@@ -1,11 +1,10 @@\n error[E0425]: cannot find function `g` in this scope\n   --> $DIR/issue-31845.rs:7:12\n    |\n-LL | /         fn h() {\n-LL | |            g();\n-   | |            ^ help: a function with a similar name exists: `h`\n-LL | |         }\n-   | |_________- similarly named function `h` defined here\n+LL |         fn h() {\n+   |         ------ similarly named function `h` defined here\n+LL |            g();\n+   |            ^ help: a function with a similar name exists: `h`\n \n error: aborting due to previous error\n "}, {"sha": "890ef8014b489e261da1d3f592e9a16e1c8546bd", "filename": "src/test/ui/issues/issue-46332.stderr", "status": "modified", "additions": 1, "deletions": 1, "changes": 2, "blob_url": "https://github.com/rust-lang/rust/blob/11f5309858db86d0419e53fbb5eb622c87664e3b/src%2Ftest%2Fui%2Fissues%2Fissue-46332.stderr", "raw_url": "https://github.com/rust-lang/rust/raw/11f5309858db86d0419e53fbb5eb622c87664e3b/src%2Ftest%2Fui%2Fissues%2Fissue-46332.stderr", "contents_url": "https://api.github.com/repos/rust-lang/rust/contents/src%2Ftest%2Fui%2Fissues%2Fissue-46332.stderr?ref=11f5309858db86d0419e53fbb5eb622c87664e3b", "patch": "@@ -2,7 +2,7 @@ error[E0422]: cannot find struct, variant or union type `TyUInt` in this scope\n   --> $DIR/issue-46332.rs:9:5\n    |\n LL | struct TyUint {}\n-   | ---------------- similarly named struct `TyUint` defined here\n+   | ------------- similarly named struct `TyUint` defined here\n ...\n LL |     TyUInt {};\n    |     ^^^^^^ help: a struct with a similar name exists (notice the capitalization): `TyUint`"}, {"sha": "4ab16bd10173d36570e860dc49a3db6169dfd2f5", "filename": "src/test/ui/macros/macro_undefined.stderr", "status": "modified", "additions": 4, "deletions": 6, "changes": 10, "blob_url": "https://github.com/rust-lang/rust/blob/11f5309858db86d0419e53fbb5eb622c87664e3b/src%2Ftest%2Fui%2Fmacros%2Fmacro_undefined.stderr", "raw_url": "https://github.com/rust-lang/rust/raw/11f5309858db86d0419e53fbb5eb622c87664e3b/src%2Ftest%2Fui%2Fmacros%2Fmacro_undefined.stderr", "contents_url": "https://api.github.com/repos/rust-lang/rust/contents/src%2Ftest%2Fui%2Fmacros%2Fmacro_undefined.stderr?ref=11f5309858db86d0419e53fbb5eb622c87664e3b", "patch": "@@ -1,13 +1,11 @@\n error: cannot find macro `k` in this scope\n   --> $DIR/macro_undefined.rs:11:5\n    |\n-LL | /     macro_rules! kl {\n-LL | |         () => ()\n-LL | |     }\n-   | |_____- similarly named macro `kl` defined here\n+LL |     macro_rules! kl {\n+   |     --------------- similarly named macro `kl` defined here\n ...\n-LL |       k!();\n-   |       ^ help: a macro with a similar name exists: `kl`\n+LL |     k!();\n+   |     ^ help: a macro with a similar name exists: `kl`\n \n error: aborting due to previous error\n "}, {"sha": "4f0d72de6f1a4c815508c9816e1a398ed9de2ee7", "filename": "src/test/ui/privacy/legacy-ctor-visibility.stderr", "status": "modified", "additions": 4, "deletions": 6, "changes": 10, "blob_url": "https://github.com/rust-lang/rust/blob/11f5309858db86d0419e53fbb5eb622c87664e3b/src%2Ftest%2Fui%2Fprivacy%2Flegacy-ctor-visibility.stderr", "raw_url": "https://github.com/rust-lang/rust/raw/11f5309858db86d0419e53fbb5eb622c87664e3b/src%2Ftest%2Fui%2Fprivacy%2Flegacy-ctor-visibility.stderr", "contents_url": "https://api.github.com/repos/rust-lang/rust/contents/src%2Ftest%2Fui%2Fprivacy%2Flegacy-ctor-visibility.stderr?ref=11f5309858db86d0419e53fbb5eb622c87664e3b", "patch": "@@ -1,12 +1,10 @@\n error[E0423]: expected function, tuple struct or tuple variant, found struct `S`\n   --> $DIR/legacy-ctor-visibility.rs:9:13\n    |\n-LL | /         fn f() {\n-LL | |             S(10);\n-   | |             ^ help: a function with a similar name exists: `f`\n-LL | |\n-LL | |         }\n-   | |_________- similarly named function `f` defined here\n+LL |         fn f() {\n+   |         ------ similarly named function `f` defined here\n+LL |             S(10);\n+   |             ^ help: a function with a similar name exists: `f`\n \n error: aborting due to previous error\n "}, {"sha": "15a1d6d9479fe856d737b849f92a965d7489354e", "filename": "src/test/ui/proc-macro/resolve-error.stderr", "status": "modified", "additions": 8, "deletions": 12, "changes": 20, "blob_url": "https://github.com/rust-lang/rust/blob/11f5309858db86d0419e53fbb5eb622c87664e3b/src%2Ftest%2Fui%2Fproc-macro%2Fresolve-error.stderr", "raw_url": "https://github.com/rust-lang/rust/raw/11f5309858db86d0419e53fbb5eb622c87664e3b/src%2Ftest%2Fui%2Fproc-macro%2Fresolve-error.stderr", "contents_url": "https://api.github.com/repos/rust-lang/rust/contents/src%2Ftest%2Fui%2Fproc-macro%2Fresolve-error.stderr?ref=11f5309858db86d0419e53fbb5eb622c87664e3b", "patch": "@@ -18,24 +18,20 @@ LL |     Dlona!();\n error: cannot find macro `attr_proc_macra` in this scope\n   --> $DIR/resolve-error.rs:58:5\n    |\n-LL | / macro_rules! attr_proc_mac {\n-LL | |     () => {}\n-LL | | }\n-   | |_- similarly named macro `attr_proc_mac` defined here\n+LL | macro_rules! attr_proc_mac {\n+   | -------------------------- similarly named macro `attr_proc_mac` defined here\n ...\n-LL |       attr_proc_macra!();\n-   |       ^^^^^^^^^^^^^^^ help: a macro with a similar name exists: `attr_proc_mac`\n+LL |     attr_proc_macra!();\n+   |     ^^^^^^^^^^^^^^^ help: a macro with a similar name exists: `attr_proc_mac`\n \n error: cannot find macro `FooWithLongNama` in this scope\n   --> $DIR/resolve-error.rs:55:5\n    |\n-LL | / macro_rules! FooWithLongNam {\n-LL | |     () => {}\n-LL | | }\n-   | |_- similarly named macro `FooWithLongNam` defined here\n+LL | macro_rules! FooWithLongNam {\n+   | --------------------------- similarly named macro `FooWithLongNam` defined here\n ...\n-LL |       FooWithLongNama!();\n-   |       ^^^^^^^^^^^^^^^ help: a macro with a similar name exists: `FooWithLongNam`\n+LL |     FooWithLongNama!();\n+   |     ^^^^^^^^^^^^^^^ help: a macro with a similar name exists: `FooWithLongNam`\n \n error: cannot find derive macro `attr_proc_macra` in this scope\n   --> $DIR/resolve-error.rs:49:10"}, {"sha": "622f0dfcda4cbd3c59a017a98bc901956ff82668", "filename": "src/test/ui/resolve/issue-5035.stderr", "status": "modified", "additions": 1, "deletions": 1, "changes": 2, "blob_url": "https://github.com/rust-lang/rust/blob/11f5309858db86d0419e53fbb5eb622c87664e3b/src%2Ftest%2Fui%2Fresolve%2Fissue-5035.stderr", "raw_url": "https://github.com/rust-lang/rust/raw/11f5309858db86d0419e53fbb5eb622c87664e3b/src%2Ftest%2Fui%2Fresolve%2Fissue-5035.stderr", "contents_url": "https://api.github.com/repos/rust-lang/rust/contents/src%2Ftest%2Fui%2Fresolve%2Fissue-5035.stderr?ref=11f5309858db86d0419e53fbb5eb622c87664e3b", "patch": "@@ -8,7 +8,7 @@ error[E0404]: expected trait, found type alias `K`\n   --> $DIR/issue-5035.rs:3:6\n    |\n LL | trait I {}\n-   | ---------- similarly named trait `I` defined here\n+   | ------- similarly named trait `I` defined here\n LL | type K = dyn I;\n LL | impl K for isize {}\n    |      ^"}, {"sha": "ecdec3c24a1d8e380e91604b9cb2506fc2530e88", "filename": "src/test/ui/resolve/levenshtein.stderr", "status": "modified", "additions": 2, "deletions": 2, "changes": 4, "blob_url": "https://github.com/rust-lang/rust/blob/11f5309858db86d0419e53fbb5eb622c87664e3b/src%2Ftest%2Fui%2Fresolve%2Flevenshtein.stderr", "raw_url": "https://github.com/rust-lang/rust/raw/11f5309858db86d0419e53fbb5eb622c87664e3b/src%2Ftest%2Fui%2Fresolve%2Flevenshtein.stderr", "contents_url": "https://api.github.com/repos/rust-lang/rust/contents/src%2Ftest%2Fui%2Fresolve%2Flevenshtein.stderr?ref=11f5309858db86d0419e53fbb5eb622c87664e3b", "patch": "@@ -8,7 +8,7 @@ error[E0412]: cannot find type `Baz` in this scope\n   --> $DIR/levenshtein.rs:14:10\n    |\n LL | enum Bar { }\n-   | ------------ similarly named enum `Bar` defined here\n+   | -------- similarly named enum `Bar` defined here\n LL | \n LL | type A = Baz; // Misspelled type name.\n    |          ^^^ help: an enum with a similar name exists: `Bar`\n@@ -43,7 +43,7 @@ error[E0425]: cannot find function `foobar` in this scope\n   --> $DIR/levenshtein.rs:30:5\n    |\n LL | fn foo_bar() {}\n-   | --------------- similarly named function `foo_bar` defined here\n+   | ------------ similarly named function `foo_bar` defined here\n ...\n LL |     foobar(); // Misspelled function name.\n    |     ^^^^^^ help: a function with a similar name exists: `foo_bar`"}, {"sha": "1187a661bbed1e32e112e856ef288ed45663ad2b", "filename": "src/test/ui/resolve/privacy-enum-ctor.stderr", "status": "modified", "additions": 25, "deletions": 59, "changes": 84, "blob_url": "https://github.com/rust-lang/rust/blob/11f5309858db86d0419e53fbb5eb622c87664e3b/src%2Ftest%2Fui%2Fresolve%2Fprivacy-enum-ctor.stderr", "raw_url": "https://github.com/rust-lang/rust/raw/11f5309858db86d0419e53fbb5eb622c87664e3b/src%2Ftest%2Fui%2Fresolve%2Fprivacy-enum-ctor.stderr", "contents_url": "https://api.github.com/repos/rust-lang/rust/contents/src%2Ftest%2Fui%2Fresolve%2Fprivacy-enum-ctor.stderr?ref=11f5309858db86d0419e53fbb5eb622c87664e3b", "patch": "@@ -16,15 +16,11 @@ LL |         m::Z::Unit;\n error[E0423]: expected value, found enum `Z`\n   --> $DIR/privacy-enum-ctor.rs:25:9\n    |\n-LL | /     fn f() {\n-LL | |         n::Z;\n-LL | |\n-LL | |         Z;\n-   | |         ^\n-...  |\n-LL | |         // This is ok, it is equivalent to not having braces\n-LL | |     }\n-   | |_____- similarly named function `f` defined here\n+LL |     fn f() {\n+   |     ------ similarly named function `f` defined here\n+...\n+LL |         Z;\n+   |         ^\n    |\n help: a function with a similar name exists\n    |\n@@ -53,17 +49,11 @@ LL |           let _: Z = Z::Struct;\n error[E0423]: expected value, found enum `m::E`\n   --> $DIR/privacy-enum-ctor.rs:41:16\n    |\n-LL | /     fn f() {\n-LL | |         n::Z;\n-LL | |\n-LL | |         Z;\n-...  |\n-LL | |         // This is ok, it is equivalent to not having braces\n-LL | |     }\n-   | |_____- similarly named function `f` defined here\n+LL |     fn f() {\n+   |     ------ similarly named function `f` defined here\n ...\n-LL |       let _: E = m::E;\n-   |                  ^^^^\n+LL |     let _: E = m::E;\n+   |                ^^^^\n    |\n help: a function with a similar name exists\n    |\n@@ -130,17 +120,11 @@ LL |       let _: E = E::Struct;\n error[E0412]: cannot find type `Z` in this scope\n   --> $DIR/privacy-enum-ctor.rs:57:12\n    |\n-LL | /     pub enum E {\n-LL | |         Fn(u8),\n-LL | |         Struct {\n-LL | |             s: u8,\n-LL | |         },\n-LL | |         Unit,\n-LL | |     }\n-   | |_____- similarly named enum `E` defined here\n+LL |     pub enum E {\n+   |     ---------- similarly named enum `E` defined here\n ...\n-LL |       let _: Z = m::n::Z;\n-   |              ^\n+LL |     let _: Z = m::n::Z;\n+   |            ^\n    |\n help: an enum with a similar name exists\n    |\n@@ -169,17 +153,11 @@ LL |     let _: Z = m::Z::Unit;\n error[E0412]: cannot find type `Z` in this scope\n   --> $DIR/privacy-enum-ctor.rs:61:12\n    |\n-LL | /     pub enum E {\n-LL | |         Fn(u8),\n-LL | |         Struct {\n-LL | |             s: u8,\n-LL | |         },\n-LL | |         Unit,\n-LL | |     }\n-   | |_____- similarly named enum `E` defined here\n+LL |     pub enum E {\n+   |     ---------- similarly named enum `E` defined here\n ...\n-LL |       let _: Z = m::n::Z::Fn;\n-   |              ^\n+LL |     let _: Z = m::n::Z::Fn;\n+   |            ^\n    |\n help: an enum with a similar name exists\n    |\n@@ -193,17 +171,11 @@ LL | use m::n::Z;\n error[E0412]: cannot find type `Z` in this scope\n   --> $DIR/privacy-enum-ctor.rs:64:12\n    |\n-LL | /     pub enum E {\n-LL | |         Fn(u8),\n-LL | |         Struct {\n-LL | |             s: u8,\n-LL | |         },\n-LL | |         Unit,\n-LL | |     }\n-   | |_____- similarly named enum `E` defined here\n+LL |     pub enum E {\n+   |     ---------- similarly named enum `E` defined here\n ...\n-LL |       let _: Z = m::n::Z::Struct;\n-   |              ^\n+LL |     let _: Z = m::n::Z::Struct;\n+   |            ^\n    |\n help: an enum with a similar name exists\n    |\n@@ -228,17 +200,11 @@ LL |       let _: Z = m::n::Z::Struct;\n error[E0412]: cannot find type `Z` in this scope\n   --> $DIR/privacy-enum-ctor.rs:68:12\n    |\n-LL | /     pub enum E {\n-LL | |         Fn(u8),\n-LL | |         Struct {\n-LL | |             s: u8,\n-LL | |         },\n-LL | |         Unit,\n-LL | |     }\n-   | |_____- similarly named enum `E` defined here\n+LL |     pub enum E {\n+   |     ---------- similarly named enum `E` defined here\n ...\n-LL |       let _: Z = m::n::Z::Unit {};\n-   |              ^\n+LL |     let _: Z = m::n::Z::Unit {};\n+   |            ^\n    |\n help: an enum with a similar name exists\n    |"}, {"sha": "cd2713a5bd50c9159be1115480a242a68ab77709", "filename": "src/test/ui/traits/trait-impl-for-module.stderr", "status": "modified", "additions": 5, "deletions": 6, "changes": 11, "blob_url": "https://github.com/rust-lang/rust/blob/11f5309858db86d0419e53fbb5eb622c87664e3b/src%2Ftest%2Fui%2Ftraits%2Ftrait-impl-for-module.stderr", "raw_url": "https://github.com/rust-lang/rust/raw/11f5309858db86d0419e53fbb5eb622c87664e3b/src%2Ftest%2Fui%2Ftraits%2Ftrait-impl-for-module.stderr", "contents_url": "https://api.github.com/repos/rust-lang/rust/contents/src%2Ftest%2Fui%2Ftraits%2Ftrait-impl-for-module.stderr?ref=11f5309858db86d0419e53fbb5eb622c87664e3b", "patch": "@@ -1,12 +1,11 @@\n error[E0573]: expected type, found module `a`\n   --> $DIR/trait-impl-for-module.rs:7:12\n    |\n-LL | / trait A {\n-LL | | }\n-   | |_- similarly named trait `A` defined here\n-LL | \n-LL |   impl A for a {\n-   |              ^ help: a trait with a similar name exists: `A`\n+LL | trait A {\n+   | ------- similarly named trait `A` defined here\n+...\n+LL | impl A for a {\n+   |            ^ help: a trait with a similar name exists: `A`\n \n error: aborting due to previous error\n "}, {"sha": "3950dc9877cd8e3eb620946a2e935b09411b94d2", "filename": "src/test/ui/ufcs/ufcs-partially-resolved.stderr", "status": "modified", "additions": 2, "deletions": 2, "changes": 4, "blob_url": "https://github.com/rust-lang/rust/blob/11f5309858db86d0419e53fbb5eb622c87664e3b/src%2Ftest%2Fui%2Fufcs%2Fufcs-partially-resolved.stderr", "raw_url": "https://github.com/rust-lang/rust/raw/11f5309858db86d0419e53fbb5eb622c87664e3b/src%2Ftest%2Fui%2Fufcs%2Fufcs-partially-resolved.stderr", "contents_url": "https://api.github.com/repos/rust-lang/rust/contents/src%2Ftest%2Fui%2Fufcs%2Fufcs-partially-resolved.stderr?ref=11f5309858db86d0419e53fbb5eb622c87664e3b", "patch": "@@ -35,7 +35,7 @@ error[E0576]: cannot find method or associated constant `N` in trait `Tr`\n   --> $DIR/ufcs-partially-resolved.rs:22:17\n    |\n LL |     fn Y() {}\n-   |     --------- similarly named associated function `Y` defined here\n+   |     ------ similarly named associated function `Y` defined here\n ...\n LL |     <u8 as Tr>::N;\n    |                 ^ help: an associated function with a similar name exists: `Y`\n@@ -181,7 +181,7 @@ error[E0575]: expected method or associated constant, found associated type `Dr:\n   --> $DIR/ufcs-partially-resolved.rs:53:5\n    |\n LL |     fn Z() {}\n-   |     --------- similarly named associated function `Z` defined here\n+   |     ------ similarly named associated function `Z` defined here\n ...\n LL |     <u8 as Dr>::X;\n    |     ^^^^^^^^^^^^-"}]}