{"sha": "1b0ab0b8a9847efcf6428aa5f1db359a41fbdfed", "node_id": "MDY6Q29tbWl0NzI0NzEyOjFiMGFiMGI4YTk4NDdlZmNmNjQyOGFhNWYxZGIzNTlhNDFmYmRmZWQ=", "commit": {"author": {"name": "Esteban K\u00fcber", "email": "esteban@kuber.com.ar", "date": "2019-03-10T23:20:15Z"}, "committer": {"name": "Esteban K\u00fcber", "email": "esteban@kuber.com.ar", "date": "2019-03-23T20:05:29Z"}, "message": "Tweak spans for E0599", "tree": {"sha": "68d686ac16277fc399ff5bd448f37fbb90ab69a3", "url": "https://api.github.com/repos/rust-lang/rust/git/trees/68d686ac16277fc399ff5bd448f37fbb90ab69a3"}, "url": "https://api.github.com/repos/rust-lang/rust/git/commits/1b0ab0b8a9847efcf6428aa5f1db359a41fbdfed", "comment_count": 0, "verification": {"verified": false, "reason": "unsigned", "signature": null, "payload": null}}, "url": "https://api.github.com/repos/rust-lang/rust/commits/1b0ab0b8a9847efcf6428aa5f1db359a41fbdfed", "html_url": "https://github.com/rust-lang/rust/commit/1b0ab0b8a9847efcf6428aa5f1db359a41fbdfed", "comments_url": "https://api.github.com/repos/rust-lang/rust/commits/1b0ab0b8a9847efcf6428aa5f1db359a41fbdfed/comments", "author": {"login": "estebank", "id": 1606434, "node_id": "MDQ6VXNlcjE2MDY0MzQ=", "avatar_url": "https://avatars.githubusercontent.com/u/1606434?v=4", "gravatar_id": "", "url": "https://api.github.com/users/estebank", "html_url": "https://github.com/estebank", "followers_url": "https://api.github.com/users/estebank/followers", "following_url": "https://api.github.com/users/estebank/following{/other_user}", "gists_url": "https://api.github.com/users/estebank/gists{/gist_id}", "starred_url": "https://api.github.com/users/estebank/starred{/owner}{/repo}", "subscriptions_url": "https://api.github.com/users/estebank/subscriptions", "organizations_url": "https://api.github.com/users/estebank/orgs", "repos_url": "https://api.github.com/users/estebank/repos", "events_url": "https://api.github.com/users/estebank/events{/privacy}", "received_events_url": "https://api.github.com/users/estebank/received_events", "type": "User", "site_admin": false}, "committer": {"login": "estebank", "id": 1606434, "node_id": "MDQ6VXNlcjE2MDY0MzQ=", "avatar_url": "https://avatars.githubusercontent.com/u/1606434?v=4", "gravatar_id": "", "url": "https://api.github.com/users/estebank", "html_url": "https://github.com/estebank", "followers_url": "https://api.github.com/users/estebank/followers", "following_url": "https://api.github.com/users/estebank/following{/other_user}", "gists_url": "https://api.github.com/users/estebank/gists{/gist_id}", "starred_url": "https://api.github.com/users/estebank/starred{/owner}{/repo}", "subscriptions_url": "https://api.github.com/users/estebank/subscriptions", "organizations_url": "https://api.github.com/users/estebank/orgs", "repos_url": "https://api.github.com/users/estebank/repos", "events_url": "https://api.github.com/users/estebank/events{/privacy}", "received_events_url": "https://api.github.com/users/estebank/received_events", "type": "User", "site_admin": false}, "parents": [{"sha": "0f118f6a6c8fda5101f956243c716632a56f5188", "url": "https://api.github.com/repos/rust-lang/rust/commits/0f118f6a6c8fda5101f956243c716632a56f5188", "html_url": "https://github.com/rust-lang/rust/commit/0f118f6a6c8fda5101f956243c716632a56f5188"}], "stats": {"total": 205, "additions": 72, "deletions": 133}, "files": [{"sha": "cdb492b09798bf457582739f5bd0a3c78d53f743", "filename": "src/librustc_typeck/check/method/suggest.rs", "status": "modified", "additions": 12, "deletions": 7, "changes": 19, "blob_url": "https://github.com/rust-lang/rust/blob/1b0ab0b8a9847efcf6428aa5f1db359a41fbdfed/src%2Flibrustc_typeck%2Fcheck%2Fmethod%2Fsuggest.rs", "raw_url": "https://github.com/rust-lang/rust/raw/1b0ab0b8a9847efcf6428aa5f1db359a41fbdfed/src%2Flibrustc_typeck%2Fcheck%2Fmethod%2Fsuggest.rs", "contents_url": "https://api.github.com/repos/rust-lang/rust/contents/src%2Flibrustc_typeck%2Fcheck%2Fmethod%2Fsuggest.rs?ref=1b0ab0b8a9847efcf6428aa5f1db359a41fbdfed", "patch": "@@ -69,13 +69,17 @@ impl<'a, 'gcx, 'tcx> FnCtxt<'a, 'gcx, 'tcx> {\n         error: MethodError<'tcx>,\n         args: Option<&'gcx [hir::Expr]>,\n     ) {\n+        let mut span = span;\n         // Avoid suggestions when we don't know what's going on.\n         if rcvr_ty.references_error() {\n             return;\n         }\n \n-        let report_candidates = |err: &mut DiagnosticBuilder<'_>,\n-                                 mut sources: Vec<CandidateSource>| {\n+        let report_candidates = |\n+            span: Span,\n+            err: &mut DiagnosticBuilder<'_>,\n+            mut sources: Vec<CandidateSource>,\n+        | {\n             sources.sort();\n             sources.dedup();\n             // Dynamic limit to avoid hiding just one candidate, which is silly.\n@@ -293,9 +297,10 @@ impl<'a, 'gcx, 'tcx> FnCtxt<'a, 'gcx, 'tcx> {\n                         err.emit();\n                         return;\n                     } else {\n+                        span = item_name.span;\n                         let mut err = struct_span_err!(\n                             tcx.sess,\n-                            item_name.span,\n+                            span,\n                             E0599,\n                             \"no {} named `{}` found for type `{}` in the current scope\",\n                             item_kind,\n@@ -305,7 +310,7 @@ impl<'a, 'gcx, 'tcx> FnCtxt<'a, 'gcx, 'tcx> {\n                         if let Some(suggestion) = suggestion {\n                             // enum variant\n                             err.span_suggestion(\n-                                item_name.span,\n+                                span,\n                                 \"did you mean\",\n                                 suggestion.to_string(),\n                                 Applicability::MaybeIncorrect,\n@@ -434,9 +439,9 @@ impl<'a, 'gcx, 'tcx> FnCtxt<'a, 'gcx, 'tcx> {\n                                           self.ty_to_string(actual), item_name));\n                     }\n \n-                    report_candidates(&mut err, static_sources);\n+                    report_candidates(span, &mut err, static_sources);\n                 } else if static_sources.len() > 1 {\n-                    report_candidates(&mut err, static_sources);\n+                    report_candidates(span, &mut err, static_sources);\n                 }\n \n                 if !unsatisfied_predicates.is_empty() {\n@@ -481,7 +486,7 @@ impl<'a, 'gcx, 'tcx> FnCtxt<'a, 'gcx, 'tcx> {\n                                                \"multiple applicable items in scope\");\n                 err.span_label(span, format!(\"multiple `{}` found\", item_name));\n \n-                report_candidates(&mut err, sources);\n+                report_candidates(span, &mut err, sources);\n                 err.emit();\n             }\n "}, {"sha": "d96cf67b875784d5b354cdc1551595ebdf4b3934", "filename": "src/test/ui/associated-const/associated-const-no-item.stderr", "status": "modified", "additions": 1, "deletions": 3, "changes": 4, "blob_url": "https://github.com/rust-lang/rust/blob/1b0ab0b8a9847efcf6428aa5f1db359a41fbdfed/src%2Ftest%2Fui%2Fassociated-const%2Fassociated-const-no-item.stderr", "raw_url": "https://github.com/rust-lang/rust/raw/1b0ab0b8a9847efcf6428aa5f1db359a41fbdfed/src%2Ftest%2Fui%2Fassociated-const%2Fassociated-const-no-item.stderr", "contents_url": "https://api.github.com/repos/rust-lang/rust/contents/src%2Ftest%2Fui%2Fassociated-const%2Fassociated-const-no-item.stderr?ref=1b0ab0b8a9847efcf6428aa5f1db359a41fbdfed", "patch": "@@ -2,9 +2,7 @@ error[E0599]: no associated item named `ID` found for type `i32` in the current\n   --> $DIR/associated-const-no-item.rs:5:23\n    |\n LL | const X: i32 = <i32>::ID;\n-   |                -------^^\n-   |                |\n-   |                associated item not found in `i32`\n+   |                       ^^ associated item not found in `i32`\n    |\n    = help: items from traits can only be used if the trait is implemented and in scope\n    = note: the following trait defines an item `ID`, perhaps you need to implement it:"}, {"sha": "0bf0d4b14ee91c375168221afc602649705aa3df", "filename": "src/test/ui/bogus-tag.stderr", "status": "modified", "additions": 1, "deletions": 1, "changes": 2, "blob_url": "https://github.com/rust-lang/rust/blob/1b0ab0b8a9847efcf6428aa5f1db359a41fbdfed/src%2Ftest%2Fui%2Fbogus-tag.stderr", "raw_url": "https://github.com/rust-lang/rust/raw/1b0ab0b8a9847efcf6428aa5f1db359a41fbdfed/src%2Ftest%2Fui%2Fbogus-tag.stderr", "contents_url": "https://api.github.com/repos/rust-lang/rust/contents/src%2Ftest%2Fui%2Fbogus-tag.stderr?ref=1b0ab0b8a9847efcf6428aa5f1db359a41fbdfed", "patch": "@@ -5,7 +5,7 @@ LL | enum Color { Rgb(isize, isize, isize), Rgba(isize, isize, isize, isize), }\n    | ---------- variant `Hsl` not found here\n ...\n LL |         Color::Hsl(h, s, l) => { println!(\"hsl\"); }\n-   |         -------^^^--------- variant not found in `Color`\n+   |                ^^^ variant not found in `Color`\n \n error: aborting due to previous error\n "}, {"sha": "51c039760a4f4f2bf1c96eace51b8f5849a2498e", "filename": "src/test/ui/did_you_mean/bad-assoc-pat.stderr", "status": "modified", "additions": 4, "deletions": 12, "changes": 16, "blob_url": "https://github.com/rust-lang/rust/blob/1b0ab0b8a9847efcf6428aa5f1db359a41fbdfed/src%2Ftest%2Fui%2Fdid_you_mean%2Fbad-assoc-pat.stderr", "raw_url": "https://github.com/rust-lang/rust/raw/1b0ab0b8a9847efcf6428aa5f1db359a41fbdfed/src%2Ftest%2Fui%2Fdid_you_mean%2Fbad-assoc-pat.stderr", "contents_url": "https://api.github.com/repos/rust-lang/rust/contents/src%2Ftest%2Fui%2Fdid_you_mean%2Fbad-assoc-pat.stderr?ref=1b0ab0b8a9847efcf6428aa5f1db359a41fbdfed", "patch": "@@ -41,33 +41,25 @@ error[E0599]: no associated item named `AssocItem` found for type `[u8]` in the\n   --> $DIR/bad-assoc-pat.rs:3:15\n    |\n LL |         [u8]::AssocItem => {}\n-   |         ------^^^^^^^^^\n-   |         |\n-   |         associated item not found in `[u8]`\n+   |               ^^^^^^^^^ associated item not found in `[u8]`\n \n error[E0599]: no associated item named `AssocItem` found for type `(u8, u8)` in the current scope\n   --> $DIR/bad-assoc-pat.rs:6:19\n    |\n LL |         (u8, u8)::AssocItem => {}\n-   |         ----------^^^^^^^^^\n-   |         |\n-   |         associated item not found in `(u8, u8)`\n+   |                   ^^^^^^^^^ associated item not found in `(u8, u8)`\n \n error[E0599]: no associated item named `AssocItem` found for type `_` in the current scope\n   --> $DIR/bad-assoc-pat.rs:9:12\n    |\n LL |         _::AssocItem => {}\n-   |         ---^^^^^^^^^\n-   |         |\n-   |         associated item not found in `_`\n+   |            ^^^^^^^^^ associated item not found in `_`\n \n error[E0599]: no associated item named `AssocItem` found for type `(u8,)` in the current scope\n   --> $DIR/bad-assoc-pat.rs:14:17\n    |\n LL |         &(u8,)::AssocItem => {}\n-   |          -------^^^^^^^^^\n-   |          |\n-   |          associated item not found in `(u8,)`\n+   |                 ^^^^^^^^^ associated item not found in `(u8,)`\n \n error[E0599]: no associated item named `AssocItem` found for type `u8` in the current scope\n   --> $DIR/bad-assoc-pat.rs:21:24"}, {"sha": "5189ffa62d1ba23446eb46c849f4fa2af97a3699", "filename": "src/test/ui/dont-suggest-private-trait-method.stderr", "status": "modified", "additions": 1, "deletions": 3, "changes": 4, "blob_url": "https://github.com/rust-lang/rust/blob/1b0ab0b8a9847efcf6428aa5f1db359a41fbdfed/src%2Ftest%2Fui%2Fdont-suggest-private-trait-method.stderr", "raw_url": "https://github.com/rust-lang/rust/raw/1b0ab0b8a9847efcf6428aa5f1db359a41fbdfed/src%2Ftest%2Fui%2Fdont-suggest-private-trait-method.stderr", "contents_url": "https://api.github.com/repos/rust-lang/rust/contents/src%2Ftest%2Fui%2Fdont-suggest-private-trait-method.stderr?ref=1b0ab0b8a9847efcf6428aa5f1db359a41fbdfed", "patch": "@@ -5,9 +5,7 @@ LL | struct T;\n    | --------- function or associated item `new` not found for this\n ...\n LL |     T::new();\n-   |     ---^^^\n-   |     |\n-   |     function or associated item not found in `T`\n+   |        ^^^ function or associated item not found in `T`\n \n error: aborting due to previous error\n "}, {"sha": "57c8c1c85dd414d840deaa4281ff7b337d2a4b5f", "filename": "src/test/ui/empty/empty-struct-braces-expr.stderr", "status": "modified", "additions": 8, "deletions": 8, "changes": 16, "blob_url": "https://github.com/rust-lang/rust/blob/1b0ab0b8a9847efcf6428aa5f1db359a41fbdfed/src%2Ftest%2Fui%2Fempty%2Fempty-struct-braces-expr.stderr", "raw_url": "https://github.com/rust-lang/rust/raw/1b0ab0b8a9847efcf6428aa5f1db359a41fbdfed/src%2Ftest%2Fui%2Fempty%2Fempty-struct-braces-expr.stderr", "contents_url": "https://api.github.com/repos/rust-lang/rust/contents/src%2Ftest%2Fui%2Fempty%2Fempty-struct-braces-expr.stderr?ref=1b0ab0b8a9847efcf6428aa5f1db359a41fbdfed", "patch": "@@ -50,19 +50,19 @@ error[E0599]: no variant named `Empty3` found for type `empty_struct::XE` in the\n   --> $DIR/empty-struct-braces-expr.rs:22:19\n    |\n LL |     let xe3 = XE::Empty3;\n-   |               ----^^^^^^\n-   |               |   |\n-   |               |   help: did you mean: `XEmpty3`\n-   |               variant not found in `empty_struct::XE`\n+   |                   ^^^^^^\n+   |                   |\n+   |                   variant not found in `empty_struct::XE`\n+   |                   help: did you mean: `XEmpty3`\n \n error[E0599]: no variant named `Empty3` found for type `empty_struct::XE` in the current scope\n   --> $DIR/empty-struct-braces-expr.rs:23:19\n    |\n LL |     let xe3 = XE::Empty3();\n-   |               ----^^^^^^\n-   |               |   |\n-   |               |   help: did you mean: `XEmpty3`\n-   |               variant not found in `empty_struct::XE`\n+   |                   ^^^^^^\n+   |                   |\n+   |                   variant not found in `empty_struct::XE`\n+   |                   help: did you mean: `XEmpty3`\n \n error: aborting due to 8 previous errors\n "}, {"sha": "89bfccf2fbc56f1cdd5d798b57f16adc904c61c1", "filename": "src/test/ui/error-codes/E0599.stderr", "status": "modified", "additions": 1, "deletions": 1, "changes": 2, "blob_url": "https://github.com/rust-lang/rust/blob/1b0ab0b8a9847efcf6428aa5f1db359a41fbdfed/src%2Ftest%2Fui%2Ferror-codes%2FE0599.stderr", "raw_url": "https://github.com/rust-lang/rust/raw/1b0ab0b8a9847efcf6428aa5f1db359a41fbdfed/src%2Ftest%2Fui%2Ferror-codes%2FE0599.stderr", "contents_url": "https://api.github.com/repos/rust-lang/rust/contents/src%2Ftest%2Fui%2Ferror-codes%2FE0599.stderr?ref=1b0ab0b8a9847efcf6428aa5f1db359a41fbdfed", "patch": "@@ -5,7 +5,7 @@ LL | struct Foo;\n    | ----------- associated item `NotEvenReal` not found for this\n ...\n LL |     || if let Foo::NotEvenReal() = Foo {};\n-   |               -----^^^^^^^^^^^-- associated item not found in `Foo`\n+   |                    ^^^^^^^^^^^ associated item not found in `Foo`\n \n error: aborting due to previous error\n "}, {"sha": "a14ab7d85e851c19fd163caf455cbad7d5429e0a", "filename": "src/test/ui/invalid/invalid-path-in-const.stderr", "status": "modified", "additions": 1, "deletions": 3, "changes": 4, "blob_url": "https://github.com/rust-lang/rust/blob/1b0ab0b8a9847efcf6428aa5f1db359a41fbdfed/src%2Ftest%2Fui%2Finvalid%2Finvalid-path-in-const.stderr", "raw_url": "https://github.com/rust-lang/rust/raw/1b0ab0b8a9847efcf6428aa5f1db359a41fbdfed/src%2Ftest%2Fui%2Finvalid%2Finvalid-path-in-const.stderr", "contents_url": "https://api.github.com/repos/rust-lang/rust/contents/src%2Ftest%2Fui%2Finvalid%2Finvalid-path-in-const.stderr?ref=1b0ab0b8a9847efcf6428aa5f1db359a41fbdfed", "patch": "@@ -2,9 +2,7 @@ error[E0599]: no associated item named `DOESNOTEXIST` found for type `u32` in th\n   --> $DIR/invalid-path-in-const.rs:2:23\n    |\n LL |     fn f(a: [u8; u32::DOESNOTEXIST]) {}\n-   |                  -----^^^^^^^^^^^^\n-   |                  |\n-   |                  associated item not found in `u32`\n+   |                       ^^^^^^^^^^^^ associated item not found in `u32`\n \n error: aborting due to previous error\n "}, {"sha": "23b1474bde70428e6145852cd466b60b7ea291e4", "filename": "src/test/ui/issues/issue-22933-2.stderr", "status": "modified", "additions": 1, "deletions": 3, "changes": 4, "blob_url": "https://github.com/rust-lang/rust/blob/1b0ab0b8a9847efcf6428aa5f1db359a41fbdfed/src%2Ftest%2Fui%2Fissues%2Fissue-22933-2.stderr", "raw_url": "https://github.com/rust-lang/rust/raw/1b0ab0b8a9847efcf6428aa5f1db359a41fbdfed/src%2Ftest%2Fui%2Fissues%2Fissue-22933-2.stderr", "contents_url": "https://api.github.com/repos/rust-lang/rust/contents/src%2Ftest%2Fui%2Fissues%2Fissue-22933-2.stderr?ref=1b0ab0b8a9847efcf6428aa5f1db359a41fbdfed", "patch": "@@ -5,9 +5,7 @@ LL | enum Delicious {\n    | -------------- variant `PIE` not found here\n ...\n LL |     ApplePie = Delicious::Apple as isize | Delicious::PIE as isize,\n-   |                                            -----------^^^\n-   |                                            |\n-   |                                            variant not found in `Delicious`\n+   |                                                       ^^^ variant not found in `Delicious`\n \n error: aborting due to previous error\n "}, {"sha": "b1afda6d1511405f3da5fbdb47798c864772a93a", "filename": "src/test/ui/issues/issue-22933-3.stderr", "status": "modified", "additions": 1, "deletions": 3, "changes": 4, "blob_url": "https://github.com/rust-lang/rust/blob/1b0ab0b8a9847efcf6428aa5f1db359a41fbdfed/src%2Ftest%2Fui%2Fissues%2Fissue-22933-3.stderr", "raw_url": "https://github.com/rust-lang/rust/raw/1b0ab0b8a9847efcf6428aa5f1db359a41fbdfed/src%2Ftest%2Fui%2Fissues%2Fissue-22933-3.stderr", "contents_url": "https://api.github.com/repos/rust-lang/rust/contents/src%2Ftest%2Fui%2Fissues%2Fissue-22933-3.stderr?ref=1b0ab0b8a9847efcf6428aa5f1db359a41fbdfed", "patch": "@@ -2,9 +2,7 @@ error[E0599]: no associated item named `MIN` found for type `u8` in the current\n   --> $DIR/issue-22933-3.rs:1:22\n    |\n LL | const FOO: [u32; u8::MIN as usize] = [];\n-   |                  ----^^^\n-   |                  |\n-   |                  associated item not found in `u8`\n+   |                      ^^^ associated item not found in `u8`\n \n error: aborting due to previous error\n "}, {"sha": "75dba883608e99bf4673893005d6f3946992e3c7", "filename": "src/test/ui/issues/issue-23173.stderr", "status": "modified", "additions": 4, "deletions": 12, "changes": 16, "blob_url": "https://github.com/rust-lang/rust/blob/1b0ab0b8a9847efcf6428aa5f1db359a41fbdfed/src%2Ftest%2Fui%2Fissues%2Fissue-23173.stderr", "raw_url": "https://github.com/rust-lang/rust/raw/1b0ab0b8a9847efcf6428aa5f1db359a41fbdfed/src%2Ftest%2Fui%2Fissues%2Fissue-23173.stderr", "contents_url": "https://api.github.com/repos/rust-lang/rust/contents/src%2Ftest%2Fui%2Fissues%2Fissue-23173.stderr?ref=1b0ab0b8a9847efcf6428aa5f1db359a41fbdfed", "patch": "@@ -5,9 +5,7 @@ LL | enum Token { LeftParen, RightParen, Plus, Minus, /* etc */ }\n    | ---------- variant `Homura` not found here\n ...\n LL |     use_token(&Token::Homura);\n-   |                -------^^^^^^\n-   |                |\n-   |                variant not found in `Token`\n+   |                       ^^^^^^ variant not found in `Token`\n \n error[E0599]: no function or associated item named `method` found for type `Struct` in the current scope\n   --> $DIR/issue-23173.rs:11:13\n@@ -16,9 +14,7 @@ LL | struct Struct {\n    | ------------- function or associated item `method` not found for this\n ...\n LL |     Struct::method();\n-   |     --------^^^^^^\n-   |     |\n-   |     function or associated item not found in `Struct`\n+   |             ^^^^^^ function or associated item not found in `Struct`\n \n error[E0599]: no function or associated item named `method` found for type `Struct` in the current scope\n   --> $DIR/issue-23173.rs:13:13\n@@ -27,9 +23,7 @@ LL | struct Struct {\n    | ------------- function or associated item `method` not found for this\n ...\n LL |     Struct::method;\n-   |     --------^^^^^^\n-   |     |\n-   |     function or associated item not found in `Struct`\n+   |             ^^^^^^ function or associated item not found in `Struct`\n \n error[E0599]: no associated item named `Assoc` found for type `Struct` in the current scope\n   --> $DIR/issue-23173.rs:15:13\n@@ -38,9 +32,7 @@ LL | struct Struct {\n    | ------------- associated item `Assoc` not found for this\n ...\n LL |     Struct::Assoc;\n-   |     --------^^^^^\n-   |     |\n-   |     associated item not found in `Struct`\n+   |             ^^^^^ associated item not found in `Struct`\n \n error: aborting due to 4 previous errors\n "}, {"sha": "2a982422cab9c8399e949c37f6902900bb980a5c", "filename": "src/test/ui/issues/issue-23217.stderr", "status": "modified", "additions": 4, "deletions": 4, "changes": 8, "blob_url": "https://github.com/rust-lang/rust/blob/1b0ab0b8a9847efcf6428aa5f1db359a41fbdfed/src%2Ftest%2Fui%2Fissues%2Fissue-23217.stderr", "raw_url": "https://github.com/rust-lang/rust/raw/1b0ab0b8a9847efcf6428aa5f1db359a41fbdfed/src%2Ftest%2Fui%2Fissues%2Fissue-23217.stderr", "contents_url": "https://api.github.com/repos/rust-lang/rust/contents/src%2Ftest%2Fui%2Fissues%2Fissue-23217.stderr?ref=1b0ab0b8a9847efcf6428aa5f1db359a41fbdfed", "patch": "@@ -4,10 +4,10 @@ error[E0599]: no variant named `A` found for type `SomeEnum` in the current scop\n LL | pub enum SomeEnum {\n    | ----------------- variant `A` not found here\n LL |     B = SomeEnum::A,\n-   |         ----------^\n-   |         |         |\n-   |         |         help: did you mean: `B`\n-   |         variant not found in `SomeEnum`\n+   |                   ^\n+   |                   |\n+   |                   variant not found in `SomeEnum`\n+   |                   help: did you mean: `B`\n \n error: aborting due to previous error\n "}, {"sha": "fcd98b111cfc56f81965104262c9d2f5d02a74e0", "filename": "src/test/ui/issues/issue-28344.stderr", "status": "modified", "additions": 8, "deletions": 8, "changes": 16, "blob_url": "https://github.com/rust-lang/rust/blob/1b0ab0b8a9847efcf6428aa5f1db359a41fbdfed/src%2Ftest%2Fui%2Fissues%2Fissue-28344.stderr", "raw_url": "https://github.com/rust-lang/rust/raw/1b0ab0b8a9847efcf6428aa5f1db359a41fbdfed/src%2Ftest%2Fui%2Fissues%2Fissue-28344.stderr", "contents_url": "https://api.github.com/repos/rust-lang/rust/contents/src%2Ftest%2Fui%2Fissues%2Fissue-28344.stderr?ref=1b0ab0b8a9847efcf6428aa5f1db359a41fbdfed", "patch": "@@ -8,10 +8,10 @@ error[E0599]: no function or associated item named `bitor` found for type `dyn s\n   --> $DIR/issue-28344.rs:4:25\n    |\n LL |     let x: u8 = BitXor::bitor(0 as u8, 0 as u8);\n-   |                 --------^^^^^\n-   |                 |\n-   |                 function or associated item not found in `dyn std::ops::BitXor<_>`\n-   |                 help: did you mean: `bitxor`\n+   |                         ^^^^^\n+   |                         |\n+   |                         function or associated item not found in `dyn std::ops::BitXor<_>`\n+   |                         help: did you mean: `bitxor`\n \n error[E0191]: the value of the associated type `Output` (from the trait `std::ops::BitXor`) must be specified\n   --> $DIR/issue-28344.rs:8:13\n@@ -23,10 +23,10 @@ error[E0599]: no function or associated item named `bitor` found for type `dyn s\n   --> $DIR/issue-28344.rs:8:21\n    |\n LL |     let g = BitXor::bitor;\n-   |             --------^^^^^\n-   |             |\n-   |             function or associated item not found in `dyn std::ops::BitXor<_>`\n-   |             help: did you mean: `bitxor`\n+   |                     ^^^^^\n+   |                     |\n+   |                     function or associated item not found in `dyn std::ops::BitXor<_>`\n+   |                     help: did you mean: `bitxor`\n \n error: aborting due to 4 previous errors\n "}, {"sha": "d19c4af2df7c96ec5292f600eccf68e97ad19f03", "filename": "src/test/ui/issues/issue-28586.stderr", "status": "modified", "additions": 1, "deletions": 3, "changes": 4, "blob_url": "https://github.com/rust-lang/rust/blob/1b0ab0b8a9847efcf6428aa5f1db359a41fbdfed/src%2Ftest%2Fui%2Fissues%2Fissue-28586.stderr", "raw_url": "https://github.com/rust-lang/rust/raw/1b0ab0b8a9847efcf6428aa5f1db359a41fbdfed/src%2Ftest%2Fui%2Fissues%2Fissue-28586.stderr", "contents_url": "https://api.github.com/repos/rust-lang/rust/contents/src%2Ftest%2Fui%2Fissues%2Fissue-28586.stderr?ref=1b0ab0b8a9847efcf6428aa5f1db359a41fbdfed", "patch": "@@ -2,9 +2,7 @@ error[E0599]: no associated item named `BYTES` found for type `usize` in the cur\n   --> $DIR/issue-28586.rs:4:26\n    |\n LL | impl Foo for [u8; usize::BYTES] {}\n-   |                   -------^^^^^\n-   |                   |\n-   |                   associated item not found in `usize`\n+   |                          ^^^^^ associated item not found in `usize`\n \n error: aborting due to previous error\n "}, {"sha": "4781f7abe8116432870eed508caa932024837337", "filename": "src/test/ui/issues/issue-28971.stderr", "status": "modified", "additions": 4, "deletions": 4, "changes": 8, "blob_url": "https://github.com/rust-lang/rust/blob/1b0ab0b8a9847efcf6428aa5f1db359a41fbdfed/src%2Ftest%2Fui%2Fissues%2Fissue-28971.stderr", "raw_url": "https://github.com/rust-lang/rust/raw/1b0ab0b8a9847efcf6428aa5f1db359a41fbdfed/src%2Ftest%2Fui%2Fissues%2Fissue-28971.stderr", "contents_url": "https://api.github.com/repos/rust-lang/rust/contents/src%2Ftest%2Fui%2Fissues%2Fissue-28971.stderr?ref=1b0ab0b8a9847efcf6428aa5f1db359a41fbdfed", "patch": "@@ -5,10 +5,10 @@ LL | enum Foo {\n    | -------- variant `Baz` not found here\n ...\n LL |             Foo::Baz(..) => (),\n-   |             -----^^^----\n-   |             |    |\n-   |             |    help: did you mean: `Bar`\n-   |             variant not found in `Foo`\n+   |                  ^^^\n+   |                  |\n+   |                  variant not found in `Foo`\n+   |                  help: did you mean: `Bar`\n \n error: aborting due to previous error\n "}, {"sha": "32bbd4d03d6d7558037430a0e45371abb527d482", "filename": "src/test/ui/issues/issue-30123.stderr", "status": "modified", "additions": 1, "deletions": 3, "changes": 4, "blob_url": "https://github.com/rust-lang/rust/blob/1b0ab0b8a9847efcf6428aa5f1db359a41fbdfed/src%2Ftest%2Fui%2Fissues%2Fissue-30123.stderr", "raw_url": "https://github.com/rust-lang/rust/raw/1b0ab0b8a9847efcf6428aa5f1db359a41fbdfed/src%2Ftest%2Fui%2Fissues%2Fissue-30123.stderr", "contents_url": "https://api.github.com/repos/rust-lang/rust/contents/src%2Ftest%2Fui%2Fissues%2Fissue-30123.stderr?ref=1b0ab0b8a9847efcf6428aa5f1db359a41fbdfed", "patch": "@@ -2,9 +2,7 @@ error[E0599]: no function or associated item named `new_undirected` found for ty\n   --> $DIR/issue-30123.rs:7:33\n    |\n LL |     let ug = Graph::<i32, i32>::new_undirected();\n-   |              -------------------^^^^^^^^^^^^^^\n-   |              |\n-   |              function or associated item not found in `issue_30123_aux::Graph<i32, i32>`\n+   |                                 ^^^^^^^^^^^^^^ function or associated item not found in `issue_30123_aux::Graph<i32, i32>`\n \n error: aborting due to previous error\n "}, {"sha": "603d42ca35e0b2598b1d52bf26096d0b4a7271b1", "filename": "src/test/ui/issues/issue-38919.stderr", "status": "modified", "additions": 1, "deletions": 3, "changes": 4, "blob_url": "https://github.com/rust-lang/rust/blob/1b0ab0b8a9847efcf6428aa5f1db359a41fbdfed/src%2Ftest%2Fui%2Fissues%2Fissue-38919.stderr", "raw_url": "https://github.com/rust-lang/rust/raw/1b0ab0b8a9847efcf6428aa5f1db359a41fbdfed/src%2Ftest%2Fui%2Fissues%2Fissue-38919.stderr", "contents_url": "https://api.github.com/repos/rust-lang/rust/contents/src%2Ftest%2Fui%2Fissues%2Fissue-38919.stderr?ref=1b0ab0b8a9847efcf6428aa5f1db359a41fbdfed", "patch": "@@ -2,9 +2,7 @@ error[E0599]: no associated item named `Item` found for type `T` in the current\n   --> $DIR/issue-38919.rs:2:8\n    |\n LL |     T::Item;\n-   |     ---^^^^\n-   |     |\n-   |     associated item not found in `T`\n+   |        ^^^^ associated item not found in `T`\n \n error: aborting due to previous error\n "}, {"sha": "aded0c2de45e43b7a521aabf2b1a1523761e1fe2", "filename": "src/test/ui/issues/issue-39559.stderr", "status": "modified", "additions": 1, "deletions": 3, "changes": 4, "blob_url": "https://github.com/rust-lang/rust/blob/1b0ab0b8a9847efcf6428aa5f1db359a41fbdfed/src%2Ftest%2Fui%2Fissues%2Fissue-39559.stderr", "raw_url": "https://github.com/rust-lang/rust/raw/1b0ab0b8a9847efcf6428aa5f1db359a41fbdfed/src%2Ftest%2Fui%2Fissues%2Fissue-39559.stderr", "contents_url": "https://api.github.com/repos/rust-lang/rust/contents/src%2Ftest%2Fui%2Fissues%2Fissue-39559.stderr?ref=1b0ab0b8a9847efcf6428aa5f1db359a41fbdfed", "patch": "@@ -2,9 +2,7 @@ error[E0599]: no function or associated item named `dim` found for type `D` in t\n   --> $DIR/issue-39559.rs:14:21\n    |\n LL |     entries: [T; D::dim()],\n-   |                  ---^^^\n-   |                  |\n-   |                  function or associated item not found in `D`\n+   |                     ^^^ function or associated item not found in `D`\n    |\n    = help: items from traits can only be used if the trait is implemented and in scope\n    = note: the following trait defines an item `dim`, perhaps you need to implement it:"}, {"sha": "576da4bcd31c821c7653525b1cc8b90703330930", "filename": "src/test/ui/issues/issue-3973.stderr", "status": "modified", "additions": 1, "deletions": 3, "changes": 4, "blob_url": "https://github.com/rust-lang/rust/blob/1b0ab0b8a9847efcf6428aa5f1db359a41fbdfed/src%2Ftest%2Fui%2Fissues%2Fissue-3973.stderr", "raw_url": "https://github.com/rust-lang/rust/raw/1b0ab0b8a9847efcf6428aa5f1db359a41fbdfed/src%2Ftest%2Fui%2Fissues%2Fissue-3973.stderr", "contents_url": "https://api.github.com/repos/rust-lang/rust/contents/src%2Ftest%2Fui%2Fissues%2Fissue-3973.stderr?ref=1b0ab0b8a9847efcf6428aa5f1db359a41fbdfed", "patch": "@@ -14,9 +14,7 @@ LL | struct Point {\n    | ------------ function or associated item `new` not found for this\n ...\n LL |     let p = Point::new(0.0, 0.0);\n-   |             -------^^^\n-   |             |\n-   |             function or associated item not found in `Point`\n+   |                    ^^^ function or associated item not found in `Point`\n \n error: aborting due to 2 previous errors\n "}, {"sha": "763bb9ae0ea9c8853677538c72fba0d98f8541e4", "filename": "src/test/ui/issues/issue-42880.stderr", "status": "modified", "additions": 1, "deletions": 1, "changes": 2, "blob_url": "https://github.com/rust-lang/rust/blob/1b0ab0b8a9847efcf6428aa5f1db359a41fbdfed/src%2Ftest%2Fui%2Fissues%2Fissue-42880.stderr", "raw_url": "https://github.com/rust-lang/rust/raw/1b0ab0b8a9847efcf6428aa5f1db359a41fbdfed/src%2Ftest%2Fui%2Fissues%2Fissue-42880.stderr", "contents_url": "https://api.github.com/repos/rust-lang/rust/contents/src%2Ftest%2Fui%2Fissues%2Fissue-42880.stderr?ref=1b0ab0b8a9847efcf6428aa5f1db359a41fbdfed", "patch": "@@ -2,7 +2,7 @@ error[E0599]: no associated item named `String` found for type `std::string::Str\n   --> $DIR/issue-42880.rs:4:22\n    |\n LL |     let f = |&Value::String(_)| ();\n-   |               -------^^^^^^--- associated item not found in `std::string::String`\n+   |                      ^^^^^^ associated item not found in `std::string::String`\n \n error: aborting due to previous error\n "}, {"sha": "2e713cc0ab508cacc862c7caa4c700a3698f95e1", "filename": "src/test/ui/issues/issue-57362-2.stderr", "status": "modified", "additions": 1, "deletions": 3, "changes": 4, "blob_url": "https://github.com/rust-lang/rust/blob/1b0ab0b8a9847efcf6428aa5f1db359a41fbdfed/src%2Ftest%2Fui%2Fissues%2Fissue-57362-2.stderr", "raw_url": "https://github.com/rust-lang/rust/raw/1b0ab0b8a9847efcf6428aa5f1db359a41fbdfed/src%2Ftest%2Fui%2Fissues%2Fissue-57362-2.stderr", "contents_url": "https://api.github.com/repos/rust-lang/rust/contents/src%2Ftest%2Fui%2Fissues%2Fissue-57362-2.stderr?ref=1b0ab0b8a9847efcf6428aa5f1db359a41fbdfed", "patch": "@@ -2,9 +2,7 @@ error[E0599]: no function or associated item named `make_g` found for type `for<\n   --> $DIR/issue-57362-2.rs:22:25\n    |\n LL |     let x = <fn (&())>::make_g();\n-   |             ------------^^^^^^\n-   |             |\n-   |             function or associated item not found in `for<'r> fn(&'r ())`\n+   |                         ^^^^^^ function or associated item not found in `for<'r> fn(&'r ())`\n    |\n    = help: items from traits can only be used if the trait is implemented and in scope\n    = note: the following trait defines an item `make_g`, perhaps you need to implement it:"}, {"sha": "bbeab405e293502d17a567c5514c3c8ca86de98e", "filename": "src/test/ui/issues/issue-7950.stderr", "status": "modified", "additions": 1, "deletions": 3, "changes": 4, "blob_url": "https://github.com/rust-lang/rust/blob/1b0ab0b8a9847efcf6428aa5f1db359a41fbdfed/src%2Ftest%2Fui%2Fissues%2Fissue-7950.stderr", "raw_url": "https://github.com/rust-lang/rust/raw/1b0ab0b8a9847efcf6428aa5f1db359a41fbdfed/src%2Ftest%2Fui%2Fissues%2Fissue-7950.stderr", "contents_url": "https://api.github.com/repos/rust-lang/rust/contents/src%2Ftest%2Fui%2Fissues%2Fissue-7950.stderr?ref=1b0ab0b8a9847efcf6428aa5f1db359a41fbdfed", "patch": "@@ -5,9 +5,7 @@ LL | struct Foo;\n    | ----------- function or associated item `bar` not found for this\n ...\n LL |     Foo::bar();\n-   |     -----^^^\n-   |     |\n-   |     function or associated item not found in `Foo`\n+   |          ^^^ function or associated item not found in `Foo`\n \n error: aborting due to previous error\n "}, {"sha": "859eb04749f23107d88c01ad9d0ed935232fde02", "filename": "src/test/ui/lexical-scopes.stderr", "status": "modified", "additions": 1, "deletions": 3, "changes": 4, "blob_url": "https://github.com/rust-lang/rust/blob/1b0ab0b8a9847efcf6428aa5f1db359a41fbdfed/src%2Ftest%2Fui%2Flexical-scopes.stderr", "raw_url": "https://github.com/rust-lang/rust/raw/1b0ab0b8a9847efcf6428aa5f1db359a41fbdfed/src%2Ftest%2Fui%2Flexical-scopes.stderr", "contents_url": "https://api.github.com/repos/rust-lang/rust/contents/src%2Ftest%2Fui%2Flexical-scopes.stderr?ref=1b0ab0b8a9847efcf6428aa5f1db359a41fbdfed", "patch": "@@ -12,9 +12,7 @@ error[E0599]: no function or associated item named `f` found for type `Foo` in t\n   --> $DIR/lexical-scopes.rs:10:10\n    |\n LL |     Foo::f();\n-   |     -----^\n-   |     |\n-   |     function or associated item not found in `Foo`\n+   |          ^ function or associated item not found in `Foo`\n \n error: aborting due to 2 previous errors\n "}, {"sha": "c672acee040b605fdd107f33f591e2ce7818be07", "filename": "src/test/ui/rfc-2005-default-binding-mode/no-double-error.stderr", "status": "modified", "additions": 1, "deletions": 3, "changes": 4, "blob_url": "https://github.com/rust-lang/rust/blob/1b0ab0b8a9847efcf6428aa5f1db359a41fbdfed/src%2Ftest%2Fui%2Frfc-2005-default-binding-mode%2Fno-double-error.stderr", "raw_url": "https://github.com/rust-lang/rust/raw/1b0ab0b8a9847efcf6428aa5f1db359a41fbdfed/src%2Ftest%2Fui%2Frfc-2005-default-binding-mode%2Fno-double-error.stderr", "contents_url": "https://api.github.com/repos/rust-lang/rust/contents/src%2Ftest%2Fui%2Frfc-2005-default-binding-mode%2Fno-double-error.stderr?ref=1b0ab0b8a9847efcf6428aa5f1db359a41fbdfed", "patch": "@@ -2,9 +2,7 @@ error[E0599]: no associated item named `XXX` found for type `u32` in the current\n   --> $DIR/no-double-error.rs:8:14\n    |\n LL |         u32::XXX => { }\n-   |         -----^^^\n-   |         |\n-   |         associated item not found in `u32`\n+   |              ^^^ associated item not found in `u32`\n \n error: aborting due to previous error\n "}, {"sha": "a81181228dfdaf88b934abb300d3dbc15a08ae24", "filename": "src/test/ui/rust-2018/trait-import-suggestions.stderr", "status": "modified", "additions": 1, "deletions": 3, "changes": 4, "blob_url": "https://github.com/rust-lang/rust/blob/1b0ab0b8a9847efcf6428aa5f1db359a41fbdfed/src%2Ftest%2Fui%2Frust-2018%2Ftrait-import-suggestions.stderr", "raw_url": "https://github.com/rust-lang/rust/raw/1b0ab0b8a9847efcf6428aa5f1db359a41fbdfed/src%2Ftest%2Fui%2Frust-2018%2Ftrait-import-suggestions.stderr", "contents_url": "https://api.github.com/repos/rust-lang/rust/contents/src%2Ftest%2Fui%2Frust-2018%2Ftrait-import-suggestions.stderr?ref=1b0ab0b8a9847efcf6428aa5f1db359a41fbdfed", "patch": "@@ -30,9 +30,7 @@ error[E0599]: no function or associated item named `from_str` found for type `u3\n   --> $DIR/trait-import-suggestions.rs:30:18\n    |\n LL |     let y = u32::from_str(\"33\");\n-   |             -----^^^^^^^^\n-   |             |\n-   |             function or associated item not found in `u32`\n+   |                  ^^^^^^^^ function or associated item not found in `u32`\n    |\n    = help: items from traits can only be used if the trait is in scope\n help: the following trait is implemented but not in scope, perhaps add a `use` for it:"}, {"sha": "3bf5309ee7d0ca7b341c6789acdef2929be0468b", "filename": "src/test/ui/traits/trait-item-privacy.stderr", "status": "modified", "additions": 4, "deletions": 12, "changes": 16, "blob_url": "https://github.com/rust-lang/rust/blob/1b0ab0b8a9847efcf6428aa5f1db359a41fbdfed/src%2Ftest%2Fui%2Ftraits%2Ftrait-item-privacy.stderr", "raw_url": "https://github.com/rust-lang/rust/raw/1b0ab0b8a9847efcf6428aa5f1db359a41fbdfed/src%2Ftest%2Fui%2Ftraits%2Ftrait-item-privacy.stderr", "contents_url": "https://api.github.com/repos/rust-lang/rust/contents/src%2Ftest%2Fui%2Ftraits%2Ftrait-item-privacy.stderr?ref=1b0ab0b8a9847efcf6428aa5f1db359a41fbdfed", "patch": "@@ -39,9 +39,7 @@ LL | struct S;\n    | --------- function or associated item `a` not found for this\n ...\n LL |     S::a(&S);\n-   |     ---^\n-   |     |\n-   |     function or associated item not found in `S`\n+   |        ^ function or associated item not found in `S`\n    |\n    = help: items from traits can only be used if the trait is implemented and in scope\n    = note: the following trait defines an item `a`, perhaps you need to implement it:\n@@ -54,9 +52,7 @@ LL | struct S;\n    | --------- function or associated item `b` not found for this\n ...\n LL |     S::b(&S);\n-   |     ---^\n-   |     |\n-   |     function or associated item not found in `S`\n+   |        ^ function or associated item not found in `S`\n    |\n    = help: items from traits can only be used if the trait is in scope\n help: the following trait is implemented but not in scope, perhaps add a `use` for it:\n@@ -77,9 +73,7 @@ LL | struct S;\n    | --------- associated item `A` not found for this\n ...\n LL |     S::A;\n-   |     ---^\n-   |     |\n-   |     associated item not found in `S`\n+   |        ^ associated item not found in `S`\n    |\n    = help: items from traits can only be used if the trait is implemented and in scope\n    = note: the following trait defines an item `A`, perhaps you need to implement it:\n@@ -92,9 +86,7 @@ LL | struct S;\n    | --------- associated item `B` not found for this\n ...\n LL |     S::B;\n-   |     ---^\n-   |     |\n-   |     associated item not found in `S`\n+   |        ^ associated item not found in `S`\n    |\n    = help: items from traits can only be used if the trait is in scope\n help: the following trait is implemented but not in scope, perhaps add a `use` for it:"}, {"sha": "900c729721104b7ec98c7b34d97c820089d731bd", "filename": "src/test/ui/ufcs/ufcs-partially-resolved.stderr", "status": "modified", "additions": 2, "deletions": 6, "changes": 8, "blob_url": "https://github.com/rust-lang/rust/blob/1b0ab0b8a9847efcf6428aa5f1db359a41fbdfed/src%2Ftest%2Fui%2Fufcs%2Fufcs-partially-resolved.stderr", "raw_url": "https://github.com/rust-lang/rust/raw/1b0ab0b8a9847efcf6428aa5f1db359a41fbdfed/src%2Ftest%2Fui%2Fufcs%2Fufcs-partially-resolved.stderr", "contents_url": "https://api.github.com/repos/rust-lang/rust/contents/src%2Ftest%2Fui%2Fufcs%2Fufcs-partially-resolved.stderr?ref=1b0ab0b8a9847efcf6428aa5f1db359a41fbdfed", "patch": "@@ -190,17 +190,13 @@ error[E0599]: no associated item named `NN` found for type `<u8 as Tr>::Y` in th\n   --> $DIR/ufcs-partially-resolved.rs:38:20\n    |\n LL |     <u8 as Tr>::Y::NN;\n-   |     ---------------^^\n-   |     |\n-   |     associated item not found in `<u8 as Tr>::Y`\n+   |                    ^^ associated item not found in `<u8 as Tr>::Y`\n \n error[E0599]: no associated item named `N` found for type `<u8 as Dr>::X` in the current scope\n   --> $DIR/ufcs-partially-resolved.rs:55:20\n    |\n LL |     <u8 as Dr>::X::N;\n-   |     ---------------^\n-   |     |\n-   |     associated item not found in `<u8 as Dr>::X`\n+   |                    ^ associated item not found in `<u8 as Dr>::X`\n \n error: aborting due to 32 previous errors\n "}, {"sha": "f894cd36a4f90b41003ea0bdff20a2ece5ee3122", "filename": "src/test/ui/unspecified-self-in-trait-ref.stderr", "status": "modified", "additions": 4, "deletions": 12, "changes": 16, "blob_url": "https://github.com/rust-lang/rust/blob/1b0ab0b8a9847efcf6428aa5f1db359a41fbdfed/src%2Ftest%2Fui%2Funspecified-self-in-trait-ref.stderr", "raw_url": "https://github.com/rust-lang/rust/raw/1b0ab0b8a9847efcf6428aa5f1db359a41fbdfed/src%2Ftest%2Fui%2Funspecified-self-in-trait-ref.stderr", "contents_url": "https://api.github.com/repos/rust-lang/rust/contents/src%2Ftest%2Fui%2Funspecified-self-in-trait-ref.stderr?ref=1b0ab0b8a9847efcf6428aa5f1db359a41fbdfed", "patch": "@@ -2,33 +2,25 @@ error[E0599]: no function or associated item named `lol` found for type `dyn Foo\n   --> $DIR/unspecified-self-in-trait-ref.rs:10:18\n    |\n LL |     let a = Foo::lol();\n-   |             -----^^^\n-   |             |\n-   |             function or associated item not found in `dyn Foo<_>`\n+   |                  ^^^ function or associated item not found in `dyn Foo<_>`\n \n error[E0599]: no function or associated item named `lol` found for type `dyn Foo<_>` in the current scope\n   --> $DIR/unspecified-self-in-trait-ref.rs:12:23\n    |\n LL |     let b = Foo::<_>::lol();\n-   |             ----------^^^\n-   |             |\n-   |             function or associated item not found in `dyn Foo<_>`\n+   |                       ^^^ function or associated item not found in `dyn Foo<_>`\n \n error[E0599]: no function or associated item named `lol` found for type `dyn Bar<_, _>` in the current scope\n   --> $DIR/unspecified-self-in-trait-ref.rs:14:18\n    |\n LL |     let c = Bar::lol();\n-   |             -----^^^\n-   |             |\n-   |             function or associated item not found in `dyn Bar<_, _>`\n+   |                  ^^^ function or associated item not found in `dyn Bar<_, _>`\n \n error[E0599]: no function or associated item named `lol` found for type `dyn Bar<usize, _>` in the current scope\n   --> $DIR/unspecified-self-in-trait-ref.rs:16:30\n    |\n LL |     let d = Bar::<usize, _>::lol();\n-   |             -----------------^^^\n-   |             |\n-   |             function or associated item not found in `dyn Bar<usize, _>`\n+   |                              ^^^ function or associated item not found in `dyn Bar<usize, _>`\n \n error[E0393]: the type parameter `A` must be explicitly specified\n   --> $DIR/unspecified-self-in-trait-ref.rs:18:13"}]}