{"sha": "38a3506c451d097ed19263b3734421b3e5ee5bfa", "node_id": "MDY6Q29tbWl0NzI0NzEyOjM4YTM1MDZjNDUxZDA5N2VkMTkyNjNiMzczNDQyMWIzZTVlZTViZmE=", "commit": {"author": {"name": "Esteban K\u00fcber", "email": "esteban@kuber.com.ar", "date": "2020-01-07T20:59:24Z"}, "committer": {"name": "Esteban K\u00fcber", "email": "esteban@kuber.com.ar", "date": "2020-01-10T19:40:30Z"}, "message": "Ignore platforms that can't point to std", "tree": {"sha": "d5839929e6be7319c4b62e580cbbfed79f1c49d1", "url": "https://api.github.com/repos/rust-lang/rust/git/trees/d5839929e6be7319c4b62e580cbbfed79f1c49d1"}, "url": "https://api.github.com/repos/rust-lang/rust/git/commits/38a3506c451d097ed19263b3734421b3e5ee5bfa", "comment_count": 0, "verification": {"verified": false, "reason": "unsigned", "signature": null, "payload": null}}, "url": "https://api.github.com/repos/rust-lang/rust/commits/38a3506c451d097ed19263b3734421b3e5ee5bfa", "html_url": "https://github.com/rust-lang/rust/commit/38a3506c451d097ed19263b3734421b3e5ee5bfa", "comments_url": "https://api.github.com/repos/rust-lang/rust/commits/38a3506c451d097ed19263b3734421b3e5ee5bfa/comments", "author": {"login": "estebank", "id": 1606434, "node_id": "MDQ6VXNlcjE2MDY0MzQ=", "avatar_url": "https://avatars.githubusercontent.com/u/1606434?v=4", "gravatar_id": "", "url": "https://api.github.com/users/estebank", "html_url": "https://github.com/estebank", "followers_url": "https://api.github.com/users/estebank/followers", "following_url": "https://api.github.com/users/estebank/following{/other_user}", "gists_url": "https://api.github.com/users/estebank/gists{/gist_id}", "starred_url": "https://api.github.com/users/estebank/starred{/owner}{/repo}", "subscriptions_url": "https://api.github.com/users/estebank/subscriptions", "organizations_url": "https://api.github.com/users/estebank/orgs", "repos_url": "https://api.github.com/users/estebank/repos", "events_url": "https://api.github.com/users/estebank/events{/privacy}", "received_events_url": "https://api.github.com/users/estebank/received_events", "type": "User", "site_admin": false}, "committer": {"login": "estebank", "id": 1606434, "node_id": "MDQ6VXNlcjE2MDY0MzQ=", "avatar_url": "https://avatars.githubusercontent.com/u/1606434?v=4", "gravatar_id": "", "url": "https://api.github.com/users/estebank", "html_url": "https://github.com/estebank", "followers_url": "https://api.github.com/users/estebank/followers", "following_url": "https://api.github.com/users/estebank/following{/other_user}", "gists_url": "https://api.github.com/users/estebank/gists{/gist_id}", "starred_url": "https://api.github.com/users/estebank/starred{/owner}{/repo}", "subscriptions_url": "https://api.github.com/users/estebank/subscriptions", "organizations_url": "https://api.github.com/users/estebank/orgs", "repos_url": "https://api.github.com/users/estebank/repos", "events_url": "https://api.github.com/users/estebank/events{/privacy}", "received_events_url": "https://api.github.com/users/estebank/received_events", "type": "User", "site_admin": false}, "parents": [{"sha": "6d97718886eadcbce29950db8fc05dc86f7d89d7", "url": "https://api.github.com/repos/rust-lang/rust/commits/6d97718886eadcbce29950db8fc05dc86f7d89d7", "html_url": "https://github.com/rust-lang/rust/commit/6d97718886eadcbce29950db8fc05dc86f7d89d7"}], "stats": {"total": 184, "additions": 120, "deletions": 64}, "files": [{"sha": "d1af5b458cc0ada803bc3cd1659c52c5511bb6f5", "filename": "src/test/ui/derives/deriving-meta-unknown-trait.rs", "status": "modified", "additions": 4, "deletions": 0, "changes": 4, "blob_url": "https://github.com/rust-lang/rust/blob/38a3506c451d097ed19263b3734421b3e5ee5bfa/src%2Ftest%2Fui%2Fderives%2Fderiving-meta-unknown-trait.rs", "raw_url": "https://github.com/rust-lang/rust/raw/38a3506c451d097ed19263b3734421b3e5ee5bfa/src%2Ftest%2Fui%2Fderives%2Fderiving-meta-unknown-trait.rs", "contents_url": "https://api.github.com/repos/rust-lang/rust/contents/src%2Ftest%2Fui%2Fderives%2Fderiving-meta-unknown-trait.rs?ref=38a3506c451d097ed19263b3734421b3e5ee5bfa", "patch": "@@ -1,3 +1,7 @@\n+// FIXME: missing sysroot spans (#53081)\n+// ignore-i586-unknown-linux-gnu\n+// ignore-i586-unknown-linux-musl\n+// ignore-i686-unknown-linux-musl\n #[derive(Eqr)]\n //~^ ERROR cannot find derive macro `Eqr` in this scope\n //~| ERROR cannot find derive macro `Eqr` in this scope"}, {"sha": "ead131323246ad01541afc7bd621a2b28f7b3caa", "filename": "src/test/ui/derives/deriving-meta-unknown-trait.stderr", "status": "modified", "additions": 8, "deletions": 3, "changes": 11, "blob_url": "https://github.com/rust-lang/rust/blob/38a3506c451d097ed19263b3734421b3e5ee5bfa/src%2Ftest%2Fui%2Fderives%2Fderiving-meta-unknown-trait.stderr", "raw_url": "https://github.com/rust-lang/rust/raw/38a3506c451d097ed19263b3734421b3e5ee5bfa/src%2Ftest%2Fui%2Fderives%2Fderiving-meta-unknown-trait.stderr", "contents_url": "https://api.github.com/repos/rust-lang/rust/contents/src%2Ftest%2Fui%2Fderives%2Fderiving-meta-unknown-trait.stderr?ref=38a3506c451d097ed19263b3734421b3e5ee5bfa", "patch": "@@ -1,19 +1,24 @@\n error: cannot find derive macro `Eqr` in this scope\n-  --> $DIR/deriving-meta-unknown-trait.rs:1:10\n+  --> $DIR/deriving-meta-unknown-trait.rs:5:10\n    |\n LL | #[derive(Eqr)]\n    |          ^^^ help: a derive macro with a similar name exists: `Eq`\n    | \n   ::: $SRC_DIR/libcore/cmp.rs:LL:COL\n    |\n-LL | pub macro Eq($item:item) { /* compiler built-in */ }\n+LL | pub macro Eq($item:item) {\n    | ------------------------ similarly named derive macro `Eq` defined here\n \n error: cannot find derive macro `Eqr` in this scope\n-  --> $DIR/deriving-meta-unknown-trait.rs:1:10\n+  --> $DIR/deriving-meta-unknown-trait.rs:5:10\n    |\n LL | #[derive(Eqr)]\n    |          ^^^ help: a derive macro with a similar name exists: `Eq`\n+   | \n+  ::: $SRC_DIR/libcore/cmp.rs:LL:COL\n+   |\n+LL | pub macro Eq($item:item) {\n+   | ------------------------ similarly named derive macro `Eq` defined here\n \n error: aborting due to 2 previous errors\n "}, {"sha": "c93a03cdec66a00de224b8be617079397650f384", "filename": "src/test/ui/issues/issue-17546.rs", "status": "modified", "additions": 4, "deletions": 0, "changes": 4, "blob_url": "https://github.com/rust-lang/rust/blob/38a3506c451d097ed19263b3734421b3e5ee5bfa/src%2Ftest%2Fui%2Fissues%2Fissue-17546.rs", "raw_url": "https://github.com/rust-lang/rust/raw/38a3506c451d097ed19263b3734421b3e5ee5bfa/src%2Ftest%2Fui%2Fissues%2Fissue-17546.rs", "contents_url": "https://api.github.com/repos/rust-lang/rust/contents/src%2Ftest%2Fui%2Fissues%2Fissue-17546.rs?ref=38a3506c451d097ed19263b3734421b3e5ee5bfa", "patch": "@@ -1,3 +1,7 @@\n+// FIXME: missing sysroot spans (#53081)\n+// ignore-i586-unknown-linux-gnu\n+// ignore-i586-unknown-linux-musl\n+// ignore-i686-unknown-linux-musl\n use foo::MyEnum::Result;\n use foo::NoResult; // Through a re-export\n "}, {"sha": "2d532cdb9d8a9f53e886f4c2786bfe4088799671", "filename": "src/test/ui/issues/issue-17546.stderr", "status": "modified", "additions": 4, "deletions": 4, "changes": 8, "blob_url": "https://github.com/rust-lang/rust/blob/38a3506c451d097ed19263b3734421b3e5ee5bfa/src%2Ftest%2Fui%2Fissues%2Fissue-17546.stderr", "raw_url": "https://github.com/rust-lang/rust/raw/38a3506c451d097ed19263b3734421b3e5ee5bfa/src%2Ftest%2Fui%2Fissues%2Fissue-17546.stderr", "contents_url": "https://api.github.com/repos/rust-lang/rust/contents/src%2Ftest%2Fui%2Fissues%2Fissue-17546.stderr?ref=38a3506c451d097ed19263b3734421b3e5ee5bfa", "patch": "@@ -1,5 +1,5 @@\n error[E0573]: expected type, found variant `NoResult`\n-  --> $DIR/issue-17546.rs:12:17\n+  --> $DIR/issue-17546.rs:16:17\n    |\n LL |     fn new() -> NoResult<MyEnum, String> {\n    |                 ^^^^^^^^^^^^^^^^^^^^^^^^\n@@ -19,7 +19,7 @@ LL |     fn new() -> Result<MyEnum, String> {\n    |                 ^^^^^^\n \n error[E0573]: expected type, found variant `Result`\n-  --> $DIR/issue-17546.rs:22:17\n+  --> $DIR/issue-17546.rs:26:17\n    |\n LL |     fn new() -> Result<foo::MyEnum, String> {\n    |                 ^^^^^^^^^^^^^^^^^^^^^^^^^^^ not a type\n@@ -37,7 +37,7 @@ LL |     use std::result::Result;\n      and 1 other candidate\n \n error[E0573]: expected type, found variant `Result`\n-  --> $DIR/issue-17546.rs:28:13\n+  --> $DIR/issue-17546.rs:32:13\n    |\n LL | fn new() -> Result<foo::MyEnum, String> {\n    |             ^^^^^^^^^^^^^^^^^^^^^^^^^^^ not a type\n@@ -55,7 +55,7 @@ LL | use std::result::Result;\n      and 1 other candidate\n \n error[E0573]: expected type, found variant `NoResult`\n-  --> $DIR/issue-17546.rs:33:15\n+  --> $DIR/issue-17546.rs:37:15\n    |\n LL | fn newer() -> NoResult<foo::MyEnum, String> {\n    |               ^^^^^^^^^^^^^^^^^^^^^^^^^^^^^"}, {"sha": "1571cd2bbf68356cea14be42d15fb54c4c729289", "filename": "src/test/ui/issues/issue-7607-1.rs", "status": "modified", "additions": 4, "deletions": 0, "changes": 4, "blob_url": "https://github.com/rust-lang/rust/blob/38a3506c451d097ed19263b3734421b3e5ee5bfa/src%2Ftest%2Fui%2Fissues%2Fissue-7607-1.rs", "raw_url": "https://github.com/rust-lang/rust/raw/38a3506c451d097ed19263b3734421b3e5ee5bfa/src%2Ftest%2Fui%2Fissues%2Fissue-7607-1.rs", "contents_url": "https://api.github.com/repos/rust-lang/rust/contents/src%2Ftest%2Fui%2Fissues%2Fissue-7607-1.rs?ref=38a3506c451d097ed19263b3734421b3e5ee5bfa", "patch": "@@ -1,3 +1,7 @@\n+// FIXME: missing sysroot spans (#53081)\n+// ignore-i586-unknown-linux-gnu\n+// ignore-i586-unknown-linux-musl\n+// ignore-i686-unknown-linux-musl\n struct Foo {\n     x: isize\n }"}, {"sha": "94f489e209e32e87560364094deaf2a1067fa877", "filename": "src/test/ui/issues/issue-7607-1.stderr", "status": "modified", "additions": 3, "deletions": 3, "changes": 6, "blob_url": "https://github.com/rust-lang/rust/blob/38a3506c451d097ed19263b3734421b3e5ee5bfa/src%2Ftest%2Fui%2Fissues%2Fissue-7607-1.stderr", "raw_url": "https://github.com/rust-lang/rust/raw/38a3506c451d097ed19263b3734421b3e5ee5bfa/src%2Ftest%2Fui%2Fissues%2Fissue-7607-1.stderr", "contents_url": "https://api.github.com/repos/rust-lang/rust/contents/src%2Ftest%2Fui%2Fissues%2Fissue-7607-1.stderr?ref=38a3506c451d097ed19263b3734421b3e5ee5bfa", "patch": "@@ -1,13 +1,13 @@\n error[E0412]: cannot find type `Fo` in this scope\n-  --> $DIR/issue-7607-1.rs:5:6\n+  --> $DIR/issue-7607-1.rs:9:6\n    |\n LL | impl Fo {\n    |      ^^ help: a trait with a similar name exists: `Fn`\n    | \n   ::: $SRC_DIR/libcore/ops/function.rs:LL:COL\n    |\n-LL | pub trait Fn<Args> : FnMut<Args> {\n-   | -------------------------------- similarly named trait `Fn` defined here\n+LL | pub trait Fn<Args>: FnMut<Args> {\n+   | ------------------------------- similarly named trait `Fn` defined here\n \n error: aborting due to previous error\n "}, {"sha": "b2892f3b6c239fc10815bcb18dbeff9187c03dfe", "filename": "src/test/ui/macros/macro-name-typo.rs", "status": "modified", "additions": 4, "deletions": 0, "changes": 4, "blob_url": "https://github.com/rust-lang/rust/blob/38a3506c451d097ed19263b3734421b3e5ee5bfa/src%2Ftest%2Fui%2Fmacros%2Fmacro-name-typo.rs", "raw_url": "https://github.com/rust-lang/rust/raw/38a3506c451d097ed19263b3734421b3e5ee5bfa/src%2Ftest%2Fui%2Fmacros%2Fmacro-name-typo.rs", "contents_url": "https://api.github.com/repos/rust-lang/rust/contents/src%2Ftest%2Fui%2Fmacros%2Fmacro-name-typo.rs?ref=38a3506c451d097ed19263b3734421b3e5ee5bfa", "patch": "@@ -1,3 +1,7 @@\n+// FIXME: missing sysroot spans (#53081)\n+// ignore-i586-unknown-linux-gnu\n+// ignore-i586-unknown-linux-musl\n+// ignore-i686-unknown-linux-musl\n fn main() {\n     printlx!(\"oh noes!\"); //~ ERROR cannot find\n }"}, {"sha": "00afbde8932fca2426c64030396dc52b9f037a1a", "filename": "src/test/ui/macros/macro-name-typo.stderr", "status": "modified", "additions": 1, "deletions": 1, "changes": 2, "blob_url": "https://github.com/rust-lang/rust/blob/38a3506c451d097ed19263b3734421b3e5ee5bfa/src%2Ftest%2Fui%2Fmacros%2Fmacro-name-typo.stderr", "raw_url": "https://github.com/rust-lang/rust/raw/38a3506c451d097ed19263b3734421b3e5ee5bfa/src%2Ftest%2Fui%2Fmacros%2Fmacro-name-typo.stderr", "contents_url": "https://api.github.com/repos/rust-lang/rust/contents/src%2Ftest%2Fui%2Fmacros%2Fmacro-name-typo.stderr?ref=38a3506c451d097ed19263b3734421b3e5ee5bfa", "patch": "@@ -1,5 +1,5 @@\n error: cannot find macro `printlx` in this scope\n-  --> $DIR/macro-name-typo.rs:2:5\n+  --> $DIR/macro-name-typo.rs:6:5\n    |\n LL |     printlx!(\"oh noes!\");\n    |     ^^^^^^^ help: a macro with a similar name exists: `println`"}, {"sha": "3c3948ca3c36129acb7612ed5db8b3dbd3f46108", "filename": "src/test/ui/macros/macro-path-prelude-fail-3.rs", "status": "modified", "additions": 4, "deletions": 0, "changes": 4, "blob_url": "https://github.com/rust-lang/rust/blob/38a3506c451d097ed19263b3734421b3e5ee5bfa/src%2Ftest%2Fui%2Fmacros%2Fmacro-path-prelude-fail-3.rs", "raw_url": "https://github.com/rust-lang/rust/raw/38a3506c451d097ed19263b3734421b3e5ee5bfa/src%2Ftest%2Fui%2Fmacros%2Fmacro-path-prelude-fail-3.rs", "contents_url": "https://api.github.com/repos/rust-lang/rust/contents/src%2Ftest%2Fui%2Fmacros%2Fmacro-path-prelude-fail-3.rs?ref=38a3506c451d097ed19263b3734421b3e5ee5bfa", "patch": "@@ -1,3 +1,7 @@\n+// FIXME: missing sysroot spans (#53081)\n+// ignore-i586-unknown-linux-gnu\n+// ignore-i586-unknown-linux-musl\n+// ignore-i686-unknown-linux-musl\n fn main() {\n     inline!(); //~ ERROR cannot find macro `inline` in this scope\n }"}, {"sha": "536459067437dc58d1a8e9260fe14face3755040", "filename": "src/test/ui/macros/macro-path-prelude-fail-3.stderr", "status": "modified", "additions": 3, "deletions": 3, "changes": 6, "blob_url": "https://github.com/rust-lang/rust/blob/38a3506c451d097ed19263b3734421b3e5ee5bfa/src%2Ftest%2Fui%2Fmacros%2Fmacro-path-prelude-fail-3.stderr", "raw_url": "https://github.com/rust-lang/rust/raw/38a3506c451d097ed19263b3734421b3e5ee5bfa/src%2Ftest%2Fui%2Fmacros%2Fmacro-path-prelude-fail-3.stderr", "contents_url": "https://api.github.com/repos/rust-lang/rust/contents/src%2Ftest%2Fui%2Fmacros%2Fmacro-path-prelude-fail-3.stderr?ref=38a3506c451d097ed19263b3734421b3e5ee5bfa", "patch": "@@ -1,12 +1,12 @@\n error: cannot find macro `inline` in this scope\n-  --> $DIR/macro-path-prelude-fail-3.rs:2:5\n+  --> $DIR/macro-path-prelude-fail-3.rs:6:5\n    |\n LL |     inline!();\n    |     ^^^^^^ help: a macro with a similar name exists: `line`\n    | \n-  ::: $SRC_DIR/libcore/macros.rs:LL:COL\n+  ::: $SRC_DIR/libcore/macros/mod.rs:LL:COL\n    |\n-LL |     macro_rules! line { () => { /* compiler built-in */ } }\n+LL |     macro_rules! line {\n    |     ----------------- similarly named macro `line` defined here\n \n error: aborting due to previous error"}, {"sha": "95a3f9695127029d29b889fb9388ad131c64d49e", "filename": "src/test/ui/proc-macro/parent-source-spans.rs", "status": "modified", "additions": 4, "deletions": 0, "changes": 4, "blob_url": "https://github.com/rust-lang/rust/blob/38a3506c451d097ed19263b3734421b3e5ee5bfa/src%2Ftest%2Fui%2Fproc-macro%2Fparent-source-spans.rs", "raw_url": "https://github.com/rust-lang/rust/raw/38a3506c451d097ed19263b3734421b3e5ee5bfa/src%2Ftest%2Fui%2Fproc-macro%2Fparent-source-spans.rs", "contents_url": "https://api.github.com/repos/rust-lang/rust/contents/src%2Ftest%2Fui%2Fproc-macro%2Fparent-source-spans.rs?ref=38a3506c451d097ed19263b3734421b3e5ee5bfa", "patch": "@@ -1,3 +1,7 @@\n+// FIXME: missing sysroot spans (#53081)\n+// ignore-i586-unknown-linux-gnu\n+// ignore-i586-unknown-linux-musl\n+// ignore-i686-unknown-linux-musl\n // aux-build:parent-source-spans.rs\n #![feature(decl_macro, proc_macro_hygiene)]\n "}, {"sha": "9f0fefcfe6c03e68880ab9b759bc32f6dfb7d05a", "filename": "src/test/ui/proc-macro/parent-source-spans.stderr", "status": "modified", "additions": 21, "deletions": 21, "changes": 42, "blob_url": "https://github.com/rust-lang/rust/blob/38a3506c451d097ed19263b3734421b3e5ee5bfa/src%2Ftest%2Fui%2Fproc-macro%2Fparent-source-spans.stderr", "raw_url": "https://github.com/rust-lang/rust/raw/38a3506c451d097ed19263b3734421b3e5ee5bfa/src%2Ftest%2Fui%2Fproc-macro%2Fparent-source-spans.stderr", "contents_url": "https://api.github.com/repos/rust-lang/rust/contents/src%2Ftest%2Fui%2Fproc-macro%2Fparent-source-spans.stderr?ref=38a3506c451d097ed19263b3734421b3e5ee5bfa", "patch": "@@ -1,5 +1,5 @@\n error: first final: \"hello\"\n-  --> $DIR/parent-source-spans.rs:15:12\n+  --> $DIR/parent-source-spans.rs:19:12\n    |\n LL |     three!($a, $b);\n    |            ^^\n@@ -8,7 +8,7 @@ LL |     one!(\"hello\", \"world\");\n    |     ----------------------- in this macro invocation\n \n error: second final: \"world\"\n-  --> $DIR/parent-source-spans.rs:15:16\n+  --> $DIR/parent-source-spans.rs:19:16\n    |\n LL |     three!($a, $b);\n    |                ^^\n@@ -17,7 +17,7 @@ LL |     one!(\"hello\", \"world\");\n    |     ----------------------- in this macro invocation\n \n error: first parent: \"hello\"\n-  --> $DIR/parent-source-spans.rs:9:5\n+  --> $DIR/parent-source-spans.rs:13:5\n    |\n LL |     two!($a, $b);\n    |     ^^^^^^^^^^^^^\n@@ -26,7 +26,7 @@ LL |     one!(\"hello\", \"world\");\n    |     ----------------------- in this macro invocation\n \n error: second parent: \"world\"\n-  --> $DIR/parent-source-spans.rs:9:5\n+  --> $DIR/parent-source-spans.rs:13:5\n    |\n LL |     two!($a, $b);\n    |     ^^^^^^^^^^^^^\n@@ -35,31 +35,31 @@ LL |     one!(\"hello\", \"world\");\n    |     ----------------------- in this macro invocation\n \n error: first grandparent: \"hello\"\n-  --> $DIR/parent-source-spans.rs:35:5\n+  --> $DIR/parent-source-spans.rs:39:5\n    |\n LL |     one!(\"hello\", \"world\");\n    |     ^^^^^^^^^^^^^^^^^^^^^^^\n \n error: second grandparent: \"world\"\n-  --> $DIR/parent-source-spans.rs:35:5\n+  --> $DIR/parent-source-spans.rs:39:5\n    |\n LL |     one!(\"hello\", \"world\");\n    |     ^^^^^^^^^^^^^^^^^^^^^^^\n \n error: first source: \"hello\"\n-  --> $DIR/parent-source-spans.rs:35:5\n+  --> $DIR/parent-source-spans.rs:39:5\n    |\n LL |     one!(\"hello\", \"world\");\n    |     ^^^^^^^^^^^^^^^^^^^^^^^\n \n error: second source: \"world\"\n-  --> $DIR/parent-source-spans.rs:35:5\n+  --> $DIR/parent-source-spans.rs:39:5\n    |\n LL |     one!(\"hello\", \"world\");\n    |     ^^^^^^^^^^^^^^^^^^^^^^^\n \n error: first final: \"yay\"\n-  --> $DIR/parent-source-spans.rs:15:12\n+  --> $DIR/parent-source-spans.rs:19:12\n    |\n LL |     three!($a, $b);\n    |            ^^\n@@ -68,7 +68,7 @@ LL |     two!(\"yay\", \"rust\");\n    |     -------------------- in this macro invocation\n \n error: second final: \"rust\"\n-  --> $DIR/parent-source-spans.rs:15:16\n+  --> $DIR/parent-source-spans.rs:19:16\n    |\n LL |     three!($a, $b);\n    |                ^^\n@@ -77,55 +77,55 @@ LL |     two!(\"yay\", \"rust\");\n    |     -------------------- in this macro invocation\n \n error: first parent: \"yay\"\n-  --> $DIR/parent-source-spans.rs:41:5\n+  --> $DIR/parent-source-spans.rs:45:5\n    |\n LL |     two!(\"yay\", \"rust\");\n    |     ^^^^^^^^^^^^^^^^^^^^\n \n error: second parent: \"rust\"\n-  --> $DIR/parent-source-spans.rs:41:5\n+  --> $DIR/parent-source-spans.rs:45:5\n    |\n LL |     two!(\"yay\", \"rust\");\n    |     ^^^^^^^^^^^^^^^^^^^^\n \n error: first source: \"yay\"\n-  --> $DIR/parent-source-spans.rs:41:5\n+  --> $DIR/parent-source-spans.rs:45:5\n    |\n LL |     two!(\"yay\", \"rust\");\n    |     ^^^^^^^^^^^^^^^^^^^^\n \n error: second source: \"rust\"\n-  --> $DIR/parent-source-spans.rs:41:5\n+  --> $DIR/parent-source-spans.rs:45:5\n    |\n LL |     two!(\"yay\", \"rust\");\n    |     ^^^^^^^^^^^^^^^^^^^^\n \n error: first final: \"hip\"\n-  --> $DIR/parent-source-spans.rs:47:12\n+  --> $DIR/parent-source-spans.rs:51:12\n    |\n LL |     three!(\"hip\", \"hop\");\n    |            ^^^^^\n \n error: second final: \"hop\"\n-  --> $DIR/parent-source-spans.rs:47:19\n+  --> $DIR/parent-source-spans.rs:51:19\n    |\n LL |     three!(\"hip\", \"hop\");\n    |                   ^^^^^\n \n error: first source: \"hip\"\n-  --> $DIR/parent-source-spans.rs:47:12\n+  --> $DIR/parent-source-spans.rs:51:12\n    |\n LL |     three!(\"hip\", \"hop\");\n    |            ^^^^^\n \n error: second source: \"hop\"\n-  --> $DIR/parent-source-spans.rs:47:19\n+  --> $DIR/parent-source-spans.rs:51:19\n    |\n LL |     three!(\"hip\", \"hop\");\n    |                   ^^^^^\n \n error[E0425]: cannot find value `ok` in this scope\n-  --> $DIR/parent-source-spans.rs:28:5\n+  --> $DIR/parent-source-spans.rs:32:5\n    |\n LL |     parent_source_spans!($($tokens)*);\n    |     ^^^^^^^^^^^^^^^^^^^^^^^^^^^^^^^^^^ help: a tuple variant with a similar name exists: `Ok`\n@@ -139,7 +139,7 @@ LL |     Ok(#[stable(feature = \"rust1\", since = \"1.0.0\")] T),\n    |     --------------------------------------------------- similarly named tuple variant `Ok` defined here\n \n error[E0425]: cannot find value `ok` in this scope\n-  --> $DIR/parent-source-spans.rs:28:5\n+  --> $DIR/parent-source-spans.rs:32:5\n    |\n LL |     parent_source_spans!($($tokens)*);\n    |     ^^^^^^^^^^^^^^^^^^^^^^^^^^^^^^^^^^ help: a tuple variant with a similar name exists: `Ok`\n@@ -153,7 +153,7 @@ LL |     Ok(#[stable(feature = \"rust1\", since = \"1.0.0\")] T),\n    |     --------------------------------------------------- similarly named tuple variant `Ok` defined here\n \n error[E0425]: cannot find value `ok` in this scope\n-  --> $DIR/parent-source-spans.rs:28:5\n+  --> $DIR/parent-source-spans.rs:32:5\n    |\n LL |     parent_source_spans!($($tokens)*);\n    |     ^^^^^^^^^^^^^^^^^^^^^^^^^^^^^^^^^^ help: a tuple variant with a similar name exists: `Ok`"}, {"sha": "8ff36ff0a26e21b5380cd02aabcd785a084a43e7", "filename": "src/test/ui/proc-macro/resolve-error.rs", "status": "modified", "additions": 4, "deletions": 0, "changes": 4, "blob_url": "https://github.com/rust-lang/rust/blob/38a3506c451d097ed19263b3734421b3e5ee5bfa/src%2Ftest%2Fui%2Fproc-macro%2Fresolve-error.rs", "raw_url": "https://github.com/rust-lang/rust/raw/38a3506c451d097ed19263b3734421b3e5ee5bfa/src%2Ftest%2Fui%2Fproc-macro%2Fresolve-error.rs", "contents_url": "https://api.github.com/repos/rust-lang/rust/contents/src%2Ftest%2Fui%2Fproc-macro%2Fresolve-error.rs?ref=38a3506c451d097ed19263b3734421b3e5ee5bfa", "patch": "@@ -1,3 +1,7 @@\n+// FIXME: missing sysroot spans (#53081)\n+// ignore-i586-unknown-linux-gnu\n+// ignore-i586-unknown-linux-musl\n+// ignore-i686-unknown-linux-musl\n // aux-build:derive-foo.rs\n // aux-build:derive-clona.rs\n // aux-build:test-macros.rs"}, {"sha": "73a6ab1cfb91055edaae2c166cc032270ed3786b", "filename": "src/test/ui/proc-macro/resolve-error.stderr", "status": "modified", "additions": 30, "deletions": 15, "changes": 45, "blob_url": "https://github.com/rust-lang/rust/blob/38a3506c451d097ed19263b3734421b3e5ee5bfa/src%2Ftest%2Fui%2Fproc-macro%2Fresolve-error.stderr", "raw_url": "https://github.com/rust-lang/rust/raw/38a3506c451d097ed19263b3734421b3e5ee5bfa/src%2Ftest%2Fui%2Fproc-macro%2Fresolve-error.stderr", "contents_url": "https://api.github.com/repos/rust-lang/rust/contents/src%2Ftest%2Fui%2Fproc-macro%2Fresolve-error.stderr?ref=38a3506c451d097ed19263b3734421b3e5ee5bfa", "patch": "@@ -1,5 +1,5 @@\n error: cannot find macro `bang_proc_macrp` in this scope\n-  --> $DIR/resolve-error.rs:60:5\n+  --> $DIR/resolve-error.rs:64:5\n    |\n LL |     bang_proc_macrp!();\n    |     ^^^^^^^^^^^^^^^ help: a macro with a similar name exists: `bang_proc_macro`\n@@ -10,13 +10,13 @@ LL | pub fn empty(_: TokenStream) -> TokenStream {\n    | ------------------------------------------- similarly named macro `bang_proc_macro` defined here\n \n error: cannot find macro `Dlona` in this scope\n-  --> $DIR/resolve-error.rs:57:5\n+  --> $DIR/resolve-error.rs:61:5\n    |\n LL |     Dlona!();\n    |     ^^^^^\n \n error: cannot find macro `attr_proc_macra` in this scope\n-  --> $DIR/resolve-error.rs:54:5\n+  --> $DIR/resolve-error.rs:58:5\n    |\n LL | / macro_rules! attr_proc_mac {\n LL | |     () => {}\n@@ -27,7 +27,7 @@ LL |       attr_proc_macra!();\n    |       ^^^^^^^^^^^^^^^ help: a macro with a similar name exists: `attr_proc_mac`\n \n error: cannot find macro `FooWithLongNama` in this scope\n-  --> $DIR/resolve-error.rs:51:5\n+  --> $DIR/resolve-error.rs:55:5\n    |\n LL | / macro_rules! FooWithLongNam {\n LL | |     () => {}\n@@ -38,25 +38,30 @@ LL |       FooWithLongNama!();\n    |       ^^^^^^^^^^^^^^^ help: a macro with a similar name exists: `FooWithLongNam`\n \n error: cannot find derive macro `attr_proc_macra` in this scope\n-  --> $DIR/resolve-error.rs:45:10\n+  --> $DIR/resolve-error.rs:49:10\n    |\n LL | #[derive(attr_proc_macra)]\n    |          ^^^^^^^^^^^^^^^\n \n error: cannot find derive macro `attr_proc_macra` in this scope\n-  --> $DIR/resolve-error.rs:45:10\n+  --> $DIR/resolve-error.rs:49:10\n    |\n LL | #[derive(attr_proc_macra)]\n    |          ^^^^^^^^^^^^^^^\n \n error: cannot find derive macro `Dlona` in this scope\n-  --> $DIR/resolve-error.rs:40:10\n+  --> $DIR/resolve-error.rs:44:10\n    |\n LL | #[derive(Dlona)]\n    |          ^^^^^ help: a derive macro with a similar name exists: `Clona`\n+   | \n+  ::: $DIR/auxiliary/derive-clona.rs:11:1\n+   |\n+LL | pub fn derive_clonea(input: TokenStream) -> TokenStream {\n+   | ------------------------------------------------------- similarly named derive macro `Clona` defined here\n \n error: cannot find derive macro `Dlona` in this scope\n-  --> $DIR/resolve-error.rs:40:10\n+  --> $DIR/resolve-error.rs:44:10\n    |\n LL | #[derive(Dlona)]\n    |          ^^^^^ help: a derive macro with a similar name exists: `Clona`\n@@ -67,30 +72,35 @@ LL | pub fn derive_clonea(input: TokenStream) -> TokenStream {\n    | ------------------------------------------------------- similarly named derive macro `Clona` defined here\n \n error: cannot find derive macro `Dlone` in this scope\n-  --> $DIR/resolve-error.rs:35:10\n+  --> $DIR/resolve-error.rs:39:10\n    |\n LL | #[derive(Dlone)]\n    |          ^^^^^ help: a derive macro with a similar name exists: `Clone`\n+   | \n+  ::: $SRC_DIR/libcore/clone.rs:LL:COL\n+   |\n+LL | pub macro Clone($item:item) {\n+   | --------------------------- similarly named derive macro `Clone` defined here\n \n error: cannot find derive macro `Dlone` in this scope\n-  --> $DIR/resolve-error.rs:35:10\n+  --> $DIR/resolve-error.rs:39:10\n    |\n LL | #[derive(Dlone)]\n    |          ^^^^^ help: a derive macro with a similar name exists: `Clone`\n    | \n   ::: $SRC_DIR/libcore/clone.rs:LL:COL\n    |\n-LL | pub macro Clone($item:item) { /* compiler built-in */ }\n+LL | pub macro Clone($item:item) {\n    | --------------------------- similarly named derive macro `Clone` defined here\n \n error: cannot find attribute `FooWithLongNan` in this scope\n-  --> $DIR/resolve-error.rs:32:3\n+  --> $DIR/resolve-error.rs:36:3\n    |\n LL | #[FooWithLongNan]\n    |   ^^^^^^^^^^^^^^\n \n error: cannot find attribute `attr_proc_macra` in this scope\n-  --> $DIR/resolve-error.rs:28:3\n+  --> $DIR/resolve-error.rs:32:3\n    |\n LL | #[attr_proc_macra]\n    |   ^^^^^^^^^^^^^^^ help: an attribute macro with a similar name exists: `attr_proc_macro`\n@@ -101,7 +111,7 @@ LL | pub fn empty_attr(_: TokenStream, _: TokenStream) -> TokenStream {\n    | ---------------------------------------------------------------- similarly named attribute macro `attr_proc_macro` defined here\n \n error: cannot find derive macro `FooWithLongNan` in this scope\n-  --> $DIR/resolve-error.rs:22:10\n+  --> $DIR/resolve-error.rs:26:10\n    |\n LL | #[derive(FooWithLongNan)]\n    |          ^^^^^^^^^^^^^^ help: a derive macro with a similar name exists: `FooWithLongName`\n@@ -112,10 +122,15 @@ LL | pub fn derive_foo(input: TokenStream) -> TokenStream {\n    | ---------------------------------------------------- similarly named derive macro `FooWithLongName` defined here\n \n error: cannot find derive macro `FooWithLongNan` in this scope\n-  --> $DIR/resolve-error.rs:22:10\n+  --> $DIR/resolve-error.rs:26:10\n    |\n LL | #[derive(FooWithLongNan)]\n    |          ^^^^^^^^^^^^^^ help: a derive macro with a similar name exists: `FooWithLongName`\n+   | \n+  ::: $DIR/auxiliary/derive-foo.rs:11:1\n+   |\n+LL | pub fn derive_foo(input: TokenStream) -> TokenStream {\n+   | ---------------------------------------------------- similarly named derive macro `FooWithLongName` defined here\n \n error: aborting due to 14 previous errors\n "}, {"sha": "6a98782a9badf07a7490b1113c168a894a7c5b15", "filename": "src/test/ui/resolve/levenshtein.rs", "status": "modified", "additions": 4, "deletions": 0, "changes": 4, "blob_url": "https://github.com/rust-lang/rust/blob/38a3506c451d097ed19263b3734421b3e5ee5bfa/src%2Ftest%2Fui%2Fresolve%2Flevenshtein.rs", "raw_url": "https://github.com/rust-lang/rust/raw/38a3506c451d097ed19263b3734421b3e5ee5bfa/src%2Ftest%2Fui%2Fresolve%2Flevenshtein.rs", "contents_url": "https://api.github.com/repos/rust-lang/rust/contents/src%2Ftest%2Fui%2Fresolve%2Flevenshtein.rs?ref=38a3506c451d097ed19263b3734421b3e5ee5bfa", "patch": "@@ -1,3 +1,7 @@\n+// FIXME: missing sysroot spans (#53081)\n+// ignore-i586-unknown-linux-gnu\n+// ignore-i586-unknown-linux-musl\n+// ignore-i686-unknown-linux-musl\n const MAX_ITEM: usize = 10;\n \n fn foo_bar() {}"}, {"sha": "a622d6cb34948c62ec14cc50c90d7581fb1abf7b", "filename": "src/test/ui/resolve/levenshtein.stderr", "status": "modified", "additions": 8, "deletions": 8, "changes": 16, "blob_url": "https://github.com/rust-lang/rust/blob/38a3506c451d097ed19263b3734421b3e5ee5bfa/src%2Ftest%2Fui%2Fresolve%2Flevenshtein.stderr", "raw_url": "https://github.com/rust-lang/rust/raw/38a3506c451d097ed19263b3734421b3e5ee5bfa/src%2Ftest%2Fui%2Fresolve%2Flevenshtein.stderr", "contents_url": "https://api.github.com/repos/rust-lang/rust/contents/src%2Ftest%2Fui%2Fresolve%2Flevenshtein.stderr?ref=38a3506c451d097ed19263b3734421b3e5ee5bfa", "patch": "@@ -1,11 +1,11 @@\n error[E0412]: cannot find type `esize` in this scope\n-  --> $DIR/levenshtein.rs:5:11\n+  --> $DIR/levenshtein.rs:9:11\n    |\n LL | fn foo(c: esize) {} // Misspelled primitive type name.\n    |           ^^^^^ help: a builtin type with a similar name exists: `isize`\n \n error[E0412]: cannot find type `Baz` in this scope\n-  --> $DIR/levenshtein.rs:10:10\n+  --> $DIR/levenshtein.rs:14:10\n    |\n LL | enum Bar { }\n    | ------------ similarly named enum `Bar` defined here\n@@ -14,7 +14,7 @@ LL | type A = Baz; // Misspelled type name.\n    |          ^^^ help: an enum with a similar name exists: `Bar`\n \n error[E0412]: cannot find type `Opiton` in this scope\n-  --> $DIR/levenshtein.rs:12:10\n+  --> $DIR/levenshtein.rs:16:10\n    |\n LL | type B = Opiton<u8>; // Misspelled type name from the prelude.\n    |          ^^^^^^ help: an enum with a similar name exists: `Option`\n@@ -25,13 +25,13 @@ LL | pub enum Option<T> {\n    | ------------------ similarly named enum `Option` defined here\n \n error[E0412]: cannot find type `Baz` in this scope\n-  --> $DIR/levenshtein.rs:16:14\n+  --> $DIR/levenshtein.rs:20:14\n    |\n LL |     type A = Baz; // No suggestion here, Bar is not visible\n    |              ^^^ not found in this scope\n \n error[E0425]: cannot find value `MAXITEM` in this scope\n-  --> $DIR/levenshtein.rs:24:20\n+  --> $DIR/levenshtein.rs:28:20\n    |\n LL | const MAX_ITEM: usize = 10;\n    | --------------------------- similarly named constant `MAX_ITEM` defined here\n@@ -40,7 +40,7 @@ LL |     let v = [0u32; MAXITEM]; // Misspelled constant name.\n    |                    ^^^^^^^ help: a constant with a similar name exists: `MAX_ITEM`\n \n error[E0425]: cannot find function `foobar` in this scope\n-  --> $DIR/levenshtein.rs:26:5\n+  --> $DIR/levenshtein.rs:30:5\n    |\n LL | fn foo_bar() {}\n    | --------------- similarly named function `foo_bar` defined here\n@@ -49,7 +49,7 @@ LL |     foobar(); // Misspelled function name.\n    |     ^^^^^^ help: a function with a similar name exists: `foo_bar`\n \n error[E0412]: cannot find type `first` in module `m`\n-  --> $DIR/levenshtein.rs:28:15\n+  --> $DIR/levenshtein.rs:32:15\n    |\n LL |     pub struct First;\n    |     ----------------- similarly named struct `First` defined here\n@@ -58,7 +58,7 @@ LL |     let b: m::first = m::second; // Misspelled item in module.\n    |               ^^^^^ help: a struct with a similar name exists (notice the capitalization): `First`\n \n error[E0425]: cannot find value `second` in module `m`\n-  --> $DIR/levenshtein.rs:28:26\n+  --> $DIR/levenshtein.rs:32:26\n    |\n LL |     pub struct Second;\n    |     ------------------ similarly named unit struct `Second` defined here"}, {"sha": "e1e3317093a3191f9de7a12e898edb31693f7618", "filename": "src/test/ui/suggestions/attribute-typos.rs", "status": "modified", "additions": 4, "deletions": 0, "changes": 4, "blob_url": "https://github.com/rust-lang/rust/blob/38a3506c451d097ed19263b3734421b3e5ee5bfa/src%2Ftest%2Fui%2Fsuggestions%2Fattribute-typos.rs", "raw_url": "https://github.com/rust-lang/rust/raw/38a3506c451d097ed19263b3734421b3e5ee5bfa/src%2Ftest%2Fui%2Fsuggestions%2Fattribute-typos.rs", "contents_url": "https://api.github.com/repos/rust-lang/rust/contents/src%2Ftest%2Fui%2Fsuggestions%2Fattribute-typos.rs?ref=38a3506c451d097ed19263b3734421b3e5ee5bfa", "patch": "@@ -1,3 +1,7 @@\n+// FIXME: missing sysroot spans (#53081)\n+// ignore-i586-unknown-linux-gnu\n+// ignore-i586-unknown-linux-musl\n+// ignore-i686-unknown-linux-musl\n #[deprcated] //~ ERROR cannot find attribute `deprcated` in this scope\n fn foo() {}\n "}, {"sha": "a0943592539af90689edc6574ebeadcdbaa148c2", "filename": "src/test/ui/suggestions/attribute-typos.stderr", "status": "modified", "additions": 6, "deletions": 6, "changes": 12, "blob_url": "https://github.com/rust-lang/rust/blob/38a3506c451d097ed19263b3734421b3e5ee5bfa/src%2Ftest%2Fui%2Fsuggestions%2Fattribute-typos.stderr", "raw_url": "https://github.com/rust-lang/rust/raw/38a3506c451d097ed19263b3734421b3e5ee5bfa/src%2Ftest%2Fui%2Fsuggestions%2Fattribute-typos.stderr", "contents_url": "https://api.github.com/repos/rust-lang/rust/contents/src%2Ftest%2Fui%2Fsuggestions%2Fattribute-typos.stderr?ref=38a3506c451d097ed19263b3734421b3e5ee5bfa", "patch": "@@ -1,5 +1,5 @@\n error[E0658]: attributes starting with `rustc` are reserved for use by the `rustc` compiler\n-  --> $DIR/attribute-typos.rs:7:3\n+  --> $DIR/attribute-typos.rs:11:3\n    |\n LL | #[rustc_err]\n    |   ^^^^^^^^^\n@@ -8,24 +8,24 @@ LL | #[rustc_err]\n    = help: add `#![feature(rustc_attrs)]` to the crate attributes to enable\n \n error: cannot find attribute `rustc_err` in this scope\n-  --> $DIR/attribute-typos.rs:7:3\n+  --> $DIR/attribute-typos.rs:11:3\n    |\n LL | #[rustc_err]\n    |   ^^^^^^^^^ help: a built-in attribute with a similar name exists: `rustc_error`\n \n error: cannot find attribute `tests` in this scope\n-  --> $DIR/attribute-typos.rs:4:3\n+  --> $DIR/attribute-typos.rs:8:3\n    |\n LL | #[tests]\n    |   ^^^^^ help: an attribute macro with a similar name exists: `test`\n    | \n-  ::: $SRC_DIR/libcore/macros.rs:LL:COL\n+  ::: $SRC_DIR/libcore/macros/mod.rs:LL:COL\n    |\n-LL |     pub macro test($item:item) { /* compiler built-in */ }\n+LL |     pub macro test($item:item) {\n    |     -------------------------- similarly named attribute macro `test` defined here\n \n error: cannot find attribute `deprcated` in this scope\n-  --> $DIR/attribute-typos.rs:1:3\n+  --> $DIR/attribute-typos.rs:5:3\n    |\n LL | #[deprcated]\n    |   ^^^^^^^^^ help: a built-in attribute with a similar name exists: `deprecated`"}]}