{"sha": "4d95f5b46db282c5e5015a9c926901848987c68f", "node_id": "MDY6Q29tbWl0NzI0NzEyOjRkOTVmNWI0NmRiMjgyYzVlNTAxNWE5YzkyNjkwMTg0ODk4N2M2OGY=", "commit": {"author": {"name": "Alexander Regueiro", "email": "alexreg@me.com", "date": "2018-12-07T17:51:18Z"}, "committer": {"name": "Alexander Regueiro", "email": "alexreg@me.com", "date": "2018-12-07T23:53:34Z"}, "message": "Fixed test stderr files.", "tree": {"sha": "2aa5c18aabf464bd4c1ace374d2d5f7d6d213599", "url": "https://api.github.com/repos/rust-lang/rust/git/trees/2aa5c18aabf464bd4c1ace374d2d5f7d6d213599"}, "url": "https://api.github.com/repos/rust-lang/rust/git/commits/4d95f5b46db282c5e5015a9c926901848987c68f", "comment_count": 0, "verification": {"verified": false, "reason": "unsigned", "signature": null, "payload": null}}, "url": "https://api.github.com/repos/rust-lang/rust/commits/4d95f5b46db282c5e5015a9c926901848987c68f", "html_url": "https://github.com/rust-lang/rust/commit/4d95f5b46db282c5e5015a9c926901848987c68f", "comments_url": "https://api.github.com/repos/rust-lang/rust/commits/4d95f5b46db282c5e5015a9c926901848987c68f/comments", "author": {"login": "alexreg", "id": 67036, "node_id": "MDQ6VXNlcjY3MDM2", "avatar_url": "https://avatars.githubusercontent.com/u/67036?v=4", "gravatar_id": "", "url": "https://api.github.com/users/alexreg", "html_url": "https://github.com/alexreg", "followers_url": "https://api.github.com/users/alexreg/followers", "following_url": "https://api.github.com/users/alexreg/following{/other_user}", "gists_url": "https://api.github.com/users/alexreg/gists{/gist_id}", "starred_url": "https://api.github.com/users/alexreg/starred{/owner}{/repo}", "subscriptions_url": "https://api.github.com/users/alexreg/subscriptions", "organizations_url": "https://api.github.com/users/alexreg/orgs", "repos_url": "https://api.github.com/users/alexreg/repos", "events_url": "https://api.github.com/users/alexreg/events{/privacy}", "received_events_url": "https://api.github.com/users/alexreg/received_events", "type": "User", "site_admin": false}, "committer": {"login": "alexreg", "id": 67036, "node_id": "MDQ6VXNlcjY3MDM2", "avatar_url": "https://avatars.githubusercontent.com/u/67036?v=4", "gravatar_id": "", "url": "https://api.github.com/users/alexreg", "html_url": "https://github.com/alexreg", "followers_url": "https://api.github.com/users/alexreg/followers", "following_url": "https://api.github.com/users/alexreg/following{/other_user}", "gists_url": "https://api.github.com/users/alexreg/gists{/gist_id}", "starred_url": "https://api.github.com/users/alexreg/starred{/owner}{/repo}", "subscriptions_url": "https://api.github.com/users/alexreg/subscriptions", "organizations_url": "https://api.github.com/users/alexreg/orgs", "repos_url": "https://api.github.com/users/alexreg/repos", "events_url": "https://api.github.com/users/alexreg/events{/privacy}", "received_events_url": "https://api.github.com/users/alexreg/received_events", "type": "User", "site_admin": false}, "parents": [{"sha": "ce9850b953ac3527ddea4b0258718644c97b8667", "url": "https://api.github.com/repos/rust-lang/rust/commits/ce9850b953ac3527ddea4b0258718644c97b8667", "html_url": "https://github.com/rust-lang/rust/commit/ce9850b953ac3527ddea4b0258718644c97b8667"}], "stats": {"total": 246, "additions": 86, "deletions": 160}, "files": [{"sha": "a09c04ea0b2fda629206e30e1c5676416cdcf7aa", "filename": "src/test/ui/associated-const/associated-const-no-item.stderr", "status": "modified", "additions": 2, "deletions": 4, "changes": 6, "blob_url": "https://github.com/rust-lang/rust/blob/4d95f5b46db282c5e5015a9c926901848987c68f/src%2Ftest%2Fui%2Fassociated-const%2Fassociated-const-no-item.stderr", "raw_url": "https://github.com/rust-lang/rust/raw/4d95f5b46db282c5e5015a9c926901848987c68f/src%2Ftest%2Fui%2Fassociated-const%2Fassociated-const-no-item.stderr", "contents_url": "https://api.github.com/repos/rust-lang/rust/contents/src%2Ftest%2Fui%2Fassociated-const%2Fassociated-const-no-item.stderr?ref=4d95f5b46db282c5e5015a9c926901848987c68f", "patch": "@@ -1,10 +1,8 @@\n error[E0599]: no associated item named `ID` found for type `i32` in the current scope\n-  --> $DIR/associated-const-no-item.rs:16:23\n+  --> $DIR/associated-const-no-item.rs:16:16\n    |\n LL | const X: i32 = <i32>::ID;\n-   |                -------^^\n-   |                |\n-   |                associated item not found in `i32`\n+   |                ^^^^^^^^^ associated item not found in `i32`\n    |\n    = help: items from traits can only be used if the trait is implemented and in scope\n    = note: the following trait defines an item `ID`, perhaps you need to implement it:"}, {"sha": "f9917b07f070b172737b2059c6b28413bfbe5cd1", "filename": "src/test/ui/bogus-tag.stderr", "status": "modified", "additions": 2, "deletions": 2, "changes": 4, "blob_url": "https://github.com/rust-lang/rust/blob/4d95f5b46db282c5e5015a9c926901848987c68f/src%2Ftest%2Fui%2Fbogus-tag.stderr", "raw_url": "https://github.com/rust-lang/rust/raw/4d95f5b46db282c5e5015a9c926901848987c68f/src%2Ftest%2Fui%2Fbogus-tag.stderr", "contents_url": "https://api.github.com/repos/rust-lang/rust/contents/src%2Ftest%2Fui%2Fbogus-tag.stderr?ref=4d95f5b46db282c5e5015a9c926901848987c68f", "patch": "@@ -1,11 +1,11 @@\n error[E0599]: no variant named `hsl` found for type `color` in the current scope\n-  --> $DIR/bogus-tag.rs:18:14\n+  --> $DIR/bogus-tag.rs:18:7\n    |\n LL | enum color { rgb(isize, isize, isize), rgba(isize, isize, isize, isize), }\n    | ---------- variant `hsl` not found here\n ...\n LL |       color::hsl(h, s, l) => { println!(\"hsl\"); }\n-   |       -------^^^--------- variant not found in `color`\n+   |       ^^^^^^^^^^^^^^^^^^^ variant not found in `color`\n \n error: aborting due to previous error\n "}, {"sha": "10ee175a97e16bd41eeb1f36a617fe25fe313755", "filename": "src/test/ui/did_you_mean/bad-assoc-pat.stderr", "status": "modified", "additions": 8, "deletions": 16, "changes": 24, "blob_url": "https://github.com/rust-lang/rust/blob/4d95f5b46db282c5e5015a9c926901848987c68f/src%2Ftest%2Fui%2Fdid_you_mean%2Fbad-assoc-pat.stderr", "raw_url": "https://github.com/rust-lang/rust/raw/4d95f5b46db282c5e5015a9c926901848987c68f/src%2Ftest%2Fui%2Fdid_you_mean%2Fbad-assoc-pat.stderr", "contents_url": "https://api.github.com/repos/rust-lang/rust/contents/src%2Ftest%2Fui%2Fdid_you_mean%2Fbad-assoc-pat.stderr?ref=4d95f5b46db282c5e5015a9c926901848987c68f", "patch": "@@ -23,36 +23,28 @@ LL |         &(u8,)::AssocItem => {}\n    |          ^^^^^^^^^^^^^^^^ help: try: `<(u8,)>::AssocItem`\n \n error[E0599]: no associated item named `AssocItem` found for type `[u8]` in the current scope\n-  --> $DIR/bad-assoc-pat.rs:13:15\n+  --> $DIR/bad-assoc-pat.rs:13:9\n    |\n LL |         [u8]::AssocItem => {}\n-   |         ------^^^^^^^^^\n-   |         |\n-   |         associated item not found in `[u8]`\n+   |         ^^^^^^^^^^^^^^^ associated item not found in `[u8]`\n \n error[E0599]: no associated item named `AssocItem` found for type `(u8, u8)` in the current scope\n-  --> $DIR/bad-assoc-pat.rs:16:19\n+  --> $DIR/bad-assoc-pat.rs:16:9\n    |\n LL |         (u8, u8)::AssocItem => {}\n-   |         ----------^^^^^^^^^\n-   |         |\n-   |         associated item not found in `(u8, u8)`\n+   |         ^^^^^^^^^^^^^^^^^^^ associated item not found in `(u8, u8)`\n \n error[E0599]: no associated item named `AssocItem` found for type `_` in the current scope\n-  --> $DIR/bad-assoc-pat.rs:19:12\n+  --> $DIR/bad-assoc-pat.rs:19:9\n    |\n LL |         _::AssocItem => {}\n-   |         ---^^^^^^^^^\n-   |         |\n-   |         associated item not found in `_`\n+   |         ^^^^^^^^^^^^ associated item not found in `_`\n \n error[E0599]: no associated item named `AssocItem` found for type `(u8,)` in the current scope\n-  --> $DIR/bad-assoc-pat.rs:24:17\n+  --> $DIR/bad-assoc-pat.rs:24:10\n    |\n LL |         &(u8,)::AssocItem => {}\n-   |          -------^^^^^^^^^\n-   |          |\n-   |          associated item not found in `(u8,)`\n+   |          ^^^^^^^^^^^^^^^^ associated item not found in `(u8,)`\n \n error: aborting due to 8 previous errors\n "}, {"sha": "81ecc546a6dee275a7f2b128d77b47777cd89fe8", "filename": "src/test/ui/dont-suggest-private-trait-method.stderr", "status": "modified", "additions": 2, "deletions": 4, "changes": 6, "blob_url": "https://github.com/rust-lang/rust/blob/4d95f5b46db282c5e5015a9c926901848987c68f/src%2Ftest%2Fui%2Fdont-suggest-private-trait-method.stderr", "raw_url": "https://github.com/rust-lang/rust/raw/4d95f5b46db282c5e5015a9c926901848987c68f/src%2Ftest%2Fui%2Fdont-suggest-private-trait-method.stderr", "contents_url": "https://api.github.com/repos/rust-lang/rust/contents/src%2Ftest%2Fui%2Fdont-suggest-private-trait-method.stderr?ref=4d95f5b46db282c5e5015a9c926901848987c68f", "patch": "@@ -1,13 +1,11 @@\n error[E0599]: no function or associated item named `new` found for type `T` in the current scope\n-  --> $DIR/dont-suggest-private-trait-method.rs:14:8\n+  --> $DIR/dont-suggest-private-trait-method.rs:14:5\n    |\n LL | struct T;\n    | --------- function or associated item `new` not found for this\n ...\n LL |     T::new();\n-   |     ---^^^\n-   |     |\n-   |     function or associated item not found in `T`\n+   |     ^^^^^^ function or associated item not found in `T`\n \n error: aborting due to previous error\n "}, {"sha": "9b6114875e2e5df61e75ea80ab0cda0e8bef9873", "filename": "src/test/ui/empty/empty-struct-braces-expr.stderr", "status": "modified", "additions": 6, "deletions": 10, "changes": 16, "blob_url": "https://github.com/rust-lang/rust/blob/4d95f5b46db282c5e5015a9c926901848987c68f/src%2Ftest%2Fui%2Fempty%2Fempty-struct-braces-expr.stderr", "raw_url": "https://github.com/rust-lang/rust/raw/4d95f5b46db282c5e5015a9c926901848987c68f/src%2Ftest%2Fui%2Fempty%2Fempty-struct-braces-expr.stderr", "contents_url": "https://api.github.com/repos/rust-lang/rust/contents/src%2Ftest%2Fui%2Fempty%2Fempty-struct-braces-expr.stderr?ref=4d95f5b46db282c5e5015a9c926901848987c68f", "patch": "@@ -47,24 +47,20 @@ LL |     let xe1 = XEmpty1(); //~ ERROR expected function, found struct `XEmpty1\n    |               did you mean `XEmpty1 { /* fields */ }`?\n \n error[E0599]: no variant named `Empty3` found for type `empty_struct::XE` in the current scope\n-  --> $DIR/empty-struct-braces-expr.rs:32:19\n+  --> $DIR/empty-struct-braces-expr.rs:32:15\n    |\n LL |     let xe3 = XE::Empty3; //~ ERROR no variant named `Empty3` found for type\n-   |               ----^^^^^^\n-   |               |\n-   |               variant not found in `empty_struct::XE`\n+   |               ^^^^^^^^^^ variant not found in `empty_struct::XE`\n    |\n-   = help: did you mean `XEmpty3`?\n+   = note: did you mean `empty_struct::XE::XEmpty3`?\n \n error[E0599]: no variant named `Empty3` found for type `empty_struct::XE` in the current scope\n-  --> $DIR/empty-struct-braces-expr.rs:33:19\n+  --> $DIR/empty-struct-braces-expr.rs:33:15\n    |\n LL |     let xe3 = XE::Empty3(); //~ ERROR no variant named `Empty3` found for type\n-   |               ----^^^^^^\n-   |               |\n-   |               variant not found in `empty_struct::XE`\n+   |               ^^^^^^^^^^ variant not found in `empty_struct::XE`\n    |\n-   = help: did you mean `XEmpty3`?\n+   = note: did you mean `empty_struct::XE::XEmpty3`?\n \n error: aborting due to 8 previous errors\n "}, {"sha": "d118939d17a15e62a5b745ac193637cfca6b811d", "filename": "src/test/ui/error-codes/E0599.stderr", "status": "modified", "additions": 2, "deletions": 2, "changes": 4, "blob_url": "https://github.com/rust-lang/rust/blob/4d95f5b46db282c5e5015a9c926901848987c68f/src%2Ftest%2Fui%2Ferror-codes%2FE0599.stderr", "raw_url": "https://github.com/rust-lang/rust/raw/4d95f5b46db282c5e5015a9c926901848987c68f/src%2Ftest%2Fui%2Ferror-codes%2FE0599.stderr", "contents_url": "https://api.github.com/repos/rust-lang/rust/contents/src%2Ftest%2Fui%2Ferror-codes%2FE0599.stderr?ref=4d95f5b46db282c5e5015a9c926901848987c68f", "patch": "@@ -1,11 +1,11 @@\n error[E0599]: no associated item named `NotEvenReal` found for type `Foo` in the current scope\n-  --> $DIR/E0599.rs:14:20\n+  --> $DIR/E0599.rs:14:15\n    |\n LL | struct Foo;\n    | ----------- associated item `NotEvenReal` not found for this\n ...\n LL |     || if let Foo::NotEvenReal() = Foo {}; //~ ERROR E0599\n-   |               -----^^^^^^^^^^^-- associated item not found in `Foo`\n+   |               ^^^^^^^^^^^^^^^^^^ associated item not found in `Foo`\n \n error: aborting due to previous error\n "}, {"sha": "9214800b93a59607218b46cfb3bb79ffdf74e85f", "filename": "src/test/ui/invalid/invalid-path-in-const.stderr", "status": "modified", "additions": 2, "deletions": 4, "changes": 6, "blob_url": "https://github.com/rust-lang/rust/blob/4d95f5b46db282c5e5015a9c926901848987c68f/src%2Ftest%2Fui%2Finvalid%2Finvalid-path-in-const.stderr", "raw_url": "https://github.com/rust-lang/rust/raw/4d95f5b46db282c5e5015a9c926901848987c68f/src%2Ftest%2Fui%2Finvalid%2Finvalid-path-in-const.stderr", "contents_url": "https://api.github.com/repos/rust-lang/rust/contents/src%2Ftest%2Fui%2Finvalid%2Finvalid-path-in-const.stderr?ref=4d95f5b46db282c5e5015a9c926901848987c68f", "patch": "@@ -1,10 +1,8 @@\n error[E0599]: no associated item named `DOESNOTEXIST` found for type `u32` in the current scope\n-  --> $DIR/invalid-path-in-const.rs:12:23\n+  --> $DIR/invalid-path-in-const.rs:12:18\n    |\n LL |     fn f(a: [u8; u32::DOESNOTEXIST]) {}\n-   |                  -----^^^^^^^^^^^^\n-   |                  |\n-   |                  associated item not found in `u32`\n+   |                  ^^^^^^^^^^^^^^^^^ associated item not found in `u32`\n \n error: aborting due to previous error\n "}, {"sha": "435a89b716f96e4cad44701b91e578ea0551659b", "filename": "src/test/ui/issues/issue-22933-2.stderr", "status": "modified", "additions": 2, "deletions": 4, "changes": 6, "blob_url": "https://github.com/rust-lang/rust/blob/4d95f5b46db282c5e5015a9c926901848987c68f/src%2Ftest%2Fui%2Fissues%2Fissue-22933-2.stderr", "raw_url": "https://github.com/rust-lang/rust/raw/4d95f5b46db282c5e5015a9c926901848987c68f/src%2Ftest%2Fui%2Fissues%2Fissue-22933-2.stderr", "contents_url": "https://api.github.com/repos/rust-lang/rust/contents/src%2Ftest%2Fui%2Fissues%2Fissue-22933-2.stderr?ref=4d95f5b46db282c5e5015a9c926901848987c68f", "patch": "@@ -1,13 +1,11 @@\n error[E0599]: no variant named `PIE` found for type `Delicious` in the current scope\n-  --> $DIR/issue-22933-2.rs:14:55\n+  --> $DIR/issue-22933-2.rs:14:44\n    |\n LL | enum Delicious {\n    | -------------- variant `PIE` not found here\n ...\n LL |     ApplePie = Delicious::Apple as isize | Delicious::PIE as isize,\n-   |                                            -----------^^^\n-   |                                            |\n-   |                                            variant not found in `Delicious`\n+   |                                            ^^^^^^^^^^^^^^ variant not found in `Delicious`\n \n error: aborting due to previous error\n "}, {"sha": "3d4d2df4d322aea3a53f319eec69fa002100e8cb", "filename": "src/test/ui/issues/issue-22933-3.stderr", "status": "modified", "additions": 2, "deletions": 4, "changes": 6, "blob_url": "https://github.com/rust-lang/rust/blob/4d95f5b46db282c5e5015a9c926901848987c68f/src%2Ftest%2Fui%2Fissues%2Fissue-22933-3.stderr", "raw_url": "https://github.com/rust-lang/rust/raw/4d95f5b46db282c5e5015a9c926901848987c68f/src%2Ftest%2Fui%2Fissues%2Fissue-22933-3.stderr", "contents_url": "https://api.github.com/repos/rust-lang/rust/contents/src%2Ftest%2Fui%2Fissues%2Fissue-22933-3.stderr?ref=4d95f5b46db282c5e5015a9c926901848987c68f", "patch": "@@ -1,10 +1,8 @@\n error[E0599]: no associated item named `MIN` found for type `u8` in the current scope\n-  --> $DIR/issue-22933-3.rs:11:22\n+  --> $DIR/issue-22933-3.rs:11:18\n    |\n LL | const FOO: [u32; u8::MIN as usize] = [];\n-   |                  ----^^^\n-   |                  |\n-   |                  associated item not found in `u8`\n+   |                  ^^^^^^^ associated item not found in `u8`\n \n error: aborting due to previous error\n "}, {"sha": "d58a4d2b8f8a9b4791f4b3fa9f7f8644e71a6b80", "filename": "src/test/ui/issues/issue-23173.stderr", "status": "modified", "additions": 8, "deletions": 16, "changes": 24, "blob_url": "https://github.com/rust-lang/rust/blob/4d95f5b46db282c5e5015a9c926901848987c68f/src%2Ftest%2Fui%2Fissues%2Fissue-23173.stderr", "raw_url": "https://github.com/rust-lang/rust/raw/4d95f5b46db282c5e5015a9c926901848987c68f/src%2Ftest%2Fui%2Fissues%2Fissue-23173.stderr", "contents_url": "https://api.github.com/repos/rust-lang/rust/contents/src%2Ftest%2Fui%2Fissues%2Fissue-23173.stderr?ref=4d95f5b46db282c5e5015a9c926901848987c68f", "patch": "@@ -1,46 +1,38 @@\n error[E0599]: no variant named `Homura` found for type `Token` in the current scope\n-  --> $DIR/issue-23173.rs:19:23\n+  --> $DIR/issue-23173.rs:19:16\n    |\n LL | enum Token { LeftParen, RightParen, Plus, Minus, /* etc */ }\n    | ---------- variant `Homura` not found here\n ...\n LL |     use_token(&Token::Homura);\n-   |                -------^^^^^^\n-   |                |\n-   |                variant not found in `Token`\n+   |                ^^^^^^^^^^^^^ variant not found in `Token`\n \n error[E0599]: no function or associated item named `method` found for type `Struct` in the current scope\n-  --> $DIR/issue-23173.rs:21:13\n+  --> $DIR/issue-23173.rs:21:5\n    |\n LL | struct Struct {\n    | ------------- function or associated item `method` not found for this\n ...\n LL |     Struct::method();\n-   |     --------^^^^^^\n-   |     |\n-   |     function or associated item not found in `Struct`\n+   |     ^^^^^^^^^^^^^^ function or associated item not found in `Struct`\n \n error[E0599]: no function or associated item named `method` found for type `Struct` in the current scope\n-  --> $DIR/issue-23173.rs:23:13\n+  --> $DIR/issue-23173.rs:23:5\n    |\n LL | struct Struct {\n    | ------------- function or associated item `method` not found for this\n ...\n LL |     Struct::method;\n-   |     --------^^^^^^\n-   |     |\n-   |     function or associated item not found in `Struct`\n+   |     ^^^^^^^^^^^^^^ function or associated item not found in `Struct`\n \n error[E0599]: no associated item named `Assoc` found for type `Struct` in the current scope\n-  --> $DIR/issue-23173.rs:25:13\n+  --> $DIR/issue-23173.rs:25:5\n    |\n LL | struct Struct {\n    | ------------- associated item `Assoc` not found for this\n ...\n LL |     Struct::Assoc;\n-   |     --------^^^^^\n-   |     |\n-   |     associated item not found in `Struct`\n+   |     ^^^^^^^^^^^^^ associated item not found in `Struct`\n \n error: aborting due to 4 previous errors\n "}, {"sha": "d87f239bca6906e865613569637a5ece0d89c80c", "filename": "src/test/ui/issues/issue-23217.stderr", "status": "modified", "additions": 3, "deletions": 5, "changes": 8, "blob_url": "https://github.com/rust-lang/rust/blob/4d95f5b46db282c5e5015a9c926901848987c68f/src%2Ftest%2Fui%2Fissues%2Fissue-23217.stderr", "raw_url": "https://github.com/rust-lang/rust/raw/4d95f5b46db282c5e5015a9c926901848987c68f/src%2Ftest%2Fui%2Fissues%2Fissue-23217.stderr", "contents_url": "https://api.github.com/repos/rust-lang/rust/contents/src%2Ftest%2Fui%2Fissues%2Fissue-23217.stderr?ref=4d95f5b46db282c5e5015a9c926901848987c68f", "patch": "@@ -1,14 +1,12 @@\n error[E0599]: no variant named `A` found for type `SomeEnum` in the current scope\n-  --> $DIR/issue-23217.rs:12:19\n+  --> $DIR/issue-23217.rs:12:9\n    |\n LL | pub enum SomeEnum {\n    | ----------------- variant `A` not found here\n LL |     B = SomeEnum::A,\n-   |         ----------^\n-   |         |\n-   |         variant not found in `SomeEnum`\n+   |         ^^^^^^^^^^^ variant not found in `SomeEnum`\n    |\n-   = help: did you mean `B`?\n+   = note: did you mean `SomeEnum::B`?\n \n error: aborting due to previous error\n "}, {"sha": "734c761d0b7bc1d75f3a07ca87b004db54a1e822", "filename": "src/test/ui/issues/issue-28344.stderr", "status": "modified", "additions": 4, "deletions": 8, "changes": 12, "blob_url": "https://github.com/rust-lang/rust/blob/4d95f5b46db282c5e5015a9c926901848987c68f/src%2Ftest%2Fui%2Fissues%2Fissue-28344.stderr", "raw_url": "https://github.com/rust-lang/rust/raw/4d95f5b46db282c5e5015a9c926901848987c68f/src%2Ftest%2Fui%2Fissues%2Fissue-28344.stderr", "contents_url": "https://api.github.com/repos/rust-lang/rust/contents/src%2Ftest%2Fui%2Fissues%2Fissue-28344.stderr?ref=4d95f5b46db282c5e5015a9c926901848987c68f", "patch": "@@ -5,12 +5,10 @@ LL |     let x: u8 = BitXor::bitor(0 as u8, 0 as u8);\n    |                 ^^^^^^^^^^^^^ associated type `Output` must be specified\n \n error[E0599]: no function or associated item named `bitor` found for type `dyn std::ops::BitXor<_>` in the current scope\n-  --> $DIR/issue-28344.rs:14:25\n+  --> $DIR/issue-28344.rs:14:17\n    |\n LL |     let x: u8 = BitXor::bitor(0 as u8, 0 as u8);\n-   |                 --------^^^^^\n-   |                 |\n-   |                 function or associated item not found in `dyn std::ops::BitXor<_>`\n+   |                 ^^^^^^^^^^^^^ function or associated item not found in `dyn std::ops::BitXor<_>`\n    |\n    = help: did you mean `bitxor`?\n \n@@ -21,12 +19,10 @@ LL |     let g = BitXor::bitor;\n    |             ^^^^^^^^^^^^^ associated type `Output` must be specified\n \n error[E0599]: no function or associated item named `bitor` found for type `dyn std::ops::BitXor<_>` in the current scope\n-  --> $DIR/issue-28344.rs:18:21\n+  --> $DIR/issue-28344.rs:18:13\n    |\n LL |     let g = BitXor::bitor;\n-   |             --------^^^^^\n-   |             |\n-   |             function or associated item not found in `dyn std::ops::BitXor<_>`\n+   |             ^^^^^^^^^^^^^ function or associated item not found in `dyn std::ops::BitXor<_>`\n    |\n    = help: did you mean `bitxor`?\n "}, {"sha": "9820d64909edd9b4da27508484cc2b3e08a3d572", "filename": "src/test/ui/issues/issue-28586.stderr", "status": "modified", "additions": 2, "deletions": 4, "changes": 6, "blob_url": "https://github.com/rust-lang/rust/blob/4d95f5b46db282c5e5015a9c926901848987c68f/src%2Ftest%2Fui%2Fissues%2Fissue-28586.stderr", "raw_url": "https://github.com/rust-lang/rust/raw/4d95f5b46db282c5e5015a9c926901848987c68f/src%2Ftest%2Fui%2Fissues%2Fissue-28586.stderr", "contents_url": "https://api.github.com/repos/rust-lang/rust/contents/src%2Ftest%2Fui%2Fissues%2Fissue-28586.stderr?ref=4d95f5b46db282c5e5015a9c926901848987c68f", "patch": "@@ -1,10 +1,8 @@\n error[E0599]: no associated item named `BYTES` found for type `usize` in the current scope\n-  --> $DIR/issue-28586.rs:14:26\n+  --> $DIR/issue-28586.rs:14:19\n    |\n LL | impl Foo for [u8; usize::BYTES] {}\n-   |                   -------^^^^^\n-   |                   |\n-   |                   associated item not found in `usize`\n+   |                   ^^^^^^^^^^^^ associated item not found in `usize`\n \n error: aborting due to previous error\n "}, {"sha": "c04e21f7c58572d7e6e63bd10dfc3ed01317e62b", "filename": "src/test/ui/issues/issue-28971.stderr", "status": "modified", "additions": 3, "deletions": 3, "changes": 6, "blob_url": "https://github.com/rust-lang/rust/blob/4d95f5b46db282c5e5015a9c926901848987c68f/src%2Ftest%2Fui%2Fissues%2Fissue-28971.stderr", "raw_url": "https://github.com/rust-lang/rust/raw/4d95f5b46db282c5e5015a9c926901848987c68f/src%2Ftest%2Fui%2Fissues%2Fissue-28971.stderr", "contents_url": "https://api.github.com/repos/rust-lang/rust/contents/src%2Ftest%2Fui%2Fissues%2Fissue-28971.stderr?ref=4d95f5b46db282c5e5015a9c926901848987c68f", "patch": "@@ -1,13 +1,13 @@\n error[E0599]: no variant named `Baz` found for type `Foo` in the current scope\n-  --> $DIR/issue-28971.rs:19:18\n+  --> $DIR/issue-28971.rs:19:13\n    |\n LL | enum Foo {\n    | -------- variant `Baz` not found here\n ...\n LL |             Foo::Baz(..) => (),\n-   |             -----^^^---- variant not found in `Foo`\n+   |             ^^^^^^^^^^^^ variant not found in `Foo`\n    |\n-   = help: did you mean `Bar`?\n+   = note: did you mean `Foo::Bar`?\n \n error: aborting due to previous error\n "}, {"sha": "094c962de29ecf726086238943cbb2ba6088ca67", "filename": "src/test/ui/issues/issue-30123.stderr", "status": "modified", "additions": 2, "deletions": 4, "changes": 6, "blob_url": "https://github.com/rust-lang/rust/blob/4d95f5b46db282c5e5015a9c926901848987c68f/src%2Ftest%2Fui%2Fissues%2Fissue-30123.stderr", "raw_url": "https://github.com/rust-lang/rust/raw/4d95f5b46db282c5e5015a9c926901848987c68f/src%2Ftest%2Fui%2Fissues%2Fissue-30123.stderr", "contents_url": "https://api.github.com/repos/rust-lang/rust/contents/src%2Ftest%2Fui%2Fissues%2Fissue-30123.stderr?ref=4d95f5b46db282c5e5015a9c926901848987c68f", "patch": "@@ -1,10 +1,8 @@\n error[E0599]: no function or associated item named `new_undirected` found for type `issue_30123_aux::Graph<i32, i32>` in the current scope\n-  --> $DIR/issue-30123.rs:17:33\n+  --> $DIR/issue-30123.rs:17:14\n    |\n LL |     let ug = Graph::<i32, i32>::new_undirected();\n-   |              -------------------^^^^^^^^^^^^^^\n-   |              |\n-   |              function or associated item not found in `issue_30123_aux::Graph<i32, i32>`\n+   |              ^^^^^^^^^^^^^^^^^^^^^^^^^^^^^^^^^ function or associated item not found in `issue_30123_aux::Graph<i32, i32>`\n \n error: aborting due to previous error\n "}, {"sha": "b80367d7c6cff1006f45b4d3d2866a345aa603d0", "filename": "src/test/ui/issues/issue-38919.stderr", "status": "modified", "additions": 2, "deletions": 4, "changes": 6, "blob_url": "https://github.com/rust-lang/rust/blob/4d95f5b46db282c5e5015a9c926901848987c68f/src%2Ftest%2Fui%2Fissues%2Fissue-38919.stderr", "raw_url": "https://github.com/rust-lang/rust/raw/4d95f5b46db282c5e5015a9c926901848987c68f/src%2Ftest%2Fui%2Fissues%2Fissue-38919.stderr", "contents_url": "https://api.github.com/repos/rust-lang/rust/contents/src%2Ftest%2Fui%2Fissues%2Fissue-38919.stderr?ref=4d95f5b46db282c5e5015a9c926901848987c68f", "patch": "@@ -1,10 +1,8 @@\n error[E0599]: no associated item named `Item` found for type `T` in the current scope\n-  --> $DIR/issue-38919.rs:12:8\n+  --> $DIR/issue-38919.rs:12:5\n    |\n LL |     T::Item; //~ ERROR no associated item named `Item` found for type `T` in the current scope\n-   |     ---^^^^\n-   |     |\n-   |     associated item not found in `T`\n+   |     ^^^^^^^ associated item not found in `T`\n \n error: aborting due to previous error\n "}, {"sha": "2ce6dfdbe44cdcc2d7adc0d172bf4b6d666839dc", "filename": "src/test/ui/issues/issue-39559.stderr", "status": "modified", "additions": 2, "deletions": 4, "changes": 6, "blob_url": "https://github.com/rust-lang/rust/blob/4d95f5b46db282c5e5015a9c926901848987c68f/src%2Ftest%2Fui%2Fissues%2Fissue-39559.stderr", "raw_url": "https://github.com/rust-lang/rust/raw/4d95f5b46db282c5e5015a9c926901848987c68f/src%2Ftest%2Fui%2Fissues%2Fissue-39559.stderr", "contents_url": "https://api.github.com/repos/rust-lang/rust/contents/src%2Ftest%2Fui%2Fissues%2Fissue-39559.stderr?ref=4d95f5b46db282c5e5015a9c926901848987c68f", "patch": "@@ -1,10 +1,8 @@\n error[E0599]: no function or associated item named `dim` found for type `D` in the current scope\n-  --> $DIR/issue-39559.rs:24:21\n+  --> $DIR/issue-39559.rs:24:18\n    |\n LL |     entries: [T; D::dim()],\n-   |                  ---^^^\n-   |                  |\n-   |                  function or associated item not found in `D`\n+   |                  ^^^^^^ function or associated item not found in `D`\n    |\n    = help: items from traits can only be used if the trait is implemented and in scope\n    = note: the following trait defines an item `dim`, perhaps you need to implement it:"}, {"sha": "9be07614ec176099dc8edb55777b75343f24d80c", "filename": "src/test/ui/issues/issue-3973.stderr", "status": "modified", "additions": 2, "deletions": 4, "changes": 6, "blob_url": "https://github.com/rust-lang/rust/blob/4d95f5b46db282c5e5015a9c926901848987c68f/src%2Ftest%2Fui%2Fissues%2Fissue-3973.stderr", "raw_url": "https://github.com/rust-lang/rust/raw/4d95f5b46db282c5e5015a9c926901848987c68f/src%2Ftest%2Fui%2Fissues%2Fissue-3973.stderr", "contents_url": "https://api.github.com/repos/rust-lang/rust/contents/src%2Ftest%2Fui%2Fissues%2Fissue-3973.stderr?ref=4d95f5b46db282c5e5015a9c926901848987c68f", "patch": "@@ -8,15 +8,13 @@ LL | |     }\n    | |_____^ not a member of trait `ToString_`\n \n error[E0599]: no function or associated item named `new` found for type `Point` in the current scope\n-  --> $DIR/issue-3973.rs:32:20\n+  --> $DIR/issue-3973.rs:32:13\n    |\n LL | struct Point {\n    | ------------ function or associated item `new` not found for this\n ...\n LL |     let p = Point::new(0.0, 0.0);\n-   |             -------^^^\n-   |             |\n-   |             function or associated item not found in `Point`\n+   |             ^^^^^^^^^^ function or associated item not found in `Point`\n \n error: aborting due to 2 previous errors\n "}, {"sha": "cf1c3022a227398f46ec73d1b14e044b911da147", "filename": "src/test/ui/issues/issue-42880.stderr", "status": "modified", "additions": 2, "deletions": 2, "changes": 4, "blob_url": "https://github.com/rust-lang/rust/blob/4d95f5b46db282c5e5015a9c926901848987c68f/src%2Ftest%2Fui%2Fissues%2Fissue-42880.stderr", "raw_url": "https://github.com/rust-lang/rust/raw/4d95f5b46db282c5e5015a9c926901848987c68f/src%2Ftest%2Fui%2Fissues%2Fissue-42880.stderr", "contents_url": "https://api.github.com/repos/rust-lang/rust/contents/src%2Ftest%2Fui%2Fissues%2Fissue-42880.stderr?ref=4d95f5b46db282c5e5015a9c926901848987c68f", "patch": "@@ -1,8 +1,8 @@\n error[E0599]: no associated item named `String` found for type `std::string::String` in the current scope\n-  --> $DIR/issue-42880.rs:14:22\n+  --> $DIR/issue-42880.rs:14:15\n    |\n LL |     let f = |&Value::String(_)| (); //~ ERROR no associated item named\n-   |               -------^^^^^^--- associated item not found in `std::string::String`\n+   |               ^^^^^^^^^^^^^^^^ associated item not found in `std::string::String`\n \n error: aborting due to previous error\n "}, {"sha": "750127981b1cc84bcdba4596a00e62bb6f61a788", "filename": "src/test/ui/issues/issue-7950.stderr", "status": "modified", "additions": 2, "deletions": 4, "changes": 6, "blob_url": "https://github.com/rust-lang/rust/blob/4d95f5b46db282c5e5015a9c926901848987c68f/src%2Ftest%2Fui%2Fissues%2Fissue-7950.stderr", "raw_url": "https://github.com/rust-lang/rust/raw/4d95f5b46db282c5e5015a9c926901848987c68f/src%2Ftest%2Fui%2Fissues%2Fissue-7950.stderr", "contents_url": "https://api.github.com/repos/rust-lang/rust/contents/src%2Ftest%2Fui%2Fissues%2Fissue-7950.stderr?ref=4d95f5b46db282c5e5015a9c926901848987c68f", "patch": "@@ -1,13 +1,11 @@\n error[E0599]: no function or associated item named `bar` found for type `Foo` in the current scope\n-  --> $DIR/issue-7950.rs:16:10\n+  --> $DIR/issue-7950.rs:16:5\n    |\n LL | struct Foo;\n    | ----------- function or associated item `bar` not found for this\n ...\n LL |     Foo::bar();\n-   |     -----^^^\n-   |     |\n-   |     function or associated item not found in `Foo`\n+   |     ^^^^^^^^ function or associated item not found in `Foo`\n \n error: aborting due to previous error\n "}, {"sha": "3a6ae52c68dc6860adc72f9fab3a9e2a0e10d3d0", "filename": "src/test/ui/lexical-scopes.stderr", "status": "modified", "additions": 2, "deletions": 4, "changes": 6, "blob_url": "https://github.com/rust-lang/rust/blob/4d95f5b46db282c5e5015a9c926901848987c68f/src%2Ftest%2Fui%2Flexical-scopes.stderr", "raw_url": "https://github.com/rust-lang/rust/raw/4d95f5b46db282c5e5015a9c926901848987c68f/src%2Ftest%2Fui%2Flexical-scopes.stderr", "contents_url": "https://api.github.com/repos/rust-lang/rust/contents/src%2Ftest%2Fui%2Flexical-scopes.stderr?ref=4d95f5b46db282c5e5015a9c926901848987c68f", "patch": "@@ -9,12 +9,10 @@ LL | use T;\n    |\n \n error[E0599]: no function or associated item named `f` found for type `Foo` in the current scope\n-  --> $DIR/lexical-scopes.rs:20:10\n+  --> $DIR/lexical-scopes.rs:20:5\n    |\n LL |     Foo::f(); //~ ERROR no function or associated item named `f`\n-   |     -----^\n-   |     |\n-   |     function or associated item not found in `Foo`\n+   |     ^^^^^^ function or associated item not found in `Foo`\n \n error: aborting due to 2 previous errors\n "}, {"sha": "e3a613f926110e6280101e8300741b6e020370b2", "filename": "src/test/ui/rfc-2005-default-binding-mode/no-double-error.stderr", "status": "modified", "additions": 2, "deletions": 4, "changes": 6, "blob_url": "https://github.com/rust-lang/rust/blob/4d95f5b46db282c5e5015a9c926901848987c68f/src%2Ftest%2Fui%2Frfc-2005-default-binding-mode%2Fno-double-error.stderr", "raw_url": "https://github.com/rust-lang/rust/raw/4d95f5b46db282c5e5015a9c926901848987c68f/src%2Ftest%2Fui%2Frfc-2005-default-binding-mode%2Fno-double-error.stderr", "contents_url": "https://api.github.com/repos/rust-lang/rust/contents/src%2Ftest%2Fui%2Frfc-2005-default-binding-mode%2Fno-double-error.stderr?ref=4d95f5b46db282c5e5015a9c926901848987c68f", "patch": "@@ -1,10 +1,8 @@\n error[E0599]: no associated item named `XXX` found for type `u32` in the current scope\n-  --> $DIR/no-double-error.rs:18:14\n+  --> $DIR/no-double-error.rs:18:9\n    |\n LL |         u32::XXX => { } //~ ERROR no associated item named\n-   |         -----^^^\n-   |         |\n-   |         associated item not found in `u32`\n+   |         ^^^^^^^^ associated item not found in `u32`\n \n error: aborting due to previous error\n "}, {"sha": "d5d996e27eeb4b03b5d6b8d65a2a278aabc00abd", "filename": "src/test/ui/rust-2018/trait-import-suggestions.stderr", "status": "modified", "additions": 2, "deletions": 4, "changes": 6, "blob_url": "https://github.com/rust-lang/rust/blob/4d95f5b46db282c5e5015a9c926901848987c68f/src%2Ftest%2Fui%2Frust-2018%2Ftrait-import-suggestions.stderr", "raw_url": "https://github.com/rust-lang/rust/raw/4d95f5b46db282c5e5015a9c926901848987c68f/src%2Ftest%2Fui%2Frust-2018%2Ftrait-import-suggestions.stderr", "contents_url": "https://api.github.com/repos/rust-lang/rust/contents/src%2Ftest%2Fui%2Frust-2018%2Ftrait-import-suggestions.stderr?ref=4d95f5b46db282c5e5015a9c926901848987c68f", "patch": "@@ -27,12 +27,10 @@ LL |     x.baz(); //~ ERROR no method named `baz`\n    |       ^^^\n \n error[E0599]: no function or associated item named `from_str` found for type `u32` in the current scope\n-  --> $DIR/trait-import-suggestions.rs:40:18\n+  --> $DIR/trait-import-suggestions.rs:40:13\n    |\n LL |     let y = u32::from_str(\"33\"); //~ ERROR no function or associated item named `from_str`\n-   |             -----^^^^^^^^\n-   |             |\n-   |             function or associated item not found in `u32`\n+   |             ^^^^^^^^^^^^^ function or associated item not found in `u32`\n    |\n    = help: items from traits can only be used if the trait is in scope\n help: the following trait is implemented but not in scope, perhaps add a `use` for it:"}, {"sha": "4ede83d5d73627e3a68e20777e9ce401abc7c153", "filename": "src/test/ui/traits/trait-item-privacy.stderr", "status": "modified", "additions": 8, "deletions": 16, "changes": 24, "blob_url": "https://github.com/rust-lang/rust/blob/4d95f5b46db282c5e5015a9c926901848987c68f/src%2Ftest%2Fui%2Ftraits%2Ftrait-item-privacy.stderr", "raw_url": "https://github.com/rust-lang/rust/raw/4d95f5b46db282c5e5015a9c926901848987c68f/src%2Ftest%2Fui%2Ftraits%2Ftrait-item-privacy.stderr", "contents_url": "https://api.github.com/repos/rust-lang/rust/contents/src%2Ftest%2Fui%2Ftraits%2Ftrait-item-privacy.stderr?ref=4d95f5b46db282c5e5015a9c926901848987c68f", "patch": "@@ -33,30 +33,26 @@ LL |     c.a(); //~ ERROR method `a` is private\n    |       ^\n \n error[E0599]: no function or associated item named `a` found for type `S` in the current scope\n-  --> $DIR/trait-item-privacy.rs:88:8\n+  --> $DIR/trait-item-privacy.rs:88:5\n    |\n LL | struct S;\n    | --------- function or associated item `a` not found for this\n ...\n LL |     S::a(&S);\n-   |     ---^\n-   |     |\n-   |     function or associated item not found in `S`\n+   |     ^^^^ function or associated item not found in `S`\n    |\n    = help: items from traits can only be used if the trait is implemented and in scope\n    = note: the following trait defines an item `a`, perhaps you need to implement it:\n            candidate #1: `method::A`\n \n error[E0599]: no function or associated item named `b` found for type `S` in the current scope\n-  --> $DIR/trait-item-privacy.rs:90:8\n+  --> $DIR/trait-item-privacy.rs:90:5\n    |\n LL | struct S;\n    | --------- function or associated item `b` not found for this\n ...\n LL |     S::b(&S);\n-   |     ---^\n-   |     |\n-   |     function or associated item not found in `S`\n+   |     ^^^^ function or associated item not found in `S`\n    |\n    = help: items from traits can only be used if the trait is in scope\n help: the following trait is implemented but not in scope, perhaps add a `use` for it:\n@@ -71,30 +67,26 @@ LL |     C::a(&S); //~ ERROR method `a` is private\n    |     ^^^^\n \n error[E0599]: no associated item named `A` found for type `S` in the current scope\n-  --> $DIR/trait-item-privacy.rs:107:8\n+  --> $DIR/trait-item-privacy.rs:107:5\n    |\n LL | struct S;\n    | --------- associated item `A` not found for this\n ...\n LL |     S::A; //~ ERROR no associated item named `A` found for type `S` in the current scope\n-   |     ---^\n-   |     |\n-   |     associated item not found in `S`\n+   |     ^^^^ associated item not found in `S`\n    |\n    = help: items from traits can only be used if the trait is implemented and in scope\n    = note: the following trait defines an item `A`, perhaps you need to implement it:\n            candidate #1: `assoc_const::A`\n \n error[E0599]: no associated item named `B` found for type `S` in the current scope\n-  --> $DIR/trait-item-privacy.rs:108:8\n+  --> $DIR/trait-item-privacy.rs:108:5\n    |\n LL | struct S;\n    | --------- associated item `B` not found for this\n ...\n LL |     S::B; //~ ERROR no associated item named `B` found for type `S` in the current scope\n-   |     ---^\n-   |     |\n-   |     associated item not found in `S`\n+   |     ^^^^ associated item not found in `S`\n    |\n    = help: items from traits can only be used if the trait is in scope\n help: the following trait is implemented but not in scope, perhaps add a `use` for it:"}, {"sha": "cb571be661d6ae0aa5e7d6c2e0bd7b619d4ac3fe", "filename": "src/test/ui/ufcs/ufcs-partially-resolved.stderr", "status": "modified", "additions": 4, "deletions": 8, "changes": 12, "blob_url": "https://github.com/rust-lang/rust/blob/4d95f5b46db282c5e5015a9c926901848987c68f/src%2Ftest%2Fui%2Fufcs%2Fufcs-partially-resolved.stderr", "raw_url": "https://github.com/rust-lang/rust/raw/4d95f5b46db282c5e5015a9c926901848987c68f/src%2Ftest%2Fui%2Fufcs%2Fufcs-partially-resolved.stderr", "contents_url": "https://api.github.com/repos/rust-lang/rust/contents/src%2Ftest%2Fui%2Fufcs%2Fufcs-partially-resolved.stderr?ref=4d95f5b46db282c5e5015a9c926901848987c68f", "patch": "@@ -187,20 +187,16 @@ LL |     let _: <u8 as Tr>::Y::NN; //~ ERROR ambiguous associated type\n    |            ^^^^^^^^^^^^^^^^^ help: use fully-qualified syntax: `<<u8 as Tr>::Y as Trait>::NN`\n \n error[E0599]: no associated item named `NN` found for type `<u8 as Tr>::Y` in the current scope\n-  --> $DIR/ufcs-partially-resolved.rs:48:20\n+  --> $DIR/ufcs-partially-resolved.rs:48:5\n    |\n LL |     <u8 as Tr>::Y::NN; //~ ERROR no associated item named `NN` found for type `<u8 as Tr>::Y`\n-   |     ---------------^^\n-   |     |\n-   |     associated item not found in `<u8 as Tr>::Y`\n+   |     ^^^^^^^^^^^^^^^^^ associated item not found in `<u8 as Tr>::Y`\n \n error[E0599]: no associated item named `N` found for type `<u8 as Dr>::X` in the current scope\n-  --> $DIR/ufcs-partially-resolved.rs:65:20\n+  --> $DIR/ufcs-partially-resolved.rs:65:5\n    |\n LL |     <u8 as Dr>::X::N; //~ ERROR no associated item named `N` found for type `<u8 as Dr>::X`\n-   |     ---------------^\n-   |     |\n-   |     associated item not found in `<u8 as Dr>::X`\n+   |     ^^^^^^^^^^^^^^^^ associated item not found in `<u8 as Dr>::X`\n \n error: aborting due to 32 previous errors\n "}, {"sha": "c036540068b0b1f5552baafdee399a0c3ecc0d2a", "filename": "src/test/ui/unspecified-self-in-trait-ref.stderr", "status": "modified", "additions": 8, "deletions": 16, "changes": 24, "blob_url": "https://github.com/rust-lang/rust/blob/4d95f5b46db282c5e5015a9c926901848987c68f/src%2Ftest%2Fui%2Funspecified-self-in-trait-ref.stderr", "raw_url": "https://github.com/rust-lang/rust/raw/4d95f5b46db282c5e5015a9c926901848987c68f/src%2Ftest%2Fui%2Funspecified-self-in-trait-ref.stderr", "contents_url": "https://api.github.com/repos/rust-lang/rust/contents/src%2Ftest%2Fui%2Funspecified-self-in-trait-ref.stderr?ref=4d95f5b46db282c5e5015a9c926901848987c68f", "patch": "@@ -1,34 +1,26 @@\n error[E0599]: no function or associated item named `lol` found for type `dyn Foo<_>` in the current scope\n-  --> $DIR/unspecified-self-in-trait-ref.rs:20:18\n+  --> $DIR/unspecified-self-in-trait-ref.rs:20:13\n    |\n LL |     let a = Foo::lol();\n-   |             -----^^^\n-   |             |\n-   |             function or associated item not found in `dyn Foo<_>`\n+   |             ^^^^^^^^ function or associated item not found in `dyn Foo<_>`\n \n error[E0599]: no function or associated item named `lol` found for type `dyn Foo<_>` in the current scope\n-  --> $DIR/unspecified-self-in-trait-ref.rs:22:23\n+  --> $DIR/unspecified-self-in-trait-ref.rs:22:13\n    |\n LL |     let b = Foo::<_>::lol();\n-   |             ----------^^^\n-   |             |\n-   |             function or associated item not found in `dyn Foo<_>`\n+   |             ^^^^^^^^^^^^^ function or associated item not found in `dyn Foo<_>`\n \n error[E0599]: no function or associated item named `lol` found for type `dyn Bar<_, _>` in the current scope\n-  --> $DIR/unspecified-self-in-trait-ref.rs:24:18\n+  --> $DIR/unspecified-self-in-trait-ref.rs:24:13\n    |\n LL |     let c = Bar::lol();\n-   |             -----^^^\n-   |             |\n-   |             function or associated item not found in `dyn Bar<_, _>`\n+   |             ^^^^^^^^ function or associated item not found in `dyn Bar<_, _>`\n \n error[E0599]: no function or associated item named `lol` found for type `dyn Bar<usize, _>` in the current scope\n-  --> $DIR/unspecified-self-in-trait-ref.rs:26:30\n+  --> $DIR/unspecified-self-in-trait-ref.rs:26:13\n    |\n LL |     let d = Bar::<usize, _>::lol();\n-   |             -----------------^^^\n-   |             |\n-   |             function or associated item not found in `dyn Bar<usize, _>`\n+   |             ^^^^^^^^^^^^^^^^^^^^ function or associated item not found in `dyn Bar<usize, _>`\n \n error[E0393]: the type parameter `A` must be explicitly specified\n   --> $DIR/unspecified-self-in-trait-ref.rs:28:13"}]}