{"sha": "58a5756f4d805d0c2895454153920f1457f9ca2a", "node_id": "MDY6Q29tbWl0NzI0NzEyOjU4YTU3NTZmNGQ4MDVkMGMyODk1NDU0MTUzOTIwZjE0NTdmOWNhMmE=", "commit": {"author": {"name": "Alexander Regueiro", "email": "alexreg@me.com", "date": "2018-12-07T18:15:36Z"}, "committer": {"name": "Alexander Regueiro", "email": "alexreg@me.com", "date": "2018-12-26T21:40:21Z"}, "message": "Fixed more tests.", "tree": {"sha": "d15d017f9382a8efabc4a4d5d4aa5feb5fa26bb2", "url": "https://api.github.com/repos/rust-lang/rust/git/trees/d15d017f9382a8efabc4a4d5d4aa5feb5fa26bb2"}, "url": "https://api.github.com/repos/rust-lang/rust/git/commits/58a5756f4d805d0c2895454153920f1457f9ca2a", "comment_count": 0, "verification": {"verified": false, "reason": "unsigned", "signature": null, "payload": null}}, "url": "https://api.github.com/repos/rust-lang/rust/commits/58a5756f4d805d0c2895454153920f1457f9ca2a", "html_url": "https://github.com/rust-lang/rust/commit/58a5756f4d805d0c2895454153920f1457f9ca2a", "comments_url": "https://api.github.com/repos/rust-lang/rust/commits/58a5756f4d805d0c2895454153920f1457f9ca2a/comments", "author": {"login": "alexreg", "id": 67036, "node_id": "MDQ6VXNlcjY3MDM2", "avatar_url": "https://avatars.githubusercontent.com/u/67036?v=4", "gravatar_id": "", "url": "https://api.github.com/users/alexreg", "html_url": "https://github.com/alexreg", "followers_url": "https://api.github.com/users/alexreg/followers", "following_url": "https://api.github.com/users/alexreg/following{/other_user}", "gists_url": "https://api.github.com/users/alexreg/gists{/gist_id}", "starred_url": "https://api.github.com/users/alexreg/starred{/owner}{/repo}", "subscriptions_url": "https://api.github.com/users/alexreg/subscriptions", "organizations_url": "https://api.github.com/users/alexreg/orgs", "repos_url": "https://api.github.com/users/alexreg/repos", "events_url": "https://api.github.com/users/alexreg/events{/privacy}", "received_events_url": "https://api.github.com/users/alexreg/received_events", "type": "User", "site_admin": false}, "committer": {"login": "alexreg", "id": 67036, "node_id": "MDQ6VXNlcjY3MDM2", "avatar_url": "https://avatars.githubusercontent.com/u/67036?v=4", "gravatar_id": "", "url": "https://api.github.com/users/alexreg", "html_url": "https://github.com/alexreg", "followers_url": "https://api.github.com/users/alexreg/followers", "following_url": "https://api.github.com/users/alexreg/following{/other_user}", "gists_url": "https://api.github.com/users/alexreg/gists{/gist_id}", "starred_url": "https://api.github.com/users/alexreg/starred{/owner}{/repo}", "subscriptions_url": "https://api.github.com/users/alexreg/subscriptions", "organizations_url": "https://api.github.com/users/alexreg/orgs", "repos_url": "https://api.github.com/users/alexreg/repos", "events_url": "https://api.github.com/users/alexreg/events{/privacy}", "received_events_url": "https://api.github.com/users/alexreg/received_events", "type": "User", "site_admin": false}, "parents": [{"sha": "b9326f75fb875d08422d763d28e6dcc638676705", "url": "https://api.github.com/repos/rust-lang/rust/commits/b9326f75fb875d08422d763d28e6dcc638676705", "html_url": "https://github.com/rust-lang/rust/commit/b9326f75fb875d08422d763d28e6dcc638676705"}], "stats": {"total": 254, "additions": 164, "deletions": 90}, "files": [{"sha": "de172049872f54ea29cab51d4ba56ef890b9fc77", "filename": "src/test/ui/associated-const/associated-const-no-item.stderr", "status": "modified", "additions": 4, "deletions": 2, "changes": 6, "blob_url": "https://github.com/rust-lang/rust/blob/58a5756f4d805d0c2895454153920f1457f9ca2a/src%2Ftest%2Fui%2Fassociated-const%2Fassociated-const-no-item.stderr", "raw_url": "https://github.com/rust-lang/rust/raw/58a5756f4d805d0c2895454153920f1457f9ca2a/src%2Ftest%2Fui%2Fassociated-const%2Fassociated-const-no-item.stderr", "contents_url": "https://api.github.com/repos/rust-lang/rust/contents/src%2Ftest%2Fui%2Fassociated-const%2Fassociated-const-no-item.stderr?ref=58a5756f4d805d0c2895454153920f1457f9ca2a", "patch": "@@ -1,8 +1,10 @@\n error[E0599]: no associated item named `ID` found for type `i32` in the current scope\n-  --> $DIR/associated-const-no-item.rs:5:16\n+  --> $DIR/associated-const-no-item.rs:5:23\n    |\n LL | const X: i32 = <i32>::ID;\n-   |                ^^^^^^^^^ associated item not found in `i32`\n+   |                -------^^\n+   |                |\n+   |                associated item not found in `i32`\n    |\n    = help: items from traits can only be used if the trait is implemented and in scope\n    = note: the following trait defines an item `ID`, perhaps you need to implement it:"}, {"sha": "c594385eec2d67c98be02d51c79ceec4aec82c86", "filename": "src/test/ui/bogus-tag.rs", "status": "modified", "additions": 3, "deletions": 3, "changes": 6, "blob_url": "https://github.com/rust-lang/rust/blob/58a5756f4d805d0c2895454153920f1457f9ca2a/src%2Ftest%2Fui%2Fbogus-tag.rs", "raw_url": "https://github.com/rust-lang/rust/raw/58a5756f4d805d0c2895454153920f1457f9ca2a/src%2Ftest%2Fui%2Fbogus-tag.rs", "contents_url": "https://api.github.com/repos/rust-lang/rust/contents/src%2Ftest%2Fui%2Fbogus-tag.rs?ref=58a5756f4d805d0c2895454153920f1457f9ca2a", "patch": "@@ -3,8 +3,8 @@ enum Color { Rgb(isize, isize, isize), Rgba(isize, isize, isize, isize), }\n fn main() {\n     let red: Color = Color::Rgb(255, 0, 0);\n     match red {\n-      Color::Rgb(r, g, b) => { println!(\"rgb\"); }\n-      Color::Hsl(h, s, l) => { println!(\"hsl\"); }\n-      //~^ ERROR no variant\n+        Color::Rgb(r, g, b) => { println!(\"rgb\"); }\n+        Color::Hsl(h, s, l) => { println!(\"hsl\"); }\n+        //~^ ERROR no variant\n     }\n }"}, {"sha": "1cb5ee9b6305c6d9bdf0fbaaeb85e80686bea7c0", "filename": "src/test/ui/bogus-tag.stderr", "status": "modified", "additions": 3, "deletions": 3, "changes": 6, "blob_url": "https://github.com/rust-lang/rust/blob/58a5756f4d805d0c2895454153920f1457f9ca2a/src%2Ftest%2Fui%2Fbogus-tag.stderr", "raw_url": "https://github.com/rust-lang/rust/raw/58a5756f4d805d0c2895454153920f1457f9ca2a/src%2Ftest%2Fui%2Fbogus-tag.stderr", "contents_url": "https://api.github.com/repos/rust-lang/rust/contents/src%2Ftest%2Fui%2Fbogus-tag.stderr?ref=58a5756f4d805d0c2895454153920f1457f9ca2a", "patch": "@@ -1,11 +1,11 @@\n error[E0599]: no variant named `Hsl` found for type `Color` in the current scope\n-  --> $DIR/bogus-tag.rs:7:7\n+  --> $DIR/bogus-tag.rs:7:9\n    |\n LL | enum Color { Rgb(isize, isize, isize), Rgba(isize, isize, isize, isize), }\n    | ---------- variant `Hsl` not found here\n ...\n-LL |       Color::Hsl(h, s, l) => { println!(\"hsl\"); }\n-   |       ^^^^^^^^^^^^^^^^^^^ variant not found in `Color`\n+LL |         Color::Hsl(h, s, l) => { println!(\"hsl\"); }\n+   |         ^^^^^^^^^^^^^^^^^^^ variant not found in `Color`\n \n error: aborting due to previous error\n "}, {"sha": "92fd9f26777f1c605be896acca8241756241806b", "filename": "src/test/ui/did_you_mean/bad-assoc-pat.stderr", "status": "modified", "additions": 16, "deletions": 8, "changes": 24, "blob_url": "https://github.com/rust-lang/rust/blob/58a5756f4d805d0c2895454153920f1457f9ca2a/src%2Ftest%2Fui%2Fdid_you_mean%2Fbad-assoc-pat.stderr", "raw_url": "https://github.com/rust-lang/rust/raw/58a5756f4d805d0c2895454153920f1457f9ca2a/src%2Ftest%2Fui%2Fdid_you_mean%2Fbad-assoc-pat.stderr", "contents_url": "https://api.github.com/repos/rust-lang/rust/contents/src%2Ftest%2Fui%2Fdid_you_mean%2Fbad-assoc-pat.stderr?ref=58a5756f4d805d0c2895454153920f1457f9ca2a", "patch": "@@ -23,28 +23,36 @@ LL |         &(u8,)::AssocItem => {}\n    |          ^^^^^^^^^^^^^^^^ help: try: `<(u8,)>::AssocItem`\n \n error[E0599]: no associated item named `AssocItem` found for type `[u8]` in the current scope\n-  --> $DIR/bad-assoc-pat.rs:3:9\n+  --> $DIR/bad-assoc-pat.rs:3:15\n    |\n LL |         [u8]::AssocItem => {}\n-   |         ^^^^^^^^^^^^^^^ associated item not found in `[u8]`\n+   |         ------^^^^^^^^^\n+   |         |\n+   |         associated item not found in `[u8]`\n \n error[E0599]: no associated item named `AssocItem` found for type `(u8, u8)` in the current scope\n-  --> $DIR/bad-assoc-pat.rs:6:9\n+  --> $DIR/bad-assoc-pat.rs:6:19\n    |\n LL |         (u8, u8)::AssocItem => {}\n-   |         ^^^^^^^^^^^^^^^^^^^ associated item not found in `(u8, u8)`\n+   |         ----------^^^^^^^^^\n+   |         |\n+   |         associated item not found in `(u8, u8)`\n \n error[E0599]: no associated item named `AssocItem` found for type `_` in the current scope\n-  --> $DIR/bad-assoc-pat.rs:9:9\n+  --> $DIR/bad-assoc-pat.rs:9:12\n    |\n LL |         _::AssocItem => {}\n-   |         ^^^^^^^^^^^^ associated item not found in `_`\n+   |         ---^^^^^^^^^\n+   |         |\n+   |         associated item not found in `_`\n \n error[E0599]: no associated item named `AssocItem` found for type `(u8,)` in the current scope\n-  --> $DIR/bad-assoc-pat.rs:14:10\n+  --> $DIR/bad-assoc-pat.rs:14:17\n    |\n LL |         &(u8,)::AssocItem => {}\n-   |          ^^^^^^^^^^^^^^^^ associated item not found in `(u8,)`\n+   |          -------^^^^^^^^^\n+   |          |\n+   |          associated item not found in `(u8,)`\n \n error: aborting due to 8 previous errors\n "}, {"sha": "af4253779a4f56c7fbe65baff0b5cd28a4dc7db3", "filename": "src/test/ui/dont-suggest-private-trait-method.stderr", "status": "modified", "additions": 4, "deletions": 2, "changes": 6, "blob_url": "https://github.com/rust-lang/rust/blob/58a5756f4d805d0c2895454153920f1457f9ca2a/src%2Ftest%2Fui%2Fdont-suggest-private-trait-method.stderr", "raw_url": "https://github.com/rust-lang/rust/raw/58a5756f4d805d0c2895454153920f1457f9ca2a/src%2Ftest%2Fui%2Fdont-suggest-private-trait-method.stderr", "contents_url": "https://api.github.com/repos/rust-lang/rust/contents/src%2Ftest%2Fui%2Fdont-suggest-private-trait-method.stderr?ref=58a5756f4d805d0c2895454153920f1457f9ca2a", "patch": "@@ -1,11 +1,13 @@\n error[E0599]: no function or associated item named `new` found for type `T` in the current scope\n-  --> $DIR/dont-suggest-private-trait-method.rs:4:5\n+  --> $DIR/dont-suggest-private-trait-method.rs:4:8\n    |\n LL | struct T;\n    | --------- function or associated item `new` not found for this\n ...\n LL |     T::new();\n-   |     ^^^^^^ function or associated item not found in `T`\n+   |     ---^^^\n+   |     |\n+   |     function or associated item not found in `T`\n \n error: aborting due to previous error\n "}, {"sha": "d3e1cebd26fe1e27bedd4909c9322573fc07188b", "filename": "src/test/ui/empty/empty-struct-braces-expr.stderr", "status": "modified", "additions": 10, "deletions": 6, "changes": 16, "blob_url": "https://github.com/rust-lang/rust/blob/58a5756f4d805d0c2895454153920f1457f9ca2a/src%2Ftest%2Fui%2Fempty%2Fempty-struct-braces-expr.stderr", "raw_url": "https://github.com/rust-lang/rust/raw/58a5756f4d805d0c2895454153920f1457f9ca2a/src%2Ftest%2Fui%2Fempty%2Fempty-struct-braces-expr.stderr", "contents_url": "https://api.github.com/repos/rust-lang/rust/contents/src%2Ftest%2Fui%2Fempty%2Fempty-struct-braces-expr.stderr?ref=58a5756f4d805d0c2895454153920f1457f9ca2a", "patch": "@@ -47,20 +47,24 @@ LL |     let xe1 = XEmpty1(); //~ ERROR expected function, found struct `XEmpty1\n    |               did you mean `XEmpty1 { /* fields */ }`?\n \n error[E0599]: no variant named `Empty3` found for type `empty_struct::XE` in the current scope\n-  --> $DIR/empty-struct-braces-expr.rs:22:15\n+  --> $DIR/empty-struct-braces-expr.rs:22:19\n    |\n LL |     let xe3 = XE::Empty3; //~ ERROR no variant named `Empty3` found for type\n-   |               ^^^^^^^^^^ variant not found in `empty_struct::XE`\n+   |               ----^^^^^^\n+   |               |\n+   |               variant not found in `empty_struct::XE`\n    |\n-   = note: did you mean `empty_struct::XE::XEmpty3`?\n+   = help: did you mean `XEmpty3`?\n \n error[E0599]: no variant named `Empty3` found for type `empty_struct::XE` in the current scope\n-  --> $DIR/empty-struct-braces-expr.rs:23:15\n+  --> $DIR/empty-struct-braces-expr.rs:23:19\n    |\n LL |     let xe3 = XE::Empty3(); //~ ERROR no variant named `Empty3` found for type\n-   |               ^^^^^^^^^^ variant not found in `empty_struct::XE`\n+   |               ----^^^^^^\n+   |               |\n+   |               variant not found in `empty_struct::XE`\n    |\n-   = note: did you mean `empty_struct::XE::XEmpty3`?\n+   = help: did you mean `XEmpty3`?\n \n error: aborting due to 8 previous errors\n "}, {"sha": "85110889e9a7b1a65769a60a42a7c6f98c600192", "filename": "src/test/ui/error-codes/E0599.stderr", "status": "modified", "additions": 2, "deletions": 2, "changes": 4, "blob_url": "https://github.com/rust-lang/rust/blob/58a5756f4d805d0c2895454153920f1457f9ca2a/src%2Ftest%2Fui%2Ferror-codes%2FE0599.stderr", "raw_url": "https://github.com/rust-lang/rust/raw/58a5756f4d805d0c2895454153920f1457f9ca2a/src%2Ftest%2Fui%2Ferror-codes%2FE0599.stderr", "contents_url": "https://api.github.com/repos/rust-lang/rust/contents/src%2Ftest%2Fui%2Ferror-codes%2FE0599.stderr?ref=58a5756f4d805d0c2895454153920f1457f9ca2a", "patch": "@@ -1,11 +1,11 @@\n error[E0599]: no associated item named `NotEvenReal` found for type `Foo` in the current scope\n-  --> $DIR/E0599.rs:4:15\n+  --> $DIR/E0599.rs:4:20\n    |\n LL | struct Foo;\n    | ----------- associated item `NotEvenReal` not found for this\n ...\n LL |     || if let Foo::NotEvenReal() = Foo {}; //~ ERROR E0599\n-   |               ^^^^^^^^^^^^^^^^^^ associated item not found in `Foo`\n+   |               -----^^^^^^^^^^^-- associated item not found in `Foo`\n \n error: aborting due to previous error\n "}, {"sha": "13176b8b8fb15bbd6691c970bd60c84939ccd251", "filename": "src/test/ui/invalid/invalid-path-in-const.stderr", "status": "modified", "additions": 4, "deletions": 2, "changes": 6, "blob_url": "https://github.com/rust-lang/rust/blob/58a5756f4d805d0c2895454153920f1457f9ca2a/src%2Ftest%2Fui%2Finvalid%2Finvalid-path-in-const.stderr", "raw_url": "https://github.com/rust-lang/rust/raw/58a5756f4d805d0c2895454153920f1457f9ca2a/src%2Ftest%2Fui%2Finvalid%2Finvalid-path-in-const.stderr", "contents_url": "https://api.github.com/repos/rust-lang/rust/contents/src%2Ftest%2Fui%2Finvalid%2Finvalid-path-in-const.stderr?ref=58a5756f4d805d0c2895454153920f1457f9ca2a", "patch": "@@ -1,8 +1,10 @@\n error[E0599]: no associated item named `DOESNOTEXIST` found for type `u32` in the current scope\n-  --> $DIR/invalid-path-in-const.rs:2:18\n+  --> $DIR/invalid-path-in-const.rs:2:23\n    |\n LL |     fn f(a: [u8; u32::DOESNOTEXIST]) {}\n-   |                  ^^^^^^^^^^^^^^^^^ associated item not found in `u32`\n+   |                  -----^^^^^^^^^^^^\n+   |                  |\n+   |                  associated item not found in `u32`\n \n error: aborting due to previous error\n "}, {"sha": "97962adc2d2862d3fd4d13ccba90efb8166aef42", "filename": "src/test/ui/issues/issue-22933-2.stderr", "status": "modified", "additions": 4, "deletions": 2, "changes": 6, "blob_url": "https://github.com/rust-lang/rust/blob/58a5756f4d805d0c2895454153920f1457f9ca2a/src%2Ftest%2Fui%2Fissues%2Fissue-22933-2.stderr", "raw_url": "https://github.com/rust-lang/rust/raw/58a5756f4d805d0c2895454153920f1457f9ca2a/src%2Ftest%2Fui%2Fissues%2Fissue-22933-2.stderr", "contents_url": "https://api.github.com/repos/rust-lang/rust/contents/src%2Ftest%2Fui%2Fissues%2Fissue-22933-2.stderr?ref=58a5756f4d805d0c2895454153920f1457f9ca2a", "patch": "@@ -1,11 +1,13 @@\n error[E0599]: no variant named `PIE` found for type `Delicious` in the current scope\n-  --> $DIR/issue-22933-2.rs:4:44\n+  --> $DIR/issue-22933-2.rs:4:55\n    |\n LL | enum Delicious {\n    | -------------- variant `PIE` not found here\n ...\n LL |     ApplePie = Delicious::Apple as isize | Delicious::PIE as isize,\n-   |                                            ^^^^^^^^^^^^^^ variant not found in `Delicious`\n+   |                                            -----------^^^\n+   |                                            |\n+   |                                            variant not found in `Delicious`\n \n error: aborting due to previous error\n "}, {"sha": "aa0052f97013e9582305f5e4e3c41bda006661e7", "filename": "src/test/ui/issues/issue-22933-3.stderr", "status": "modified", "additions": 4, "deletions": 2, "changes": 6, "blob_url": "https://github.com/rust-lang/rust/blob/58a5756f4d805d0c2895454153920f1457f9ca2a/src%2Ftest%2Fui%2Fissues%2Fissue-22933-3.stderr", "raw_url": "https://github.com/rust-lang/rust/raw/58a5756f4d805d0c2895454153920f1457f9ca2a/src%2Ftest%2Fui%2Fissues%2Fissue-22933-3.stderr", "contents_url": "https://api.github.com/repos/rust-lang/rust/contents/src%2Ftest%2Fui%2Fissues%2Fissue-22933-3.stderr?ref=58a5756f4d805d0c2895454153920f1457f9ca2a", "patch": "@@ -1,8 +1,10 @@\n error[E0599]: no associated item named `MIN` found for type `u8` in the current scope\n-  --> $DIR/issue-22933-3.rs:1:18\n+  --> $DIR/issue-22933-3.rs:1:22\n    |\n LL | const FOO: [u32; u8::MIN as usize] = [];\n-   |                  ^^^^^^^ associated item not found in `u8`\n+   |                  ----^^^\n+   |                  |\n+   |                  associated item not found in `u8`\n \n error: aborting due to previous error\n "}, {"sha": "98c4f867ad6a0fe1a86eab1d26861a1352183774", "filename": "src/test/ui/issues/issue-23173.stderr", "status": "modified", "additions": 16, "deletions": 8, "changes": 24, "blob_url": "https://github.com/rust-lang/rust/blob/58a5756f4d805d0c2895454153920f1457f9ca2a/src%2Ftest%2Fui%2Fissues%2Fissue-23173.stderr", "raw_url": "https://github.com/rust-lang/rust/raw/58a5756f4d805d0c2895454153920f1457f9ca2a/src%2Ftest%2Fui%2Fissues%2Fissue-23173.stderr", "contents_url": "https://api.github.com/repos/rust-lang/rust/contents/src%2Ftest%2Fui%2Fissues%2Fissue-23173.stderr?ref=58a5756f4d805d0c2895454153920f1457f9ca2a", "patch": "@@ -1,38 +1,46 @@\n error[E0599]: no variant named `Homura` found for type `Token` in the current scope\n-  --> $DIR/issue-23173.rs:9:16\n+  --> $DIR/issue-23173.rs:9:23\n    |\n LL | enum Token { LeftParen, RightParen, Plus, Minus, /* etc */ }\n    | ---------- variant `Homura` not found here\n ...\n LL |     use_token(&Token::Homura);\n-   |                ^^^^^^^^^^^^^ variant not found in `Token`\n+   |                -------^^^^^^\n+   |                |\n+   |                variant not found in `Token`\n \n error[E0599]: no function or associated item named `method` found for type `Struct` in the current scope\n-  --> $DIR/issue-23173.rs:11:5\n+  --> $DIR/issue-23173.rs:11:13\n    |\n LL | struct Struct {\n    | ------------- function or associated item `method` not found for this\n ...\n LL |     Struct::method();\n-   |     ^^^^^^^^^^^^^^ function or associated item not found in `Struct`\n+   |     --------^^^^^^\n+   |     |\n+   |     function or associated item not found in `Struct`\n \n error[E0599]: no function or associated item named `method` found for type `Struct` in the current scope\n-  --> $DIR/issue-23173.rs:13:5\n+  --> $DIR/issue-23173.rs:13:13\n    |\n LL | struct Struct {\n    | ------------- function or associated item `method` not found for this\n ...\n LL |     Struct::method;\n-   |     ^^^^^^^^^^^^^^ function or associated item not found in `Struct`\n+   |     --------^^^^^^\n+   |     |\n+   |     function or associated item not found in `Struct`\n \n error[E0599]: no associated item named `Assoc` found for type `Struct` in the current scope\n-  --> $DIR/issue-23173.rs:15:5\n+  --> $DIR/issue-23173.rs:15:13\n    |\n LL | struct Struct {\n    | ------------- associated item `Assoc` not found for this\n ...\n LL |     Struct::Assoc;\n-   |     ^^^^^^^^^^^^^ associated item not found in `Struct`\n+   |     --------^^^^^\n+   |     |\n+   |     associated item not found in `Struct`\n \n error: aborting due to 4 previous errors\n "}, {"sha": "208d0cc499a80024011d2467439b515ac5f6e582", "filename": "src/test/ui/issues/issue-23217.stderr", "status": "modified", "additions": 5, "deletions": 3, "changes": 8, "blob_url": "https://github.com/rust-lang/rust/blob/58a5756f4d805d0c2895454153920f1457f9ca2a/src%2Ftest%2Fui%2Fissues%2Fissue-23217.stderr", "raw_url": "https://github.com/rust-lang/rust/raw/58a5756f4d805d0c2895454153920f1457f9ca2a/src%2Ftest%2Fui%2Fissues%2Fissue-23217.stderr", "contents_url": "https://api.github.com/repos/rust-lang/rust/contents/src%2Ftest%2Fui%2Fissues%2Fissue-23217.stderr?ref=58a5756f4d805d0c2895454153920f1457f9ca2a", "patch": "@@ -1,12 +1,14 @@\n error[E0599]: no variant named `A` found for type `SomeEnum` in the current scope\n-  --> $DIR/issue-23217.rs:2:9\n+  --> $DIR/issue-23217.rs:2:19\n    |\n LL | pub enum SomeEnum {\n    | ----------------- variant `A` not found here\n LL |     B = SomeEnum::A,\n-   |         ^^^^^^^^^^^ variant not found in `SomeEnum`\n+   |         ----------^\n+   |         |\n+   |         variant not found in `SomeEnum`\n    |\n-   = note: did you mean `SomeEnum::B`?\n+   = help: did you mean `B`?\n \n error: aborting due to previous error\n "}, {"sha": "146ebad6ce17567fc636095c2e417801d923521f", "filename": "src/test/ui/issues/issue-28344.stderr", "status": "modified", "additions": 8, "deletions": 4, "changes": 12, "blob_url": "https://github.com/rust-lang/rust/blob/58a5756f4d805d0c2895454153920f1457f9ca2a/src%2Ftest%2Fui%2Fissues%2Fissue-28344.stderr", "raw_url": "https://github.com/rust-lang/rust/raw/58a5756f4d805d0c2895454153920f1457f9ca2a/src%2Ftest%2Fui%2Fissues%2Fissue-28344.stderr", "contents_url": "https://api.github.com/repos/rust-lang/rust/contents/src%2Ftest%2Fui%2Fissues%2Fissue-28344.stderr?ref=58a5756f4d805d0c2895454153920f1457f9ca2a", "patch": "@@ -5,10 +5,12 @@ LL |     let x: u8 = BitXor::bitor(0 as u8, 0 as u8);\n    |                 ^^^^^^^^^^^^^ associated type `Output` must be specified\n \n error[E0599]: no function or associated item named `bitor` found for type `dyn std::ops::BitXor<_>` in the current scope\n-  --> $DIR/issue-28344.rs:4:17\n+  --> $DIR/issue-28344.rs:4:25\n    |\n LL |     let x: u8 = BitXor::bitor(0 as u8, 0 as u8);\n-   |                 ^^^^^^^^^^^^^ function or associated item not found in `dyn std::ops::BitXor<_>`\n+   |                 --------^^^^^\n+   |                 |\n+   |                 function or associated item not found in `dyn std::ops::BitXor<_>`\n    |\n    = help: did you mean `bitxor`?\n \n@@ -19,10 +21,12 @@ LL |     let g = BitXor::bitor;\n    |             ^^^^^^^^^^^^^ associated type `Output` must be specified\n \n error[E0599]: no function or associated item named `bitor` found for type `dyn std::ops::BitXor<_>` in the current scope\n-  --> $DIR/issue-28344.rs:8:13\n+  --> $DIR/issue-28344.rs:8:21\n    |\n LL |     let g = BitXor::bitor;\n-   |             ^^^^^^^^^^^^^ function or associated item not found in `dyn std::ops::BitXor<_>`\n+   |             --------^^^^^\n+   |             |\n+   |             function or associated item not found in `dyn std::ops::BitXor<_>`\n    |\n    = help: did you mean `bitxor`?\n "}, {"sha": "eccb474c15eb6e07dc6d65ed9824ea1ac74208ee", "filename": "src/test/ui/issues/issue-28586.stderr", "status": "modified", "additions": 4, "deletions": 2, "changes": 6, "blob_url": "https://github.com/rust-lang/rust/blob/58a5756f4d805d0c2895454153920f1457f9ca2a/src%2Ftest%2Fui%2Fissues%2Fissue-28586.stderr", "raw_url": "https://github.com/rust-lang/rust/raw/58a5756f4d805d0c2895454153920f1457f9ca2a/src%2Ftest%2Fui%2Fissues%2Fissue-28586.stderr", "contents_url": "https://api.github.com/repos/rust-lang/rust/contents/src%2Ftest%2Fui%2Fissues%2Fissue-28586.stderr?ref=58a5756f4d805d0c2895454153920f1457f9ca2a", "patch": "@@ -1,8 +1,10 @@\n error[E0599]: no associated item named `BYTES` found for type `usize` in the current scope\n-  --> $DIR/issue-28586.rs:4:19\n+  --> $DIR/issue-28586.rs:4:26\n    |\n LL | impl Foo for [u8; usize::BYTES] {}\n-   |                   ^^^^^^^^^^^^ associated item not found in `usize`\n+   |                   -------^^^^^\n+   |                   |\n+   |                   associated item not found in `usize`\n \n error: aborting due to previous error\n "}, {"sha": "d5dbd5f64885c2f695189680bfb507281bf8c248", "filename": "src/test/ui/issues/issue-28971.stderr", "status": "modified", "additions": 3, "deletions": 3, "changes": 6, "blob_url": "https://github.com/rust-lang/rust/blob/58a5756f4d805d0c2895454153920f1457f9ca2a/src%2Ftest%2Fui%2Fissues%2Fissue-28971.stderr", "raw_url": "https://github.com/rust-lang/rust/raw/58a5756f4d805d0c2895454153920f1457f9ca2a/src%2Ftest%2Fui%2Fissues%2Fissue-28971.stderr", "contents_url": "https://api.github.com/repos/rust-lang/rust/contents/src%2Ftest%2Fui%2Fissues%2Fissue-28971.stderr?ref=58a5756f4d805d0c2895454153920f1457f9ca2a", "patch": "@@ -1,13 +1,13 @@\n error[E0599]: no variant named `Baz` found for type `Foo` in the current scope\n-  --> $DIR/issue-28971.rs:9:13\n+  --> $DIR/issue-28971.rs:9:18\n    |\n LL | enum Foo {\n    | -------- variant `Baz` not found here\n ...\n LL |             Foo::Baz(..) => (),\n-   |             ^^^^^^^^^^^^ variant not found in `Foo`\n+   |             -----^^^---- variant not found in `Foo`\n    |\n-   = note: did you mean `Foo::Bar`?\n+   = help: did you mean `Bar`?\n \n error: aborting due to previous error\n "}, {"sha": "555bdb1236fe6f8820c9acf64ce1af31728b89d3", "filename": "src/test/ui/issues/issue-30123.stderr", "status": "modified", "additions": 4, "deletions": 2, "changes": 6, "blob_url": "https://github.com/rust-lang/rust/blob/58a5756f4d805d0c2895454153920f1457f9ca2a/src%2Ftest%2Fui%2Fissues%2Fissue-30123.stderr", "raw_url": "https://github.com/rust-lang/rust/raw/58a5756f4d805d0c2895454153920f1457f9ca2a/src%2Ftest%2Fui%2Fissues%2Fissue-30123.stderr", "contents_url": "https://api.github.com/repos/rust-lang/rust/contents/src%2Ftest%2Fui%2Fissues%2Fissue-30123.stderr?ref=58a5756f4d805d0c2895454153920f1457f9ca2a", "patch": "@@ -1,8 +1,10 @@\n error[E0599]: no function or associated item named `new_undirected` found for type `issue_30123_aux::Graph<i32, i32>` in the current scope\n-  --> $DIR/issue-30123.rs:7:14\n+  --> $DIR/issue-30123.rs:7:33\n    |\n LL |     let ug = Graph::<i32, i32>::new_undirected();\n-   |              ^^^^^^^^^^^^^^^^^^^^^^^^^^^^^^^^^ function or associated item not found in `issue_30123_aux::Graph<i32, i32>`\n+   |              -------------------^^^^^^^^^^^^^^\n+   |              |\n+   |              function or associated item not found in `issue_30123_aux::Graph<i32, i32>`\n \n error: aborting due to previous error\n "}, {"sha": "8c094364795646d1cf823406abda1bdaad0a8fa6", "filename": "src/test/ui/issues/issue-38919.stderr", "status": "modified", "additions": 4, "deletions": 2, "changes": 6, "blob_url": "https://github.com/rust-lang/rust/blob/58a5756f4d805d0c2895454153920f1457f9ca2a/src%2Ftest%2Fui%2Fissues%2Fissue-38919.stderr", "raw_url": "https://github.com/rust-lang/rust/raw/58a5756f4d805d0c2895454153920f1457f9ca2a/src%2Ftest%2Fui%2Fissues%2Fissue-38919.stderr", "contents_url": "https://api.github.com/repos/rust-lang/rust/contents/src%2Ftest%2Fui%2Fissues%2Fissue-38919.stderr?ref=58a5756f4d805d0c2895454153920f1457f9ca2a", "patch": "@@ -1,8 +1,10 @@\n error[E0599]: no associated item named `Item` found for type `T` in the current scope\n-  --> $DIR/issue-38919.rs:2:5\n+  --> $DIR/issue-38919.rs:2:8\n    |\n LL |     T::Item; //~ ERROR no associated item named `Item` found for type `T` in the current scope\n-   |     ^^^^^^^ associated item not found in `T`\n+   |     ---^^^^\n+   |     |\n+   |     associated item not found in `T`\n \n error: aborting due to previous error\n "}, {"sha": "e851e79faee06fe699e82cd4affa97b118c68c76", "filename": "src/test/ui/issues/issue-39559.stderr", "status": "modified", "additions": 4, "deletions": 2, "changes": 6, "blob_url": "https://github.com/rust-lang/rust/blob/58a5756f4d805d0c2895454153920f1457f9ca2a/src%2Ftest%2Fui%2Fissues%2Fissue-39559.stderr", "raw_url": "https://github.com/rust-lang/rust/raw/58a5756f4d805d0c2895454153920f1457f9ca2a/src%2Ftest%2Fui%2Fissues%2Fissue-39559.stderr", "contents_url": "https://api.github.com/repos/rust-lang/rust/contents/src%2Ftest%2Fui%2Fissues%2Fissue-39559.stderr?ref=58a5756f4d805d0c2895454153920f1457f9ca2a", "patch": "@@ -1,8 +1,10 @@\n error[E0599]: no function or associated item named `dim` found for type `D` in the current scope\n-  --> $DIR/issue-39559.rs:14:18\n+  --> $DIR/issue-39559.rs:14:21\n    |\n LL |     entries: [T; D::dim()],\n-   |                  ^^^^^^ function or associated item not found in `D`\n+   |                  ---^^^\n+   |                  |\n+   |                  function or associated item not found in `D`\n    |\n    = help: items from traits can only be used if the trait is implemented and in scope\n    = note: the following trait defines an item `dim`, perhaps you need to implement it:"}, {"sha": "8e46d88018112ced7bc8d5d3ee7dc5d636d8f446", "filename": "src/test/ui/issues/issue-3973.stderr", "status": "modified", "additions": 4, "deletions": 2, "changes": 6, "blob_url": "https://github.com/rust-lang/rust/blob/58a5756f4d805d0c2895454153920f1457f9ca2a/src%2Ftest%2Fui%2Fissues%2Fissue-3973.stderr", "raw_url": "https://github.com/rust-lang/rust/raw/58a5756f4d805d0c2895454153920f1457f9ca2a/src%2Ftest%2Fui%2Fissues%2Fissue-3973.stderr", "contents_url": "https://api.github.com/repos/rust-lang/rust/contents/src%2Ftest%2Fui%2Fissues%2Fissue-3973.stderr?ref=58a5756f4d805d0c2895454153920f1457f9ca2a", "patch": "@@ -8,13 +8,15 @@ LL | |     }\n    | |_____^ not a member of trait `ToString_`\n \n error[E0599]: no function or associated item named `new` found for type `Point` in the current scope\n-  --> $DIR/issue-3973.rs:22:13\n+  --> $DIR/issue-3973.rs:22:20\n    |\n LL | struct Point {\n    | ------------ function or associated item `new` not found for this\n ...\n LL |     let p = Point::new(0.0, 0.0);\n-   |             ^^^^^^^^^^ function or associated item not found in `Point`\n+   |             -------^^^\n+   |             |\n+   |             function or associated item not found in `Point`\n \n error: aborting due to 2 previous errors\n "}, {"sha": "36b9e8a1e8afa72f93790f153fd3f7f81312a660", "filename": "src/test/ui/issues/issue-42880.stderr", "status": "modified", "additions": 2, "deletions": 2, "changes": 4, "blob_url": "https://github.com/rust-lang/rust/blob/58a5756f4d805d0c2895454153920f1457f9ca2a/src%2Ftest%2Fui%2Fissues%2Fissue-42880.stderr", "raw_url": "https://github.com/rust-lang/rust/raw/58a5756f4d805d0c2895454153920f1457f9ca2a/src%2Ftest%2Fui%2Fissues%2Fissue-42880.stderr", "contents_url": "https://api.github.com/repos/rust-lang/rust/contents/src%2Ftest%2Fui%2Fissues%2Fissue-42880.stderr?ref=58a5756f4d805d0c2895454153920f1457f9ca2a", "patch": "@@ -1,8 +1,8 @@\n error[E0599]: no associated item named `String` found for type `std::string::String` in the current scope\n-  --> $DIR/issue-42880.rs:4:15\n+  --> $DIR/issue-42880.rs:4:22\n    |\n LL |     let f = |&Value::String(_)| (); //~ ERROR no associated item named\n-   |               ^^^^^^^^^^^^^^^^ associated item not found in `std::string::String`\n+   |               -------^^^^^^--- associated item not found in `std::string::String`\n \n error: aborting due to previous error\n "}, {"sha": "e30f04753762ef9332c5be737a45248fc6d18b74", "filename": "src/test/ui/issues/issue-7950.stderr", "status": "modified", "additions": 4, "deletions": 2, "changes": 6, "blob_url": "https://github.com/rust-lang/rust/blob/58a5756f4d805d0c2895454153920f1457f9ca2a/src%2Ftest%2Fui%2Fissues%2Fissue-7950.stderr", "raw_url": "https://github.com/rust-lang/rust/raw/58a5756f4d805d0c2895454153920f1457f9ca2a/src%2Ftest%2Fui%2Fissues%2Fissue-7950.stderr", "contents_url": "https://api.github.com/repos/rust-lang/rust/contents/src%2Ftest%2Fui%2Fissues%2Fissue-7950.stderr?ref=58a5756f4d805d0c2895454153920f1457f9ca2a", "patch": "@@ -1,11 +1,13 @@\n error[E0599]: no function or associated item named `bar` found for type `Foo` in the current scope\n-  --> $DIR/issue-7950.rs:6:5\n+  --> $DIR/issue-7950.rs:6:10\n    |\n LL | struct Foo;\n    | ----------- function or associated item `bar` not found for this\n ...\n LL |     Foo::bar();\n-   |     ^^^^^^^^ function or associated item not found in `Foo`\n+   |     -----^^^\n+   |     |\n+   |     function or associated item not found in `Foo`\n \n error: aborting due to previous error\n "}, {"sha": "51313033a02ddf07b7c66cfd04dab3dc27afb3a0", "filename": "src/test/ui/lexical-scopes.stderr", "status": "modified", "additions": 4, "deletions": 2, "changes": 6, "blob_url": "https://github.com/rust-lang/rust/blob/58a5756f4d805d0c2895454153920f1457f9ca2a/src%2Ftest%2Fui%2Flexical-scopes.stderr", "raw_url": "https://github.com/rust-lang/rust/raw/58a5756f4d805d0c2895454153920f1457f9ca2a/src%2Ftest%2Fui%2Flexical-scopes.stderr", "contents_url": "https://api.github.com/repos/rust-lang/rust/contents/src%2Ftest%2Fui%2Flexical-scopes.stderr?ref=58a5756f4d805d0c2895454153920f1457f9ca2a", "patch": "@@ -9,10 +9,12 @@ LL | use T;\n    |\n \n error[E0599]: no function or associated item named `f` found for type `Foo` in the current scope\n-  --> $DIR/lexical-scopes.rs:10:5\n+  --> $DIR/lexical-scopes.rs:10:10\n    |\n LL |     Foo::f(); //~ ERROR no function or associated item named `f`\n-   |     ^^^^^^ function or associated item not found in `Foo`\n+   |     -----^\n+   |     |\n+   |     function or associated item not found in `Foo`\n \n error: aborting due to 2 previous errors\n "}, {"sha": "9d35e167075ae854f346e02c2e6dae300dc8bfb1", "filename": "src/test/ui/rfc-2005-default-binding-mode/no-double-error.stderr", "status": "modified", "additions": 4, "deletions": 2, "changes": 6, "blob_url": "https://github.com/rust-lang/rust/blob/58a5756f4d805d0c2895454153920f1457f9ca2a/src%2Ftest%2Fui%2Frfc-2005-default-binding-mode%2Fno-double-error.stderr", "raw_url": "https://github.com/rust-lang/rust/raw/58a5756f4d805d0c2895454153920f1457f9ca2a/src%2Ftest%2Fui%2Frfc-2005-default-binding-mode%2Fno-double-error.stderr", "contents_url": "https://api.github.com/repos/rust-lang/rust/contents/src%2Ftest%2Fui%2Frfc-2005-default-binding-mode%2Fno-double-error.stderr?ref=58a5756f4d805d0c2895454153920f1457f9ca2a", "patch": "@@ -1,8 +1,10 @@\n error[E0599]: no associated item named `XXX` found for type `u32` in the current scope\n-  --> $DIR/no-double-error.rs:8:9\n+  --> $DIR/no-double-error.rs:8:14\n    |\n LL |         u32::XXX => { } //~ ERROR no associated item named\n-   |         ^^^^^^^^ associated item not found in `u32`\n+   |         -----^^^\n+   |         |\n+   |         associated item not found in `u32`\n \n error: aborting due to previous error\n "}, {"sha": "e4c17680c90a528228d1b4733cfcb662e0a63b7b", "filename": "src/test/ui/rust-2018/trait-import-suggestions.stderr", "status": "modified", "additions": 4, "deletions": 2, "changes": 6, "blob_url": "https://github.com/rust-lang/rust/blob/58a5756f4d805d0c2895454153920f1457f9ca2a/src%2Ftest%2Fui%2Frust-2018%2Ftrait-import-suggestions.stderr", "raw_url": "https://github.com/rust-lang/rust/raw/58a5756f4d805d0c2895454153920f1457f9ca2a/src%2Ftest%2Fui%2Frust-2018%2Ftrait-import-suggestions.stderr", "contents_url": "https://api.github.com/repos/rust-lang/rust/contents/src%2Ftest%2Fui%2Frust-2018%2Ftrait-import-suggestions.stderr?ref=58a5756f4d805d0c2895454153920f1457f9ca2a", "patch": "@@ -27,10 +27,12 @@ LL |     x.baz(); //~ ERROR no method named `baz`\n    |       ^^^\n \n error[E0599]: no function or associated item named `from_str` found for type `u32` in the current scope\n-  --> $DIR/trait-import-suggestions.rs:30:13\n+  --> $DIR/trait-import-suggestions.rs:30:18\n    |\n LL |     let y = u32::from_str(\"33\"); //~ ERROR no function or associated item named `from_str`\n-   |             ^^^^^^^^^^^^^ function or associated item not found in `u32`\n+   |             -----^^^^^^^^\n+   |             |\n+   |             function or associated item not found in `u32`\n    |\n    = help: items from traits can only be used if the trait is in scope\n help: the following trait is implemented but not in scope, perhaps add a `use` for it:"}, {"sha": "c65a9a3ed945ca3da0f37dba4bf65c4bf8266c4b", "filename": "src/test/ui/traits/trait-item-privacy.stderr", "status": "modified", "additions": 16, "deletions": 8, "changes": 24, "blob_url": "https://github.com/rust-lang/rust/blob/58a5756f4d805d0c2895454153920f1457f9ca2a/src%2Ftest%2Fui%2Ftraits%2Ftrait-item-privacy.stderr", "raw_url": "https://github.com/rust-lang/rust/raw/58a5756f4d805d0c2895454153920f1457f9ca2a/src%2Ftest%2Fui%2Ftraits%2Ftrait-item-privacy.stderr", "contents_url": "https://api.github.com/repos/rust-lang/rust/contents/src%2Ftest%2Fui%2Ftraits%2Ftrait-item-privacy.stderr?ref=58a5756f4d805d0c2895454153920f1457f9ca2a", "patch": "@@ -33,26 +33,30 @@ LL |     c.a(); //~ ERROR method `a` is private\n    |       ^\n \n error[E0599]: no function or associated item named `a` found for type `S` in the current scope\n-  --> $DIR/trait-item-privacy.rs:78:5\n+  --> $DIR/trait-item-privacy.rs:78:8\n    |\n LL | struct S;\n    | --------- function or associated item `a` not found for this\n ...\n LL |     S::a(&S);\n-   |     ^^^^ function or associated item not found in `S`\n+   |     ---^\n+   |     |\n+   |     function or associated item not found in `S`\n    |\n    = help: items from traits can only be used if the trait is implemented and in scope\n    = note: the following trait defines an item `a`, perhaps you need to implement it:\n            candidate #1: `method::A`\n \n error[E0599]: no function or associated item named `b` found for type `S` in the current scope\n-  --> $DIR/trait-item-privacy.rs:80:5\n+  --> $DIR/trait-item-privacy.rs:80:8\n    |\n LL | struct S;\n    | --------- function or associated item `b` not found for this\n ...\n LL |     S::b(&S);\n-   |     ^^^^ function or associated item not found in `S`\n+   |     ---^\n+   |     |\n+   |     function or associated item not found in `S`\n    |\n    = help: items from traits can only be used if the trait is in scope\n help: the following trait is implemented but not in scope, perhaps add a `use` for it:\n@@ -67,26 +71,30 @@ LL |     C::a(&S); //~ ERROR method `a` is private\n    |     ^^^^\n \n error[E0599]: no associated item named `A` found for type `S` in the current scope\n-  --> $DIR/trait-item-privacy.rs:97:5\n+  --> $DIR/trait-item-privacy.rs:97:8\n    |\n LL | struct S;\n    | --------- associated item `A` not found for this\n ...\n LL |     S::A; //~ ERROR no associated item named `A` found for type `S` in the current scope\n-   |     ^^^^ associated item not found in `S`\n+   |     ---^\n+   |     |\n+   |     associated item not found in `S`\n    |\n    = help: items from traits can only be used if the trait is implemented and in scope\n    = note: the following trait defines an item `A`, perhaps you need to implement it:\n            candidate #1: `assoc_const::A`\n \n error[E0599]: no associated item named `B` found for type `S` in the current scope\n-  --> $DIR/trait-item-privacy.rs:98:5\n+  --> $DIR/trait-item-privacy.rs:98:8\n    |\n LL | struct S;\n    | --------- associated item `B` not found for this\n ...\n LL |     S::B; //~ ERROR no associated item named `B` found for type `S` in the current scope\n-   |     ^^^^ associated item not found in `S`\n+   |     ---^\n+   |     |\n+   |     associated item not found in `S`\n    |\n    = help: items from traits can only be used if the trait is in scope\n help: the following trait is implemented but not in scope, perhaps add a `use` for it:"}, {"sha": "a576fdde1173e2f836efe5547a3d77454cbd45db", "filename": "src/test/ui/ufcs/ufcs-partially-resolved.stderr", "status": "modified", "additions": 8, "deletions": 4, "changes": 12, "blob_url": "https://github.com/rust-lang/rust/blob/58a5756f4d805d0c2895454153920f1457f9ca2a/src%2Ftest%2Fui%2Fufcs%2Fufcs-partially-resolved.stderr", "raw_url": "https://github.com/rust-lang/rust/raw/58a5756f4d805d0c2895454153920f1457f9ca2a/src%2Ftest%2Fui%2Fufcs%2Fufcs-partially-resolved.stderr", "contents_url": "https://api.github.com/repos/rust-lang/rust/contents/src%2Ftest%2Fui%2Fufcs%2Fufcs-partially-resolved.stderr?ref=58a5756f4d805d0c2895454153920f1457f9ca2a", "patch": "@@ -187,16 +187,20 @@ LL |     let _: <u8 as Tr>::Y::NN; //~ ERROR ambiguous associated type\n    |            ^^^^^^^^^^^^^^^^^ help: use fully-qualified syntax: `<<u8 as Tr>::Y as Trait>::NN`\n \n error[E0599]: no associated item named `NN` found for type `<u8 as Tr>::Y` in the current scope\n-  --> $DIR/ufcs-partially-resolved.rs:38:5\n+  --> $DIR/ufcs-partially-resolved.rs:38:20\n    |\n LL |     <u8 as Tr>::Y::NN; //~ ERROR no associated item named `NN` found for type `<u8 as Tr>::Y`\n-   |     ^^^^^^^^^^^^^^^^^ associated item not found in `<u8 as Tr>::Y`\n+   |     ---------------^^\n+   |     |\n+   |     associated item not found in `<u8 as Tr>::Y`\n \n error[E0599]: no associated item named `N` found for type `<u8 as Dr>::X` in the current scope\n-  --> $DIR/ufcs-partially-resolved.rs:55:5\n+  --> $DIR/ufcs-partially-resolved.rs:55:20\n    |\n LL |     <u8 as Dr>::X::N; //~ ERROR no associated item named `N` found for type `<u8 as Dr>::X`\n-   |     ^^^^^^^^^^^^^^^^ associated item not found in `<u8 as Dr>::X`\n+   |     ---------------^\n+   |     |\n+   |     associated item not found in `<u8 as Dr>::X`\n \n error: aborting due to 32 previous errors\n "}, {"sha": "b295b39d33c1d9445502f5928f88c559a4a9c44d", "filename": "src/test/ui/unspecified-self-in-trait-ref.stderr", "status": "modified", "additions": 16, "deletions": 8, "changes": 24, "blob_url": "https://github.com/rust-lang/rust/blob/58a5756f4d805d0c2895454153920f1457f9ca2a/src%2Ftest%2Fui%2Funspecified-self-in-trait-ref.stderr", "raw_url": "https://github.com/rust-lang/rust/raw/58a5756f4d805d0c2895454153920f1457f9ca2a/src%2Ftest%2Fui%2Funspecified-self-in-trait-ref.stderr", "contents_url": "https://api.github.com/repos/rust-lang/rust/contents/src%2Ftest%2Fui%2Funspecified-self-in-trait-ref.stderr?ref=58a5756f4d805d0c2895454153920f1457f9ca2a", "patch": "@@ -1,26 +1,34 @@\n error[E0599]: no function or associated item named `lol` found for type `dyn Foo<_>` in the current scope\n-  --> $DIR/unspecified-self-in-trait-ref.rs:10:13\n+  --> $DIR/unspecified-self-in-trait-ref.rs:10:18\n    |\n LL |     let a = Foo::lol();\n-   |             ^^^^^^^^ function or associated item not found in `dyn Foo<_>`\n+   |             -----^^^\n+   |             |\n+   |             function or associated item not found in `dyn Foo<_>`\n \n error[E0599]: no function or associated item named `lol` found for type `dyn Foo<_>` in the current scope\n-  --> $DIR/unspecified-self-in-trait-ref.rs:12:13\n+  --> $DIR/unspecified-self-in-trait-ref.rs:12:23\n    |\n LL |     let b = Foo::<_>::lol();\n-   |             ^^^^^^^^^^^^^ function or associated item not found in `dyn Foo<_>`\n+   |             ----------^^^\n+   |             |\n+   |             function or associated item not found in `dyn Foo<_>`\n \n error[E0599]: no function or associated item named `lol` found for type `dyn Bar<_, _>` in the current scope\n-  --> $DIR/unspecified-self-in-trait-ref.rs:14:13\n+  --> $DIR/unspecified-self-in-trait-ref.rs:14:18\n    |\n LL |     let c = Bar::lol();\n-   |             ^^^^^^^^ function or associated item not found in `dyn Bar<_, _>`\n+   |             -----^^^\n+   |             |\n+   |             function or associated item not found in `dyn Bar<_, _>`\n \n error[E0599]: no function or associated item named `lol` found for type `dyn Bar<usize, _>` in the current scope\n-  --> $DIR/unspecified-self-in-trait-ref.rs:16:13\n+  --> $DIR/unspecified-self-in-trait-ref.rs:16:30\n    |\n LL |     let d = Bar::<usize, _>::lol();\n-   |             ^^^^^^^^^^^^^^^^^^^^ function or associated item not found in `dyn Bar<usize, _>`\n+   |             -----------------^^^\n+   |             |\n+   |             function or associated item not found in `dyn Bar<usize, _>`\n \n error[E0393]: the type parameter `A` must be explicitly specified\n   --> $DIR/unspecified-self-in-trait-ref.rs:18:13"}]}