{"sha": "6aa4dcb9cf615ca4dd01b5f732d171103028c78b", "node_id": "MDY6Q29tbWl0NzI0NzEyOjZhYTRkY2I5Y2Y2MTVjYTRkZDAxYjVmNzMyZDE3MTEwMzAyOGM3OGI=", "commit": {"author": {"name": "Eric Huss", "email": "eric@huss.org", "date": "2018-03-12T20:21:43Z"}, "committer": {"name": "Eric Huss", "email": "eric@huss.org", "date": "2018-03-14T19:23:28Z"}, "message": "Add empty main() to tests where it is missing.", "tree": {"sha": "664c168a59c6bf10dd2af711b62348e077342b8d", "url": "https://api.github.com/repos/rust-lang/rust/git/trees/664c168a59c6bf10dd2af711b62348e077342b8d"}, "url": "https://api.github.com/repos/rust-lang/rust/git/commits/6aa4dcb9cf615ca4dd01b5f732d171103028c78b", "comment_count": 0, "verification": {"verified": false, "reason": "unsigned", "signature": null, "payload": null}}, "url": "https://api.github.com/repos/rust-lang/rust/commits/6aa4dcb9cf615ca4dd01b5f732d171103028c78b", "html_url": "https://github.com/rust-lang/rust/commit/6aa4dcb9cf615ca4dd01b5f732d171103028c78b", "comments_url": "https://api.github.com/repos/rust-lang/rust/commits/6aa4dcb9cf615ca4dd01b5f732d171103028c78b/comments", "author": {"login": "ehuss", "id": 43198, "node_id": "MDQ6VXNlcjQzMTk4", "avatar_url": "https://avatars.githubusercontent.com/u/43198?v=4", "gravatar_id": "", "url": "https://api.github.com/users/ehuss", "html_url": "https://github.com/ehuss", "followers_url": "https://api.github.com/users/ehuss/followers", "following_url": "https://api.github.com/users/ehuss/following{/other_user}", "gists_url": "https://api.github.com/users/ehuss/gists{/gist_id}", "starred_url": "https://api.github.com/users/ehuss/starred{/owner}{/repo}", "subscriptions_url": "https://api.github.com/users/ehuss/subscriptions", "organizations_url": "https://api.github.com/users/ehuss/orgs", "repos_url": "https://api.github.com/users/ehuss/repos", "events_url": "https://api.github.com/users/ehuss/events{/privacy}", "received_events_url": "https://api.github.com/users/ehuss/received_events", "type": "User", "site_admin": false}, "committer": {"login": "ehuss", "id": 43198, "node_id": "MDQ6VXNlcjQzMTk4", "avatar_url": "https://avatars.githubusercontent.com/u/43198?v=4", "gravatar_id": "", "url": "https://api.github.com/users/ehuss", "html_url": "https://github.com/ehuss", "followers_url": "https://api.github.com/users/ehuss/followers", "following_url": "https://api.github.com/users/ehuss/following{/other_user}", "gists_url": "https://api.github.com/users/ehuss/gists{/gist_id}", "starred_url": "https://api.github.com/users/ehuss/starred{/owner}{/repo}", "subscriptions_url": "https://api.github.com/users/ehuss/subscriptions", "organizations_url": "https://api.github.com/users/ehuss/orgs", "repos_url": "https://api.github.com/users/ehuss/repos", "events_url": "https://api.github.com/users/ehuss/events{/privacy}", "received_events_url": "https://api.github.com/users/ehuss/received_events", "type": "User", "site_admin": false}, "parents": [{"sha": "b4b7ccbd1ce1d794f4f9718ec0182b15591b73fa", "url": "https://api.github.com/repos/rust-lang/rust/commits/b4b7ccbd1ce1d794f4f9718ec0182b15591b73fa", "html_url": "https://github.com/rust-lang/rust/commit/b4b7ccbd1ce1d794f4f9718ec0182b15591b73fa"}], "stats": {"total": 170, "additions": 75, "deletions": 95}, "files": [{"sha": "c50cb759e05c288ab5e2e0e8b9d21f415815f023", "filename": "src/test/ui/error-codes/E0522.rs", "status": "modified", "additions": 2, "deletions": 0, "changes": 2, "blob_url": "https://github.com/rust-lang/rust/blob/6aa4dcb9cf615ca4dd01b5f732d171103028c78b/src%2Ftest%2Fui%2Ferror-codes%2FE0522.rs", "raw_url": "https://github.com/rust-lang/rust/raw/6aa4dcb9cf615ca4dd01b5f732d171103028c78b/src%2Ftest%2Fui%2Ferror-codes%2FE0522.rs", "contents_url": "https://api.github.com/repos/rust-lang/rust/contents/src%2Ftest%2Fui%2Ferror-codes%2FE0522.rs?ref=6aa4dcb9cf615ca4dd01b5f732d171103028c78b", "patch": "@@ -15,3 +15,5 @@ fn cookie() -> ! {\n //~^^ ERROR definition of an unknown language item: `cookie` [E0522]\n     loop {}\n }\n+\n+fn main() {}"}, {"sha": "9f3f8968d734ed00a575d909570ac50a7c74b1a6", "filename": "src/test/ui/error-codes/E0522.stderr", "status": "modified", "additions": 2, "deletions": 5, "changes": 7, "blob_url": "https://github.com/rust-lang/rust/blob/6aa4dcb9cf615ca4dd01b5f732d171103028c78b/src%2Ftest%2Fui%2Ferror-codes%2FE0522.stderr", "raw_url": "https://github.com/rust-lang/rust/raw/6aa4dcb9cf615ca4dd01b5f732d171103028c78b/src%2Ftest%2Fui%2Ferror-codes%2FE0522.stderr", "contents_url": "https://api.github.com/repos/rust-lang/rust/contents/src%2Ftest%2Fui%2Ferror-codes%2FE0522.stderr?ref=6aa4dcb9cf615ca4dd01b5f732d171103028c78b", "patch": "@@ -1,12 +1,9 @@\n-error[E0601]: main function not found in crate E0522\n-\n error[E0522]: definition of an unknown language item: `cookie`\n   --> $DIR/E0522.rs:13:1\n    |\n LL | #[lang = \"cookie\"]\n    | ^^^^^^^^^^^^^^^^^^ definition of unknown language item `cookie`\n \n-error: aborting due to 2 previous errors\n+error: aborting due to previous error\n \n-Some errors occurred: E0522, E0601.\n-For more information about an error, try `rustc --explain E0522`.\n+For more information about this error, try `rustc --explain E0522`."}, {"sha": "8a7d316ed8384af9a8f04e8e97b321dc80b6f702", "filename": "src/test/ui/feature-gate-i128_type2.rs", "status": "modified", "additions": 2, "deletions": 0, "changes": 2, "blob_url": "https://github.com/rust-lang/rust/blob/6aa4dcb9cf615ca4dd01b5f732d171103028c78b/src%2Ftest%2Fui%2Ffeature-gate-i128_type2.rs", "raw_url": "https://github.com/rust-lang/rust/raw/6aa4dcb9cf615ca4dd01b5f732d171103028c78b/src%2Ftest%2Fui%2Ffeature-gate-i128_type2.rs", "contents_url": "https://api.github.com/repos/rust-lang/rust/contents/src%2Ftest%2Fui%2Ffeature-gate-i128_type2.rs?ref=6aa4dcb9cf615ca4dd01b5f732d171103028c78b", "patch": "@@ -30,3 +30,5 @@ fn test3_2() {\n enum A { //~ ERROR 128-bit type is unstable\n     A(u64)\n }\n+\n+fn main() {}"}, {"sha": "23d4d6c98d90ae93d368ba8d1e28db865c0e07cf", "filename": "src/test/ui/feature-gate-i128_type2.stderr", "status": "modified", "additions": 2, "deletions": 5, "changes": 7, "blob_url": "https://github.com/rust-lang/rust/blob/6aa4dcb9cf615ca4dd01b5f732d171103028c78b/src%2Ftest%2Fui%2Ffeature-gate-i128_type2.stderr", "raw_url": "https://github.com/rust-lang/rust/raw/6aa4dcb9cf615ca4dd01b5f732d171103028c78b/src%2Ftest%2Fui%2Ffeature-gate-i128_type2.stderr", "contents_url": "https://api.github.com/repos/rust-lang/rust/contents/src%2Ftest%2Fui%2Ffeature-gate-i128_type2.stderr?ref=6aa4dcb9cf615ca4dd01b5f732d171103028c78b", "patch": "@@ -30,8 +30,6 @@ LL |     let x: u128 = 0; //~ ERROR 128-bit type is unstable\n    |\n    = help: add #![feature(i128_type)] to the crate attributes to enable\n \n-error[E0601]: main function not found in crate feature_gate_i128_type2\n-\n error[E0658]: repr with 128-bit type is unstable (see issue #35118)\n   --> $DIR/feature-gate-i128_type2.rs:30:1\n    |\n@@ -42,7 +40,6 @@ LL | | }\n    |\n    = help: add #![feature(repr128)] to the crate attributes to enable\n \n-error: aborting due to 6 previous errors\n+error: aborting due to 5 previous errors\n \n-Some errors occurred: E0601, E0658.\n-For more information about an error, try `rustc --explain E0601`.\n+For more information about this error, try `rustc --explain E0658`."}, {"sha": "410f960e655fbaeb466c4d6a95a1212273b72f98", "filename": "src/test/ui/feature-gate/issue-43106-gating-of-inline.rs", "status": "modified", "additions": 2, "deletions": 0, "changes": 2, "blob_url": "https://github.com/rust-lang/rust/blob/6aa4dcb9cf615ca4dd01b5f732d171103028c78b/src%2Ftest%2Fui%2Ffeature-gate%2Fissue-43106-gating-of-inline.rs", "raw_url": "https://github.com/rust-lang/rust/raw/6aa4dcb9cf615ca4dd01b5f732d171103028c78b/src%2Ftest%2Fui%2Ffeature-gate%2Fissue-43106-gating-of-inline.rs", "contents_url": "https://api.github.com/repos/rust-lang/rust/contents/src%2Ftest%2Fui%2Ffeature-gate%2Fissue-43106-gating-of-inline.rs?ref=6aa4dcb9cf615ca4dd01b5f732d171103028c78b", "patch": "@@ -35,3 +35,5 @@ mod inline {\n     #[inline = \"2100\"] impl S { }\n     //~^ ERROR attribute should be applied to function\n }\n+\n+fn main() {}"}, {"sha": "d67d78e31a9d5cf7d4587e802df2fed713b17a9b", "filename": "src/test/ui/feature-gate/issue-43106-gating-of-inline.stderr", "status": "modified", "additions": 2, "deletions": 5, "changes": 7, "blob_url": "https://github.com/rust-lang/rust/blob/6aa4dcb9cf615ca4dd01b5f732d171103028c78b/src%2Ftest%2Fui%2Ffeature-gate%2Fissue-43106-gating-of-inline.stderr", "raw_url": "https://github.com/rust-lang/rust/raw/6aa4dcb9cf615ca4dd01b5f732d171103028c78b/src%2Ftest%2Fui%2Ffeature-gate%2Fissue-43106-gating-of-inline.stderr", "contents_url": "https://api.github.com/repos/rust-lang/rust/contents/src%2Ftest%2Fui%2Ffeature-gate%2Fissue-43106-gating-of-inline.stderr?ref=6aa4dcb9cf615ca4dd01b5f732d171103028c78b", "patch": "@@ -1,5 +1,3 @@\n-error[E0601]: main function not found in crate issue_43106_gating_of_inline\n-\n error[E0518]: attribute should be applied to function\n   --> $DIR/issue-43106-gating-of-inline.rs:21:1\n    |\n@@ -39,7 +37,6 @@ error[E0518]: attribute should be applied to function\n LL |     #[inline = \"2100\"] impl S { }\n    |     ^^^^^^^^^^^^^^^^^^ ---------- not a function\n \n-error: aborting due to 6 previous errors\n+error: aborting due to 5 previous errors\n \n-Some errors occurred: E0518, E0601.\n-For more information about an error, try `rustc --explain E0518`.\n+For more information about this error, try `rustc --explain E0518`."}, {"sha": "ec3c97beab0f3dd9d6f8ae139f978c64434114a2", "filename": "src/test/ui/feature-gate/issue-43106-gating-of-macro_escape.rs", "status": "modified", "additions": 4, "deletions": 0, "changes": 4, "blob_url": "https://github.com/rust-lang/rust/blob/6aa4dcb9cf615ca4dd01b5f732d171103028c78b/src%2Ftest%2Fui%2Ffeature-gate%2Fissue-43106-gating-of-macro_escape.rs", "raw_url": "https://github.com/rust-lang/rust/raw/6aa4dcb9cf615ca4dd01b5f732d171103028c78b/src%2Ftest%2Fui%2Ffeature-gate%2Fissue-43106-gating-of-macro_escape.rs", "contents_url": "https://api.github.com/repos/rust-lang/rust/contents/src%2Ftest%2Fui%2Ffeature-gate%2Fissue-43106-gating-of-macro_escape.rs?ref=6aa4dcb9cf615ca4dd01b5f732d171103028c78b", "patch": "@@ -13,5 +13,9 @@\n // `#![macro_escape]` is incompatible with crate-level `#![macro_use]`\n // already present in issue-43106-gating-of-builtin-attrs.\n \n+// must-compile-successfully\n+\n #![macro_escape]\n //~^ WARN macro_escape is a deprecated synonym for macro_use\n+\n+fn main() {}"}, {"sha": "d19720397e66d0ae5fb5d0187792bdf8e0403681", "filename": "src/test/ui/feature-gate/issue-43106-gating-of-macro_escape.stderr", "status": "modified", "additions": 1, "deletions": 6, "changes": 7, "blob_url": "https://github.com/rust-lang/rust/blob/6aa4dcb9cf615ca4dd01b5f732d171103028c78b/src%2Ftest%2Fui%2Ffeature-gate%2Fissue-43106-gating-of-macro_escape.stderr", "raw_url": "https://github.com/rust-lang/rust/raw/6aa4dcb9cf615ca4dd01b5f732d171103028c78b/src%2Ftest%2Fui%2Ffeature-gate%2Fissue-43106-gating-of-macro_escape.stderr", "contents_url": "https://api.github.com/repos/rust-lang/rust/contents/src%2Ftest%2Fui%2Ffeature-gate%2Fissue-43106-gating-of-macro_escape.stderr?ref=6aa4dcb9cf615ca4dd01b5f732d171103028c78b", "patch": "@@ -1,13 +1,8 @@\n warning: macro_escape is a deprecated synonym for macro_use\n-  --> $DIR/issue-43106-gating-of-macro_escape.rs:16:1\n+  --> $DIR/issue-43106-gating-of-macro_escape.rs:18:1\n    |\n LL | #![macro_escape]\n    | ^^^^^^^^^^^^^^^^\n    |\n    = help: consider an outer attribute, #[macro_use] mod ...\n \n-error[E0601]: main function not found in crate issue_43106_gating_of_macro_escape\n-\n-error: aborting due to previous error\n-\n-For more information about this error, try `rustc --explain E0601`."}, {"sha": "5bb8bb024ed5145a636c3764d752b5bee0a4643e", "filename": "src/test/ui/feature-gate/issue-43106-gating-of-proc_macro_derive.rs", "status": "modified", "additions": 2, "deletions": 0, "changes": 2, "blob_url": "https://github.com/rust-lang/rust/blob/6aa4dcb9cf615ca4dd01b5f732d171103028c78b/src%2Ftest%2Fui%2Ffeature-gate%2Fissue-43106-gating-of-proc_macro_derive.rs", "raw_url": "https://github.com/rust-lang/rust/raw/6aa4dcb9cf615ca4dd01b5f732d171103028c78b/src%2Ftest%2Fui%2Ffeature-gate%2Fissue-43106-gating-of-proc_macro_derive.rs", "contents_url": "https://api.github.com/repos/rust-lang/rust/contents/src%2Ftest%2Fui%2Ffeature-gate%2Fissue-43106-gating-of-proc_macro_derive.rs?ref=6aa4dcb9cf615ca4dd01b5f732d171103028c78b", "patch": "@@ -40,3 +40,5 @@ mod proc_macro_derive2 {\n     #[proc_macro_derive = \"2500\"] impl S { }\n     //~^ ERROR the `#[proc_macro_derive]` attribute may only be used on bare functions\n }\n+\n+fn main() {}"}, {"sha": "419efb6825a970ff35673d5dc88e13970097f2bb", "filename": "src/test/ui/feature-gate/issue-43106-gating-of-proc_macro_derive.stderr", "status": "modified", "additions": 1, "deletions": 4, "changes": 5, "blob_url": "https://github.com/rust-lang/rust/blob/6aa4dcb9cf615ca4dd01b5f732d171103028c78b/src%2Ftest%2Fui%2Ffeature-gate%2Fissue-43106-gating-of-proc_macro_derive.stderr", "raw_url": "https://github.com/rust-lang/rust/raw/6aa4dcb9cf615ca4dd01b5f732d171103028c78b/src%2Ftest%2Fui%2Ffeature-gate%2Fissue-43106-gating-of-proc_macro_derive.stderr", "contents_url": "https://api.github.com/repos/rust-lang/rust/contents/src%2Ftest%2Fui%2Ffeature-gate%2Fissue-43106-gating-of-proc_macro_derive.stderr?ref=6aa4dcb9cf615ca4dd01b5f732d171103028c78b", "patch": "@@ -34,8 +34,5 @@ error: the `#[proc_macro_derive]` attribute may only be used on bare functions\n LL |     #[proc_macro_derive = \"2500\"] impl S { }\n    |     ^^^^^^^^^^^^^^^^^^^^^^^^^^^^^\n \n-error[E0601]: main function not found in crate issue_43106_gating_of_proc_macro_derive\n+error: aborting due to 6 previous errors\n \n-error: aborting due to 7 previous errors\n-\n-For more information about this error, try `rustc --explain E0601`."}, {"sha": "0c6cfb5da565c608606387bb6b1cdf56d700ff18", "filename": "src/test/ui/feature-gate/issue-43106-gating-of-rustc_deprecated.rs", "status": "modified", "additions": 1, "deletions": 0, "changes": 1, "blob_url": "https://github.com/rust-lang/rust/blob/6aa4dcb9cf615ca4dd01b5f732d171103028c78b/src%2Ftest%2Fui%2Ffeature-gate%2Fissue-43106-gating-of-rustc_deprecated.rs", "raw_url": "https://github.com/rust-lang/rust/raw/6aa4dcb9cf615ca4dd01b5f732d171103028c78b/src%2Ftest%2Fui%2Ffeature-gate%2Fissue-43106-gating-of-rustc_deprecated.rs", "contents_url": "https://api.github.com/repos/rust-lang/rust/contents/src%2Ftest%2Fui%2Ffeature-gate%2Fissue-43106-gating-of-rustc_deprecated.rs?ref=6aa4dcb9cf615ca4dd01b5f732d171103028c78b", "patch": "@@ -36,3 +36,4 @@ mod rustc_deprecated {\n     //~^ ERROR stability attributes may not be used outside of the standard library\n }\n \n+fn main() {}"}, {"sha": "35c15cb6b1ea8662d2eaffccf4959ccfaaf0c640", "filename": "src/test/ui/feature-gate/issue-43106-gating-of-rustc_deprecated.stderr", "status": "modified", "additions": 1, "deletions": 4, "changes": 5, "blob_url": "https://github.com/rust-lang/rust/blob/6aa4dcb9cf615ca4dd01b5f732d171103028c78b/src%2Ftest%2Fui%2Ffeature-gate%2Fissue-43106-gating-of-rustc_deprecated.stderr", "raw_url": "https://github.com/rust-lang/rust/raw/6aa4dcb9cf615ca4dd01b5f732d171103028c78b/src%2Ftest%2Fui%2Ffeature-gate%2Fissue-43106-gating-of-rustc_deprecated.stderr", "contents_url": "https://api.github.com/repos/rust-lang/rust/contents/src%2Ftest%2Fui%2Ffeature-gate%2Fissue-43106-gating-of-rustc_deprecated.stderr?ref=6aa4dcb9cf615ca4dd01b5f732d171103028c78b", "patch": "@@ -1,5 +1,3 @@\n-error[E0601]: main function not found in crate issue_43106_gating_of_rustc_deprecated\n-\n error: stability attributes may not be used outside of the standard library\n   --> $DIR/issue-43106-gating-of-rustc_deprecated.rs:17:1\n    |\n@@ -42,6 +40,5 @@ error: stability attributes may not be used outside of the standard library\n LL |     #[rustc_deprecated = \"1500\"] impl S { }\n    |     ^^^^^^^^^^^^^^^^^^^^^^^^^^^^\n \n-error: aborting due to 8 previous errors\n+error: aborting due to 7 previous errors\n \n-For more information about this error, try `rustc --explain E0601`."}, {"sha": "6415243d0873e9b449f16455b1273d3c32b1eeeb", "filename": "src/test/ui/feature-gate/issue-43106-gating-of-stable.rs", "status": "modified", "additions": 2, "deletions": 0, "changes": 2, "blob_url": "https://github.com/rust-lang/rust/blob/6aa4dcb9cf615ca4dd01b5f732d171103028c78b/src%2Ftest%2Fui%2Ffeature-gate%2Fissue-43106-gating-of-stable.rs", "raw_url": "https://github.com/rust-lang/rust/raw/6aa4dcb9cf615ca4dd01b5f732d171103028c78b/src%2Ftest%2Fui%2Ffeature-gate%2Fissue-43106-gating-of-stable.rs", "contents_url": "https://api.github.com/repos/rust-lang/rust/contents/src%2Ftest%2Fui%2Ffeature-gate%2Fissue-43106-gating-of-stable.rs?ref=6aa4dcb9cf615ca4dd01b5f732d171103028c78b", "patch": "@@ -35,3 +35,5 @@ mod stable {\n     #[stable = \"1300\"] impl S { }\n     //~^ ERROR stability attributes may not be used outside of the standard library\n }\n+\n+fn main() {}"}, {"sha": "21543d1b20afc9b1b33788d16f3ef24d2f5b8741", "filename": "src/test/ui/feature-gate/issue-43106-gating-of-stable.stderr", "status": "modified", "additions": 1, "deletions": 4, "changes": 5, "blob_url": "https://github.com/rust-lang/rust/blob/6aa4dcb9cf615ca4dd01b5f732d171103028c78b/src%2Ftest%2Fui%2Ffeature-gate%2Fissue-43106-gating-of-stable.stderr", "raw_url": "https://github.com/rust-lang/rust/raw/6aa4dcb9cf615ca4dd01b5f732d171103028c78b/src%2Ftest%2Fui%2Ffeature-gate%2Fissue-43106-gating-of-stable.stderr", "contents_url": "https://api.github.com/repos/rust-lang/rust/contents/src%2Ftest%2Fui%2Ffeature-gate%2Fissue-43106-gating-of-stable.stderr?ref=6aa4dcb9cf615ca4dd01b5f732d171103028c78b", "patch": "@@ -1,5 +1,3 @@\n-error[E0601]: main function not found in crate issue_43106_gating_of_stable\n-\n error: stability attributes may not be used outside of the standard library\n   --> $DIR/issue-43106-gating-of-stable.rs:17:1\n    |\n@@ -42,6 +40,5 @@ error: stability attributes may not be used outside of the standard library\n LL |     #[stable = \"1300\"] impl S { }\n    |     ^^^^^^^^^^^^^^^^^^\n \n-error: aborting due to 8 previous errors\n+error: aborting due to 7 previous errors\n \n-For more information about this error, try `rustc --explain E0601`."}, {"sha": "140474d82c88d50bc4f19cd5c3f43b1b4f010dd5", "filename": "src/test/ui/feature-gate/issue-43106-gating-of-unstable.rs", "status": "modified", "additions": 2, "deletions": 0, "changes": 2, "blob_url": "https://github.com/rust-lang/rust/blob/6aa4dcb9cf615ca4dd01b5f732d171103028c78b/src%2Ftest%2Fui%2Ffeature-gate%2Fissue-43106-gating-of-unstable.rs", "raw_url": "https://github.com/rust-lang/rust/raw/6aa4dcb9cf615ca4dd01b5f732d171103028c78b/src%2Ftest%2Fui%2Ffeature-gate%2Fissue-43106-gating-of-unstable.rs", "contents_url": "https://api.github.com/repos/rust-lang/rust/contents/src%2Ftest%2Fui%2Ffeature-gate%2Fissue-43106-gating-of-unstable.rs?ref=6aa4dcb9cf615ca4dd01b5f732d171103028c78b", "patch": "@@ -35,3 +35,5 @@ mod unstable {\n     #[unstable = \"1200\"] impl S { }\n     //~^ ERROR stability attributes may not be used outside of the standard library\n }\n+\n+fn main() {}"}, {"sha": "6124e16f41804bac1a790b9b6b4aaf94b07ed322", "filename": "src/test/ui/feature-gate/issue-43106-gating-of-unstable.stderr", "status": "modified", "additions": 1, "deletions": 4, "changes": 5, "blob_url": "https://github.com/rust-lang/rust/blob/6aa4dcb9cf615ca4dd01b5f732d171103028c78b/src%2Ftest%2Fui%2Ffeature-gate%2Fissue-43106-gating-of-unstable.stderr", "raw_url": "https://github.com/rust-lang/rust/raw/6aa4dcb9cf615ca4dd01b5f732d171103028c78b/src%2Ftest%2Fui%2Ffeature-gate%2Fissue-43106-gating-of-unstable.stderr", "contents_url": "https://api.github.com/repos/rust-lang/rust/contents/src%2Ftest%2Fui%2Ffeature-gate%2Fissue-43106-gating-of-unstable.stderr?ref=6aa4dcb9cf615ca4dd01b5f732d171103028c78b", "patch": "@@ -1,5 +1,3 @@\n-error[E0601]: main function not found in crate issue_43106_gating_of_unstable\n-\n error: stability attributes may not be used outside of the standard library\n   --> $DIR/issue-43106-gating-of-unstable.rs:17:1\n    |\n@@ -42,6 +40,5 @@ error: stability attributes may not be used outside of the standard library\n LL |     #[unstable = \"1200\"] impl S { }\n    |     ^^^^^^^^^^^^^^^^^^^^\n \n-error: aborting due to 8 previous errors\n+error: aborting due to 7 previous errors\n \n-For more information about this error, try `rustc --explain E0601`."}, {"sha": "8636a66ae00aeed8189242ec9060e13bec66ca1d", "filename": "src/test/ui/generator/yield-in-const.rs", "status": "modified", "additions": 2, "deletions": 0, "changes": 2, "blob_url": "https://github.com/rust-lang/rust/blob/6aa4dcb9cf615ca4dd01b5f732d171103028c78b/src%2Ftest%2Fui%2Fgenerator%2Fyield-in-const.rs", "raw_url": "https://github.com/rust-lang/rust/raw/6aa4dcb9cf615ca4dd01b5f732d171103028c78b/src%2Ftest%2Fui%2Fgenerator%2Fyield-in-const.rs", "contents_url": "https://api.github.com/repos/rust-lang/rust/contents/src%2Ftest%2Fui%2Fgenerator%2Fyield-in-const.rs?ref=6aa4dcb9cf615ca4dd01b5f732d171103028c78b", "patch": "@@ -12,3 +12,5 @@\n \n const A: u8 = { yield 3u8; 3u8};\n //~^ ERROR yield statement outside\n+\n+fn main() {}"}, {"sha": "874edce5931684f156cfa8e0710187e76e6a45c1", "filename": "src/test/ui/generator/yield-in-const.stderr", "status": "modified", "additions": 2, "deletions": 5, "changes": 7, "blob_url": "https://github.com/rust-lang/rust/blob/6aa4dcb9cf615ca4dd01b5f732d171103028c78b/src%2Ftest%2Fui%2Fgenerator%2Fyield-in-const.stderr", "raw_url": "https://github.com/rust-lang/rust/raw/6aa4dcb9cf615ca4dd01b5f732d171103028c78b/src%2Ftest%2Fui%2Fgenerator%2Fyield-in-const.stderr", "contents_url": "https://api.github.com/repos/rust-lang/rust/contents/src%2Ftest%2Fui%2Fgenerator%2Fyield-in-const.stderr?ref=6aa4dcb9cf615ca4dd01b5f732d171103028c78b", "patch": "@@ -1,12 +1,9 @@\n-error[E0601]: main function not found in crate yield_in_const\n-\n error[E0627]: yield statement outside of generator literal\n   --> $DIR/yield-in-const.rs:13:17\n    |\n LL | const A: u8 = { yield 3u8; 3u8};\n    |                 ^^^^^^^^^\n \n-error: aborting due to 2 previous errors\n+error: aborting due to previous error\n \n-Some errors occurred: E0601, E0627.\n-For more information about an error, try `rustc --explain E0601`.\n+For more information about this error, try `rustc --explain E0627`."}, {"sha": "21601f47f677d1f41771008d8526a771e96b8a24", "filename": "src/test/ui/generator/yield-in-static.rs", "status": "modified", "additions": 2, "deletions": 0, "changes": 2, "blob_url": "https://github.com/rust-lang/rust/blob/6aa4dcb9cf615ca4dd01b5f732d171103028c78b/src%2Ftest%2Fui%2Fgenerator%2Fyield-in-static.rs", "raw_url": "https://github.com/rust-lang/rust/raw/6aa4dcb9cf615ca4dd01b5f732d171103028c78b/src%2Ftest%2Fui%2Fgenerator%2Fyield-in-static.rs", "contents_url": "https://api.github.com/repos/rust-lang/rust/contents/src%2Ftest%2Fui%2Fgenerator%2Fyield-in-static.rs?ref=6aa4dcb9cf615ca4dd01b5f732d171103028c78b", "patch": "@@ -12,3 +12,5 @@\n \n static B: u8 = { yield 3u8; 3u8};\n //~^ ERROR yield statement outside\n+\n+fn main() {}"}, {"sha": "35d1ebaabdc1cb763aa9772b95dd8ab04c974ae2", "filename": "src/test/ui/generator/yield-in-static.stderr", "status": "modified", "additions": 2, "deletions": 5, "changes": 7, "blob_url": "https://github.com/rust-lang/rust/blob/6aa4dcb9cf615ca4dd01b5f732d171103028c78b/src%2Ftest%2Fui%2Fgenerator%2Fyield-in-static.stderr", "raw_url": "https://github.com/rust-lang/rust/raw/6aa4dcb9cf615ca4dd01b5f732d171103028c78b/src%2Ftest%2Fui%2Fgenerator%2Fyield-in-static.stderr", "contents_url": "https://api.github.com/repos/rust-lang/rust/contents/src%2Ftest%2Fui%2Fgenerator%2Fyield-in-static.stderr?ref=6aa4dcb9cf615ca4dd01b5f732d171103028c78b", "patch": "@@ -1,12 +1,9 @@\n-error[E0601]: main function not found in crate yield_in_static\n-\n error[E0627]: yield statement outside of generator literal\n   --> $DIR/yield-in-static.rs:13:18\n    |\n LL | static B: u8 = { yield 3u8; 3u8};\n    |                  ^^^^^^^^^\n \n-error: aborting due to 2 previous errors\n+error: aborting due to previous error\n \n-Some errors occurred: E0601, E0627.\n-For more information about an error, try `rustc --explain E0601`.\n+For more information about this error, try `rustc --explain E0627`."}, {"sha": "e709eeee14a8452e4852ae322a16d7f380210bc0", "filename": "src/test/ui/imports/macro-paths.rs", "status": "modified", "additions": 2, "deletions": 0, "changes": 2, "blob_url": "https://github.com/rust-lang/rust/blob/6aa4dcb9cf615ca4dd01b5f732d171103028c78b/src%2Ftest%2Fui%2Fimports%2Fmacro-paths.rs", "raw_url": "https://github.com/rust-lang/rust/raw/6aa4dcb9cf615ca4dd01b5f732d171103028c78b/src%2Ftest%2Fui%2Fimports%2Fmacro-paths.rs", "contents_url": "https://api.github.com/repos/rust-lang/rust/contents/src%2Ftest%2Fui%2Fimports%2Fmacro-paths.rs?ref=6aa4dcb9cf615ca4dd01b5f732d171103028c78b", "patch": "@@ -36,3 +36,5 @@ fn g() {\n         mod baz { pub use two_macros::m; }\n     }\n }\n+\n+fn main() {}"}, {"sha": "799e7f972464b55f73d754a39392d7e3316eca3e", "filename": "src/test/ui/imports/macro-paths.stderr", "status": "modified", "additions": 2, "deletions": 5, "changes": 7, "blob_url": "https://github.com/rust-lang/rust/blob/6aa4dcb9cf615ca4dd01b5f732d171103028c78b/src%2Ftest%2Fui%2Fimports%2Fmacro-paths.stderr", "raw_url": "https://github.com/rust-lang/rust/raw/6aa4dcb9cf615ca4dd01b5f732d171103028c78b/src%2Ftest%2Fui%2Fimports%2Fmacro-paths.stderr", "contents_url": "https://api.github.com/repos/rust-lang/rust/contents/src%2Ftest%2Fui%2Fimports%2Fmacro-paths.stderr?ref=6aa4dcb9cf615ca4dd01b5f732d171103028c78b", "patch": "@@ -36,9 +36,6 @@ LL | | }\n    | |_^\n    = note: macro-expanded items do not shadow when used in a macro invocation path\n \n-error[E0601]: main function not found in crate macro_paths\n+error: aborting due to 2 previous errors\n \n-error: aborting due to 3 previous errors\n-\n-Some errors occurred: E0601, E0659.\n-For more information about an error, try `rustc --explain E0601`.\n+For more information about this error, try `rustc --explain E0659`."}, {"sha": "5d6a11913849a70175aa3a6da954d956ecd73ed4", "filename": "src/test/ui/imports/macros.rs", "status": "modified", "additions": 2, "deletions": 0, "changes": 2, "blob_url": "https://github.com/rust-lang/rust/blob/6aa4dcb9cf615ca4dd01b5f732d171103028c78b/src%2Ftest%2Fui%2Fimports%2Fmacros.rs", "raw_url": "https://github.com/rust-lang/rust/raw/6aa4dcb9cf615ca4dd01b5f732d171103028c78b/src%2Ftest%2Fui%2Fimports%2Fmacros.rs", "contents_url": "https://api.github.com/repos/rust-lang/rust/contents/src%2Ftest%2Fui%2Fimports%2Fmacros.rs?ref=6aa4dcb9cf615ca4dd01b5f732d171103028c78b", "patch": "@@ -49,3 +49,5 @@ mod m4 {\n     use two_macros::m;\n     m!(); //~ ERROR ambiguous\n }\n+\n+fn main() {}"}, {"sha": "f91987cd9f3402779b2d9f78ed9ecae8c6b1cdfb", "filename": "src/test/ui/imports/macros.stderr", "status": "modified", "additions": 2, "deletions": 5, "changes": 7, "blob_url": "https://github.com/rust-lang/rust/blob/6aa4dcb9cf615ca4dd01b5f732d171103028c78b/src%2Ftest%2Fui%2Fimports%2Fmacros.stderr", "raw_url": "https://github.com/rust-lang/rust/raw/6aa4dcb9cf615ca4dd01b5f732d171103028c78b/src%2Ftest%2Fui%2Fimports%2Fmacros.stderr", "contents_url": "https://api.github.com/repos/rust-lang/rust/contents/src%2Ftest%2Fui%2Fimports%2Fmacros.stderr?ref=6aa4dcb9cf615ca4dd01b5f732d171103028c78b", "patch": "@@ -51,9 +51,6 @@ LL |     use two_macros::m;\n    |         ^^^^^^^^^^^^^\n    = note: macro-expanded macro imports do not shadow\n \n-error[E0601]: main function not found in crate macros\n+error: aborting due to 3 previous errors\n \n-error: aborting due to 4 previous errors\n-\n-Some errors occurred: E0601, E0659.\n-For more information about an error, try `rustc --explain E0601`.\n+For more information about this error, try `rustc --explain E0659`."}, {"sha": "ff04cfe99c0bc10b12bf066247f352640d348343", "filename": "src/test/ui/in-band-lifetimes/mismatched_trait_impl-2.rs", "status": "modified", "additions": 2, "deletions": 0, "changes": 2, "blob_url": "https://github.com/rust-lang/rust/blob/6aa4dcb9cf615ca4dd01b5f732d171103028c78b/src%2Ftest%2Fui%2Fin-band-lifetimes%2Fmismatched_trait_impl-2.rs", "raw_url": "https://github.com/rust-lang/rust/raw/6aa4dcb9cf615ca4dd01b5f732d171103028c78b/src%2Ftest%2Fui%2Fin-band-lifetimes%2Fmismatched_trait_impl-2.rs", "contents_url": "https://api.github.com/repos/rust-lang/rust/contents/src%2Ftest%2Fui%2Fin-band-lifetimes%2Fmismatched_trait_impl-2.rs?ref=6aa4dcb9cf615ca4dd01b5f732d171103028c78b", "patch": "@@ -20,3 +20,5 @@ impl Deref for Struct {\n     }\n }\n //~^^^^ ERROR cannot infer an appropriate lifetime for lifetime parameter\n+\n+fn main() {}"}, {"sha": "37b586e1e3bd004dfb2e74007a750233aa0f85a1", "filename": "src/test/ui/in-band-lifetimes/mismatched_trait_impl-2.stderr", "status": "modified", "additions": 2, "deletions": 5, "changes": 7, "blob_url": "https://github.com/rust-lang/rust/blob/6aa4dcb9cf615ca4dd01b5f732d171103028c78b/src%2Ftest%2Fui%2Fin-band-lifetimes%2Fmismatched_trait_impl-2.stderr", "raw_url": "https://github.com/rust-lang/rust/raw/6aa4dcb9cf615ca4dd01b5f732d171103028c78b/src%2Ftest%2Fui%2Fin-band-lifetimes%2Fmismatched_trait_impl-2.stderr", "contents_url": "https://api.github.com/repos/rust-lang/rust/contents/src%2Ftest%2Fui%2Fin-band-lifetimes%2Fmismatched_trait_impl-2.stderr?ref=6aa4dcb9cf615ca4dd01b5f732d171103028c78b", "patch": "@@ -1,5 +1,3 @@\n-error[E0601]: main function not found in crate mismatched_trait_impl_2\n-\n error[E0495]: cannot infer an appropriate lifetime for lifetime parameter in generic type due to conflicting requirements\n   --> $DIR/mismatched_trait_impl-2.rs:18:5\n    |\n@@ -18,7 +16,6 @@ LL | |     }\n            expected fn(&Struct) -> &Trait + 'static\n               found fn(&Struct) -> &Trait\n \n-error: aborting due to 2 previous errors\n+error: aborting due to previous error\n \n-Some errors occurred: E0495, E0601.\n-For more information about an error, try `rustc --explain E0495`.\n+For more information about this error, try `rustc --explain E0495`."}, {"sha": "4ce653547da032896c8f55e678ec3779336b19c0", "filename": "src/test/ui/issue-47706-trait.rs", "status": "modified", "additions": 2, "deletions": 0, "changes": 2, "blob_url": "https://github.com/rust-lang/rust/blob/6aa4dcb9cf615ca4dd01b5f732d171103028c78b/src%2Ftest%2Fui%2Fissue-47706-trait.rs", "raw_url": "https://github.com/rust-lang/rust/raw/6aa4dcb9cf615ca4dd01b5f732d171103028c78b/src%2Ftest%2Fui%2Fissue-47706-trait.rs", "contents_url": "https://api.github.com/repos/rust-lang/rust/contents/src%2Ftest%2Fui%2Fissue-47706-trait.rs?ref=6aa4dcb9cf615ca4dd01b5f732d171103028c78b", "patch": "@@ -14,3 +14,5 @@ trait T {\n     }\n     //~^^ ERROR function is expected to take a single 0-tuple as argument\n }\n+\n+fn main() {}"}, {"sha": "717b3eb0b5625aecb84df0165d902a15d8d50d35", "filename": "src/test/ui/issue-47706-trait.stderr", "status": "modified", "additions": 2, "deletions": 5, "changes": 7, "blob_url": "https://github.com/rust-lang/rust/blob/6aa4dcb9cf615ca4dd01b5f732d171103028c78b/src%2Ftest%2Fui%2Fissue-47706-trait.stderr", "raw_url": "https://github.com/rust-lang/rust/raw/6aa4dcb9cf615ca4dd01b5f732d171103028c78b/src%2Ftest%2Fui%2Fissue-47706-trait.stderr", "contents_url": "https://api.github.com/repos/rust-lang/rust/contents/src%2Ftest%2Fui%2Fissue-47706-trait.stderr?ref=6aa4dcb9cf615ca4dd01b5f732d171103028c78b", "patch": "@@ -1,5 +1,3 @@\n-error[E0601]: main function not found in crate issue_47706_trait\n-\n error[E0593]: function is expected to take a single 0-tuple as argument, but it takes 2 distinct arguments\n   --> $DIR/issue-47706-trait.rs:13:20\n    |\n@@ -8,7 +6,6 @@ LL |     fn f(&self, _: ()) {\n LL |         None::<()>.map(Self::f);\n    |                    ^^^ expected function that takes a single 0-tuple as argument\n \n-error: aborting due to 2 previous errors\n+error: aborting due to previous error\n \n-Some errors occurred: E0593, E0601.\n-For more information about an error, try `rustc --explain E0593`.\n+For more information about this error, try `rustc --explain E0593`."}, {"sha": "f655047f6f5ac446ac9c793c8468443a50357d15", "filename": "src/test/ui/missing-items/m2.rs", "status": "modified", "additions": 2, "deletions": 0, "changes": 2, "blob_url": "https://github.com/rust-lang/rust/blob/6aa4dcb9cf615ca4dd01b5f732d171103028c78b/src%2Ftest%2Fui%2Fmissing-items%2Fm2.rs", "raw_url": "https://github.com/rust-lang/rust/raw/6aa4dcb9cf615ca4dd01b5f732d171103028c78b/src%2Ftest%2Fui%2Fmissing-items%2Fm2.rs", "contents_url": "https://api.github.com/repos/rust-lang/rust/contents/src%2Ftest%2Fui%2Fmissing-items%2Fm2.rs?ref=6aa4dcb9cf615ca4dd01b5f732d171103028c78b", "patch": "@@ -18,3 +18,5 @@ struct X {\n \n impl m1::X for X { //~ ERROR not all trait items implemented\n }\n+\n+fn main() {}"}, {"sha": "3f7a4039eb76b19d46a80e8cc4420956afdec996", "filename": "src/test/ui/missing-items/m2.stderr", "status": "modified", "additions": 2, "deletions": 5, "changes": 7, "blob_url": "https://github.com/rust-lang/rust/blob/6aa4dcb9cf615ca4dd01b5f732d171103028c78b/src%2Ftest%2Fui%2Fmissing-items%2Fm2.stderr", "raw_url": "https://github.com/rust-lang/rust/raw/6aa4dcb9cf615ca4dd01b5f732d171103028c78b/src%2Ftest%2Fui%2Fmissing-items%2Fm2.stderr", "contents_url": "https://api.github.com/repos/rust-lang/rust/contents/src%2Ftest%2Fui%2Fmissing-items%2Fm2.stderr?ref=6aa4dcb9cf615ca4dd01b5f732d171103028c78b", "patch": "@@ -1,5 +1,3 @@\n-error[E0601]: main function not found in crate m2\n-\n error[E0046]: not all trait items implemented, missing: `CONSTANT`, `Type`, `method`\n   --> $DIR/m2.rs:19:1\n    |\n@@ -10,7 +8,6 @@ LL | impl m1::X for X { //~ ERROR not all trait items implemented\n    = note: `Type` from trait: `type Type;`\n    = note: `method` from trait: `fn(&Self, std::string::String) -> <Self as m1::X>::Type`\n \n-error: aborting due to 2 previous errors\n+error: aborting due to previous error\n \n-Some errors occurred: E0046, E0601.\n-For more information about an error, try `rustc --explain E0046`.\n+For more information about this error, try `rustc --explain E0046`."}, {"sha": "eab500de255694b92477457b635ec2501c109934", "filename": "src/test/ui/resolve/issue-14254.rs", "status": "modified", "additions": 2, "deletions": 0, "changes": 2, "blob_url": "https://github.com/rust-lang/rust/blob/6aa4dcb9cf615ca4dd01b5f732d171103028c78b/src%2Ftest%2Fui%2Fresolve%2Fissue-14254.rs", "raw_url": "https://github.com/rust-lang/rust/raw/6aa4dcb9cf615ca4dd01b5f732d171103028c78b/src%2Ftest%2Fui%2Fresolve%2Fissue-14254.rs", "contents_url": "https://api.github.com/repos/rust-lang/rust/contents/src%2Ftest%2Fui%2Fresolve%2Fissue-14254.rs?ref=6aa4dcb9cf615ca4dd01b5f732d171103028c78b", "patch": "@@ -111,3 +111,5 @@ impl Foo for Box<isize> {\n         //~^ ERROR cannot find value `bah`\n     }\n }\n+\n+fn main() {}"}, {"sha": "055cbb2d579160ff9925469225a289c41ce19f80", "filename": "src/test/ui/resolve/issue-14254.stderr", "status": "modified", "additions": 2, "deletions": 5, "changes": 7, "blob_url": "https://github.com/rust-lang/rust/blob/6aa4dcb9cf615ca4dd01b5f732d171103028c78b/src%2Ftest%2Fui%2Fresolve%2Fissue-14254.stderr", "raw_url": "https://github.com/rust-lang/rust/raw/6aa4dcb9cf615ca4dd01b5f732d171103028c78b/src%2Ftest%2Fui%2Fresolve%2Fissue-14254.stderr", "contents_url": "https://api.github.com/repos/rust-lang/rust/contents/src%2Ftest%2Fui%2Fresolve%2Fissue-14254.stderr?ref=6aa4dcb9cf615ca4dd01b5f732d171103028c78b", "patch": "@@ -142,9 +142,6 @@ error[E0425]: cannot find value `bah` in this scope\n LL |         bah;\n    |         ^^^ help: try: `Self::bah`\n \n-error[E0601]: main function not found in crate issue_14254\n+error: aborting due to 24 previous errors\n \n-error: aborting due to 25 previous errors\n-\n-Some errors occurred: E0425, E0601.\n-For more information about an error, try `rustc --explain E0425`.\n+For more information about this error, try `rustc --explain E0425`."}, {"sha": "361e8caf7442effe56ebfe1a8921399b9e0952a4", "filename": "src/test/ui/resolve/issue-21221-2.rs", "status": "modified", "additions": 2, "deletions": 0, "changes": 2, "blob_url": "https://github.com/rust-lang/rust/blob/6aa4dcb9cf615ca4dd01b5f732d171103028c78b/src%2Ftest%2Fui%2Fresolve%2Fissue-21221-2.rs", "raw_url": "https://github.com/rust-lang/rust/raw/6aa4dcb9cf615ca4dd01b5f732d171103028c78b/src%2Ftest%2Fui%2Fresolve%2Fissue-21221-2.rs", "contents_url": "https://api.github.com/repos/rust-lang/rust/contents/src%2Ftest%2Fui%2Fresolve%2Fissue-21221-2.rs?ref=6aa4dcb9cf615ca4dd01b5f732d171103028c78b", "patch": "@@ -27,3 +27,5 @@ pub mod baz {\n struct Foo;\n impl T for Foo { }\n //~^ ERROR cannot find trait `T`\n+\n+fn main() {}"}, {"sha": "c61ffe3b33e8ae22467569635605c238a6811a56", "filename": "src/test/ui/resolve/issue-21221-2.stderr", "status": "modified", "additions": 0, "deletions": 2, "changes": 2, "blob_url": "https://github.com/rust-lang/rust/blob/6aa4dcb9cf615ca4dd01b5f732d171103028c78b/src%2Ftest%2Fui%2Fresolve%2Fissue-21221-2.stderr", "raw_url": "https://github.com/rust-lang/rust/raw/6aa4dcb9cf615ca4dd01b5f732d171103028c78b/src%2Ftest%2Fui%2Fresolve%2Fissue-21221-2.stderr", "contents_url": "https://api.github.com/repos/rust-lang/rust/contents/src%2Ftest%2Fui%2Fresolve%2Fissue-21221-2.stderr?ref=6aa4dcb9cf615ca4dd01b5f732d171103028c78b", "patch": "@@ -8,7 +8,5 @@ help: possible candidate is found in another module, you can import it into scop\n LL | use foo::bar::T;\n    |\n \n-error[E0601]: main function not found in crate issue_21221_2\n-\n error: cannot continue compilation due to previous error\n "}, {"sha": "d24fced5d313f4dc6818738c2596f8fb63d5cf3b", "filename": "src/test/ui/resolve/suggest-path-instead-of-mod-dot-item.rs", "status": "modified", "additions": 2, "deletions": 0, "changes": 2, "blob_url": "https://github.com/rust-lang/rust/blob/6aa4dcb9cf615ca4dd01b5f732d171103028c78b/src%2Ftest%2Fui%2Fresolve%2Fsuggest-path-instead-of-mod-dot-item.rs", "raw_url": "https://github.com/rust-lang/rust/raw/6aa4dcb9cf615ca4dd01b5f732d171103028c78b/src%2Ftest%2Fui%2Fresolve%2Fsuggest-path-instead-of-mod-dot-item.rs", "contents_url": "https://api.github.com/repos/rust-lang/rust/contents/src%2Ftest%2Fui%2Fresolve%2Fsuggest-path-instead-of-mod-dot-item.rs?ref=6aa4dcb9cf615ca4dd01b5f732d171103028c78b", "patch": "@@ -65,3 +65,5 @@ fn h8() -> i32 {\n     a::b()\n     //~^ ERROR expected function, found module `a::b`\n }\n+\n+fn main() {}"}, {"sha": "9216c0b32192930b02f3a29ea842813bced0ffd9", "filename": "src/test/ui/resolve/suggest-path-instead-of-mod-dot-item.stderr", "status": "modified", "additions": 2, "deletions": 5, "changes": 7, "blob_url": "https://github.com/rust-lang/rust/blob/6aa4dcb9cf615ca4dd01b5f732d171103028c78b/src%2Ftest%2Fui%2Fresolve%2Fsuggest-path-instead-of-mod-dot-item.stderr", "raw_url": "https://github.com/rust-lang/rust/raw/6aa4dcb9cf615ca4dd01b5f732d171103028c78b/src%2Ftest%2Fui%2Fresolve%2Fsuggest-path-instead-of-mod-dot-item.stderr", "contents_url": "https://api.github.com/repos/rust-lang/rust/contents/src%2Ftest%2Fui%2Fresolve%2Fsuggest-path-instead-of-mod-dot-item.stderr?ref=6aa4dcb9cf615ca4dd01b5f732d171103028c78b", "patch": "@@ -72,9 +72,6 @@ LL |     a::b()\n    |        |\n    |        did you mean `I`?\n \n-error[E0601]: main function not found in crate suggest_path_instead_of_mod_dot_item\n+error: aborting due to 9 previous errors\n \n-error: aborting due to 10 previous errors\n-\n-Some errors occurred: E0423, E0601.\n-For more information about an error, try `rustc --explain E0423`.\n+For more information about this error, try `rustc --explain E0423`."}, {"sha": "19e05f33825f7fdf9760ebfc69988b8dee772822", "filename": "src/test/ui/span/issue-35987.rs", "status": "modified", "additions": 2, "deletions": 0, "changes": 2, "blob_url": "https://github.com/rust-lang/rust/blob/6aa4dcb9cf615ca4dd01b5f732d171103028c78b/src%2Ftest%2Fui%2Fspan%2Fissue-35987.rs", "raw_url": "https://github.com/rust-lang/rust/raw/6aa4dcb9cf615ca4dd01b5f732d171103028c78b/src%2Ftest%2Fui%2Fspan%2Fissue-35987.rs", "contents_url": "https://api.github.com/repos/rust-lang/rust/contents/src%2Ftest%2Fui%2Fspan%2Fissue-35987.rs?ref=6aa4dcb9cf615ca4dd01b5f732d171103028c78b", "patch": "@@ -20,3 +20,5 @@ impl<T: Clone, Add> Add for Foo<T> {\n         unimplemented!();\n     }\n }\n+\n+fn main() {}"}, {"sha": "2d4a7cc72f5f628558240d28b49431c2e1d2c1c4", "filename": "src/test/ui/span/issue-35987.stderr", "status": "modified", "additions": 0, "deletions": 2, "changes": 2, "blob_url": "https://github.com/rust-lang/rust/blob/6aa4dcb9cf615ca4dd01b5f732d171103028c78b/src%2Ftest%2Fui%2Fspan%2Fissue-35987.stderr", "raw_url": "https://github.com/rust-lang/rust/raw/6aa4dcb9cf615ca4dd01b5f732d171103028c78b/src%2Ftest%2Fui%2Fspan%2Fissue-35987.stderr", "contents_url": "https://api.github.com/repos/rust-lang/rust/contents/src%2Ftest%2Fui%2Fspan%2Fissue-35987.stderr?ref=6aa4dcb9cf615ca4dd01b5f732d171103028c78b", "patch": "@@ -8,7 +8,5 @@ help: possible better candidate is found in another module, you can import it in\n LL | use std::ops::Add;\n    |\n \n-error[E0601]: main function not found in crate issue_35987\n-\n error: cannot continue compilation due to previous error\n "}, {"sha": "711803754408f50a757d4d51534221e99256c98b", "filename": "src/test/ui/token/issue-10636-2.rs", "status": "modified", "additions": 2, "deletions": 0, "changes": 2, "blob_url": "https://github.com/rust-lang/rust/blob/6aa4dcb9cf615ca4dd01b5f732d171103028c78b/src%2Ftest%2Fui%2Ftoken%2Fissue-10636-2.rs", "raw_url": "https://github.com/rust-lang/rust/raw/6aa4dcb9cf615ca4dd01b5f732d171103028c78b/src%2Ftest%2Fui%2Ftoken%2Fissue-10636-2.rs", "contents_url": "https://api.github.com/repos/rust-lang/rust/contents/src%2Ftest%2Fui%2Ftoken%2Fissue-10636-2.rs?ref=6aa4dcb9cf615ca4dd01b5f732d171103028c78b", "patch": "@@ -17,3 +17,5 @@ pub fn trace_option(option: Option<isize>) {\n \n } //~ ERROR: incorrect close delimiter\n //~^ ERROR: expected expression, found `)`\n+\n+fn main() {}"}, {"sha": "56a30423171da52f4ccc49e834eb4afd337b58cc", "filename": "src/test/ui/token/issue-10636-2.stderr", "status": "modified", "additions": 1, "deletions": 4, "changes": 5, "blob_url": "https://github.com/rust-lang/rust/blob/6aa4dcb9cf615ca4dd01b5f732d171103028c78b/src%2Ftest%2Fui%2Ftoken%2Fissue-10636-2.stderr", "raw_url": "https://github.com/rust-lang/rust/raw/6aa4dcb9cf615ca4dd01b5f732d171103028c78b/src%2Ftest%2Fui%2Ftoken%2Fissue-10636-2.stderr", "contents_url": "https://api.github.com/repos/rust-lang/rust/contents/src%2Ftest%2Fui%2Ftoken%2Fissue-10636-2.stderr?ref=6aa4dcb9cf615ca4dd01b5f732d171103028c78b", "patch": "@@ -22,8 +22,5 @@ error: expected expression, found `)`\n LL | } //~ ERROR: incorrect close delimiter\n    | ^ expected expression\n \n-error[E0601]: main function not found in crate issue_10636_2\n+error: aborting due to 3 previous errors\n \n-error: aborting due to 4 previous errors\n-\n-For more information about this error, try `rustc --explain E0601`."}, {"sha": "7bd8506af90b96057ff3d8534cea7c4a55bbdead", "filename": "src/test/ui/token/issue-41155.rs", "status": "modified", "additions": 2, "deletions": 0, "changes": 2, "blob_url": "https://github.com/rust-lang/rust/blob/6aa4dcb9cf615ca4dd01b5f732d171103028c78b/src%2Ftest%2Fui%2Ftoken%2Fissue-41155.rs", "raw_url": "https://github.com/rust-lang/rust/raw/6aa4dcb9cf615ca4dd01b5f732d171103028c78b/src%2Ftest%2Fui%2Ftoken%2Fissue-41155.rs", "contents_url": "https://api.github.com/repos/rust-lang/rust/contents/src%2Ftest%2Fui%2Ftoken%2Fissue-41155.rs?ref=6aa4dcb9cf615ca4dd01b5f732d171103028c78b", "patch": "@@ -11,3 +11,5 @@\n impl S { //~ ERROR cannot find type\n     pub\n } //~ ERROR expected one of\n+\n+fn main() {}"}, {"sha": "b56b95a8aafd796852fbeee7c699913c6fe4f4ff", "filename": "src/test/ui/token/issue-41155.stderr", "status": "modified", "additions": 2, "deletions": 5, "changes": 7, "blob_url": "https://github.com/rust-lang/rust/blob/6aa4dcb9cf615ca4dd01b5f732d171103028c78b/src%2Ftest%2Fui%2Ftoken%2Fissue-41155.stderr", "raw_url": "https://github.com/rust-lang/rust/raw/6aa4dcb9cf615ca4dd01b5f732d171103028c78b/src%2Ftest%2Fui%2Ftoken%2Fissue-41155.stderr", "contents_url": "https://api.github.com/repos/rust-lang/rust/contents/src%2Ftest%2Fui%2Ftoken%2Fissue-41155.stderr?ref=6aa4dcb9cf615ca4dd01b5f732d171103028c78b", "patch": "@@ -12,9 +12,6 @@ error[E0412]: cannot find type `S` in this scope\n LL | impl S { //~ ERROR cannot find type\n    |      ^ not found in this scope\n \n-error[E0601]: main function not found in crate issue_41155\n+error: aborting due to 2 previous errors\n \n-error: aborting due to 3 previous errors\n-\n-Some errors occurred: E0412, E0601.\n-For more information about an error, try `rustc --explain E0412`.\n+For more information about this error, try `rustc --explain E0412`."}]}