{"sha": "b5c2470ba3a3cb94450a522af34aabd20f1cb7b4", "node_id": "MDY6Q29tbWl0NzI0NzEyOmI1YzI0NzBiYTNhM2NiOTQ0NTBhNTIyYWYzNGFhYmQyMGYxY2I3YjQ=", "commit": {"author": {"name": "varkor", "email": "github@varkor.com", "date": "2018-08-19T23:08:01Z"}, "committer": {"name": "varkor", "email": "github@varkor.com", "date": "2018-08-19T23:08:01Z"}, "message": "Update new ui tests", "tree": {"sha": "d8bb0169529245b01546d924ee7ebda8a12abc8e", "url": "https://api.github.com/repos/rust-lang/rust/git/trees/d8bb0169529245b01546d924ee7ebda8a12abc8e"}, "url": "https://api.github.com/repos/rust-lang/rust/git/commits/b5c2470ba3a3cb94450a522af34aabd20f1cb7b4", "comment_count": 0, "verification": {"verified": false, "reason": "unsigned", "signature": null, "payload": null}}, "url": "https://api.github.com/repos/rust-lang/rust/commits/b5c2470ba3a3cb94450a522af34aabd20f1cb7b4", "html_url": "https://github.com/rust-lang/rust/commit/b5c2470ba3a3cb94450a522af34aabd20f1cb7b4", "comments_url": "https://api.github.com/repos/rust-lang/rust/commits/b5c2470ba3a3cb94450a522af34aabd20f1cb7b4/comments", "author": {"login": "varkor", "id": 3943692, "node_id": "MDQ6VXNlcjM5NDM2OTI=", "avatar_url": "https://avatars.githubusercontent.com/u/3943692?v=4", "gravatar_id": "", "url": "https://api.github.com/users/varkor", "html_url": "https://github.com/varkor", "followers_url": "https://api.github.com/users/varkor/followers", "following_url": "https://api.github.com/users/varkor/following{/other_user}", "gists_url": "https://api.github.com/users/varkor/gists{/gist_id}", "starred_url": "https://api.github.com/users/varkor/starred{/owner}{/repo}", "subscriptions_url": "https://api.github.com/users/varkor/subscriptions", "organizations_url": "https://api.github.com/users/varkor/orgs", "repos_url": "https://api.github.com/users/varkor/repos", "events_url": "https://api.github.com/users/varkor/events{/privacy}", "received_events_url": "https://api.github.com/users/varkor/received_events", "type": "User", "site_admin": false}, "committer": {"login": "varkor", "id": 3943692, "node_id": "MDQ6VXNlcjM5NDM2OTI=", "avatar_url": "https://avatars.githubusercontent.com/u/3943692?v=4", "gravatar_id": "", "url": "https://api.github.com/users/varkor", "html_url": "https://github.com/varkor", "followers_url": "https://api.github.com/users/varkor/followers", "following_url": "https://api.github.com/users/varkor/following{/other_user}", "gists_url": "https://api.github.com/users/varkor/gists{/gist_id}", "starred_url": "https://api.github.com/users/varkor/starred{/owner}{/repo}", "subscriptions_url": "https://api.github.com/users/varkor/subscriptions", "organizations_url": "https://api.github.com/users/varkor/orgs", "repos_url": "https://api.github.com/users/varkor/repos", "events_url": "https://api.github.com/users/varkor/events{/privacy}", "received_events_url": "https://api.github.com/users/varkor/received_events", "type": "User", "site_admin": false}, "parents": [{"sha": "25b62679e93745a9c2e552810ee1bd0edeaadcdc", "url": "https://api.github.com/repos/rust-lang/rust/commits/25b62679e93745a9c2e552810ee1bd0edeaadcdc", "html_url": "https://github.com/rust-lang/rust/commit/25b62679e93745a9c2e552810ee1bd0edeaadcdc"}], "stats": {"total": 106, "additions": 54, "deletions": 52}, "files": [{"sha": "f0998b23c1c60787403d19704cefd37d79ab1ca1", "filename": "src/test/ui/bad/bad-mid-path-type-params.stderr", "status": "modified", "additions": 11, "deletions": 11, "changes": 22, "blob_url": "https://github.com/rust-lang/rust/blob/b5c2470ba3a3cb94450a522af34aabd20f1cb7b4/src%2Ftest%2Fui%2Fbad%2Fbad-mid-path-type-params.stderr", "raw_url": "https://github.com/rust-lang/rust/raw/b5c2470ba3a3cb94450a522af34aabd20f1cb7b4/src%2Ftest%2Fui%2Fbad%2Fbad-mid-path-type-params.stderr", "contents_url": "https://api.github.com/repos/rust-lang/rust/contents/src%2Ftest%2Fui%2Fbad%2Fbad-mid-path-type-params.stderr?ref=b5c2470ba3a3cb94450a522af34aabd20f1cb7b4", "patch": "@@ -1,26 +1,26 @@\n-error[E0087]: too many type parameters provided: expected at most 1 type parameter, found 2 type parameters\n-  --> $DIR/bad-mid-path-type-params.rs:40:28\n+error[E0087]: wrong number of type arguments: expected 1, found 2\n+  --> $DIR/bad-mid-path-type-params.rs:40:13\n    |\n LL |     let _ = S::new::<isize,f64>(1, 1.0);\n-   |                            ^^^ expected 1 type parameter\n+   |             ^^^^^^^^^^^^^^^^^^^ unexpected type argument\n \n-error[E0107]: wrong number of lifetime parameters: expected 0, found 1\n+error[E0107]: wrong number of lifetime arguments: expected 0, found 1\n   --> $DIR/bad-mid-path-type-params.rs:43:13\n    |\n LL |     let _ = S::<'a,isize>::new::<f64>(1, 1.0);\n-   |             ^^^^^^^^^^^^^^^^^^^^^^^^^ unexpected lifetime parameter\n+   |             ^^^^^^^^^^^^^^^^^^^^^^^^^ unexpected lifetime argument\n \n-error[E0087]: too many type parameters provided: expected at most 1 type parameter, found 2 type parameters\n-  --> $DIR/bad-mid-path-type-params.rs:46:36\n+error[E0087]: wrong number of type arguments: expected 1, found 2\n+  --> $DIR/bad-mid-path-type-params.rs:46:17\n    |\n LL |     let _: S2 = Trait::new::<isize,f64>(1, 1.0);\n-   |                                    ^^^ expected 1 type parameter\n+   |                 ^^^^^^^^^^^^^^^^^^^^^^^ unexpected type argument\n \n-error[E0088]: too many lifetime parameters provided: expected at most 0 lifetime parameters, found 1 lifetime parameter\n-  --> $DIR/bad-mid-path-type-params.rs:49:25\n+error[E0088]: wrong number of lifetime arguments: expected 0, found 1\n+  --> $DIR/bad-mid-path-type-params.rs:49:17\n    |\n LL |     let _: S2 = Trait::<'a,isize>::new::<f64>(1, 1.0);\n-   |                         ^^ expected 0 lifetime parameters\n+   |                 ^^^^^^^^^^^^^^^^^^^^^^^^^^^^^ unexpected lifetime argument\n \n error: aborting due to 4 previous errors\n "}, {"sha": "930d90c70bda56e815473fb6a969edc55fbedaf4", "filename": "src/test/ui/constructor-lifetime-args.stderr", "status": "modified", "additions": 10, "deletions": 10, "changes": 20, "blob_url": "https://github.com/rust-lang/rust/blob/b5c2470ba3a3cb94450a522af34aabd20f1cb7b4/src%2Ftest%2Fui%2Fconstructor-lifetime-args.stderr", "raw_url": "https://github.com/rust-lang/rust/raw/b5c2470ba3a3cb94450a522af34aabd20f1cb7b4/src%2Ftest%2Fui%2Fconstructor-lifetime-args.stderr", "contents_url": "https://api.github.com/repos/rust-lang/rust/contents/src%2Ftest%2Fui%2Fconstructor-lifetime-args.stderr?ref=b5c2470ba3a3cb94450a522af34aabd20f1cb7b4", "patch": "@@ -1,26 +1,26 @@\n-error[E0090]: too few lifetime parameters provided: expected 2 lifetime parameters, found 1 lifetime parameter\n+error[E0090]: wrong number of lifetime arguments: expected 2, found 1\n   --> $DIR/constructor-lifetime-args.rs:27:5\n    |\n LL |     S::<'static>(&0, &0);\n-   |     ^^^^^^^^^^^^ expected 2 lifetime parameters\n+   |     ^^^^^^^^^^^^ expected 2 lifetime arguments\n \n-error[E0088]: too many lifetime parameters provided: expected at most 2 lifetime parameters, found 3 lifetime parameters\n-  --> $DIR/constructor-lifetime-args.rs:29:27\n+error[E0088]: wrong number of lifetime arguments: expected 2, found 3\n+  --> $DIR/constructor-lifetime-args.rs:29:5\n    |\n LL |     S::<'static, 'static, 'static>(&0, &0);\n-   |                           ^^^^^^^ expected 2 lifetime parameters\n+   |     ^^^^^^^^^^^^^^^^^^^^^^^^^^^^^^ unexpected lifetime argument\n \n-error[E0090]: too few lifetime parameters provided: expected 2 lifetime parameters, found 1 lifetime parameter\n+error[E0090]: wrong number of lifetime arguments: expected 2, found 1\n   --> $DIR/constructor-lifetime-args.rs:32:5\n    |\n LL |     E::V::<'static>(&0);\n-   |     ^^^^^^^^^^^^^^^ expected 2 lifetime parameters\n+   |     ^^^^^^^^^^^^^^^ expected 2 lifetime arguments\n \n-error[E0088]: too many lifetime parameters provided: expected at most 2 lifetime parameters, found 3 lifetime parameters\n-  --> $DIR/constructor-lifetime-args.rs:34:30\n+error[E0088]: wrong number of lifetime arguments: expected 2, found 3\n+  --> $DIR/constructor-lifetime-args.rs:34:5\n    |\n LL |     E::V::<'static, 'static, 'static>(&0);\n-   |                              ^^^^^^^ expected 2 lifetime parameters\n+   |     ^^^^^^^^^^^^^^^^^^^^^^^^^^^^^^^^^ unexpected lifetime argument\n \n error: aborting due to 4 previous errors\n "}, {"sha": "b614da88ba164953eda612e7cba816500ccf8763", "filename": "src/test/ui/generic/generic-impl-more-params-with-defaults.stderr", "status": "modified", "additions": 1, "deletions": 1, "changes": 2, "blob_url": "https://github.com/rust-lang/rust/blob/b5c2470ba3a3cb94450a522af34aabd20f1cb7b4/src%2Ftest%2Fui%2Fgeneric%2Fgeneric-impl-more-params-with-defaults.stderr", "raw_url": "https://github.com/rust-lang/rust/raw/b5c2470ba3a3cb94450a522af34aabd20f1cb7b4/src%2Ftest%2Fui%2Fgeneric%2Fgeneric-impl-more-params-with-defaults.stderr", "contents_url": "https://api.github.com/repos/rust-lang/rust/contents/src%2Ftest%2Fui%2Fgeneric%2Fgeneric-impl-more-params-with-defaults.stderr?ref=b5c2470ba3a3cb94450a522af34aabd20f1cb7b4", "patch": "@@ -2,7 +2,7 @@ error[E0244]: wrong number of type arguments: expected at most 2, found 3\n   --> $DIR/generic-impl-more-params-with-defaults.rs:23:5\n    |\n LL |     Vec::<isize, Heap, bool>::new();\n-   |     ^^^^^^^^^^^^^^^^^^^^^^^^^^^^^ expected at most 2 type arguments\n+   |     ^^^^^^^^^^^^^^^^^^^^^^^^^^^^^ expected at most 2 type argument\n \n error: aborting due to previous error\n "}, {"sha": "8c75ea45a617089037f40b0bd304936809a88001", "filename": "src/test/ui/issue-53251.rs", "status": "modified", "additions": 3, "deletions": 1, "changes": 4, "blob_url": "https://github.com/rust-lang/rust/blob/b5c2470ba3a3cb94450a522af34aabd20f1cb7b4/src%2Ftest%2Fui%2Fissue-53251.rs", "raw_url": "https://github.com/rust-lang/rust/raw/b5c2470ba3a3cb94450a522af34aabd20f1cb7b4/src%2Ftest%2Fui%2Fissue-53251.rs", "contents_url": "https://api.github.com/repos/rust-lang/rust/contents/src%2Ftest%2Fui%2Fissue-53251.rs?ref=b5c2470ba3a3cb94450a522af34aabd20f1cb7b4", "patch": "@@ -19,10 +19,12 @@ macro_rules! impl_add {\n         $(\n             fn $n() {\n                 S::f::<i64>();\n-                //~^ ERROR too many type parameters provided\n+                //~^ ERROR wrong number of type arguments\n             }\n         )*\n     }\n }\n \n impl_add!(a b);\n+\n+fn main() {}"}, {"sha": "849fa574e127c812dad1da5333a84f7290cc7e90", "filename": "src/test/ui/methods/method-call-lifetime-args-fail.stderr", "status": "modified", "additions": 10, "deletions": 10, "changes": 20, "blob_url": "https://github.com/rust-lang/rust/blob/b5c2470ba3a3cb94450a522af34aabd20f1cb7b4/src%2Ftest%2Fui%2Fmethods%2Fmethod-call-lifetime-args-fail.stderr", "raw_url": "https://github.com/rust-lang/rust/raw/b5c2470ba3a3cb94450a522af34aabd20f1cb7b4/src%2Ftest%2Fui%2Fmethods%2Fmethod-call-lifetime-args-fail.stderr", "contents_url": "https://api.github.com/repos/rust-lang/rust/contents/src%2Ftest%2Fui%2Fmethods%2Fmethod-call-lifetime-args-fail.stderr?ref=b5c2470ba3a3cb94450a522af34aabd20f1cb7b4", "patch": "@@ -1,14 +1,14 @@\n-error[E0090]: too few lifetime parameters provided: expected 2 lifetime parameters, found 1 lifetime parameter\n+error[E0090]: wrong number of lifetime arguments: expected 2, found 1\n   --> $DIR/method-call-lifetime-args-fail.rs:26:7\n    |\n LL |     S.early::<'static>();\n-   |       ^^^^^ expected 2 lifetime parameters\n+   |       ^^^^^ expected 2 lifetime arguments\n \n-error[E0088]: too many lifetime parameters provided: expected at most 2 lifetime parameters, found 3 lifetime parameters\n-  --> $DIR/method-call-lifetime-args-fail.rs:28:33\n+error[E0088]: wrong number of lifetime arguments: expected 2, found 3\n+  --> $DIR/method-call-lifetime-args-fail.rs:28:7\n    |\n LL |     S.early::<'static, 'static, 'static>();\n-   |                                 ^^^^^^^ expected 2 lifetime parameters\n+   |       ^^^^^ unexpected lifetime argument\n \n error: cannot specify lifetime arguments explicitly if late bound lifetime parameters are present\n   --> $DIR/method-call-lifetime-args-fail.rs:37:15\n@@ -178,17 +178,17 @@ note: the late bound lifetime parameter is introduced here\n LL |     fn late_unused_early<'a, 'b>(self) -> &'b u8 { loop {} }\n    |                          ^^\n \n-error[E0090]: too few lifetime parameters provided: expected 2 lifetime parameters, found 1 lifetime parameter\n+error[E0090]: wrong number of lifetime arguments: expected 2, found 1\n   --> $DIR/method-call-lifetime-args-fail.rs:73:5\n    |\n LL |     S::early::<'static>(S);\n-   |     ^^^^^^^^^^^^^^^^^^^ expected 2 lifetime parameters\n+   |     ^^^^^^^^^^^^^^^^^^^ expected 2 lifetime arguments\n \n-error[E0088]: too many lifetime parameters provided: expected at most 2 lifetime parameters, found 3 lifetime parameters\n-  --> $DIR/method-call-lifetime-args-fail.rs:75:34\n+error[E0088]: wrong number of lifetime arguments: expected 2, found 3\n+  --> $DIR/method-call-lifetime-args-fail.rs:75:5\n    |\n LL |     S::early::<'static, 'static, 'static>(S);\n-   |                                  ^^^^^^^ expected 2 lifetime parameters\n+   |     ^^^^^^^^^^^^^^^^^^^^^^^^^^^^^^^^^^^^^ unexpected lifetime argument\n \n error: aborting due to 18 previous errors\n "}, {"sha": "0a68c9b917fc11d27b123f97e47ce67f622165d7", "filename": "src/test/ui/seq-args.stderr", "status": "modified", "additions": 2, "deletions": 2, "changes": 4, "blob_url": "https://github.com/rust-lang/rust/blob/b5c2470ba3a3cb94450a522af34aabd20f1cb7b4/src%2Ftest%2Fui%2Fseq-args.stderr", "raw_url": "https://github.com/rust-lang/rust/raw/b5c2470ba3a3cb94450a522af34aabd20f1cb7b4/src%2Ftest%2Fui%2Fseq-args.stderr", "contents_url": "https://api.github.com/repos/rust-lang/rust/contents/src%2Ftest%2Fui%2Fseq-args.stderr?ref=b5c2470ba3a3cb94450a522af34aabd20f1cb7b4", "patch": "@@ -2,13 +2,13 @@ error[E0244]: wrong number of type arguments: expected 0, found 1\n   --> $DIR/seq-args.rs:14:9\n    |\n LL | impl<T> seq<T> for Vec<T> { //~ ERROR wrong number of type arguments\n-   |         ^^^^^^ expected no type arguments\n+   |         ^^^^^^ unexpected type argument\n \n error[E0244]: wrong number of type arguments: expected 0, found 1\n   --> $DIR/seq-args.rs:17:6\n    |\n LL | impl seq<bool> for u32 { //~ ERROR wrong number of type arguments\n-   |      ^^^^^^^^^ expected no type arguments\n+   |      ^^^^^^^^^ unexpected type argument\n \n error: aborting due to 2 previous errors\n "}, {"sha": "88e3b85bca5dce9c8ae98d322dedfe26d6a631d7", "filename": "src/test/ui/structs/structure-constructor-type-mismatch.stderr", "status": "modified", "additions": 2, "deletions": 2, "changes": 4, "blob_url": "https://github.com/rust-lang/rust/blob/b5c2470ba3a3cb94450a522af34aabd20f1cb7b4/src%2Ftest%2Fui%2Fstructs%2Fstructure-constructor-type-mismatch.stderr", "raw_url": "https://github.com/rust-lang/rust/raw/b5c2470ba3a3cb94450a522af34aabd20f1cb7b4/src%2Ftest%2Fui%2Fstructs%2Fstructure-constructor-type-mismatch.stderr", "contents_url": "https://api.github.com/repos/rust-lang/rust/contents/src%2Ftest%2Fui%2Fstructs%2Fstructure-constructor-type-mismatch.stderr?ref=b5c2470ba3a3cb94450a522af34aabd20f1cb7b4", "patch": "@@ -74,7 +74,7 @@ error[E0244]: wrong number of type arguments: expected 0, found 1\n   --> $DIR/structure-constructor-type-mismatch.rs:58:15\n    |\n LL |     let pt3 = PointF::<i32> { //~ ERROR wrong number of type arguments\n-   |               ^^^^^^^^^^^^^ expected no type arguments\n+   |               ^^^^^^^^^^^^^ unexpected type argument\n \n error[E0308]: mismatched types\n   --> $DIR/structure-constructor-type-mismatch.rs:59:12\n@@ -104,7 +104,7 @@ error[E0244]: wrong number of type arguments: expected 0, found 1\n   --> $DIR/structure-constructor-type-mismatch.rs:64:9\n    |\n LL |         PointF::<u32> { .. } => {} //~ ERROR wrong number of type arguments\n-   |         ^^^^^^^^^^^^^ expected no type arguments\n+   |         ^^^^^^^^^^^^^ unexpected type argument\n \n error[E0308]: mismatched types\n   --> $DIR/structure-constructor-type-mismatch.rs:64:9"}, {"sha": "ac9158dc2875f7bc9ca3b0b406d7b2b92e60a7ed", "filename": "src/test/ui/traits/trait-object-vs-lifetime.stderr", "status": "modified", "additions": 2, "deletions": 2, "changes": 4, "blob_url": "https://github.com/rust-lang/rust/blob/b5c2470ba3a3cb94450a522af34aabd20f1cb7b4/src%2Ftest%2Fui%2Ftraits%2Ftrait-object-vs-lifetime.stderr", "raw_url": "https://github.com/rust-lang/rust/raw/b5c2470ba3a3cb94450a522af34aabd20f1cb7b4/src%2Ftest%2Fui%2Ftraits%2Ftrait-object-vs-lifetime.stderr", "contents_url": "https://api.github.com/repos/rust-lang/rust/contents/src%2Ftest%2Fui%2Ftraits%2Ftrait-object-vs-lifetime.stderr?ref=b5c2470ba3a3cb94450a522af34aabd20f1cb7b4", "patch": "@@ -10,11 +10,11 @@ error[E0224]: at least one non-builtin trait is required for an object type\n LL |     let _: S<'static, 'static +>;\n    |                       ^^^^^^^^^\n \n-error[E0107]: wrong number of lifetime parameters: expected 1, found 2\n+error[E0107]: wrong number of lifetime arguments: expected 1, found 2\n   --> $DIR/trait-object-vs-lifetime.rs:23:12\n    |\n LL |     let _: S<'static, 'static>;\n-   |            ^^^^^^^^^^^^^^^^^^^ unexpected lifetime parameter\n+   |            ^^^^^^^^^^^^^^^^^^^ unexpected lifetime argument\n \n error[E0243]: wrong number of type arguments: expected 1, found 0\n   --> $DIR/trait-object-vs-lifetime.rs:23:12"}, {"sha": "820c9a4d8356c608c7042cd9bd81a35b39e1619f", "filename": "src/test/ui/traits/trait-test-2.stderr", "status": "modified", "additions": 8, "deletions": 8, "changes": 16, "blob_url": "https://github.com/rust-lang/rust/blob/b5c2470ba3a3cb94450a522af34aabd20f1cb7b4/src%2Ftest%2Fui%2Ftraits%2Ftrait-test-2.stderr", "raw_url": "https://github.com/rust-lang/rust/raw/b5c2470ba3a3cb94450a522af34aabd20f1cb7b4/src%2Ftest%2Fui%2Ftraits%2Ftrait-test-2.stderr", "contents_url": "https://api.github.com/repos/rust-lang/rust/contents/src%2Ftest%2Fui%2Ftraits%2Ftrait-test-2.stderr?ref=b5c2470ba3a3cb94450a522af34aabd20f1cb7b4", "patch": "@@ -1,14 +1,14 @@\n-error[E0087]: too many type parameters provided: expected at most 0 type parameters, found 1 type parameter\n-  --> $DIR/trait-test-2.rs:18:14\n+error[E0087]: wrong number of type arguments: expected 0, found 1\n+  --> $DIR/trait-test-2.rs:18:8\n    |\n-LL |     10.dup::<i32>(); //~ ERROR expected at most 0 type parameters, found 1 type parameter\n-   |              ^^^ expected 0 type parameters\n+LL |     10.dup::<i32>(); //~ ERROR wrong number of type arguments: expected 0, found 1\n+   |        ^^^ unexpected type argument\n \n-error[E0087]: too many type parameters provided: expected at most 1 type parameter, found 2 type parameters\n-  --> $DIR/trait-test-2.rs:19:20\n+error[E0087]: wrong number of type arguments: expected 1, found 2\n+  --> $DIR/trait-test-2.rs:19:8\n    |\n-LL |     10.blah::<i32, i32>(); //~ ERROR expected at most 1 type parameter, found 2 type parameters\n-   |                    ^^^ expected 1 type parameter\n+LL |     10.blah::<i32, i32>(); //~ ERROR wrong number of type arguments: expected 1, found 2\n+   |        ^^^^ unexpected type argument\n \n error[E0277]: the trait bound `dyn bar: bar` is not satisfied\n   --> $DIR/trait-test-2.rs:20:26"}, {"sha": "2653b7bf4ac7b839fda5c5dacdbd51874c3a8a90", "filename": "src/test/ui/ufcs/ufcs-qpath-missing-params.stderr", "status": "modified", "additions": 2, "deletions": 2, "changes": 4, "blob_url": "https://github.com/rust-lang/rust/blob/b5c2470ba3a3cb94450a522af34aabd20f1cb7b4/src%2Ftest%2Fui%2Fufcs%2Fufcs-qpath-missing-params.stderr", "raw_url": "https://github.com/rust-lang/rust/raw/b5c2470ba3a3cb94450a522af34aabd20f1cb7b4/src%2Ftest%2Fui%2Fufcs%2Fufcs-qpath-missing-params.stderr", "contents_url": "https://api.github.com/repos/rust-lang/rust/contents/src%2Ftest%2Fui%2Fufcs%2Fufcs-qpath-missing-params.stderr?ref=b5c2470ba3a3cb94450a522af34aabd20f1cb7b4", "patch": "@@ -1,8 +1,8 @@\n-error[E0089]: too few type parameters provided: expected 1 type parameter, found 0 type parameters\n+error[E0089]: wrong number of type arguments: expected 1, found 0\n   --> $DIR/ufcs-qpath-missing-params.rs:24:5\n    |\n LL |     <String as IntoCow>::into_cow(\"foo\".to_string());\n-   |     ^^^^^^^^^^^^^^^^^^^^^^^^^^^^^ expected 1 type parameter\n+   |     ^^^^^^^^^^^^^^^^^^^^^^^^^^^^^ expected 1 type argument\n \n error: aborting due to previous error\n "}, {"sha": "2245c5e66481ee5b21e0f4fa96795d70be3acb4d", "filename": "src/test/ui/unboxed-closures/unboxed-closure-sugar-region.stderr", "status": "modified", "additions": 2, "deletions": 2, "changes": 4, "blob_url": "https://github.com/rust-lang/rust/blob/b5c2470ba3a3cb94450a522af34aabd20f1cb7b4/src%2Ftest%2Fui%2Funboxed-closures%2Funboxed-closure-sugar-region.stderr", "raw_url": "https://github.com/rust-lang/rust/raw/b5c2470ba3a3cb94450a522af34aabd20f1cb7b4/src%2Ftest%2Fui%2Funboxed-closures%2Funboxed-closure-sugar-region.stderr", "contents_url": "https://api.github.com/repos/rust-lang/rust/contents/src%2Ftest%2Fui%2Funboxed-closures%2Funboxed-closure-sugar-region.stderr?ref=b5c2470ba3a3cb94450a522af34aabd20f1cb7b4", "patch": "@@ -1,8 +1,8 @@\n-error[E0107]: wrong number of lifetime parameters: expected 1, found 0\n+error[E0107]: wrong number of lifetime arguments: expected 1, found 0\n   --> $DIR/unboxed-closure-sugar-region.rs:40:43\n    |\n LL | fn test2(x: &Foo<(isize,),Output=()>, y: &Foo(isize)) {\n-   |                                           ^^^^^^^^^^ expected 1 lifetime parameter\n+   |                                           ^^^^^^^^^^ expected 1 lifetime argument\n \n error: aborting due to previous error\n "}, {"sha": "74faa69918e466b56cbd4642cd63b2cbdd03ece1", "filename": "src/test/ui/unboxed-closures/unboxed-closure-sugar-wrong-number-number-type-parameters.stderr", "status": "modified", "additions": 1, "deletions": 1, "changes": 2, "blob_url": "https://github.com/rust-lang/rust/blob/b5c2470ba3a3cb94450a522af34aabd20f1cb7b4/src%2Ftest%2Fui%2Funboxed-closures%2Funboxed-closure-sugar-wrong-number-number-type-parameters.stderr", "raw_url": "https://github.com/rust-lang/rust/raw/b5c2470ba3a3cb94450a522af34aabd20f1cb7b4/src%2Ftest%2Fui%2Funboxed-closures%2Funboxed-closure-sugar-wrong-number-number-type-parameters.stderr", "contents_url": "https://api.github.com/repos/rust-lang/rust/contents/src%2Ftest%2Fui%2Funboxed-closures%2Funboxed-closure-sugar-wrong-number-number-type-parameters.stderr?ref=b5c2470ba3a3cb94450a522af34aabd20f1cb7b4", "patch": "@@ -2,7 +2,7 @@ error[E0244]: wrong number of type arguments: expected 0, found 1\n   --> $DIR/unboxed-closure-sugar-wrong-number-number-type-parameters.rs:15:11\n    |\n LL | fn foo(_: Zero())\n-   |           ^^^^^^ expected no type arguments\n+   |           ^^^^^^ unexpected type argument\n \n error[E0220]: associated type `Output` not found for `Zero`\n   --> $DIR/unboxed-closure-sugar-wrong-number-number-type-parameters.rs:15:15"}]}