{"sha": "d5a2510574c9eb9ab1738a1ef138db4b4840a71c", "node_id": "MDY6Q29tbWl0NzI0NzEyOmQ1YTI1MTA1NzRjOWViOWFiMTczOGExZWYxMzhkYjRiNDg0MGE3MWM=", "commit": {"author": {"name": "Guillaume Gomez", "email": "guillaume1.gomez@gmail.com", "date": "2016-11-01T15:15:52Z"}, "committer": {"name": "GitHub", "email": "noreply@github.com", "date": "2016-11-01T15:15:52Z"}, "message": "Rollup merge of #37484 - pfrenssen:patch-1, r=steveklabnik\n\nUpdate \"Testing\" chapter for 1.12\n\nI followed the \"Testing\" chapter using Rust 1.12.1 but there are some differences. By default the `tests` module is now also generated by `cargo new`, and the console output is updated.", "tree": {"sha": "9ff3618e156bce84b9c6a0936c41b6c480e79f5a", "url": "https://api.github.com/repos/rust-lang/rust/git/trees/9ff3618e156bce84b9c6a0936c41b6c480e79f5a"}, "url": "https://api.github.com/repos/rust-lang/rust/git/commits/d5a2510574c9eb9ab1738a1ef138db4b4840a71c", "comment_count": 0, "verification": {"verified": false, "reason": "unsigned", "signature": null, "payload": null}}, "url": "https://api.github.com/repos/rust-lang/rust/commits/d5a2510574c9eb9ab1738a1ef138db4b4840a71c", "html_url": "https://github.com/rust-lang/rust/commit/d5a2510574c9eb9ab1738a1ef138db4b4840a71c", "comments_url": "https://api.github.com/repos/rust-lang/rust/commits/d5a2510574c9eb9ab1738a1ef138db4b4840a71c/comments", "author": {"login": "GuillaumeGomez", "id": 3050060, "node_id": "MDQ6VXNlcjMwNTAwNjA=", "avatar_url": "https://avatars.githubusercontent.com/u/3050060?v=4", "gravatar_id": "", "url": "https://api.github.com/users/GuillaumeGomez", "html_url": "https://github.com/GuillaumeGomez", "followers_url": "https://api.github.com/users/GuillaumeGomez/followers", "following_url": "https://api.github.com/users/GuillaumeGomez/following{/other_user}", "gists_url": "https://api.github.com/users/GuillaumeGomez/gists{/gist_id}", "starred_url": "https://api.github.com/users/GuillaumeGomez/starred{/owner}{/repo}", "subscriptions_url": "https://api.github.com/users/GuillaumeGomez/subscriptions", "organizations_url": "https://api.github.com/users/GuillaumeGomez/orgs", "repos_url": "https://api.github.com/users/GuillaumeGomez/repos", "events_url": "https://api.github.com/users/GuillaumeGomez/events{/privacy}", "received_events_url": "https://api.github.com/users/GuillaumeGomez/received_events", "type": "User", "site_admin": false}, "committer": {"login": "web-flow", "id": 19864447, "node_id": "MDQ6VXNlcjE5ODY0NDQ3", "avatar_url": "https://avatars.githubusercontent.com/u/19864447?v=4", "gravatar_id": "", "url": "https://api.github.com/users/web-flow", "html_url": "https://github.com/web-flow", "followers_url": "https://api.github.com/users/web-flow/followers", "following_url": "https://api.github.com/users/web-flow/following{/other_user}", "gists_url": "https://api.github.com/users/web-flow/gists{/gist_id}", "starred_url": "https://api.github.com/users/web-flow/starred{/owner}{/repo}", "subscriptions_url": "https://api.github.com/users/web-flow/subscriptions", "organizations_url": "https://api.github.com/users/web-flow/orgs", "repos_url": "https://api.github.com/users/web-flow/repos", "events_url": "https://api.github.com/users/web-flow/events{/privacy}", "received_events_url": "https://api.github.com/users/web-flow/received_events", "type": "User", "site_admin": false}, "parents": [{"sha": "7e805eae8e93f6d54e13ac7ae4ce0e60447d6580", "url": "https://api.github.com/repos/rust-lang/rust/commits/7e805eae8e93f6d54e13ac7ae4ce0e60447d6580", "html_url": "https://github.com/rust-lang/rust/commit/7e805eae8e93f6d54e13ac7ae4ce0e60447d6580"}, {"sha": "956d44fb171aed08c87db60208e7f2c85f8a72fb", "url": "https://api.github.com/repos/rust-lang/rust/commits/956d44fb171aed08c87db60208e7f2c85f8a72fb", "html_url": "https://github.com/rust-lang/rust/commit/956d44fb171aed08c87db60208e7f2c85f8a72fb"}], "stats": {"total": 74, "additions": 39, "deletions": 35}, "files": [{"sha": "0e6cdb8f09ddcdcb6f752f03b5df555695f0d392", "filename": "src/doc/book/testing.md", "status": "modified", "additions": 39, "deletions": 35, "changes": 74, "blob_url": "https://github.com/rust-lang/rust/blob/d5a2510574c9eb9ab1738a1ef138db4b4840a71c/src%2Fdoc%2Fbook%2Ftesting.md", "raw_url": "https://github.com/rust-lang/rust/raw/d5a2510574c9eb9ab1738a1ef138db4b4840a71c/src%2Fdoc%2Fbook%2Ftesting.md", "contents_url": "https://api.github.com/repos/rust-lang/rust/contents/src%2Fdoc%2Fbook%2Ftesting.md?ref=d5a2510574c9eb9ab1738a1ef138db4b4840a71c", "patch": "@@ -24,9 +24,11 @@ Cargo will automatically generate a simple test when you make a new project.\n Here's the contents of `src/lib.rs`:\n \n ```rust\n-# fn main() {}\n-#[test]\n-fn it_works() {\n+#[cfg(test)]\n+mod tests {\n+    #[test]\n+    fn it_works() {\n+    }\n }\n ```\n \n@@ -36,11 +38,11 @@ currently has no body. That's good enough to pass! We can run the tests with\n \n ```bash\n $ cargo test\n-   Compiling adder v0.0.1 (file:///home/you/projects/adder)\n-     Running target/adder-91b3e234d4ed382a\n+   Compiling adder v0.1.0 (file:///home/you/projects/adder)\n+     Running target/debug/deps/adder-91b3e234d4ed382a\n \n running 1 test\n-test it_works ... ok\n+test tests::it_works ... ok\n \n test result: ok. 1 passed; 0 failed; 0 ignored; 0 measured\n \n@@ -56,7 +58,7 @@ for the test we wrote, and another for documentation tests. We'll talk about\n those later. For now, see this line:\n \n ```text\n-test it_works ... ok\n+test tests::it_works ... ok\n ```\n \n Note the `it_works`. This comes from the name of our function:\n@@ -89,31 +91,30 @@ run our tests again:\n \n ```bash\n $ cargo test\n-   Compiling adder v0.0.1 (file:///home/you/projects/adder)\n-     Running target/adder-91b3e234d4ed382a\n+   Compiling adder v0.1.0 (file:///home/you/projects/adder)\n+     Running target/debug/deps/adder-91b3e234d4ed382a\n \n running 1 test\n-test it_works ... FAILED\n+test tests::it_works ... FAILED\n \n failures:\n \n----- it_works stdout ----\n-        thread 'it_works' panicked at 'assertion failed: false', /home/steve/tmp/adder/src/lib.rs:3\n-\n+---- test::it_works stdout ----\n+        thread 'tests::it_works' panicked at 'assertion failed: false', src/lib.rs:5\n \n \n failures:\n-    it_works\n+    tests::it_works\n \n test result: FAILED. 0 passed; 1 failed; 0 ignored; 0 measured\n \n-thread 'main' panicked at 'Some tests failed', /home/steve/src/rust/src/libtest/lib.rs:247\n+error: test failed\n ```\n \n Rust indicates that our test failed:\n \n ```text\n-test it_works ... FAILED\n+test tests::it_works ... FAILED\n ```\n \n And that's reflected in the summary line:\n@@ -159,11 +160,11 @@ This test will now succeed if we `panic!` and fail if we complete. Let's try it:\n \n ```bash\n $ cargo test\n-   Compiling adder v0.0.1 (file:///home/you/projects/adder)\n-     Running target/adder-91b3e234d4ed382a\n+   Compiling adder v0.1.0 (file:///home/you/projects/adder)\n+     Running target/debug/deps/adder-91b3e234d4ed382a\n \n running 1 test\n-test it_works ... ok\n+test tests::it_works ... ok\n \n test result: ok. 1 passed; 0 failed; 0 ignored; 0 measured\n \n@@ -191,11 +192,11 @@ passes:\n \n ```bash\n $ cargo test\n-   Compiling adder v0.0.1 (file:///home/you/projects/adder)\n-     Running target/adder-91b3e234d4ed382a\n+   Compiling adder v0.1.0 (file:///home/you/projects/adder)\n+     Running target/debug/deps/adder-91b3e234d4ed382a\n \n running 1 test\n-test it_works ... ok\n+test tests::it_works ... ok\n \n test result: ok. 1 passed; 0 failed; 0 ignored; 0 measured\n \n@@ -262,8 +263,8 @@ not:\n \n ```bash\n $ cargo test\n-   Compiling adder v0.0.1 (file:///home/you/projects/adder)\n-     Running target/adder-91b3e234d4ed382a\n+   Compiling adder v0.1.0 (file:///home/you/projects/adder)\n+     Running target/debug/deps/adder-91b3e234d4ed382a\n \n running 2 tests\n test expensive_test ... ignored\n@@ -282,7 +283,7 @@ The expensive tests can be run explicitly using `cargo test -- --ignored`:\n \n ```bash\n $ cargo test -- --ignored\n-     Running target/adder-91b3e234d4ed382a\n+     Running target/debug/deps/adder-91b3e234d4ed382a\n \n running 1 test\n test expensive_test ... ok\n@@ -302,8 +303,11 @@ which is why the command is `cargo test -- --ignored`.\n # The `tests` module\n \n There is one way in which our existing example is not idiomatic: it's\n-missing the `tests` module. The idiomatic way of writing our example\n-looks like this:\n+missing the `tests` module. You might have noticed this test module was\n+present in the code that was initially generated with `cargo new` but\n+was missing from our last example. Let's explain what this does.\n+\n+The idiomatic way of writing our example looks like this:\n \n ```rust,ignore\n # fn main() {}\n@@ -356,8 +360,8 @@ Note the different `use` line. Now we run our tests:\n ```bash\n $ cargo test\n     Updating registry `https://github.com/rust-lang/crates.io-index`\n-   Compiling adder v0.0.1 (file:///home/you/projects/adder)\n-     Running target/adder-91b3e234d4ed382a\n+   Compiling adder v0.1.0 (file:///home/you/projects/adder)\n+     Running target/debug/deps/adder-91b3e234d4ed382a\n \n running 1 test\n test tests::it_works ... ok\n@@ -404,15 +408,15 @@ Let's run them:\n \n ```bash\n $ cargo test\n-   Compiling adder v0.0.1 (file:///home/you/projects/adder)\n-     Running target/adder-91b3e234d4ed382a\n+   Compiling adder v0.1.0 (file:///home/you/projects/adder)\n+     Running target/debug/deps/adder-91b3e234d4ed382a\n \n running 1 test\n test tests::it_works ... ok\n \n test result: ok. 1 passed; 0 failed; 0 ignored; 0 measured\n \n-     Running target/lib-c18e7d3494509e74\n+     Running target/debug/integration_test-68064b69521c828a\n \n running 1 test\n test it_works ... ok\n@@ -490,15 +494,15 @@ Let's run the tests again:\n \n ```bash\n $ cargo test\n-   Compiling adder v0.0.1 (file:///home/steve/tmp/adder)\n-     Running target/adder-91b3e234d4ed382a\n+   Compiling adder v0.1.0. (file:///home/you/projects/adder)\n+     Running target/debug/deps/adder-91b3e234d4ed382a\n \n running 1 test\n test tests::it_works ... ok\n \n test result: ok. 1 passed; 0 failed; 0 ignored; 0 measured\n \n-     Running target/lib-c18e7d3494509e74\n+     Running target/debug/integration_test-68064b69521c828a\n \n running 1 test\n test it_works ... ok"}]}