{"sha": "f796fcd623c6e21544accb2315344be176c43e77", "node_id": "MDY6Q29tbWl0NzI0NzEyOmY3OTZmY2Q2MjNjNmUyMTU0NGFjY2IyMzE1MzQ0YmUxNzZjNDNlNzc=", "commit": {"author": {"name": "Esteban K\u00fcber", "email": "esteban@kuber.com.ar", "date": "2017-11-16T06:18:52Z"}, "committer": {"name": "Esteban K\u00fcber", "email": "esteban@kuber.com.ar", "date": "2017-11-16T07:24:58Z"}, "message": "Point to ADT definition when not finding variant, method, assoc type", "tree": {"sha": "f77a956ae3e83373b38243005eb2d7a0021556ac", "url": "https://api.github.com/repos/rust-lang/rust/git/trees/f77a956ae3e83373b38243005eb2d7a0021556ac"}, "url": "https://api.github.com/repos/rust-lang/rust/git/commits/f796fcd623c6e21544accb2315344be176c43e77", "comment_count": 0, "verification": {"verified": false, "reason": "unsigned", "signature": null, "payload": null}}, "url": "https://api.github.com/repos/rust-lang/rust/commits/f796fcd623c6e21544accb2315344be176c43e77", "html_url": "https://github.com/rust-lang/rust/commit/f796fcd623c6e21544accb2315344be176c43e77", "comments_url": "https://api.github.com/repos/rust-lang/rust/commits/f796fcd623c6e21544accb2315344be176c43e77/comments", "author": {"login": "estebank", "id": 1606434, "node_id": "MDQ6VXNlcjE2MDY0MzQ=", "avatar_url": "https://avatars.githubusercontent.com/u/1606434?v=4", "gravatar_id": "", "url": "https://api.github.com/users/estebank", "html_url": "https://github.com/estebank", "followers_url": "https://api.github.com/users/estebank/followers", "following_url": "https://api.github.com/users/estebank/following{/other_user}", "gists_url": "https://api.github.com/users/estebank/gists{/gist_id}", "starred_url": "https://api.github.com/users/estebank/starred{/owner}{/repo}", "subscriptions_url": "https://api.github.com/users/estebank/subscriptions", "organizations_url": "https://api.github.com/users/estebank/orgs", "repos_url": "https://api.github.com/users/estebank/repos", "events_url": "https://api.github.com/users/estebank/events{/privacy}", "received_events_url": "https://api.github.com/users/estebank/received_events", "type": "User", "site_admin": false}, "committer": {"login": "estebank", "id": 1606434, "node_id": "MDQ6VXNlcjE2MDY0MzQ=", "avatar_url": "https://avatars.githubusercontent.com/u/1606434?v=4", "gravatar_id": "", "url": "https://api.github.com/users/estebank", "html_url": "https://github.com/estebank", "followers_url": "https://api.github.com/users/estebank/followers", "following_url": "https://api.github.com/users/estebank/following{/other_user}", "gists_url": "https://api.github.com/users/estebank/gists{/gist_id}", "starred_url": "https://api.github.com/users/estebank/starred{/owner}{/repo}", "subscriptions_url": "https://api.github.com/users/estebank/subscriptions", "organizations_url": "https://api.github.com/users/estebank/orgs", "repos_url": "https://api.github.com/users/estebank/repos", "events_url": "https://api.github.com/users/estebank/events{/privacy}", "received_events_url": "https://api.github.com/users/estebank/received_events", "type": "User", "site_admin": false}, "parents": [{"sha": "6a972cd8558d5952b1093d7f7e525b5fd8b78d06", "url": "https://api.github.com/repos/rust-lang/rust/commits/6a972cd8558d5952b1093d7f7e525b5fd8b78d06", "html_url": "https://github.com/rust-lang/rust/commit/6a972cd8558d5952b1093d7f7e525b5fd8b78d06"}], "stats": {"total": 389, "additions": 285, "deletions": 104}, "files": [{"sha": "78062460584feb33ab2a106cb683b04a1bbc3dd9", "filename": "src/librustc_typeck/check/method/suggest.rs", "status": "modified", "additions": 42, "deletions": 23, "changes": 65, "blob_url": "https://github.com/rust-lang/rust/blob/f796fcd623c6e21544accb2315344be176c43e77/src%2Flibrustc_typeck%2Fcheck%2Fmethod%2Fsuggest.rs", "raw_url": "https://github.com/rust-lang/rust/raw/f796fcd623c6e21544accb2315344be176c43e77/src%2Flibrustc_typeck%2Fcheck%2Fmethod%2Fsuggest.rs", "contents_url": "https://api.github.com/repos/rust-lang/rust/contents/src%2Flibrustc_typeck%2Fcheck%2Fmethod%2Fsuggest.rs?ref=f796fcd623c6e21544accb2315344be176c43e77", "patch": "@@ -175,33 +175,50 @@ impl<'a, 'gcx, 'tcx> FnCtxt<'a, 'gcx, 'tcx> {\n                 let tcx = self.tcx;\n \n                 let actual = self.resolve_type_vars_if_possible(&rcvr_ty);\n+                let ty_string = self.ty_to_string(actual);\n+                let type_str = if mode == Mode::MethodCall {\n+                    \"method\"\n+                } else if actual.is_enum() {\n+                    \"variant\"\n+                } else {\n+                    match (item_name.as_str().chars().next(), actual.is_fresh_ty()) {\n+                        (Some(name), false) if name.is_lowercase() => {\n+                            \"function or associated item\"\n+                        }\n+                        (Some(_), false) => \"associated item\",\n+                        (Some(_), true) | (None, false) => {\n+                            \"variant or associated item\"\n+                        }\n+                        (None, true) => \"variant\",\n+                    }\n+                };\n                 let mut err = if !actual.references_error() {\n-                    struct_span_err!(tcx.sess, span, E0599,\n-                                     \"no {} named `{}` found for type `{}` in the \\\n-                                      current scope\",\n-                                     if mode == Mode::MethodCall {\n-                                         \"method\"\n-                                     } else if actual.is_enum() {\n-                                         \"variant\"\n-                                     } else {\n-                                         let fresh_ty = actual.is_fresh_ty();\n-                                         match (item_name.as_str().chars().next(), fresh_ty) {\n-                                             (Some(name), false) if name.is_lowercase() => {\n-                                                 \"function or associated item\"\n-                                             }\n-                                             (Some(_), false) => \"associated item\",\n-                                             (Some(_), true) | (None, false) => {\n-                                                 \"variant or associated item\"\n-                                             }\n-                                             (None, true) => \"variant\",\n-                                         }\n-                                     },\n-                                     item_name,\n-                                     self.ty_to_string(actual))\n+                    struct_span_err!(\n+                        tcx.sess,\n+                        span,\n+                        E0599,\n+                        \"no {} named `{}` found for type `{}` in the current scope\",\n+                        type_str,\n+                        item_name,\n+                        ty_string\n+                    )\n                 } else {\n-                    self.tcx.sess.diagnostic().struct_dummy()\n+                    tcx.sess.diagnostic().struct_dummy()\n                 };\n \n+                if let Some(def) =  actual.ty_adt_def() {\n+                    let full_sp = tcx.def_span(def.did);\n+                    let def_sp = tcx.sess.codemap().def_span(full_sp);\n+                    err.span_label(def_sp, format!(\"{} `{}` not found {}\",\n+                                                   type_str,\n+                                                   item_name,\n+                                                   if def.is_enum() {\n+                                                       \"here\"\n+                                                   } else {\n+                                                       \"for this\"\n+                                                   }));\n+                }\n+\n                 // If the method name is the name of a field with a function or closure type,\n                 // give a helping note that it has to be called as (x.f)(...).\n                 if let Some(expr) = rcvr_expr {\n@@ -243,6 +260,8 @@ impl<'a, 'gcx, 'tcx> FnCtxt<'a, 'gcx, 'tcx> {\n                             _ => {}\n                         }\n                     }\n+                } else {\n+                    err.span_label(span, format!(\"{} not found in `{}`\", type_str, ty_string));\n                 }\n \n                 if self.is_fn_ty(&rcvr_ty, span) {"}, {"sha": "b592457fb4aff4339a9ae9779585a60ee0016983", "filename": "src/test/compile-fail/bogus-tag.rs", "status": "modified", "additions": 1, "deletions": 0, "changes": 1, "blob_url": "https://github.com/rust-lang/rust/blob/f796fcd623c6e21544accb2315344be176c43e77/src%2Ftest%2Fcompile-fail%2Fbogus-tag.rs", "raw_url": "https://github.com/rust-lang/rust/raw/f796fcd623c6e21544accb2315344be176c43e77/src%2Ftest%2Fcompile-fail%2Fbogus-tag.rs", "contents_url": "https://api.github.com/repos/rust-lang/rust/contents/src%2Ftest%2Fcompile-fail%2Fbogus-tag.rs?ref=f796fcd623c6e21544accb2315344be176c43e77", "patch": "@@ -10,6 +10,7 @@\n \n \n enum color { rgb(isize, isize, isize), rgba(isize, isize, isize, isize), }\n+//~^ NOTE variant `hsl` not found here\n \n fn main() {\n     let red: color = color::rgb(255, 0, 0);"}, {"sha": "9b070f03bc0f6d047bb8e18c48fe20be1ce0e58e", "filename": "src/test/compile-fail/issue-22933-2.rs", "status": "modified", "additions": 1, "deletions": 1, "changes": 2, "blob_url": "https://github.com/rust-lang/rust/blob/f796fcd623c6e21544accb2315344be176c43e77/src%2Ftest%2Fcompile-fail%2Fissue-22933-2.rs", "raw_url": "https://github.com/rust-lang/rust/raw/f796fcd623c6e21544accb2315344be176c43e77/src%2Ftest%2Fcompile-fail%2Fissue-22933-2.rs", "contents_url": "https://api.github.com/repos/rust-lang/rust/contents/src%2Ftest%2Fcompile-fail%2Fissue-22933-2.rs?ref=f796fcd623c6e21544accb2315344be176c43e77", "patch": "@@ -8,7 +8,7 @@\n // option. This file may not be copied, modified, or distributed\n // except according to those terms.\n \n-enum Delicious {\n+enum Delicious { //~ NOTE variant `PIE` not found here\n     Pie      = 0x1,\n     Apple    = 0x2,\n     ApplePie = Delicious::Apple as isize | Delicious::PIE as isize,"}, {"sha": "08e9eaa68aba23a0dfa80b7be58d94ce31857272", "filename": "src/test/compile-fail/issue-23173.rs", "status": "modified", "additions": 1, "deletions": 0, "changes": 1, "blob_url": "https://github.com/rust-lang/rust/blob/f796fcd623c6e21544accb2315344be176c43e77/src%2Ftest%2Fcompile-fail%2Fissue-23173.rs", "raw_url": "https://github.com/rust-lang/rust/raw/f796fcd623c6e21544accb2315344be176c43e77/src%2Ftest%2Fcompile-fail%2Fissue-23173.rs", "contents_url": "https://api.github.com/repos/rust-lang/rust/contents/src%2Ftest%2Fcompile-fail%2Fissue-23173.rs?ref=f796fcd623c6e21544accb2315344be176c43e77", "patch": "@@ -9,6 +9,7 @@\n // except according to those terms.\n \n enum Token { LeftParen, RightParen, Plus, Minus, /* etc */ }\n+//~^ NOTE variant `Homura` not found here\n \n fn use_token(token: &Token) { unimplemented!() }\n "}, {"sha": "a1740bb681d66deef40803a795a20fe9da3ffade", "filename": "src/test/compile-fail/issue-23217.rs", "status": "modified", "additions": 1, "deletions": 1, "changes": 2, "blob_url": "https://github.com/rust-lang/rust/blob/f796fcd623c6e21544accb2315344be176c43e77/src%2Ftest%2Fcompile-fail%2Fissue-23217.rs", "raw_url": "https://github.com/rust-lang/rust/raw/f796fcd623c6e21544accb2315344be176c43e77/src%2Ftest%2Fcompile-fail%2Fissue-23217.rs", "contents_url": "https://api.github.com/repos/rust-lang/rust/contents/src%2Ftest%2Fcompile-fail%2Fissue-23217.rs?ref=f796fcd623c6e21544accb2315344be176c43e77", "patch": "@@ -8,7 +8,7 @@\n // option. This file may not be copied, modified, or distributed\n // except according to those terms.\n \n-pub enum SomeEnum {\n+pub enum SomeEnum { //~ NOTE variant `A` not found here\n     B = SomeEnum::A,\n     //~^ ERROR no variant named `A` found for type `SomeEnum`\n }"}, {"sha": "f5ad8840ebb031d5f447e5b3e3a3bdeee35ac730", "filename": "src/test/compile-fail/issue-28971.rs", "status": "modified", "additions": 1, "deletions": 1, "changes": 2, "blob_url": "https://github.com/rust-lang/rust/blob/f796fcd623c6e21544accb2315344be176c43e77/src%2Ftest%2Fcompile-fail%2Fissue-28971.rs", "raw_url": "https://github.com/rust-lang/rust/raw/f796fcd623c6e21544accb2315344be176c43e77/src%2Ftest%2Fcompile-fail%2Fissue-28971.rs", "contents_url": "https://api.github.com/repos/rust-lang/rust/contents/src%2Ftest%2Fcompile-fail%2Fissue-28971.rs?ref=f796fcd623c6e21544accb2315344be176c43e77", "patch": "@@ -10,7 +10,7 @@\n \n // This should not cause an ICE\n \n-enum Foo {\n+enum Foo { //~ NOTE variant `Baz` not found here\n     Bar(u8)\n }\n fn main(){"}, {"sha": "297694568493deb8814cb0be0f9a387ce081b672", "filename": "src/test/ui/impl-trait/issue-21659-show-relevant-trait-impls-3.stderr", "status": "modified", "additions": 3, "deletions": 0, "changes": 3, "blob_url": "https://github.com/rust-lang/rust/blob/f796fcd623c6e21544accb2315344be176c43e77/src%2Ftest%2Fui%2Fimpl-trait%2Fissue-21659-show-relevant-trait-impls-3.stderr", "raw_url": "https://github.com/rust-lang/rust/raw/f796fcd623c6e21544accb2315344be176c43e77/src%2Ftest%2Fui%2Fimpl-trait%2Fissue-21659-show-relevant-trait-impls-3.stderr", "contents_url": "https://api.github.com/repos/rust-lang/rust/contents/src%2Ftest%2Fui%2Fimpl-trait%2Fissue-21659-show-relevant-trait-impls-3.stderr?ref=f796fcd623c6e21544accb2315344be176c43e77", "patch": "@@ -1,6 +1,9 @@\n error[E0599]: no method named `foo` found for type `Bar` in the current scope\n   --> $DIR/issue-21659-show-relevant-trait-impls-3.rs:30:8\n    |\n+23 | struct Bar;\n+   | ----------- method `foo` not found for this\n+...\n 30 |     f1.foo(1usize);\n    |        ^^^\n    |"}, {"sha": "52d3931011a7749a224a65f4309f739d4a2687d9", "filename": "src/test/ui/impl-trait/method-suggestion-no-duplication.stderr", "status": "modified", "additions": 3, "deletions": 0, "changes": 3, "blob_url": "https://github.com/rust-lang/rust/blob/f796fcd623c6e21544accb2315344be176c43e77/src%2Ftest%2Fui%2Fimpl-trait%2Fmethod-suggestion-no-duplication.stderr", "raw_url": "https://github.com/rust-lang/rust/raw/f796fcd623c6e21544accb2315344be176c43e77/src%2Ftest%2Fui%2Fimpl-trait%2Fmethod-suggestion-no-duplication.stderr", "contents_url": "https://api.github.com/repos/rust-lang/rust/contents/src%2Ftest%2Fui%2Fimpl-trait%2Fmethod-suggestion-no-duplication.stderr?ref=f796fcd623c6e21544accb2315344be176c43e77", "patch": "@@ -1,6 +1,9 @@\n error[E0599]: no method named `is_empty` found for type `Foo` in the current scope\n   --> $DIR/method-suggestion-no-duplication.rs:19:15\n    |\n+14 | struct Foo;\n+   | ----------- method `is_empty` not found for this\n+...\n 19 |     foo(|s| s.is_empty());\n    |               ^^^^^^^^\n    |"}, {"sha": "55d93a6c328851f6d5c131afde718047aebf75cf", "filename": "src/test/ui/impl-trait/no-method-suggested-traits.stderr", "status": "modified", "additions": 144, "deletions": 56, "changes": 200, "blob_url": "https://github.com/rust-lang/rust/blob/f796fcd623c6e21544accb2315344be176c43e77/src%2Ftest%2Fui%2Fimpl-trait%2Fno-method-suggested-traits.stderr", "raw_url": "https://github.com/rust-lang/rust/raw/f796fcd623c6e21544accb2315344be176c43e77/src%2Ftest%2Fui%2Fimpl-trait%2Fno-method-suggested-traits.stderr", "contents_url": "https://api.github.com/repos/rust-lang/rust/contents/src%2Ftest%2Fui%2Fimpl-trait%2Fno-method-suggested-traits.stderr?ref=f796fcd623c6e21544accb2315344be176c43e77", "patch": "@@ -12,17 +12,22 @@ error[E0599]: no method named `method` found for type `u32` in the current scope\n            candidate #4: `use no_method_suggested_traits::Reexported;`\n \n error[E0599]: no method named `method` found for type `std::rc::Rc<&mut std::boxed::Box<&u32>>` in the current scope\n-  --> $DIR/no-method-suggested-traits.rs:38:44\n-   |\n-38 |     std::rc::Rc::new(&mut Box::new(&1u32)).method();\n-   |                                            ^^^^^^\n-   |\n-   = help: items from traits can only be used if the trait is in scope\n-   = note: the following traits are implemented but not in scope, perhaps add a `use` for one of them:\n-           candidate #1: `use foo::Bar;`\n-           candidate #2: `use no_method_suggested_traits::foo::PubPub;`\n-           candidate #3: `use no_method_suggested_traits::qux::PrivPub;`\n-           candidate #4: `use no_method_suggested_traits::Reexported;`\n+   --> $DIR/no-method-suggested-traits.rs:38:44\n+    |\n+38  |     std::rc::Rc::new(&mut Box::new(&1u32)).method();\n+    |                                            ^^^^^^\n+    | \n+   ::: /checkout/src/liballoc/rc.rs\n+    |\n+284 | pub struct Rc<T: ?Sized> {\n+    | ------------------------ method `method` not found for this\n+    |\n+    = help: items from traits can only be used if the trait is in scope\n+    = note: the following traits are implemented but not in scope, perhaps add a `use` for one of them:\n+            candidate #1: `use foo::Bar;`\n+            candidate #2: `use no_method_suggested_traits::foo::PubPub;`\n+            candidate #3: `use no_method_suggested_traits::qux::PrivPub;`\n+            candidate #4: `use no_method_suggested_traits::Reexported;`\n \n error[E0599]: no method named `method` found for type `char` in the current scope\n   --> $DIR/no-method-suggested-traits.rs:44:9\n@@ -35,14 +40,19 @@ error[E0599]: no method named `method` found for type `char` in the current scop\n            candidate #1: `use foo::Bar;`\n \n error[E0599]: no method named `method` found for type `std::rc::Rc<&mut std::boxed::Box<&char>>` in the current scope\n-  --> $DIR/no-method-suggested-traits.rs:48:43\n-   |\n-48 |     std::rc::Rc::new(&mut Box::new(&'a')).method();\n-   |                                           ^^^^^^\n-   |\n-   = help: items from traits can only be used if the trait is in scope\n-   = note: the following trait is implemented but not in scope, perhaps add a `use` for it:\n-           candidate #1: `use foo::Bar;`\n+   --> $DIR/no-method-suggested-traits.rs:48:43\n+    |\n+48  |     std::rc::Rc::new(&mut Box::new(&'a')).method();\n+    |                                           ^^^^^^\n+    | \n+   ::: /checkout/src/liballoc/rc.rs\n+    |\n+284 | pub struct Rc<T: ?Sized> {\n+    | ------------------------ method `method` not found for this\n+    |\n+    = help: items from traits can only be used if the trait is in scope\n+    = note: the following trait is implemented but not in scope, perhaps add a `use` for it:\n+            candidate #1: `use foo::Bar;`\n \n error[E0599]: no method named `method` found for type `i32` in the current scope\n   --> $DIR/no-method-suggested-traits.rs:53:10\n@@ -55,18 +65,25 @@ error[E0599]: no method named `method` found for type `i32` in the current scope\n            candidate #1: `use no_method_suggested_traits::foo::PubPub;`\n \n error[E0599]: no method named `method` found for type `std::rc::Rc<&mut std::boxed::Box<&i32>>` in the current scope\n-  --> $DIR/no-method-suggested-traits.rs:57:44\n-   |\n-57 |     std::rc::Rc::new(&mut Box::new(&1i32)).method();\n-   |                                            ^^^^^^\n-   |\n-   = help: items from traits can only be used if the trait is in scope\n-   = note: the following trait is implemented but not in scope, perhaps add a `use` for it:\n-           candidate #1: `use no_method_suggested_traits::foo::PubPub;`\n+   --> $DIR/no-method-suggested-traits.rs:57:44\n+    |\n+57  |     std::rc::Rc::new(&mut Box::new(&1i32)).method();\n+    | \n+   ::: /checkout/src/liballoc/rc.rs\n+    |\n+284 | pub struct Rc<T: ?Sized> {\n+    | ------------------------ method `method` not found for this\n+    |\n+    = help: items from traits can only be used if the trait is in scope\n+    = note: the following trait is implemented but not in scope, perhaps add a `use` for it:\n+            candidate #1: `use no_method_suggested_traits::foo::PubPub;`\n \n error[E0599]: no method named `method` found for type `Foo` in the current scope\n   --> $DIR/no-method-suggested-traits.rs:62:9\n    |\n+14 | struct Foo;\n+   | ----------- method `method` not found for this\n+...\n 62 |     Foo.method();\n    |         ^^^^^^\n    |\n@@ -80,19 +97,24 @@ error[E0599]: no method named `method` found for type `Foo` in the current scope\n            candidate #6: `no_method_suggested_traits::Reexported`\n \n error[E0599]: no method named `method` found for type `std::rc::Rc<&mut std::boxed::Box<&Foo>>` in the current scope\n-  --> $DIR/no-method-suggested-traits.rs:71:43\n-   |\n-71 |     std::rc::Rc::new(&mut Box::new(&Foo)).method();\n-   |                                           ^^^^^^\n-   |\n-   = help: items from traits can only be used if the trait is implemented and in scope\n-   = note: the following traits define an item `method`, perhaps you need to implement one of them:\n-           candidate #1: `foo::Bar`\n-           candidate #2: `no_method_suggested_traits::foo::PubPub`\n-           candidate #3: `no_method_suggested_traits::bar::PubPriv`\n-           candidate #4: `no_method_suggested_traits::qux::PrivPub`\n-           candidate #5: `no_method_suggested_traits::quz::PrivPriv`\n-           candidate #6: `no_method_suggested_traits::Reexported`\n+   --> $DIR/no-method-suggested-traits.rs:71:43\n+    |\n+71  |     std::rc::Rc::new(&mut Box::new(&Foo)).method();\n+    |                                           ^^^^^^\n+    | \n+   ::: /checkout/src/liballoc/rc.rs\n+    |\n+284 | pub struct Rc<T: ?Sized> {\n+    | ------------------------ method `method` not found for this\n+    |\n+    = help: items from traits can only be used if the trait is implemented and in scope\n+    = note: the following traits define an item `method`, perhaps you need to implement one of them:\n+            candidate #1: `foo::Bar`\n+            candidate #2: `no_method_suggested_traits::foo::PubPub`\n+            candidate #3: `no_method_suggested_traits::bar::PubPriv`\n+            candidate #4: `no_method_suggested_traits::qux::PrivPub`\n+            candidate #5: `no_method_suggested_traits::quz::PrivPriv`\n+            candidate #6: `no_method_suggested_traits::Reexported`\n \n error[E0599]: no method named `method2` found for type `u64` in the current scope\n   --> $DIR/no-method-suggested-traits.rs:81:10\n@@ -105,40 +127,60 @@ error[E0599]: no method named `method2` found for type `u64` in the current scop\n            candidate #1: `foo::Bar`\n \n error[E0599]: no method named `method2` found for type `std::rc::Rc<&mut std::boxed::Box<&u64>>` in the current scope\n-  --> $DIR/no-method-suggested-traits.rs:85:44\n-   |\n-85 |     std::rc::Rc::new(&mut Box::new(&1u64)).method2();\n-   |                                            ^^^^^^^\n-   |\n-   = help: items from traits can only be used if the trait is implemented and in scope\n-   = note: the following trait defines an item `method2`, perhaps you need to implement it:\n-           candidate #1: `foo::Bar`\n+   --> $DIR/no-method-suggested-traits.rs:85:44\n+    |\n+85  |     std::rc::Rc::new(&mut Box::new(&1u64)).method2();\n+    |                                            ^^^^^^^\n+    | \n+   ::: /checkout/src/liballoc/rc.rs\n+    |\n+284 | pub struct Rc<T: ?Sized> {\n+    | ------------------------ method `method2` not found for this\n+    |\n+    = help: items from traits can only be used if the trait is implemented and in scope\n+    = note: the following trait defines an item `method2`, perhaps you need to implement it:\n+            candidate #1: `foo::Bar`\n \n error[E0599]: no method named `method2` found for type `no_method_suggested_traits::Foo` in the current scope\n   --> $DIR/no-method-suggested-traits.rs:90:37\n    |\n 90 |     no_method_suggested_traits::Foo.method2();\n    |                                     ^^^^^^^\n+   | \n+  ::: $DIR/auxiliary/no_method_suggested_traits.rs\n+   |\n+13 | pub struct Foo;\n+   | --------------- method `method2` not found for this\n    |\n    = help: items from traits can only be used if the trait is implemented and in scope\n    = note: the following trait defines an item `method2`, perhaps you need to implement it:\n            candidate #1: `foo::Bar`\n \n error[E0599]: no method named `method2` found for type `std::rc::Rc<&mut std::boxed::Box<&no_method_suggested_traits::Foo>>` in the current scope\n-  --> $DIR/no-method-suggested-traits.rs:94:71\n-   |\n-94 |     std::rc::Rc::new(&mut Box::new(&no_method_suggested_traits::Foo)).method2();\n-   |                                                                       ^^^^^^^\n-   |\n-   = help: items from traits can only be used if the trait is implemented and in scope\n-   = note: the following trait defines an item `method2`, perhaps you need to implement it:\n-           candidate #1: `foo::Bar`\n+   --> $DIR/no-method-suggested-traits.rs:94:71\n+    |\n+94  |     std::rc::Rc::new(&mut Box::new(&no_method_suggested_traits::Foo)).method2();\n+    |                                                                       ^^^^^^^\n+    | \n+   ::: /checkout/src/liballoc/rc.rs\n+    |\n+284 | pub struct Rc<T: ?Sized> {\n+    | ------------------------ method `method2` not found for this\n+    |\n+    = help: items from traits can only be used if the trait is implemented and in scope\n+    = note: the following trait defines an item `method2`, perhaps you need to implement it:\n+            candidate #1: `foo::Bar`\n \n error[E0599]: no method named `method2` found for type `no_method_suggested_traits::Bar` in the current scope\n   --> $DIR/no-method-suggested-traits.rs:98:40\n    |\n 98 |     no_method_suggested_traits::Bar::X.method2();\n    |                                        ^^^^^^^\n+   | \n+  ::: $DIR/auxiliary/no_method_suggested_traits.rs\n+   |\n+14 | pub enum Bar { X }\n+   | ------------ method `method2` not found here\n    |\n    = help: items from traits can only be used if the trait is implemented and in scope\n    = note: the following trait defines an item `method2`, perhaps you need to implement it:\n@@ -149,6 +191,11 @@ error[E0599]: no method named `method2` found for type `std::rc::Rc<&mut std::bo\n     |\n 102 |     std::rc::Rc::new(&mut Box::new(&no_method_suggested_traits::Bar::X)).method2();\n     |                                                                          ^^^^^^^\n+    | \n+   ::: /checkout/src/liballoc/rc.rs\n+    |\n+284 | pub struct Rc<T: ?Sized> {\n+    | ------------------------ method `method2` not found for this\n     |\n     = help: items from traits can only be used if the trait is implemented and in scope\n     = note: the following trait defines an item `method2`, perhaps you need to implement it:\n@@ -157,6 +204,9 @@ error[E0599]: no method named `method2` found for type `std::rc::Rc<&mut std::bo\n error[E0599]: no method named `method3` found for type `Foo` in the current scope\n    --> $DIR/no-method-suggested-traits.rs:107:9\n     |\n+14  | struct Foo;\n+    | ----------- method `method3` not found for this\n+...\n 107 |     Foo.method3();\n     |         ^^^^^^^\n     |\n@@ -169,6 +219,11 @@ error[E0599]: no method named `method3` found for type `std::rc::Rc<&mut std::bo\n     |\n 111 |     std::rc::Rc::new(&mut Box::new(&Foo)).method3();\n     |                                           ^^^^^^^\n+    | \n+   ::: /checkout/src/liballoc/rc.rs\n+    |\n+284 | pub struct Rc<T: ?Sized> {\n+    | ------------------------ method `method3` not found for this\n     |\n     = help: items from traits can only be used if the trait is implemented and in scope\n     = note: the following trait defines an item `method3`, perhaps you need to implement it:\n@@ -177,6 +232,9 @@ error[E0599]: no method named `method3` found for type `std::rc::Rc<&mut std::bo\n error[E0599]: no method named `method3` found for type `Bar` in the current scope\n    --> $DIR/no-method-suggested-traits.rs:115:12\n     |\n+15  | enum Bar { X }\n+    | -------- method `method3` not found here\n+...\n 115 |     Bar::X.method3();\n     |            ^^^^^^^\n     |\n@@ -189,6 +247,11 @@ error[E0599]: no method named `method3` found for type `std::rc::Rc<&mut std::bo\n     |\n 119 |     std::rc::Rc::new(&mut Box::new(&Bar::X)).method3();\n     |                                              ^^^^^^^\n+    | \n+   ::: /checkout/src/liballoc/rc.rs\n+    |\n+284 | pub struct Rc<T: ?Sized> {\n+    | ------------------------ method `method3` not found for this\n     |\n     = help: items from traits can only be used if the trait is implemented and in scope\n     = note: the following trait defines an item `method3`, perhaps you need to implement it:\n@@ -205,30 +268,55 @@ error[E0599]: no method named `method3` found for type `std::rc::Rc<&mut std::bo\n     |\n 126 |     std::rc::Rc::new(&mut Box::new(&1_usize)).method3(); //~ ERROR no method named\n     |                                               ^^^^^^^\n+    | \n+   ::: /checkout/src/liballoc/rc.rs\n+    |\n+284 | pub struct Rc<T: ?Sized> {\n+    | ------------------------ method `method3` not found for this\n \n error[E0599]: no method named `method3` found for type `no_method_suggested_traits::Foo` in the current scope\n    --> $DIR/no-method-suggested-traits.rs:127:37\n     |\n 127 |     no_method_suggested_traits::Foo.method3();  //~ ERROR no method named\n     |                                     ^^^^^^^\n+    | \n+   ::: $DIR/auxiliary/no_method_suggested_traits.rs\n+    |\n+13  | pub struct Foo;\n+    | --------------- method `method3` not found for this\n \n error[E0599]: no method named `method3` found for type `std::rc::Rc<&mut std::boxed::Box<&no_method_suggested_traits::Foo>>` in the current scope\n    --> $DIR/no-method-suggested-traits.rs:128:71\n     |\n 128 |     std::rc::Rc::new(&mut Box::new(&no_method_suggested_traits::Foo)).method3();\n     |                                                                       ^^^^^^^\n+    | \n+   ::: /checkout/src/liballoc/rc.rs\n+    |\n+284 | pub struct Rc<T: ?Sized> {\n+    | ------------------------ method `method3` not found for this\n \n error[E0599]: no method named `method3` found for type `no_method_suggested_traits::Bar` in the current scope\n    --> $DIR/no-method-suggested-traits.rs:130:40\n     |\n 130 |     no_method_suggested_traits::Bar::X.method3();  //~ ERROR no method named\n     |                                        ^^^^^^^\n+    | \n+   ::: $DIR/auxiliary/no_method_suggested_traits.rs\n+    |\n+14  | pub enum Bar { X }\n+    | ------------ method `method3` not found here\n \n error[E0599]: no method named `method3` found for type `std::rc::Rc<&mut std::boxed::Box<&no_method_suggested_traits::Bar>>` in the current scope\n    --> $DIR/no-method-suggested-traits.rs:131:74\n     |\n 131 |     std::rc::Rc::new(&mut Box::new(&no_method_suggested_traits::Bar::X)).method3();\n     |                                                                          ^^^^^^^\n+    | \n+   ::: /checkout/src/liballoc/rc.rs\n+    |\n+284 | pub struct Rc<T: ?Sized> {\n+    | ------------------------ method `method3` not found for this\n \n error: aborting due to 24 previous errors\n "}, {"sha": "1d4558cad6717ed8be652093edc02b9e0ee9e089", "filename": "src/test/ui/method-call-err-msg.stderr", "status": "modified", "additions": 3, "deletions": 0, "changes": 3, "blob_url": "https://github.com/rust-lang/rust/blob/f796fcd623c6e21544accb2315344be176c43e77/src%2Ftest%2Fui%2Fmethod-call-err-msg.stderr", "raw_url": "https://github.com/rust-lang/rust/raw/f796fcd623c6e21544accb2315344be176c43e77/src%2Ftest%2Fui%2Fmethod-call-err-msg.stderr", "contents_url": "https://api.github.com/repos/rust-lang/rust/contents/src%2Ftest%2Fui%2Fmethod-call-err-msg.stderr?ref=f796fcd623c6e21544accb2315344be176c43e77", "patch": "@@ -28,6 +28,9 @@ error[E0061]: this function takes 2 parameters but 1 parameter was supplied\n error[E0599]: no method named `take` found for type `Foo` in the current scope\n   --> $DIR/method-call-err-msg.rs:34:7\n    |\n+13 | pub struct Foo;\n+   | --------------- method `take` not found for this\n+...\n 34 |      .take()    //~ ERROR no method named `take` found for type `Foo` in the current scope\n    |       ^^^^\n    |"}, {"sha": "1d50f809c3b12398c2bf190098568ef4efef40fc", "filename": "src/test/ui/mismatched_types/issue-36053-2.stderr", "status": "modified", "additions": 13, "deletions": 8, "changes": 21, "blob_url": "https://github.com/rust-lang/rust/blob/f796fcd623c6e21544accb2315344be176c43e77/src%2Ftest%2Fui%2Fmismatched_types%2Fissue-36053-2.stderr", "raw_url": "https://github.com/rust-lang/rust/raw/f796fcd623c6e21544accb2315344be176c43e77/src%2Ftest%2Fui%2Fmismatched_types%2Fissue-36053-2.stderr", "contents_url": "https://api.github.com/repos/rust-lang/rust/contents/src%2Ftest%2Fui%2Fmismatched_types%2Fissue-36053-2.stderr?ref=f796fcd623c6e21544accb2315344be176c43e77", "patch": "@@ -1,12 +1,17 @@\n error[E0599]: no method named `count` found for type `std::iter::Filter<std::iter::Fuse<std::iter::Once<&str>>, [closure@$DIR/issue-36053-2.rs:17:39: 17:53]>` in the current scope\n-  --> $DIR/issue-36053-2.rs:17:55\n-   |\n-17 |     once::<&str>(\"str\").fuse().filter(|a: &str| true).count();\n-   |                                                       ^^^^^\n-   |\n-   = note: the method `count` exists but the following trait bounds were not satisfied:\n-           `std::iter::Filter<std::iter::Fuse<std::iter::Once<&str>>, [closure@$DIR/issue-36053-2.rs:17:39: 17:53]> : std::iter::Iterator`\n-           `&mut std::iter::Filter<std::iter::Fuse<std::iter::Once<&str>>, [closure@$DIR/issue-36053-2.rs:17:39: 17:53]> : std::iter::Iterator`\n+    --> $DIR/issue-36053-2.rs:17:55\n+     |\n+17   |     once::<&str>(\"str\").fuse().filter(|a: &str| true).count();\n+     |                                                       ^^^^^\n+     | \n+    ::: /checkout/src/libcore/iter/mod.rs\n+     |\n+1200 | pub struct Filter<I, P> {\n+     | ----------------------- method `count` not found for this\n+     |\n+     = note: the method `count` exists but the following trait bounds were not satisfied:\n+             `std::iter::Filter<std::iter::Fuse<std::iter::Once<&str>>, [closure@$DIR/issue-36053-2.rs:17:39: 17:53]> : std::iter::Iterator`\n+             `&mut std::iter::Filter<std::iter::Fuse<std::iter::Once<&str>>, [closure@$DIR/issue-36053-2.rs:17:39: 17:53]> : std::iter::Iterator`\n \n error[E0631]: type mismatch in closure arguments\n   --> $DIR/issue-36053-2.rs:17:32"}, {"sha": "7469ec96b39dd0da52017770b3cdad8941cee2b3", "filename": "src/test/ui/mismatched_types/method-help-unsatisfied-bound.stderr", "status": "modified", "additions": 12, "deletions": 7, "changes": 19, "blob_url": "https://github.com/rust-lang/rust/blob/f796fcd623c6e21544accb2315344be176c43e77/src%2Ftest%2Fui%2Fmismatched_types%2Fmethod-help-unsatisfied-bound.stderr", "raw_url": "https://github.com/rust-lang/rust/raw/f796fcd623c6e21544accb2315344be176c43e77/src%2Ftest%2Fui%2Fmismatched_types%2Fmethod-help-unsatisfied-bound.stderr", "contents_url": "https://api.github.com/repos/rust-lang/rust/contents/src%2Ftest%2Fui%2Fmismatched_types%2Fmethod-help-unsatisfied-bound.stderr?ref=f796fcd623c6e21544accb2315344be176c43e77", "patch": "@@ -1,11 +1,16 @@\n error[E0599]: no method named `unwrap` found for type `std::result::Result<(), Foo>` in the current scope\n-  --> $DIR/method-help-unsatisfied-bound.rs:15:7\n-   |\n-15 |     a.unwrap();\n-   |       ^^^^^^\n-   |\n-   = note: the method `unwrap` exists but the following trait bounds were not satisfied:\n-           `Foo : std::fmt::Debug`\n+   --> $DIR/method-help-unsatisfied-bound.rs:15:7\n+    |\n+15  |     a.unwrap();\n+    |       ^^^^^^\n+    | \n+   ::: /checkout/src/libcore/result.rs\n+    |\n+256 | pub enum Result<T, E> {\n+    | --------------------- method `unwrap` not found here\n+    |\n+    = note: the method `unwrap` exists but the following trait bounds were not satisfied:\n+            `Foo : std::fmt::Debug`\n \n error: aborting due to previous error\n "}, {"sha": "4a83b606dccd9758183af4d23f543fe49f859217", "filename": "src/test/ui/rfc-2005-default-binding-mode/no-double-error.stderr", "status": "modified", "additions": 1, "deletions": 1, "changes": 2, "blob_url": "https://github.com/rust-lang/rust/blob/f796fcd623c6e21544accb2315344be176c43e77/src%2Ftest%2Fui%2Frfc-2005-default-binding-mode%2Fno-double-error.stderr", "raw_url": "https://github.com/rust-lang/rust/raw/f796fcd623c6e21544accb2315344be176c43e77/src%2Ftest%2Fui%2Frfc-2005-default-binding-mode%2Fno-double-error.stderr", "contents_url": "https://api.github.com/repos/rust-lang/rust/contents/src%2Ftest%2Fui%2Frfc-2005-default-binding-mode%2Fno-double-error.stderr?ref=f796fcd623c6e21544accb2315344be176c43e77", "patch": "@@ -2,7 +2,7 @@ error[E0599]: no associated item named `XXX` found for type `u32` in the current\n   --> $DIR/no-double-error.rs:18:9\n    |\n 18 |         u32::XXX => { }\n-   |         ^^^^^^^^\n+   |         ^^^^^^^^ associated item not found in `u32`\n \n error: aborting due to previous error\n "}, {"sha": "9b248f49e08b8fe8fc171c2e01f4d2319f04dfbc", "filename": "src/test/ui/span/issue-7575.stderr", "status": "modified", "additions": 3, "deletions": 0, "changes": 3, "blob_url": "https://github.com/rust-lang/rust/blob/f796fcd623c6e21544accb2315344be176c43e77/src%2Ftest%2Fui%2Fspan%2Fissue-7575.stderr", "raw_url": "https://github.com/rust-lang/rust/raw/f796fcd623c6e21544accb2315344be176c43e77/src%2Ftest%2Fui%2Fspan%2Fissue-7575.stderr", "contents_url": "https://api.github.com/repos/rust-lang/rust/contents/src%2Ftest%2Fui%2Fspan%2Fissue-7575.stderr?ref=f796fcd623c6e21544accb2315344be176c43e77", "patch": "@@ -33,6 +33,9 @@ note: candidate #3 is defined in the trait `UnusedTrait`\n error[E0599]: no method named `fff` found for type `Myisize` in the current scope\n   --> $DIR/issue-7575.rs:74:30\n    |\n+48 | struct Myisize(isize);\n+   | ---------------------- method `fff` not found for this\n+...\n 74 |     u.f8(42) + u.f9(342) + m.fff(42)\n    |                              ^^^\n    |"}, {"sha": "bbe8fe7345aa021f59708808312c0a6c41157f8e", "filename": "src/test/ui/suggestions/confuse-field-and-method/issue-18343.stderr", "status": "modified", "additions": 3, "deletions": 0, "changes": 3, "blob_url": "https://github.com/rust-lang/rust/blob/f796fcd623c6e21544accb2315344be176c43e77/src%2Ftest%2Fui%2Fsuggestions%2Fconfuse-field-and-method%2Fissue-18343.stderr", "raw_url": "https://github.com/rust-lang/rust/raw/f796fcd623c6e21544accb2315344be176c43e77/src%2Ftest%2Fui%2Fsuggestions%2Fconfuse-field-and-method%2Fissue-18343.stderr", "contents_url": "https://api.github.com/repos/rust-lang/rust/contents/src%2Ftest%2Fui%2Fsuggestions%2Fconfuse-field-and-method%2Fissue-18343.stderr?ref=f796fcd623c6e21544accb2315344be176c43e77", "patch": "@@ -1,6 +1,9 @@\n error[E0599]: no method named `closure` found for type `Obj<[closure@$DIR/issue-18343.rs:16:28: 16:33]>` in the current scope\n   --> $DIR/issue-18343.rs:17:7\n    |\n+11 | struct Obj<F> where F: FnMut() -> u32 {\n+   | ------------------------------------- method `closure` not found for this\n+...\n 17 |     o.closure();\n    |       ^^^^^^^ field, not a method\n    |"}, {"sha": "a9211e1864e3b2df523d04f79b43a22af49bf3c0", "filename": "src/test/ui/suggestions/confuse-field-and-method/issue-2392.stderr", "status": "modified", "additions": 33, "deletions": 0, "changes": 33, "blob_url": "https://github.com/rust-lang/rust/blob/f796fcd623c6e21544accb2315344be176c43e77/src%2Ftest%2Fui%2Fsuggestions%2Fconfuse-field-and-method%2Fissue-2392.stderr", "raw_url": "https://github.com/rust-lang/rust/raw/f796fcd623c6e21544accb2315344be176c43e77/src%2Ftest%2Fui%2Fsuggestions%2Fconfuse-field-and-method%2Fissue-2392.stderr", "contents_url": "https://api.github.com/repos/rust-lang/rust/contents/src%2Ftest%2Fui%2Fsuggestions%2Fconfuse-field-and-method%2Fissue-2392.stderr?ref=f796fcd623c6e21544accb2315344be176c43e77", "patch": "@@ -1,6 +1,9 @@\n error[E0599]: no method named `closure` found for type `Obj<[closure@$DIR/issue-2392.rs:49:36: 49:41]>` in the current scope\n   --> $DIR/issue-2392.rs:50:15\n    |\n+25 | struct Obj<F> where F: FnOnce() -> u32 {\n+   | -------------------------------------- method `closure` not found for this\n+...\n 50 |     o_closure.closure(); //~ ERROR no method named `closure` found\n    |               ^^^^^^^ field, not a method\n    |\n@@ -9,6 +12,9 @@ error[E0599]: no method named `closure` found for type `Obj<[closure@$DIR/issue-\n error[E0599]: no method named `not_closure` found for type `Obj<[closure@$DIR/issue-2392.rs:49:36: 49:41]>` in the current scope\n   --> $DIR/issue-2392.rs:54:15\n    |\n+25 | struct Obj<F> where F: FnOnce() -> u32 {\n+   | -------------------------------------- method `not_closure` not found for this\n+...\n 54 |     o_closure.not_closure();\n    |               ^^^^^^^^^^^ field, not a method\n    |\n@@ -17,6 +23,9 @@ error[E0599]: no method named `not_closure` found for type `Obj<[closure@$DIR/is\n error[E0599]: no method named `closure` found for type `Obj<fn() -> u32 {func}>` in the current scope\n   --> $DIR/issue-2392.rs:60:12\n    |\n+25 | struct Obj<F> where F: FnOnce() -> u32 {\n+   | -------------------------------------- method `closure` not found for this\n+...\n 60 |     o_func.closure(); //~ ERROR no method named `closure` found\n    |            ^^^^^^^ field, not a method\n    |\n@@ -25,6 +34,9 @@ error[E0599]: no method named `closure` found for type `Obj<fn() -> u32 {func}>`\n error[E0599]: no method named `boxed_closure` found for type `BoxedObj` in the current scope\n   --> $DIR/issue-2392.rs:65:14\n    |\n+30 | struct BoxedObj {\n+   | --------------- method `boxed_closure` not found for this\n+...\n 65 |     boxed_fn.boxed_closure();//~ ERROR no method named `boxed_closure` found\n    |              ^^^^^^^^^^^^^ field, not a method\n    |\n@@ -33,6 +45,9 @@ error[E0599]: no method named `boxed_closure` found for type `BoxedObj` in the c\n error[E0599]: no method named `boxed_closure` found for type `BoxedObj` in the current scope\n   --> $DIR/issue-2392.rs:70:19\n    |\n+30 | struct BoxedObj {\n+   | --------------- method `boxed_closure` not found for this\n+...\n 70 |     boxed_closure.boxed_closure();//~ ERROR no method named `boxed_closure` found\n    |                   ^^^^^^^^^^^^^ field, not a method\n    |\n@@ -41,6 +56,9 @@ error[E0599]: no method named `boxed_closure` found for type `BoxedObj` in the c\n error[E0599]: no method named `closure` found for type `Obj<fn() -> u32 {func}>` in the current scope\n   --> $DIR/issue-2392.rs:77:12\n    |\n+25 | struct Obj<F> where F: FnOnce() -> u32 {\n+   | -------------------------------------- method `closure` not found for this\n+...\n 77 |     w.wrap.closure();//~ ERROR no method named `closure` found\n    |            ^^^^^^^ field, not a method\n    |\n@@ -49,6 +67,9 @@ error[E0599]: no method named `closure` found for type `Obj<fn() -> u32 {func}>`\n error[E0599]: no method named `not_closure` found for type `Obj<fn() -> u32 {func}>` in the current scope\n   --> $DIR/issue-2392.rs:81:12\n    |\n+25 | struct Obj<F> where F: FnOnce() -> u32 {\n+   | -------------------------------------- method `not_closure` not found for this\n+...\n 81 |     w.wrap.not_closure();\n    |            ^^^^^^^^^^^ field, not a method\n    |\n@@ -57,6 +78,9 @@ error[E0599]: no method named `not_closure` found for type `Obj<fn() -> u32 {fun\n error[E0599]: no method named `closure` found for type `Obj<std::boxed::Box<std::boxed::FnBox<(), Output=u32> + 'static>>` in the current scope\n   --> $DIR/issue-2392.rs:86:24\n    |\n+25 | struct Obj<F> where F: FnOnce() -> u32 {\n+   | -------------------------------------- method `closure` not found for this\n+...\n 86 |     check_expression().closure();//~ ERROR no method named `closure` found\n    |                        ^^^^^^^ field, not a method\n    |\n@@ -65,6 +89,9 @@ error[E0599]: no method named `closure` found for type `Obj<std::boxed::Box<std:\n error[E0599]: no method named `f1` found for type `FuncContainer` in the current scope\n   --> $DIR/issue-2392.rs:94:31\n    |\n+15 | struct FuncContainer {\n+   | -------------------- method `f1` not found for this\n+...\n 94 |             (*self.container).f1(1); //~ ERROR no method named `f1` found\n    |                               ^^ field, not a method\n    |\n@@ -73,6 +100,9 @@ error[E0599]: no method named `f1` found for type `FuncContainer` in the current\n error[E0599]: no method named `f2` found for type `FuncContainer` in the current scope\n   --> $DIR/issue-2392.rs:97:31\n    |\n+15 | struct FuncContainer {\n+   | -------------------- method `f2` not found for this\n+...\n 97 |             (*self.container).f2(1); //~ ERROR no method named `f2` found\n    |                               ^^ field, not a method\n    |\n@@ -81,6 +111,9 @@ error[E0599]: no method named `f2` found for type `FuncContainer` in the current\n error[E0599]: no method named `f3` found for type `FuncContainer` in the current scope\n    --> $DIR/issue-2392.rs:100:31\n     |\n+15  | struct FuncContainer {\n+    | -------------------- method `f3` not found for this\n+...\n 100 |             (*self.container).f3(1); //~ ERROR no method named `f3` found\n     |                               ^^ field, not a method\n     |"}, {"sha": "d6a837a17ae1ce3182e493e5516b198b42cec366", "filename": "src/test/ui/suggestions/confuse-field-and-method/issue-32128.stderr", "status": "modified", "additions": 3, "deletions": 0, "changes": 3, "blob_url": "https://github.com/rust-lang/rust/blob/f796fcd623c6e21544accb2315344be176c43e77/src%2Ftest%2Fui%2Fsuggestions%2Fconfuse-field-and-method%2Fissue-32128.stderr", "raw_url": "https://github.com/rust-lang/rust/raw/f796fcd623c6e21544accb2315344be176c43e77/src%2Ftest%2Fui%2Fsuggestions%2Fconfuse-field-and-method%2Fissue-32128.stderr", "contents_url": "https://api.github.com/repos/rust-lang/rust/contents/src%2Ftest%2Fui%2Fsuggestions%2Fconfuse-field-and-method%2Fissue-32128.stderr?ref=f796fcd623c6e21544accb2315344be176c43e77", "patch": "@@ -1,6 +1,9 @@\n error[E0599]: no method named `example` found for type `Example` in the current scope\n   --> $DIR/issue-32128.rs:22:10\n    |\n+11 | struct Example {\n+   | -------------- method `example` not found for this\n+...\n 22 |     demo.example(1);\n    |          ^^^^^^^ field, not a method\n    |"}, {"sha": "dd0081782f418f3e90d0921fe37b66323e8ce15b", "filename": "src/test/ui/suggestions/confuse-field-and-method/private-field.stderr", "status": "modified", "additions": 3, "deletions": 0, "changes": 3, "blob_url": "https://github.com/rust-lang/rust/blob/f796fcd623c6e21544accb2315344be176c43e77/src%2Ftest%2Fui%2Fsuggestions%2Fconfuse-field-and-method%2Fprivate-field.stderr", "raw_url": "https://github.com/rust-lang/rust/raw/f796fcd623c6e21544accb2315344be176c43e77/src%2Ftest%2Fui%2Fsuggestions%2Fconfuse-field-and-method%2Fprivate-field.stderr", "contents_url": "https://api.github.com/repos/rust-lang/rust/contents/src%2Ftest%2Fui%2Fsuggestions%2Fconfuse-field-and-method%2Fprivate-field.stderr?ref=f796fcd623c6e21544accb2315344be176c43e77", "patch": "@@ -1,6 +1,9 @@\n error[E0599]: no method named `dog_age` found for type `animal::Dog` in the current scope\n   --> $DIR/private-field.rs:26:23\n    |\n+12 |     pub struct Dog {\n+   |     -------------- method `dog_age` not found for this\n+...\n 26 |     let dog_age = dog.dog_age();\n    |                       ^^^^^^^ private field, not a method\n "}, {"sha": "7b7653d927c07c9e85a156a86d78149271495511", "filename": "src/test/ui/suggestions/suggest-methods.stderr", "status": "modified", "additions": 14, "deletions": 6, "changes": 20, "blob_url": "https://github.com/rust-lang/rust/blob/f796fcd623c6e21544accb2315344be176c43e77/src%2Ftest%2Fui%2Fsuggestions%2Fsuggest-methods.stderr", "raw_url": "https://github.com/rust-lang/rust/raw/f796fcd623c6e21544accb2315344be176c43e77/src%2Ftest%2Fui%2Fsuggestions%2Fsuggest-methods.stderr", "contents_url": "https://api.github.com/repos/rust-lang/rust/contents/src%2Ftest%2Fui%2Fsuggestions%2Fsuggest-methods.stderr?ref=f796fcd623c6e21544accb2315344be176c43e77", "patch": "@@ -1,18 +1,26 @@\n error[E0599]: no method named `bat` found for type `Foo` in the current scope\n   --> $DIR/suggest-methods.rs:28:7\n    |\n+11 | struct Foo;\n+   | ----------- method `bat` not found for this\n+...\n 28 |     f.bat(1.0);\n    |       ^^^\n    |\n    = help: did you mean `bar`?\n \n error[E0599]: no method named `is_emtpy` found for type `std::string::String` in the current scope\n-  --> $DIR/suggest-methods.rs:31:15\n-   |\n-31 |     let _ = s.is_emtpy();\n-   |               ^^^^^^^^\n-   |\n-   = help: did you mean `is_empty`?\n+   --> $DIR/suggest-methods.rs:31:15\n+    |\n+31  |     let _ = s.is_emtpy();\n+    |               ^^^^^^^^\n+    | \n+   ::: /checkout/src/liballoc/string.rs\n+    |\n+294 | pub struct String {\n+    | ----------------- method `is_emtpy` not found for this\n+    |\n+    = help: did you mean `is_empty`?\n \n error[E0599]: no method named `count_eos` found for type `u32` in the current scope\n   --> $DIR/suggest-methods.rs:35:19"}]}