{"sha": "7bf81eeefc61820c53f1ce886ed23905e5aab9f5", "node_id": "MDY6Q29tbWl0MTM2NTMxMDA6N2JmODFlZWVmYzYxODIwYzUzZjFjZTg4NmVkMjM5MDVlNWFhYjlmNQ==", "commit": {"author": {"name": "Philipp Thomas", "email": "pthomas@suse.de", "date": "2000-06-07T12:44:41Z"}, "committer": {"name": "Philipp Thomas", "email": "pthomas@gcc.gnu.org", "date": "2000-06-07T12:44:41Z"}, "message": "POTFILES.in: Remove dyn-string.[ch].\n\n\t* POTFILES.in: Remove dyn-string.[ch].\n\t* gcc.pot: Regenerated.\n\t* cat-id-tbl.c: Ditto.\n\nFrom-SVN: r34444", "tree": {"sha": "3bce57374e73491cac57d89edf310abea46029eb", "url": "https://api.github.com/repos/Rust-GCC/gccrs/git/trees/3bce57374e73491cac57d89edf310abea46029eb"}, "url": "https://api.github.com/repos/Rust-GCC/gccrs/git/commits/7bf81eeefc61820c53f1ce886ed23905e5aab9f5", "comment_count": 0, "verification": {"verified": false, "reason": "unsigned", "signature": null, "payload": null}}, "url": "https://api.github.com/repos/Rust-GCC/gccrs/commits/7bf81eeefc61820c53f1ce886ed23905e5aab9f5", "html_url": "https://github.com/Rust-GCC/gccrs/commit/7bf81eeefc61820c53f1ce886ed23905e5aab9f5", "comments_url": "https://api.github.com/repos/Rust-GCC/gccrs/commits/7bf81eeefc61820c53f1ce886ed23905e5aab9f5/comments", "author": null, "committer": null, "parents": [{"sha": "fe8fadc146937687b2677db5f72d0fb1a52462a6", "url": "https://api.github.com/repos/Rust-GCC/gccrs/commits/fe8fadc146937687b2677db5f72d0fb1a52462a6", "html_url": "https://github.com/Rust-GCC/gccrs/commit/fe8fadc146937687b2677db5f72d0fb1a52462a6"}], "stats": {"total": 4059, "additions": 2812, "deletions": 1247}, "files": [{"sha": "fd91577227c3c2b9a5e98b36ead25adc5b4462b7", "filename": "gcc/po/ChangeLog", "status": "modified", "additions": 6, "deletions": 0, "changes": 6, "blob_url": "https://github.com/Rust-GCC/gccrs/blob/7bf81eeefc61820c53f1ce886ed23905e5aab9f5/gcc%2Fpo%2FChangeLog", "raw_url": "https://github.com/Rust-GCC/gccrs/raw/7bf81eeefc61820c53f1ce886ed23905e5aab9f5/gcc%2Fpo%2FChangeLog", "contents_url": "https://api.github.com/repos/Rust-GCC/gccrs/contents/gcc%2Fpo%2FChangeLog?ref=7bf81eeefc61820c53f1ce886ed23905e5aab9f5", "patch": "@@ -1,3 +1,9 @@\n+2000-06-07  Philipp Thomas  <pthomas@suse.de>\n+\n+\t* POTFILES.in: Remove dyn-string.[ch].\n+\t* gcc.pot: Regenerated.\n+\t* cat-id-tbl.c: Ditto.\n+\n 2000-06-06  Philipp Thomas  <pthomas@suse.de>\n \n \t* Makefile.in.in: Add --define switch for xgettext."}, {"sha": "bf6c2cc011ce3b78cac54718bb8c4179cc0d65c1", "filename": "gcc/po/cat-id-tbl.c", "status": "modified", "additions": 1096, "deletions": 813, "changes": 1909, "blob_url": "https://github.com/Rust-GCC/gccrs/blob/7bf81eeefc61820c53f1ce886ed23905e5aab9f5/gcc%2Fpo%2Fcat-id-tbl.c", "raw_url": "https://github.com/Rust-GCC/gccrs/raw/7bf81eeefc61820c53f1ce886ed23905e5aab9f5/gcc%2Fpo%2Fcat-id-tbl.c", "contents_url": "https://api.github.com/repos/Rust-GCC/gccrs/contents/gcc%2Fpo%2Fcat-id-tbl.c?ref=7bf81eeefc61820c53f1ce886ed23905e5aab9f5", "patch": "@@ -131,583 +131,736 @@ name list declaration.\", 32},\n   {\"empty character constant\", 118},\n   {\"character constant too long\", 119},\n   {\"Unterminated string constant\", 120},\n-  {\"parser stack overflow\", 121},\n-  {\"argument of `asm' is not a constant string\", 122},\n-  {\"ANSI C forbids data definition with no type or storage class\", 123},\n-  {\"`sizeof' applied to a bit-field\", 124},\n-  {\"`%s' undeclared here (not in a function)\", 125},\n-  {\"`%s' undeclared (first use in this function)\", 126},\n-  {\"(Each undeclared identifier is reported only once\", 127},\n-  {\"for each function it appears in.)\", 128},\n-  {\"`%s' implicitly declared as function\", 129},\n-  {\"`[*]' in parameter declaration only allowed in ISO C 99\", 130},\n-  {\"braced-group within expression allowed only inside a function\", 131},\n-  {\"break statement not within loop or switch\", 132},\n-  {\"continue statement not within a loop\", 133},\n-  {\"invalid `for (ITERATOR)' syntax\", 134},\n-  {\"`%s' is not an iterator\", 135},\n-  {\"`for (%s)' inside expansion of same iterator\", 136},\n-  {\"case label not within a switch statement\", 137},\n-  {\"duplicate case value\", 138},\n-  {\"case label within scope of cleanup or variable array\", 139},\n-  {\"default label not within a switch statement\", 140},\n-  {\"multiple default labels in one switch\", 141},\n-  {\"ANSI C requires a named argument before `...'\", 142},\n-  {\"`...' in old-style identifier list\", 143},\n-  {\"parse error; also virtual memory exceeded\", 144},\n-  {\"parse error\", 145},\n-  {\"`%s' has an incomplete type\", 146},\n-  {\"invalid use of void expression\", 147},\n-  {\"invalid use of array with unspecified bounds\", 148},\n-  {\"invalid use of undefined type `%s %s'\", 149},\n-  {\"invalid use of incomplete typedef `%s'\", 150},\n-  {\"sizeof applied to an incomplete type\", 151},\n-  {\"arithmetic on pointer to an incomplete type\", 152},\n-  {\"__alignof__ applied to an incomplete type\", 153},\n-  {\"`__alignof' applied to a bit-field\", 154},\n-  {\"invalid use of non-lvalue array\", 155},\n-  {\"%s has no member named `%s'\", 156},\n-  {\"request for member `%s' in something not a structure or union\", 157},\n-  {\"dereferencing pointer to incomplete type\", 158},\n-  {\"invalid type argument of `%s'\", 159},\n-  {\"subscript missing in array reference\", 160},\n-  {\"array subscript is not an integer\", 161},\n-  {\"subscripted value is neither array nor pointer\", 162},\n-  {\"called object is not a function\", 163},\n-  {\"too many arguments to function\", 164},\n-  {\"type of formal parameter %d is incomplete\", 165},\n-  {\"%s as integer rather than floating due to prototype\", 166},\n-  {\"%s as complex rather than floating due to prototype\", 167},\n-  {\"%s as floating rather than integer due to prototype\", 168},\n-  {\"%s as floating rather than complex due to prototype\", 169},\n-  {\"%s as `float' rather than `double' due to prototype\", 170},\n-  {\"%s with different width due to prototype\", 171},\n-  {\"%s as unsigned due to prototype\", 172},\n-  {\"%s as signed due to prototype\", 173},\n-  {\"too few arguments to function\", 174},\n-  {\"unordered comparison on non-floating point argument\", 175},\n-  {\"wrong type argument to unary plus\", 176},\n-  {\"wrong type argument to unary minus\", 177},\n-  {\"wrong type argument to bit-complement\", 178},\n-  {\"wrong type argument to abs\", 179},\n-  {\"wrong type argument to conjugation\", 180},\n-  {\"wrong type argument to unary exclamation mark\", 181},\n-  {\"wrong type argument to %s\", 182},\n-  {\"%s of pointer to unknown structure\", 183},\n-  {\"attempt to take address of bit-field structure member `%s'\", 184},\n-  {\"%s\", 185},\n-  {\"cannot take address of bitfield `%s'\", 186},\n-  {\"global register variable `%s' used in nested function\", 187},\n-  {\"address of global register variable `%s' requested\", 188},\n-  {\"cannot put object with volatile field into register\", 189},\n-  {\"type mismatch in conditional expression\", 190},\n-  {\"cast specifies array type\", 191},\n-  {\"cast specifies function type\", 192},\n-  {\"cast to union type from type not present in union\", 193},\n-  {\"assignment\", 194},\n-  {\"%s makes qualified function pointer from unqualified\", 195},\n-  {\"%s discards qualifiers from pointer target type\", 196},\n-  {\"ANSI forbids %s between function pointer and `void *'\", 197},\n-  {\"pointer targets in %s differ in signedness\", 198},\n-  {\"%s from incompatible pointer type\", 199},\n-  {\"%s makes pointer from integer without a cast\", 200},\n-  {\"%s makes integer from pointer without a cast\", 201},\n-  {\"incompatible type for argument %d of `%s'\", 202},\n-  {\"incompatible type for argument %d of indirect function call\", 203},\n-  {\"incompatible types in %s\", 204},\n-  {\"passing arg %d of `%s'\", 205},\n-  {\"passing arg %d of pointer to function\", 206},\n-  {\"initializer for static variable is not constant\", 207},\n-  {\"initializer for static variable uses complicated arithmetic\", 208},\n-  {\"(near initialization for `%s')\", 209},\n-  {\"char-array initialized from wide string\", 210},\n-  {\"int-array initialized from non-wide string\", 211},\n-  {\"initializer-string for array of chars is too long\", 212},\n-  {\"array initialized from non-constant array expression\", 213},\n-  {\"initializer element is not constant\", 214},\n-  {\"initializer element is not computable at load time\", 215},\n-  {\"initialization\", 216},\n-  {\"invalid initializer\", 217},\n-  {\"extra brace group at end of initializer\", 218},\n-  {\"missing braces around initializer\", 219},\n-  {\"braces around scalar initializer\", 220},\n-  {\"missing initializer\", 221},\n-  {\"empty braces in initializer\", 222},\n-  {\"empty scalar initializer\", 223},\n-  {\"extra elements in scalar initializer\", 224},\n-  {\"nonconstant array index in initializer\", 225},\n-  {\"array index in non-array initializer\", 226},\n-  {\"duplicate array index in initializer\", 227},\n-  {\"empty index range in initializer\", 228},\n-  {\"unknown field `%s' specified in initializer\", 229},\n-  {\"field `%s' already initialized\", 230},\n-  {\"duplicate initializer\", 231},\n-  {\"excess elements in char array initializer\", 232},\n-  {\"excess elements in struct initializer\", 233},\n-  {\"excess elements in union initializer\", 234},\n-  {\"excess elements in array initializer\", 235},\n-  {\"excess elements in scalar initializer\", 236},\n-  {\"asm template is not a string constant\", 237},\n-  {\"return\", 238},\n-  {\"switch quantity not an integer\", 239},\n-  {\"internal error\", 240},\n-  {\"no arguments\", 241},\n-  {\"fopen %s\", 242},\n-  {\"fclose %s\", 243},\n-  {\"collect2 version %s\", 244},\n-  {\"%d constructor(s) found\\n\", 245},\n-  {\"%d destructor(s)  found\\n\", 246},\n-  {\"%d frame table(s) found\\n\", 247},\n-  {\"%s terminated with signal %d [%s]%s\", 248},\n-  {\"%s returned %d exit status\", 249},\n-  {\"[cannot find %s]\", 250},\n-  {\"cannot find `%s'\", 251},\n-  {\"redirecting stdout: %s\", 252},\n-  {\"[Leaving %s]\\n\", 253},\n+  {\"syntax error\", 121},\n+  {\"syntax error: cannot back up\", 122},\n+  {\"parser stack overflow\", 123},\n+  {\"argument of `asm' is not a constant string\", 124},\n+  {\"ANSI C forbids data definition with no type or storage class\", 125},\n+  {\"`sizeof' applied to a bit-field\", 126},\n+  {\"`%s' undeclared here (not in a function)\", 127},\n+  {\"`%s' undeclared (first use in this function)\", 128},\n+  {\"(Each undeclared identifier is reported only once\", 129},\n+  {\"for each function it appears in.)\", 130},\n+  {\"`%s' implicitly declared as function\", 131},\n+  {\"`[*]' in parameter declaration only allowed in ISO C 99\", 132},\n+  {\"braced-group within expression allowed only inside a function\", 133},\n+  {\"break statement not within loop or switch\", 134},\n+  {\"continue statement not within a loop\", 135},\n+  {\"invalid `for (ITERATOR)' syntax\", 136},\n+  {\"`%s' is not an iterator\", 137},\n+  {\"`for (%s)' inside expansion of same iterator\", 138},\n+  {\"case label not within a switch statement\", 139},\n+  {\"duplicate case value\", 140},\n+  {\"case label within scope of cleanup or variable array\", 141},\n+  {\"default label not within a switch statement\", 142},\n+  {\"multiple default labels in one switch\", 143},\n+  {\"ANSI C requires a named argument before `...'\", 144},\n+  {\"`...' in old-style identifier list\", 145},\n+  {\"parse error; also virtual memory exceeded\", 146},\n+  {\"parse error\", 147},\n+  {\"`%s' has an incomplete type\", 148},\n+  {\"invalid use of void expression\", 149},\n+  {\"invalid use of array with unspecified bounds\", 150},\n+  {\"invalid use of undefined type `%s %s'\", 151},\n+  {\"invalid use of incomplete typedef `%s'\", 152},\n+  {\"sizeof applied to an incomplete type\", 153},\n+  {\"arithmetic on pointer to an incomplete type\", 154},\n+  {\"__alignof__ applied to an incomplete type\", 155},\n+  {\"`__alignof' applied to a bit-field\", 156},\n+  {\"invalid use of non-lvalue array\", 157},\n+  {\"%s has no member named `%s'\", 158},\n+  {\"request for member `%s' in something not a structure or union\", 159},\n+  {\"dereferencing pointer to incomplete type\", 160},\n+  {\"invalid type argument of `%s'\", 161},\n+  {\"subscript missing in array reference\", 162},\n+  {\"array subscript is not an integer\", 163},\n+  {\"subscripted value is neither array nor pointer\", 164},\n+  {\"called object is not a function\", 165},\n+  {\"too many arguments to function\", 166},\n+  {\"type of formal parameter %d is incomplete\", 167},\n+  {\"%s as integer rather than floating due to prototype\", 168},\n+  {\"%s as complex rather than floating due to prototype\", 169},\n+  {\"%s as floating rather than integer due to prototype\", 170},\n+  {\"%s as floating rather than complex due to prototype\", 171},\n+  {\"%s as `float' rather than `double' due to prototype\", 172},\n+  {\"%s with different width due to prototype\", 173},\n+  {\"%s as unsigned due to prototype\", 174},\n+  {\"%s as signed due to prototype\", 175},\n+  {\"too few arguments to function\", 176},\n+  {\"unordered comparison on non-floating point argument\", 177},\n+  {\"wrong type argument to unary plus\", 178},\n+  {\"wrong type argument to unary minus\", 179},\n+  {\"wrong type argument to bit-complement\", 180},\n+  {\"wrong type argument to abs\", 181},\n+  {\"wrong type argument to conjugation\", 182},\n+  {\"wrong type argument to unary exclamation mark\", 183},\n+  {\"wrong type argument to %s\", 184},\n+  {\"%s of pointer to unknown structure\", 185},\n+  {\"invalid lvalue in increment\", 186},\n+  {\"invalid lvalue in decrement\", 187},\n+  {\"increment\", 188},\n+  {\"decrement\", 189},\n+  {\"invalid lvalue in unary `&'\", 190},\n+  {\"attempt to take address of bit-field structure member `%s'\", 191},\n+  {\"%s\", 192},\n+  {\"cannot take address of bitfield `%s'\", 193},\n+  {\"global register variable `%s' used in nested function\", 194},\n+  {\"address of global register variable `%s' requested\", 195},\n+  {\"cannot put object with volatile field into register\", 196},\n+  {\"type mismatch in conditional expression\", 197},\n+  {\"cast specifies array type\", 198},\n+  {\"cast specifies function type\", 199},\n+  {\"cast to union type from type not present in union\", 200},\n+  {\"invalid lvalue in assignment\", 201},\n+  {\"assignment\", 202},\n+  {\"%s makes qualified function pointer from unqualified\", 203},\n+  {\"%s discards qualifiers from pointer target type\", 204},\n+  {\"ANSI forbids %s between function pointer and `void *'\", 205},\n+  {\"pointer targets in %s differ in signedness\", 206},\n+  {\"%s from incompatible pointer type\", 207},\n+  {\"%s makes pointer from integer without a cast\", 208},\n+  {\"%s makes integer from pointer without a cast\", 209},\n+  {\"incompatible type for argument %d of `%s'\", 210},\n+  {\"incompatible type for argument %d of indirect function call\", 211},\n+  {\"incompatible types in %s\", 212},\n+  {\"passing arg %d of `%s'\", 213},\n+  {\"passing arg %d of pointer to function\", 214},\n+  {\"initializer for static variable is not constant\", 215},\n+  {\"initializer for static variable uses complicated arithmetic\", 216},\n+  {\"(near initialization for `%s')\", 217},\n+  {\"char-array initialized from wide string\", 218},\n+  {\"int-array initialized from non-wide string\", 219},\n+  {\"initializer-string for array of chars is too long\", 220},\n+  {\"array initialized from non-constant array expression\", 221},\n+  {\"initializer element is not constant\", 222},\n+  {\"initializer element is not computable at load time\", 223},\n+  {\"initialization\", 224},\n+  {\"invalid initializer\", 225},\n+  {\"extra brace group at end of initializer\", 226},\n+  {\"missing braces around initializer\", 227},\n+  {\"braces around scalar initializer\", 228},\n+  {\"missing initializer\", 229},\n+  {\"empty braces in initializer\", 230},\n+  {\"empty scalar initializer\", 231},\n+  {\"extra elements in scalar initializer\", 232},\n+  {\"nonconstant array index in initializer\", 233},\n+  {\"array index in non-array initializer\", 234},\n+  {\"duplicate array index in initializer\", 235},\n+  {\"empty index range in initializer\", 236},\n+  {\"unknown field `%s' specified in initializer\", 237},\n+  {\"field `%s' already initialized\", 238},\n+  {\"duplicate initializer\", 239},\n+  {\"excess elements in char array initializer\", 240},\n+  {\"excess elements in struct initializer\", 241},\n+  {\"excess elements in union initializer\", 242},\n+  {\"excess elements in array initializer\", 243},\n+  {\"excess elements in scalar initializer\", 244},\n+  {\"asm template is not a string constant\", 245},\n+  {\"invalid lvalue in asm statement\", 246},\n+  {\"modification by `asm'\", 247},\n+  {\"return\", 248},\n+  {\"switch quantity not an integer\", 249},\n+  {\"internal error\", 250},\n+  {\"no arguments\", 251},\n+  {\"fopen %s\", 252},\n+  {\"fclose %s\", 253},\n+  {\"collect2 version %s\", 254},\n+  {\"%d constructor(s) found\\n\", 255},\n+  {\"%d destructor(s)  found\\n\", 256},\n+  {\"%d frame table(s) found\\n\", 257},\n+  {\"%s terminated with signal %d [%s]%s\", 258},\n+  {\"%s returned %d exit status\", 259},\n+  {\"[cannot find %s]\", 260},\n+  {\"cannot find `%s'\", 261},\n+  {\"redirecting stdout: %s\", 262},\n+  {\"[Leaving %s]\\n\", 263},\n   {\"\\\n \\n\\\n-write_c_file - output name is %s, prefix is %s\\n\", 254},\n-  {\"cannot find `nm'\", 255},\n-  {\"pipe\", 256},\n-  {\"fdopen\", 257},\n-  {\"dup2 %d 1\", 258},\n-  {\"close %d\", 259},\n-  {\"execvp %s\", 260},\n-  {\"init function found in object %s\", 261},\n-  {\"fini function found in object %s\", 262},\n-  {\"fclose\", 263},\n-  {\"unable to open file '%s'\", 264},\n-  {\"unable to stat file '%s'\", 265},\n-  {\"unable to mmap file '%s'\", 266},\n-  {\"not found\\n\", 267},\n-  {\"dynamic dependency %s not found\", 268},\n-  {\"bad magic number in file '%s'\", 269},\n-  {\"dynamic dependencies.\\n\", 270},\n-  {\"cannot find `ldd'\", 271},\n-  {\"execv %s\", 272},\n+write_c_file - output name is %s, prefix is %s\\n\", 264},\n+  {\"cannot find `nm'\", 265},\n+  {\"pipe\", 266},\n+  {\"fdopen\", 267},\n+  {\"dup2 %d 1\", 268},\n+  {\"close %d\", 269},\n+  {\"execvp %s\", 270},\n+  {\"init function found in object %s\", 271},\n+  {\"fini function found in object %s\", 272},\n+  {\"fclose\", 273},\n+  {\"unable to open file '%s'\", 274},\n+  {\"unable to stat file '%s'\", 275},\n+  {\"unable to mmap file '%s'\", 276},\n+  {\"not found\\n\", 277},\n+  {\"dynamic dependency %s not found\", 278},\n+  {\"bad magic number in file '%s'\", 279},\n+  {\"dynamic dependencies.\\n\", 280},\n+  {\"cannot find `ldd'\", 281},\n+  {\"execv %s\", 282},\n   {\"\\\n \\n\\\n-ldd output with constructors/destructors.\\n\", 273},\n-  {\"unable to open dynamic dependency '%s'\", 274},\n-  {\"%s: not a COFF file\", 275},\n-  {\"%s: cannot open as COFF file\", 276},\n-  {\"Library lib%s not found\", 277},\n-  {\"open %s\", 278},\n-  {\"incompatibilities between object file & expected values\", 279},\n+ldd output with constructors/destructors.\\n\", 283},\n+  {\"unable to open dynamic dependency '%s'\", 284},\n+  {\"%s: not a COFF file\", 285},\n+  {\"%s: cannot open as COFF file\", 286},\n+  {\"Library lib%s not found\", 287},\n+  {\"open %s\", 288},\n+  {\"incompatibilities between object file & expected values\", 289},\n   {\"\\\n \\n\\\n-Processing symbol table #%d, offset = 0x%.8lx, kind = %s\\n\", 280},\n-  {\"string section missing\", 281},\n-  {\"section pointer missing\", 282},\n-  {\"no symbol table found\", 283},\n-  {\"no cmd_strings found\", 284},\n+Processing symbol table #%d, offset = 0x%.8lx, kind = %s\\n\", 290},\n+  {\"string section missing\", 291},\n+  {\"section pointer missing\", 292},\n+  {\"no symbol table found\", 293},\n+  {\"no cmd_strings found\", 294},\n   {\"\\\n \\n\\\n Updating header and load commands.\\n\\\n-\\n\", 285},\n-  {\"load command map, %d cmds, new size %ld.\\n\", 286},\n+\\n\", 295},\n+  {\"load command map, %d cmds, new size %ld.\\n\", 296},\n   {\"\\\n writing load commands.\\n\\\n-\\n\", 287},\n-  {\"close %s\", 288},\n-  {\"could not convert 0x%l.8x into a region\", 289},\n-  {\"%s function, region %d, offset = %ld (0x%.8lx)\\n\", 290},\n-  {\"bad magic number\", 291},\n-  {\"bad header version\", 292},\n-  {\"bad raw header version\", 293},\n-  {\"raw header buffer too small\", 294},\n-  {\"old raw header file\", 295},\n-  {\"unsupported version\", 296},\n-  {\"unknown {de,en}code_mach_o_hdr return value %d\", 297},\n-  {\"fstat %s\", 298},\n-  {\"lseek %s 0\", 299},\n-  {\"read %s\", 300},\n-  {\"read %ld bytes, expected %ld, from %s\", 301},\n-  {\"msync %s\", 302},\n-  {\"munmap %s\", 303},\n-  {\"write %s\", 304},\n-  {\"wrote %ld bytes, expected %ld, to %s\", 305},\n-  {\"invalid %%Q value\", 306},\n-  {\"invalid %%C value\", 307},\n-  {\"invalid %%N value\", 308},\n-  {\"invalid %%M value\", 309},\n-  {\"invalid %%m value\", 310},\n-  {\"invalid %%L value\", 311},\n-  {\"invalid %%O value\", 312},\n-  {\"invalid %%P value\", 313},\n-  {\"invalid %%V value\", 314},\n-  {\"bad value `%s' for -mtrap-precision switch\", 315},\n-  {\"bad value `%s' for -mfp-rounding-mode switch\", 316},\n-  {\"bad value `%s' for -mfp-trap-mode switch\", 317},\n-  {\"bad value `%s' for -mcpu switch\", 318},\n-  {\"invalid %%r value\", 319},\n-  {\"invalid %%R value\", 320},\n-  {\"invalid %%h value\", 321},\n-  {\"invalid %%U value\", 322},\n-  {\"invalid %%s value\", 323},\n-  {\"invalid %%E value\", 324},\n-  {\"invalid %%xn code\", 325},\n-  {\"bad value (%s) for -mcpu switch\", 326},\n-  {\"invalid operand to %R code\", 327},\n-  {\"invalid operand to %H/%L code\", 328},\n-  {\"invalid operand to %U code\", 329},\n-  {\"invalid operand to %V code\", 330},\n-  {\"invalid operand output code\", 331},\n-  {\"bad value (%s) for %s switch\", 332},\n-  {\"-fpic and -mapcs-reent are incompatible\", 333},\n-  {\"Invalid floating point emulation option: -mfpe-%s\", 334},\n-  {\"Unable to use '%s' for PIC register\", 335},\n-  {\"No low registers available for popping high registers\", 336},\n-  {\"thumb_load_double_from_address: destination is not a register\", 337},\n-  {\"thumb_load_double_from_address: source is not a computed memory address\", 338},\n-  {\"thumb_load_double_from_address: base is not a register\", 339},\n-  {\"thumb_load_double_from_address: Unhandled address calculation\", 340},\n-  {\"Invalid register class letter %c\", 341},\n-  {\"ACCUM_HIGH_REGS class in limit_reload_class\", 342},\n-  {\"YH_OR_ACCUM_HIGH_REGS found in limit_reload_class\", 343},\n-  {\"YL found in limit_reload_class\", 344},\n-  {\"Stack size > 32k\", 345},\n-  {\"Invalid addressing mode\", 346},\n-  {\"Bad register extension code\", 347},\n-  {\"Invalid offset in ybase addressing\", 348},\n-  {\"Invalid register in ybase addressing\", 349},\n-  {\"inline float constants not supported on this host\", 350},\n-  {\"Invalid shift operator in emit_1600_core_shift\", 351},\n-  {\"Invalid mode for gen_tst_reg\", 352},\n-  {\"Invalid mode for integer comparison in gen_compare_reg\", 353},\n-  {\"Invalid register for compare\", 354},\n-  {\"Internal gcc abort from %s:%d\", 355},\n-  {\"The local variable `insn' has the value:\", 356},\n-  {\"bad value (%s) for -march= switch\", 357},\n-  {\"bad value (%s) for -mcpu= switch\", 358},\n-  {\"Register '%c' is unknown\", 359},\n-  {\"Register '%c' already specified in allocation order\", 360},\n-  {\"-mregparm=%d is not between 0 and %d\", 361},\n-  {\"-malign-loops=%d is not between 0 and %d\", 362},\n-  {\"-malign-jumps=%d is not between 0 and %d\", 363},\n-  {\"-malign-functions=%d is not between 0 and %d\", 364},\n-  {\"-mpreferred-stack-boundary=%d is not between 2 and 31\", 365},\n-  {\"-mbranch-cost=%d is not between 0 and 5\", 366},\n-  {\"floating constant misused\", 367},\n-  {\"invalid UNSPEC as operand\", 368},\n-  {\"invalid expression as operand\", 369},\n-  {\"`%s' declared as both exported to and imported from a DLL.\", 370},\n-  {\"bad value (%s) for -mmodel switch\", 371},\n-  {\"bad value (%s) for -msdata switch\", 372},\n-  {\"invalid operand to %s code\", 373},\n-  {\"invalid operand to %p code\", 374},\n-  {\"invalid operand to %T/%B code\", 375},\n-  {\"invalid operand to %N code\", 376},\n-  {\"-malign-loops=%d is not between 1 and %d\", 377},\n-  {\"-malign-jumps=%d is not between 1 and %d\", 378},\n-  {\"-malign-functions=%d is not between 1 and %d\", 379},\n-  {\"%R not followed by %B/C/D/E\", 380},\n-  {\"invalid %x/X value\", 381},\n-  {\"invalid %H value\", 382},\n-  {\"invalid %h value\", 383},\n-  {\"invalid %Q value\", 384},\n-  {\"invalid %q value\", 385},\n-  {\"invalid %o value\", 386},\n-  {\"invalid %p value\", 387},\n-  {\"invalid %s/S value\", 388},\n-  {\"invalid %P operand\", 389},\n-  {\"invalid %B value\", 390},\n-  {\"invalid %C value\", 391},\n-  {\"invalid %D value\", 392},\n-  {\"invalid %E value\", 393},\n-  {\"`%d' operand isn't a register\", 394},\n-  {\"invalid %r value\", 395},\n-  {\"operand is r0\", 396},\n-  {\"operand is const_double\", 397},\n-  {\"invalid code\", 398},\n-  {\"-mips%d not supported\", 399},\n-  {\"bad value (%s) for -mips switch\", 400},\n-  {\"bad value (%s) for -mabi= switch\", 401},\n-  {\"-mabi=%s does not support -mips%d\", 402},\n-  {\"The -mabi=32 support does not work yet.\", 403},\n-  {\"This target does not support the -mabi switch.\", 404},\n-  {\"-mcpu=%s does not support -mips%d\", 405},\n-  {\"-mips%d does not support 64 bit fp registers\", 406},\n-  {\"-mips%d does not support 64 bit gp registers\", 407},\n-  {\"Invalid option `entry%s'\", 408},\n-  {\"internal error: %%) found without a %%( in assembler pattern\", 409},\n-  {\"internal error: %%] found without a %%[ in assembler pattern\", 410},\n-  {\"internal error: %%> found without a %%< in assembler pattern\", 411},\n-  {\"internal error: %%} found without a %%{ in assembler pattern\", 412},\n-  {\"PRINT_OPERAND: Unknown punctuation '%c'\", 413},\n-  {\"PRINT_OPERAND null pointer\", 414},\n-  {\"PRINT_OPERAND: letter %c was found & insn was not CONST_INT\", 415},\n-  {\"PRINT_OPERAND_ADDRESS, null pointer\", 416},\n-  {\"gp_offset (%ld) or end_offset (%ld) is less than zero.\", 417},\n-  {\"fp_offset (%ld) or end_offset (%ld) is less than zero.\", 418},\n-  {\"can not handle inconsistent calls to `%s'\", 419},\n-  {\"invalid %%B value\", 420},\n-  {\"invalid %%S value\", 421},\n-  {\"invalid %%b value\", 422},\n-  {\"invalid %%H value\", 423},\n-  {\"invalid %%z value\", 424},\n-  {\"invalid %%Z value\", 425},\n-  {\"invalid %%k value\", 426},\n-  {\"invalid %%j value\", 427},\n-  {\"Unknown -mdebug-%s switch\", 428},\n-  {\"invalid %%f value\", 429},\n-  {\"invalid %%F value\", 430},\n-  {\"invalid %%G value\", 431},\n-  {\"invalid %%j code\", 432},\n-  {\"invalid %%J code\", 433},\n-  {\"invalid %%K value\", 434},\n-  {\"invalid %%p value\", 435},\n-  {\"invalid %%q value\", 436},\n-  {\"%%S computed all 1's mask\", 437},\n-  {\"%%S computed all 0's mask\", 438},\n-  {\"invalid %%u value\", 439},\n-  {\"invalid %%v value\", 440},\n-  {\"%s is not supported by this configuration\", 441},\n-  {\"-mptr%d not allowed on -m%d\", 442},\n-  {\"-mlong-double-64 not allowed with -m64\", 443},\n-  {\"bad value (%s) for -mcmodel= switch\", 444},\n-  {\"-mcmodel= is not supported on 32 bit systems\", 445},\n-  {\"profiling does not support code models other than medlow\", 446},\n-  {\"Invalid %%Y operand\", 447},\n-  {\"Invalid %%A operand\", 448},\n-  {\"Invalid %%B operand\", 449},\n-  {\"Invalid %%f operand\", 450},\n-  {\"long long constant not a valid immediate operand\", 451},\n-  {\"floating point constant not a valid immediate operand\", 452},\n-  {\"%s=%s is not numeric.\", 453},\n-  {\"%s=%s is too large.\", 454},\n-  {\"Bogus JR construction: %d\\n\", 455},\n-  {\"Bad amount of stack space removal: %d\", 456},\n-  {\"Bogus JARL construction: %d\\n\", 457},\n-  {\"cannot convert to a pointer type\", 458},\n-  {\"pointer value used where a floating point value was expected\", 459},\n-  {\"aggregate value used where a float was expected\", 460},\n-  {\"conversion to incomplete type\", 461},\n-  {\"aggregate value used where an integer was expected\", 462},\n-  {\"pointer value used where a complex was expected\", 463},\n-  {\"aggregate value used where a complex was expected\", 464},\n-  {\"destructors take no parameters\", 465},\n-  {\"conflicting access specifications for field `%s', ignored\", 466},\n-  {\"trying to finish struct, but kicked out due to previous parse errors.\", 467},\n-  {\"language string `\\\"%s\\\"' not recognized\", 468},\n-  {\"not enough type information\", 469},\n-  {\"invalid operation on uninstantiated type\", 470},\n-  {\"parse errors have confused me too much\", 471},\n-  {\"label `%s' referenced outside of any function\", 472},\n-  {\"  enters try block\", 473},\n-  {\"virtual memory exhausted\", 474},\n-  {\"the new ABI requires vtable thunks\", 475},\n-  {\"an anonymous union cannot have function members\", 476},\n-  {\"multiple types in one declaration\", 477},\n-  {\"assignment (not initialization) in declaration\", 478},\n-  {\"invalid catch parameter\", 479},\n-  {\"destructor for alien class `%s' cannot be a member\", 480},\n-  {\"constructor for alien class `%s' cannot be a member\", 481},\n-  {\"cannot declare `::main' to be a template\", 482},\n-  {\"cannot declare `::main' to be inline\", 483},\n-  {\"cannot declare `::main' to be static\", 484},\n-  {\"overflow in array dimension\", 485},\n-  {\"destructors must be member functions\", 486},\n-  {\"`bool' is now a keyword\", 487},\n-  {\"short, signed or unsigned invalid for `%s'\", 488},\n-  {\"long and short specified together for `%s'\", 489},\n-  {\"signed and unsigned given together for `%s'\", 490},\n-  {\"storage class specifiers invalid in parameter declarations\", 491},\n-  {\"typedef declaration invalid in parameter declaration\", 492},\n-  {\"virtual outside class declaration\", 493},\n-  {\"storage class specified for %s `%s'\", 494},\n-  {\"storage class specifiers invalid in friend function declarations\", 495},\n-  {\"destructor cannot be static member function\", 496},\n-  {\"constructor cannot be static member function\", 497},\n-  {\"return value type specifier for constructor ignored\", 498},\n-  {\"can't initialize friend function `%s'\", 499},\n-  {\"virtual functions cannot be friends\", 500},\n-  {\"friend declaration not in class definition\", 501},\n-  {\"cannot declare %s to references\", 502},\n-  {\"invalid type: `void &'\", 503},\n-  {\"only declarations of constructors can be `explicit'\", 504},\n-  {\"non-member `%s' cannot be declared `mutable'\", 505},\n-  {\"non-object member `%s' cannot be declared `mutable'\", 506},\n-  {\"function `%s' cannot be declared `mutable'\", 507},\n-  {\"static `%s' cannot be declared `mutable'\", 508},\n-  {\"const `%s' cannot be declared `mutable'\", 509},\n-  {\"typedef declaration includes an initializer\", 510},\n-  {\"trying to make class `%s' a friend of global scope\", 511},\n-  {\"unnamed variable or field declared void\", 512},\n-  {\"variable or field declared void\", 513},\n-  {\"cannot use `::' in parameter declaration\", 514},\n-  {\"declaration of `%s' as void\", 515},\n-  {\"`%s' is neither function nor member function; cannot be declared friend\", 516},\n-  {\"storage class `auto' invalid for function `%s'\", 517},\n-  {\"storage class `register' invalid for function `%s'\", 518},\n-  {\"virtual non-class function `%s'\", 519},\n-  {\"cannot declare static function inside another function\", 520},\n-  {\"parameter has incomplete type\", 521},\n+\\n\", 297},\n+  {\"close %s\", 298},\n+  {\"could not convert 0x%l.8x into a region\", 299},\n+  {\"%s function, region %d, offset = %ld (0x%.8lx)\\n\", 300},\n+  {\"bad magic number\", 301},\n+  {\"bad header version\", 302},\n+  {\"bad raw header version\", 303},\n+  {\"raw header buffer too small\", 304},\n+  {\"old raw header file\", 305},\n+  {\"unsupported version\", 306},\n+  {\"unknown {de,en}code_mach_o_hdr return value %d\", 307},\n+  {\"fstat %s\", 308},\n+  {\"lseek %s 0\", 309},\n+  {\"read %s\", 310},\n+  {\"read %ld bytes, expected %ld, from %s\", 311},\n+  {\"msync %s\", 312},\n+  {\"munmap %s\", 313},\n+  {\"write %s\", 314},\n+  {\"wrote %ld bytes, expected %ld, to %s\", 315},\n+  {\"\\\n+;; Combiner statistics: %d attempts, %d substitutions (%d requiring new \\\n+space),\\n\\\n+;; %d successes.\\n\\\n+\\n\", 316},\n+  {\"\\\n+\\n\\\n+;; Combiner totals: %d attempts, %d substitutions (%d requiring new space),\\n\\\n+;; %d successes.\\n\", 317},\n+  {\"invalid %%Q value\", 318},\n+  {\"invalid %%C value\", 319},\n+  {\"invalid %%N value\", 320},\n+  {\"invalid %%M value\", 321},\n+  {\"invalid %%m value\", 322},\n+  {\"invalid %%L value\", 323},\n+  {\"invalid %%O value\", 324},\n+  {\"invalid %%P value\", 325},\n+  {\"invalid %%V value\", 326},\n+  {\"bad value `%s' for -mtrap-precision switch\", 327},\n+  {\"bad value `%s' for -mfp-rounding-mode switch\", 328},\n+  {\"bad value `%s' for -mfp-trap-mode switch\", 329},\n+  {\"bad value `%s' for -mcpu switch\", 330},\n+  {\"invalid %%r value\", 331},\n+  {\"invalid %%R value\", 332},\n+  {\"invalid %%h value\", 333},\n+  {\"invalid %%U value\", 334},\n+  {\"invalid %%s value\", 335},\n+  {\"invalid %%E value\", 336},\n+  {\"invalid %%xn code\", 337},\n+  {\"bad value (%s) for -mcpu switch\", 338},\n+  {\"invalid operand to %R code\", 339},\n+  {\"invalid operand to %H/%L code\", 340},\n+  {\"invalid operand to %U code\", 341},\n+  {\"invalid operand to %V code\", 342},\n+  {\"invalid operand output code\", 343},\n+  {\"bad value (%s) for %s switch\", 344},\n+  {\"-fpic and -mapcs-reent are incompatible\", 345},\n+  {\"Invalid floating point emulation option: -mfpe-%s\", 346},\n+  {\"Unable to use '%s' for PIC register\", 347},\n+  {\"No low registers available for popping high registers\", 348},\n+  {\"thumb_load_double_from_address: destination is not a register\", 349},\n+  {\"thumb_load_double_from_address: source is not a computed memory address\", 350},\n+  {\"thumb_load_double_from_address: base is not a register\", 351},\n+  {\"thumb_load_double_from_address: Unhandled address calculation\", 352},\n+  {\"Invalid register class letter %c\", 353},\n+  {\"ACCUM_HIGH_REGS class in limit_reload_class\", 354},\n+  {\"YH_OR_ACCUM_HIGH_REGS found in limit_reload_class\", 355},\n+  {\"YL found in limit_reload_class\", 356},\n+  {\"Stack size > 32k\", 357},\n+  {\"Invalid addressing mode\", 358},\n+  {\"Bad register extension code\", 359},\n+  {\"Invalid offset in ybase addressing\", 360},\n+  {\"Invalid register in ybase addressing\", 361},\n+  {\"inline float constants not supported on this host\", 362},\n+  {\"Invalid shift operator in emit_1600_core_shift\", 363},\n+  {\"Invalid mode for gen_tst_reg\", 364},\n+  {\"Invalid mode for integer comparison in gen_compare_reg\", 365},\n+  {\"Invalid register for compare\", 366},\n+  {\"Profiling not implemented yet.\", 367},\n+  {\"Trampolines not yet implemented\", 368},\n+  {\"Internal gcc abort from %s:%d\", 369},\n+  {\"The local variable `insn' has the value:\", 370},\n+  {\"bad value (%s) for -march= switch\", 371},\n+  {\"bad value (%s) for -mcpu= switch\", 372},\n+  {\"Register '%c' is unknown\", 373},\n+  {\"Register '%c' already specified in allocation order\", 374},\n+  {\"-mregparm=%d is not between 0 and %d\", 375},\n+  {\"-malign-loops=%d is not between 0 and %d\", 376},\n+  {\"-malign-jumps=%d is not between 0 and %d\", 377},\n+  {\"-malign-functions=%d is not between 0 and %d\", 378},\n+  {\"-mpreferred-stack-boundary=%d is not between 2 and 31\", 379},\n+  {\"-mbranch-cost=%d is not between 0 and 5\", 380},\n+  {\"floating constant misused\", 381},\n+  {\"invalid UNSPEC as operand\", 382},\n+  {\"invalid expression as operand\", 383},\n+  {\"half-pic init called on systems that don't support it.\", 384},\n+  {\"Use hardware fp\", 385},\n+  {\"Do not use hardware fp\", 386},\n+  {\"Same as -mcpu=i386\", 387},\n+  {\"Same as -mcpu=i486\", 388},\n+  {\"Same as -mcpu=pentium\", 389},\n+  {\"Same as -mcpu=pentiumpro\", 390},\n+  {\"Alternate calling convention\", 391},\n+  {\"Use normal calling convention\", 392},\n+  {\"Align some doubles on dword boundary\", 393},\n+  {\"Align doubles on word boundary\", 394},\n+  {\"Uninitialized locals in .bss\", 395},\n+  {\"Uninitialized locals in .data\", 396},\n+  {\"Use IEEE math for fp comparisons\", 397},\n+  {\"Do not use IEEE math for fp comparisons\", 398},\n+  {\"Return values of functions in FPU registers\", 399},\n+  {\"Do not return values of functions in FPU registers\", 400},\n+  {\"Do not generate sin, cos, sqrt for FPU\", 401},\n+  {\"Generate sin, cos, sqrt for FPU\", 402},\n+  {\"Omit the frame pointer in leaf functions\", 403},\n+  {\"Enable stack probing\", 404},\n+  {\"Emit Intel syntax assembler opcodes\", 405},\n+  {\"Align destination of the string operations\", 406},\n+  {\"Do not align destination of the string operations\", 407},\n+  {\"Inline all known string operations\", 408},\n+  {\"Do not inline all known string operations\", 409},\n+  {\"Use push instructions to save outgoing arguments\", 410},\n+  {\"Do not use push instructions to save outgoing arguments\", 411},\n+  {\"Schedule code for given CPU\", 412},\n+  {\"Generate code for given CPU\", 413},\n+  {\"Control allocation order of integer registers\", 414},\n+  {\"Number of registers used to pass integer arguments\", 415},\n+  {\"Loop code aligned to this power of 2\", 416},\n+  {\"Jump targets are aligned to this power of 2\", 417},\n+  {\"Function starts are aligned to this power of 2\", 418},\n+  {\"Attempt to keep stack aligned to this power of 2\", 419},\n+  {\"Branches are this expensive (1-5, arbitrary units)\", 420},\n+  {\"`%s' declared as both exported to and imported from a DLL.\", 421},\n+  {\"bad value (%s) for -mmodel switch\", 422},\n+  {\"bad value (%s) for -msdata switch\", 423},\n+  {\"invalid operand to %s code\", 424},\n+  {\"invalid operand to %p code\", 425},\n+  {\"invalid operand to %T/%B code\", 426},\n+  {\"invalid operand to %N code\", 427},\n+  {\"-malign-loops=%d is not between 1 and %d\", 428},\n+  {\"-malign-jumps=%d is not between 1 and %d\", 429},\n+  {\"-malign-functions=%d is not between 1 and %d\", 430},\n+  {\"-fPIC is not currently supported on the 68000 or 68010\\n\", 431},\n+  {\"%R not followed by %B/C/D/E\", 432},\n+  {\"invalid %x/X value\", 433},\n+  {\"invalid %H value\", 434},\n+  {\"invalid %h value\", 435},\n+  {\"invalid %Q value\", 436},\n+  {\"invalid %q value\", 437},\n+  {\"invalid %o value\", 438},\n+  {\"invalid %p value\", 439},\n+  {\"invalid %s/S value\", 440},\n+  {\"invalid %P operand\", 441},\n+  {\"invalid %B value\", 442},\n+  {\"invalid %C value\", 443},\n+  {\"invalid %D value\", 444},\n+  {\"invalid %E value\", 445},\n+  {\"`%d' operand isn't a register\", 446},\n+  {\"invalid %r value\", 447},\n+  {\"operand is r0\", 448},\n+  {\"operand is const_double\", 449},\n+  {\"invalid code\", 450},\n+  {\"-mtrap-large-shift and -mhandle-large-shift are incompatible\", 451},\n+  {\"Invalid option `-mshort-data-%s'\", 452},\n+  {\"-mshort-data-%s is too large \", 453},\n+  {\"-mshort-data-%s and PIC are incompatible\", 454},\n+  {\"-mips%d not supported\", 455},\n+  {\"bad value (%s) for -mips switch\", 456},\n+  {\"bad value (%s) for -mabi= switch\", 457},\n+  {\"-mabi=%s does not support -mips%d\", 458},\n+  {\"The -mabi=32 support does not work yet.\", 459},\n+  {\"This target does not support the -mabi switch.\", 460},\n+  {\"-mcpu=%s does not support -mips%d\", 461},\n+  {\"-mips%d does not support 64 bit fp registers\", 462},\n+  {\"-mips%d does not support 64 bit gp registers\", 463},\n+  {\"Invalid option `entry%s'\", 464},\n+  {\"internal error: %%) found without a %%( in assembler pattern\", 465},\n+  {\"internal error: %%] found without a %%[ in assembler pattern\", 466},\n+  {\"internal error: %%> found without a %%< in assembler pattern\", 467},\n+  {\"internal error: %%} found without a %%{ in assembler pattern\", 468},\n+  {\"PRINT_OPERAND: Unknown punctuation '%c'\", 469},\n+  {\"PRINT_OPERAND null pointer\", 470},\n+  {\"PRINT_OPERAND: letter %c was found & insn was not CONST_INT\", 471},\n+  {\"PRINT_OPERAND_ADDRESS, null pointer\", 472},\n+  {\"gp_offset (%ld) or end_offset (%ld) is less than zero.\", 473},\n+  {\"fp_offset (%ld) or end_offset (%ld) is less than zero.\", 474},\n+  {\"can not handle inconsistent calls to `%s'\", 475},\n+  {\"invalid %%B value\", 476},\n+  {\"invalid %%S value\", 477},\n+  {\"invalid %%b value\", 478},\n+  {\"invalid %%H value\", 479},\n+  {\"invalid %%z value\", 480},\n+  {\"invalid %%Z value\", 481},\n+  {\"invalid %%k value\", 482},\n+  {\"invalid %%j value\", 483},\n+  {\"can't have varargs with -mfp-arg-in-fp-regs\", 484},\n+  {\"\\\n+-maix64 required: 64-bit computation with 32-bit addressing not yet \\\n+supported.\", 485},\n+  {\"Unknown -mdebug-%s switch\", 486},\n+  {\"invalid %%f value\", 487},\n+  {\"invalid %%F value\", 488},\n+  {\"invalid %%G value\", 489},\n+  {\"invalid %%j code\", 490},\n+  {\"invalid %%J code\", 491},\n+  {\"invalid %%K value\", 492},\n+  {\"invalid %%p value\", 493},\n+  {\"invalid %%q value\", 494},\n+  {\"%%S computed all 1's mask\", 495},\n+  {\"%%S computed all 0's mask\", 496},\n+  {\"invalid %%u value\", 497},\n+  {\"invalid %%v value\", 498},\n+  {\"RETURN_ADDRESS_OFFSET not supported\", 499},\n+  {\"Bad value for -mcall-%s\", 500},\n+  {\"Bad value for -msdata=%s\", 501},\n+  {\"-mrelocatable and -msdata=%s are incompatible.\", 502},\n+  {\"-f%s and -msdata=%s are incompatible.\", 503},\n+  {\"-msdata=%s and -mcall-%s are incompatible.\", 504},\n+  {\"-mrelocatable and -mno-minimal-toc are incompatible.\", 505},\n+  {\"-mrelocatable and -mcall-%s are incompatible.\", 506},\n+  {\"-fPIC and -mcall-%s are incompatible.\", 507},\n+  {\"-mcall-aixdesc must be big endian\", 508},\n+  {\"%s is not supported by this configuration\", 509},\n+  {\"-mptr%d not allowed on -m%d\", 510},\n+  {\"-mlong-double-64 not allowed with -m64\", 511},\n+  {\"bad value (%s) for -mcmodel= switch\", 512},\n+  {\"-mcmodel= is not supported on 32 bit systems\", 513},\n+  {\"profiling does not support code models other than medlow\", 514},\n+  {\"Invalid %%Y operand\", 515},\n+  {\"Invalid %%A operand\", 516},\n+  {\"Invalid %%B operand\", 517},\n+  {\"Invalid %%c operand\", 518},\n+  {\"Invalid %%C operand\", 519},\n+  {\"Invalid %%d operand\", 520},\n+  {\"Invalid %%D operand\", 521},\n+  {\"Invalid %%f operand\", 522},\n+  {\"long long constant not a valid immediate operand\", 523},\n+  {\"floating point constant not a valid immediate operand\", 524},\n+  {\"%s=%s is not numeric.\", 525},\n+  {\"%s=%s is too large.\", 526},\n+  {\"Bogus JR construction: %d\\n\", 527},\n+  {\"Bad amount of stack space removal: %d\", 528},\n+  {\"Bogus JARL construction: %d\\n\", 529},\n+  {\"cannot convert to a pointer type\", 530},\n+  {\"pointer value used where a floating point value was expected\", 531},\n+  {\"aggregate value used where a float was expected\", 532},\n+  {\"conversion to incomplete type\", 533},\n+  {\"aggregate value used where an integer was expected\", 534},\n+  {\"pointer value used where a complex was expected\", 535},\n+  {\"aggregate value used where a complex was expected\", 536},\n+  {\"destructors take no parameters\", 537},\n+  {\"conflicting access specifications for field `%s', ignored\", 538},\n+  {\"trying to finish struct, but kicked out due to previous parse errors.\", 539},\n+  {\"language string `\\\"%s\\\"' not recognized\", 540},\n+  {\"not enough type information\", 541},\n+  {\"invalid operation on uninstantiated type\", 542},\n+  {\"parse errors have confused me too much\", 543},\n+  {\"label `%s' referenced outside of any function\", 544},\n+  {\"  enters try block\", 545},\n+  {\"virtual memory exhausted\", 546},\n+  {\"the new ABI requires vtable thunks\", 547},\n+  {\"an anonymous union cannot have function members\", 548},\n+  {\"multiple types in one declaration\", 549},\n+  {\"assignment (not initialization) in declaration\", 550},\n+  {\"invalid catch parameter\", 551},\n+  {\"destructor for alien class `%s' cannot be a member\", 552},\n+  {\"constructor for alien class `%s' cannot be a member\", 553},\n+  {\"cannot declare `::main' to be a template\", 554},\n+  {\"cannot declare `::main' to be inline\", 555},\n+  {\"cannot declare `::main' to be static\", 556},\n+  {\"overflow in array dimension\", 557},\n+  {\"destructors must be member functions\", 558},\n+  {\"`bool' is now a keyword\", 559},\n+  {\"short, signed or unsigned invalid for `%s'\", 560},\n+  {\"long and short specified together for `%s'\", 561},\n+  {\"signed and unsigned given together for `%s'\", 562},\n+  {\"storage class specifiers invalid in parameter declarations\", 563},\n+  {\"typedef declaration invalid in parameter declaration\", 564},\n+  {\"virtual outside class declaration\", 565},\n+  {\"storage class specified for %s `%s'\", 566},\n+  {\"storage class specifiers invalid in friend function declarations\", 567},\n+  {\"destructor cannot be static member function\", 568},\n+  {\"constructor cannot be static member function\", 569},\n+  {\"return value type specifier for constructor ignored\", 570},\n+  {\"can't initialize friend function `%s'\", 571},\n+  {\"virtual functions cannot be friends\", 572},\n+  {\"friend declaration not in class definition\", 573},\n+  {\"cannot declare %s to references\", 574},\n+  {\"invalid type: `void &'\", 575},\n+  {\"only declarations of constructors can be `explicit'\", 576},\n+  {\"non-member `%s' cannot be declared `mutable'\", 577},\n+  {\"non-object member `%s' cannot be declared `mutable'\", 578},\n+  {\"function `%s' cannot be declared `mutable'\", 579},\n+  {\"static `%s' cannot be declared `mutable'\", 580},\n+  {\"const `%s' cannot be declared `mutable'\", 581},\n+  {\"typedef declaration includes an initializer\", 582},\n+  {\"trying to make class `%s' a friend of global scope\", 583},\n+  {\"unnamed variable or field declared void\", 584},\n+  {\"variable or field declared void\", 585},\n+  {\"cannot use `::' in parameter declaration\", 586},\n+  {\"declaration of `%s' as void\", 587},\n+  {\"`%s' is neither function nor member function; cannot be declared friend\", 588},\n+  {\"storage class `auto' invalid for function `%s'\", 589},\n+  {\"storage class `register' invalid for function `%s'\", 590},\n+  {\"virtual non-class function `%s'\", 591},\n+  {\"cannot declare static function inside another function\", 592},\n+  {\"parameter has incomplete type\", 593},\n   {\"\\\n invalid integer constant in parameter list, did you forget to give parameter \\\n-name?\", 522},\n-  {\"parameter invalidly declared method type\", 523},\n-  {\"parameter invalidly declared offset type\", 524},\n-  {\"`void' in parameter list must be entire list\", 525},\n-  {\"Unrecognized option `%s'\", 526},\n-  {\"no file specified with -fdump-translation-unit\", 527},\n-  {\"name missing for member function\", 528},\n-  {\"`__alignof__' applied to a bit-field\", 529},\n-  {\"parser may be lost: is there a '{' missing somewhere?\", 530},\n-  {\"ambiguous conversion for array subscript\", 531},\n+name?\", 594},\n+  {\"parameter invalidly declared method type\", 595},\n+  {\"parameter invalidly declared offset type\", 596},\n+  {\"`void' in parameter list must be entire list\", 597},\n+  {\"no file specified with -fdump-translation-unit\", 598},\n+  {\"name missing for member function\", 599},\n+  {\"`__alignof__' applied to a bit-field\", 600},\n+  {\"parser may be lost: is there a '{' missing somewhere?\", 601},\n+  {\"ambiguous conversion for array subscript\", 602},\n   {\"\\\n cannot delete a function.  Only pointer-to-objects are valid arguments to \\\n-`delete'\", 532},\n-  {\"initializer invalid for static member with constructor\", 533},\n-  {\"(you really want to initialize it separately)\", 534},\n-  {\"field initializer is not constant\", 535},\n-  {\"anonymous struct not inside named type\", 536},\n-  {\"namespace-scope anonymous aggregates must be static\", 537},\n-  {\"`operator new' must return type `void *'\", 538},\n-  {\"`operator new' takes type `size_t' parameter\", 539},\n-  {\"`operator new' takes type `size_t' as first parameter\", 540},\n-  {\"`operator delete' must return type `void'\", 541},\n-  {\"`operator delete' takes type `void *' as first parameter\", 542},\n-  {\"second argument to `operator delete' must be of type `size_t'\", 543},\n-  {\"too many arguments in declaration of `operator delete'\", 544},\n-  {\"`...' invalid in specification of `operator delete'\", 545},\n-  {\"call to Java `catch' or `throw', while `jthrowable' undefined\", 546},\n-  {\"mixing C++ and Java `catch'es in single translation unit\", 547},\n-  {\"  in thrown expression\", 548},\n-  {\"pointers are not permitted as case values\", 549},\n-  {\"duplicate (or overlapping) case value\", 550},\n-  {\"`default' label within scope of cleanup or variable array\", 551},\n-  {\"argument to `%s' missing\\n\", 552},\n-  {\"base class initializer specified, but no base class to initialize\", 553},\n-  {\"initializer for unnamed base class ambiguous\", 554},\n-  {\"no base class to initialize\", 555},\n-  {\"bad array initializer\", 556},\n-  {\"object missing in use of pointer-to-member construct\", 557},\n-  {\"at this point in file\", 558},\n-  {\"new of array type fails to specify size\", 559},\n-  {\"new cannot be applied to a reference type\", 560},\n-  {\"new cannot be applied to a function type\", 561},\n-  {\"call to Java constructor, while `jclass' undefined\", 562},\n-  {\"invalid type `void' for new\", 563},\n-  {\"call to Java constructor, while `%s' undefined\", 564},\n-  {\"initializer ends prematurely\", 565},\n-  {\"unknown array size in delete\", 566},\n-  {\"type to vector delete is neither pointer or array type\", 567},\n-  {\"type name expected before `*'\", 568},\n-  {\"cannot declare references to references\", 569},\n-  {\"cannot declare pointers to references\", 570},\n-  {\"type name expected before `&'\", 571},\n-  {\"parse error at end of saved function text\", 572},\n-  {\"end of file encountered inside string constant\", 573},\n-  {\"end of file encountered inside character constant\", 574},\n-  {\"parse error in method specification\", 575},\n-  {\"function body for constructor missing\", 576},\n-  {\"semicolon missing after %s declaration\", 577},\n-  {\"invalid #pragma vtable\", 578},\n-  {\"invalid #pragma unit\", 579},\n-  {\"invalid `#pragma interface'\", 580},\n-  {\"invalid `#pragma implementation'\", 581},\n-  {\"non hex digit '%c' in universal-character-name\", 582},\n+`delete'\", 603},\n+  {\"initializer invalid for static member with constructor\", 604},\n+  {\"(you really want to initialize it separately)\", 605},\n+  {\"field initializer is not constant\", 606},\n+  {\"anonymous struct not inside named type\", 607},\n+  {\"namespace-scope anonymous aggregates must be static\", 608},\n+  {\"`operator new' must return type `void *'\", 609},\n+  {\"`operator new' takes type `size_t' parameter\", 610},\n+  {\"`operator new' takes type `size_t' as first parameter\", 611},\n+  {\"`operator delete' must return type `void'\", 612},\n+  {\"`operator delete' takes type `void *' as first parameter\", 613},\n+  {\"second argument to `operator delete' must be of type `size_t'\", 614},\n+  {\"too many arguments in declaration of `operator delete'\", 615},\n+  {\"`...' invalid in specification of `operator delete'\", 616},\n+  {\"call to Java `catch' or `throw', while `jthrowable' undefined\", 617},\n+  {\"mixing C++ and Java `catch'es in single translation unit\", 618},\n+  {\"  in thrown expression\", 619},\n+  {\"pointers are not permitted as case values\", 620},\n+  {\"duplicate (or overlapping) case value\", 621},\n+  {\"`default' label within scope of cleanup or variable array\", 622},\n+  {\"argument to `%s' missing\\n\", 623},\n+  {\"base class initializer specified, but no base class to initialize\", 624},\n+  {\"initializer for unnamed base class ambiguous\", 625},\n+  {\"no base class to initialize\", 626},\n+  {\"bad array initializer\", 627},\n+  {\"object missing in use of pointer-to-member construct\", 628},\n+  {\"at this point in file\", 629},\n+  {\"new of array type fails to specify size\", 630},\n+  {\"new cannot be applied to a reference type\", 631},\n+  {\"new cannot be applied to a function type\", 632},\n+  {\"call to Java constructor, while `jclass' undefined\", 633},\n+  {\"invalid type `void' for new\", 634},\n+  {\"call to Java constructor, while `%s' undefined\", 635},\n+  {\"initializer ends prematurely\", 636},\n+  {\"unknown array size in delete\", 637},\n+  {\"type to vector delete is neither pointer or array type\", 638},\n+  {\"type name expected before `*'\", 639},\n+  {\"cannot declare references to references\", 640},\n+  {\"cannot declare pointers to references\", 641},\n+  {\"type name expected before `&'\", 642},\n+  {\"parse error at end of saved function text\", 643},\n+  {\"end of file encountered inside string constant\", 644},\n+  {\"end of file encountered inside character constant\", 645},\n+  {\"parse error in method specification\", 646},\n+  {\"function body for constructor missing\", 647},\n+  {\"semicolon missing after %s declaration\", 648},\n+  {\"invalid #pragma vtable\", 649},\n+  {\"invalid #pragma unit\", 650},\n+  {\"invalid `#pragma interface'\", 651},\n+  {\"invalid `#pragma implementation'\", 652},\n+  {\"non hex digit '%c' in universal-character-name\", 653},\n   {\"\\\n universal-character-name designates `%c', part of the basic source character \\\n-set\", 583},\n-  {\"invalid universal-character-name\", 584},\n-  {\"universal-character-name `\\\\U%08x' not valid in identifier\", 585},\n-  {\"universal-character-name `\\\\u%04x' not valid in identifier\", 586},\n-  {\"\\\\x used with no following hex digits\", 587},\n-  {\"%s at end of saved text\", 588},\n+set\", 654},\n+  {\"invalid universal-character-name\", 655},\n+  {\"universal-character-name `\\\\U%08x' not valid in identifier\", 656},\n+  {\"universal-character-name `\\\\u%04x' not valid in identifier\", 657},\n+  {\"\\\\x used with no following hex digits\", 658},\n+  {\"%s at end of saved text\", 659},\n   {\"\\\n (Each undeclared identifier is reported only once for each function it \\\n-appears in.)\", 589},\n-  {\"name lookup of `%s' changed for new ISO `for' scoping\", 590},\n-  {\"complex integer constant is too wide for `__complex int'\", 591},\n-  {\"malformatted character constant\", 592},\n-  {\"ambiguous request for method pointer `%s'\", 593},\n-  {\"request for member `%s' is ambiguous in multiple inheritance lattice\", 594},\n-  {\"invalid default template argument\", 595},\n-  {\"no base initializers given following ':'\", 596},\n-  {\"base initializers not allowed for non-member functions\", 597},\n-  {\"only constructors take base initializers\", 598},\n-  {\"ISO C++ forbids an empty condition for `%s'\", 599},\n-  {\"`sigof' applied to non-aggregate expression\", 600},\n-  {\"`sigof' applied to non-aggregate type\", 601},\n-  {\"storage class specifier `%s' not allowed after struct or class\", 602},\n-  {\"type specifier `%s' not allowed after struct or class\", 603},\n-  {\"type qualifier `%s' not allowed after struct or class\", 604},\n-  {\"no body nor ';' separates two class, struct or union declarations\", 605},\n-  {\"multiple access specifiers\", 606},\n-  {\"multiple `virtual' specifiers\", 607},\n-  {\"missing ';' before right brace\", 608},\n-  {\"label must be followed by statement\", 609},\n-  {\"possibly missing ')'\", 610},\n-  {\"type specifier omitted for parameter\", 611},\n-  {\"  a template type parameter must begin with `class' or `typename'\", 612},\n-  {\"incomplete type unification\", 613},\n-  {\"mysterious repository information in %s\", 614},\n-  {\"can't create repository information file `%s'\", 615},\n-  {\"taking dynamic typeid of object with -fno-rtti\", 616},\n-  {\"cannot use typeid with -fno-rtti\", 617},\n-  {\"must #include <typeinfo> before using typeid\", 618},\n-  {\"non-lvalue in %s\", 619},\n-  {\"`com_interface' only supported with -fvtable-thunks\", 620},\n-  {\"requested init_priority is not an integer constant\", 621},\n+appears in.)\", 660},\n+  {\"name lookup of `%s' changed for new ISO `for' scoping\", 661},\n+  {\"complex integer constant is too wide for `__complex int'\", 662},\n+  {\"malformatted character constant\", 663},\n+  {\"ambiguous request for method pointer `%s'\", 664},\n+  {\"request for member `%s' is ambiguous in multiple inheritance lattice\", 665},\n+  {\"invalid default template argument\", 666},\n+  {\"no base initializers given following ':'\", 667},\n+  {\"base initializers not allowed for non-member functions\", 668},\n+  {\"only constructors take base initializers\", 669},\n+  {\"ISO C++ forbids an empty condition for `%s'\", 670},\n+  {\"`sigof' applied to non-aggregate expression\", 671},\n+  {\"`sigof' applied to non-aggregate type\", 672},\n+  {\"storage class specifier `%s' not allowed after struct or class\", 673},\n+  {\"type specifier `%s' not allowed after struct or class\", 674},\n+  {\"type qualifier `%s' not allowed after struct or class\", 675},\n+  {\"no body nor ';' separates two class, struct or union declarations\", 676},\n+  {\"multiple access specifiers\", 677},\n+  {\"multiple `virtual' specifiers\", 678},\n+  {\"missing ';' before right brace\", 679},\n+  {\"label must be followed by statement\", 680},\n+  {\"possibly missing ')'\", 681},\n+  {\"type specifier omitted for parameter\", 682},\n+  {\"  a template type parameter must begin with `class' or `typename'\", 683},\n+  {\"incomplete type unification\", 684},\n+  {\"mysterious repository information in %s\", 685},\n+  {\"can't create repository information file `%s'\", 686},\n+  {\"taking dynamic typeid of object with -fno-rtti\", 687},\n+  {\"cannot use typeid with -fno-rtti\", 688},\n+  {\"must #include <typeinfo> before using typeid\", 689},\n+  {\"non-lvalue in %s\", 690},\n+  {\"`com_interface' only supported with -fvtable-thunks\", 691},\n+  {\"requested init_priority is not an integer constant\", 692},\n   {\"\\\n can only use init_priority attribute on file-scope definitions of objects of \\\n-class type\", 622},\n-  {\"requested init_priority is out of range\", 623},\n-  {\"sizeof applied to a bit-field\", 624},\n-  {\"invalid reference to NULL ptr, use ptr-to-member instead\", 625},\n-  {\"invalid use of `%s' on pointer to member\", 626},\n-  {\"invalid type argument\", 627},\n-  {\"pointer to member function called, but not in class scope\", 628},\n+class type\", 693},\n+  {\"requested init_priority is out of range\", 694},\n+  {\"sizeof applied to a bit-field\", 695},\n+  {\"invalid reference to NULL ptr, use ptr-to-member instead\", 696},\n+  {\"invalid use of `%s' on pointer to member\", 697},\n+  {\"invalid type argument\", 698},\n+  {\"pointer to member function called, but not in class scope\", 699},\n   {\"\\\n invalid call to member function needing `this' in static member function \\\n-scope\", 629},\n-  {\"parameter type of called function is incomplete\", 630},\n-  {\"ISO C++ forbids comparison between pointer and integer\", 631},\n-  {\"invalid use of a pointer to an incomplete type in pointer arithmetic\", 632},\n-  {\"cannot take the address of `this', which is an ravlue expression\", 633},\n-  {\"ISO C++ forbids casting to an array type\", 634},\n-  {\"   in pointer to member function conversion\", 635},\n-  {\"   in pointer to member conversion\", 636},\n-  {\"returning a value from a destructor\", 637},\n-  {\"cannot return from a handler of a function-try-block of a constructor\", 638},\n-  {\"returning a value from a constructor\", 639},\n-  {\"  since the following virtual functions are abstract:\", 640},\n-  {\"confused by earlier errors, bailing out\", 641},\n-  {\"Internal compiler error.\", 642},\n-  {\"Internal compiler error %d.\", 643},\n-  {\"Please submit a full bug report.\", 644},\n-  {\"See %s for instructions.\", 645},\n-  {\"due to the presence of a constructor\", 646},\n-  {\"cannot initialize arrays using this syntax\", 647},\n-  {\"initializing array with parameter list\", 648},\n-  {\"initializer for scalar variable requires one element\", 649},\n-  {\"non-empty initializer for array of empty elements\", 650},\n-  {\"index value instead of field name in union initializer\", 651},\n-  {\"circular pointer delegation detected\", 652},\n-  {\"result of `operator->()' yields non-pointer result\", 653},\n-  {\"base operand of `->' is not a pointer\", 654},\n-  {\"duplicate label `%s' in switch statement\", 655},\n-  {\"duplicate label (%d) in switch statement\", 656},\n-  {\"range values `%s' and `%s' reversed\", 657},\n-  {\"range values reversed\", 658},\n-  {\"Can't create cross-reference file `%s'\", 659},\n-  {\"Internal gcc abort.\", 660},\n-  {\"In file included from %s:%u\", 661},\n+scope\", 700},\n+  {\"parameter type of called function is incomplete\", 701},\n+  {\"ISO C++ forbids comparison between pointer and integer\", 702},\n+  {\"invalid use of a pointer to an incomplete type in pointer arithmetic\", 703},\n+  {\"unary `&'\", 704},\n+  {\"cannot take the address of `this', which is an ravlue expression\", 705},\n+  {\"ISO C++ forbids casting to an array type\", 706},\n+  {\"   in pointer to member function conversion\", 707},\n+  {\"   in pointer to member conversion\", 708},\n+  {\"returning a value from a destructor\", 709},\n+  {\"cannot return from a handler of a function-try-block of a constructor\", 710},\n+  {\"returning a value from a constructor\", 711},\n+  {\"  since the following virtual functions are abstract:\", 712},\n+  {\"confused by earlier errors, bailing out\", 713},\n+  {\"Internal compiler error.\", 714},\n+  {\"Internal compiler error %d.\", 715},\n+  {\"Please submit a full bug report.\", 716},\n+  {\"See %s for instructions.\", 717},\n+  {\"due to the presence of a constructor\", 718},\n+  {\"cannot initialize arrays using this syntax\", 719},\n+  {\"initializing array with parameter list\", 720},\n+  {\"initializer for scalar variable requires one element\", 721},\n+  {\"non-empty initializer for array of empty elements\", 722},\n+  {\"index value instead of field name in union initializer\", 723},\n+  {\"circular pointer delegation detected\", 724},\n+  {\"result of `operator->()' yields non-pointer result\", 725},\n+  {\"base operand of `->' is not a pointer\", 726},\n+  {\"duplicate label `%s' in switch statement\", 727},\n+  {\"duplicate label (%d) in switch statement\", 728},\n+  {\"range values `%s' and `%s' reversed\", 729},\n+  {\"range values reversed\", 730},\n+  {\"Can't create cross-reference file `%s'\", 731},\n+  {\"Internal gcc abort.\", 732},\n+  {\"In file included from %s:%u\", 733},\n   {\"\\\n ,\\n\\\n-                 from %s:%u\", 662},\n-  {\"<command line>: \", 663},\n-  {\"warning: \", 664},\n-  {\"internal error: \", 665},\n-  {\"ignoring nonexistent directory `%s'\\n\", 666},\n-  {\"ignoring duplicate directory `%s'\\n\", 667},\n-  {\"#include \\\"...\\\" search starts here:\\n\", 668},\n-  {\"#include <...> search starts here:\\n\", 669},\n-  {\"End of search list.\\n\", 670},\n-  {\"GNU CPP version %s (cpplib)\\n\", 671},\n-  {\"Usage: %s [switches] input output\\n\", 672},\n+                 from %s:%u\", 734},\n+  {\"<command line>: \", 735},\n+  {\"warning: \", 736},\n+  {\"internal error: \", 737},\n+  {\"bad is_error(%d) in v_message\", 738},\n+  {\"%s: %s\", 739},\n+  {\"floating point numbers are not allowed in #if expressions\", 740},\n+  {\"invalid number in #if expression\", 741},\n+  {\"too many 'l' suffixes in integer constant\", 742},\n+  {\"too many 'u' suffixes in integer constant\", 743},\n+  {\"integer constant contains digits beyond the radix\", 744},\n+  {\"integer constant out of range\", 745},\n+  {\"integer constant is so large that it is unsigned\", 746},\n+  {\"escape sequence out of range for character\", 747},\n+  {\"multi-character character constant\", 748},\n+  {\"'defined' without an identifier\", 749},\n+  {\"string constants are not allowed in #if expressions\", 750},\n+  {\"'%.*s' is not defined\", 751},\n+  {\"'%.*s' is not allowed in #if expressions\", 752},\n+  {\"non-ANSI-standard escape sequence, '\\\\%c'\", 753},\n+  {\"octal escape sequence out of range\", 754},\n+  {\"hex escape sequence out of range\", 755},\n+  {\"integer overflow in preprocessor expression\", 756},\n+  {\"comma operator in operand of #if\", 757},\n+  {\"included file `%s' exists but is not readable\", 758},\n+  {\"No include path in which to find %s\", 759},\n+  {\"%s is too large\", 760},\n+  {\"%s is shorter than expected\\n\", 761},\n+  {\"%s is a block device\", 762},\n+  {\"%s is a directory\", 763},\n+  {\"macro argument \\\"%s\\\" would be stringified in traditional C\", 764},\n+  {\"macro argument \\\"%s\\\" is stringified\", 765},\n+  {\"`##' at start of macro definition\", 766},\n+  {\"`##' at end of macro definition\", 767},\n+  {\"empty object-like macro went through full #define\", 768},\n+  {\"# is not followed by a macro argument name\", 769},\n+  {\"`#' is not followed by a macro argument name\", 770},\n+  {\"first token = %d not %d in collect_formal_parameters\", 771},\n+  {\"impossible token in macro argument list\", 772},\n+  {\"illegal token in macro argument list\", 773},\n+  {\"another parameter follows \\\"...\\\"\", 774},\n+  {\"missing right paren in macro argument list\", 775},\n+  {\"collect_params: argc=%d argslen=0\", 776},\n+  {\"duplicate macro argument name \\\"%s\\\"\", 777},\n+  {\"C99 does not permit use of __VA_ARGS__ as a macro argument name\", 778},\n+  {\"C89 does not permit varargs macros\", 779},\n+  {\"ISO C does not permit named varargs macros\", 780},\n+  {\"collect_params: impossible token type %d\", 781},\n+  {\"The C standard requires whitespace after #define %s\", 782},\n+  {\"\\\"%s\\\" redefined\", 783},\n+  {\"this is the location of the previous definition\", 784},\n+  {\"attempt to use poisoned `%s'.\", 785},\n+  {\"invalid special hash type\", 786},\n+  {\"macroexpand: unexpected token %d (wanted LPAREN)\", 787},\n+  {\"unterminated macro call\", 788},\n+  {\"arguments given to macro `%s'\", 789},\n+  {\"macro `%s' used without args\", 790},\n+  {\"macro `%s' used with just one arg\", 791},\n+  {\"macro `%s' used with only %d args\", 792},\n+  {\"macro `%s' used with too many (%d) args\", 793},\n+  {\"invalid hash type %d in dump_definition\", 794},\n+  {\"ignoring nonexistent directory `%s'\\n\", 795},\n+  {\"%s: Not a directory\", 796},\n+  {\"ignoring duplicate directory `%s'\\n\", 797},\n+  {\"-MG must be specified with one of -M or -MM\", 798},\n+  {\"-lang-chill and -trigraphs are mutually exclusive\", 799},\n+  {\"#include \\\"...\\\" search starts here:\\n\", 800},\n+  {\"#include <...> search starts here:\\n\", 801},\n+  {\"End of search list.\\n\", 802},\n+  {\"buffers still stacked in cpp_finish\", 803},\n+  {\"I/O error on output\", 804},\n+  {\"Argument missing after %s\", 805},\n+  {\"Assertion missing after %s\", 806},\n+  {\"Directory name missing after %s\", 807},\n+  {\"File name missing after %s\", 808},\n+  {\"Macro name missing after %s\", 809},\n+  {\"Path name missing after %s\", 810},\n+  {\"Number missing after %s\", 811},\n+  {\"Too many arguments. Type %s --help for usage info\", 812},\n+  {\"GNU CPP version %s (cpplib)\\n\", 813},\n+  {\"Output filename specified twice\", 814},\n+  {\"-I- specified twice\", 815},\n+  {\"Usage: %s [switches] input output\\n\", 816},\n   {\"\\\n Switches:\\n\\\n   -include <file>           Include the contents of <file> before other \\\n@@ -786,286 +939,416 @@ end\\n\\\n   -$                        Do not allow '$' in identifiers\\n\\\n   -remap                    Remap file names when including files.\\n\\\n   --version                 Display version information\\n\\\n-  -h or --help              Display this information\\n\", 673},\n-  {\"`%s' is not a legal option to the preprocessor\", 674},\n-  {\"too many input files\", 675},\n+  -h or --help              Display this information\\n\", 817},\n+  {\"macro or `#include' recursion too deep\", 818},\n+  {\"mark active in cpp_pop_buffer\", 819},\n+  {\"length < 0 in cpp_expand_to_buffer\", 820},\n+  {\"'/*' within comment\", 821},\n+  {\"unterminated comment\", 822},\n+  {\"backslash-newline within line comment\", 823},\n+  {\"C++ style comments are not allowed in traditional C\", 824},\n+  {\"C++ style comments are not allowed in ISO C89\", 825},\n+  {\"(this will be reported only once per input file)\", 826},\n+  {\"embedded null character ignored\", 827},\n+  {\"embedded null characters ignored\", 828},\n+  {\"%s in preprocessing directive\", 829},\n+  {\"unterminated string or character constant\", 830},\n+  {\"possible real start of unterminated constant\", 831},\n+  {\"unterminated character constant\", 832},\n+  {\"string constant runs past end of line\", 833},\n+  {\"\\\\r escape inside string constant\", 834},\n+  {\"null character in string or character constant\", 835},\n+  {\"null characters in string or character constant\", 836},\n+  {\"missing '>' in `#include <FILENAME>'\", 837},\n+  {\"unrecognized escape \\\\r%c\", 838},\n+  {\"function macro %s must be used with arguments in traditional C\", 839},\n+  {\"vertical tab in preprocessing directive\", 840},\n+  {\"form feed in preprocessing directive\", 841},\n+  {\"trigraph ??%c converted to %c\", 842},\n+  {\"trigraph ??%c ignored\", 843},\n+  {\"no newline at end of file\", 844},\n+  {\"'$' character in identifier\", 845},\n+  {\"multi-line string constant\", 846},\n+  {\"missing terminating %c character\", 847},\n+  {\"possible start of unterminated string literal\", 848},\n+  {\"null characters preserved\", 849},\n+  {\"null character preserved\", 850},\n+  {\"comment start split across lines\", 851},\n+  {\"multi-line comment\", 852},\n+  {\"comment start '/*' split across lines\", 853},\n+  {\"comment end '*/' split across lines\", 854},\n+  {\"backslash and newline separated by space\", 855},\n+  {\"Unspellable token\", 856},\n+  {\"handle_directive called on macro buffer\", 857},\n+  {\"# followed by integer\", 858},\n+  {\"invalid preprocessing directive #%s\", 859},\n+  {\"ignoring #%s because of its indented #\", 860},\n+  {\"#%s may not be used inside a macro argument\", 861},\n+  {\"ISO C does not allow #%s\", 862},\n+  {\"traditional C ignores #%s with the # indented\", 863},\n+  {\"suggest hiding #%s from traditional C with an indented #\", 864},\n+  {\"#define must be followed by an identifier\", 865},\n+  {\"\\\"defined\\\" is not a legal macro name\", 866},\n+  {\"redefining poisoned `%.*s'\", 867},\n+  {\"#%s expects \\\"FILENAME\\\" or <FILENAME>\", 868},\n+  {\"junk at end of #%s\", 869},\n+  {\"empty file name in #%s\", 870},\n+  {\"#import is obsolete, use an #ifndef wrapper in the header file\", 871},\n+  {\"#include_next in primary source file\", 872},\n+  {\"invalid format #line\", 873},\n+  {\"token after #line is not an integer\", 874},\n+  {\"line number out of range in #line\", 875},\n+  {\"garbage at end of #line\", 876},\n+  {\"second token after #line is not a string\", 877},\n+  {\"token after #undef is not an identifier\", 878},\n+  {\"junk on line after #undef\", 879},\n+  {\"cannot undefine poisoned \\\"%s\\\"\", 880},\n+  {\"undefining `%s'\", 881},\n+  {\"#error %.*s\", 882},\n+  {\"#warning %.*s\", 883},\n+  {\"malformed #pragma directive\", 884},\n+  {\"#pragma once is obsolete\", 885},\n+  {\"#pragma once outside include file\", 886},\n+  {\"malformed #pragma implementation\", 887},\n+  {\"#pragma implementation for %s appears after file is included\", 888},\n+  {\"invalid #pragma poison directive\", 889},\n+  {\"poisoning existing macro `%s'\", 890},\n+  {\"#pragma system_header outside include file\", 891},\n+  {\"#%s with no argument\", 892},\n+  {\"#%s with invalid argument\", 893},\n+  {\"garbage at end of #%s\", 894},\n+  {\"attempt to use poisoned `%s'\", 895},\n+  {\"#else without #if\", 896},\n+  {\"#else after #else\", 897},\n+  {\"the conditional began here\", 898},\n+  {\"#elif without #if\", 899},\n+  {\"#elif after #else\", 900},\n+  {\"#endif without #if\", 901},\n+  {\"ISO C forbids text after #%s\", 902},\n+  {\"unterminated #%s\", 903},\n+  {\"Invalid option %s\", 904},\n+  {\"`%s' is not a legal option to the preprocessor\", 905},\n+  {\"too many input files\", 906},\n+  {\";; Processing block from %d to %d, %d sets.\\n\", 907},\n   {\"\\\n-Unable to access real part of complex value in a hard register on this target\", 676},\n+Unable to access real part of complex value in a hard register on this target\", 908},\n   {\"\\\n Unable to access imaginary part of complex value in a hard register on this \\\n-target\", 677},\n-  {\"Cannot duplicate non-existant exception region.\", 678},\n-  {\"exception handling disabled, use -fexceptions to enable\", 679},\n-  {\"Never issued previous false_label\", 680},\n-  {\"Duplicate call to __builtin_eh_return\", 681},\n-  {\"function uses __builtin_eh_return\", 682},\n-  {\"stack limits not supported on this target\", 683},\n-  {\"function using short complex types cannot be inline\", 684},\n-  {\"unsupported wide integer operation\", 685},\n-  {\"output_operand: %s\", 686},\n-  {\"operand number missing after %-letter\", 687},\n-  {\"operand number out of range\", 688},\n-  {\"invalid %%-code\", 689},\n-  {\"`%l' operand isn't a label\", 690},\n-  {\"Head insn %d for block %d not found in the insn stream.\", 691},\n-  {\"Insn %d is in multiple basic blocks (%d and %d)\", 692},\n-  {\"End insn %d for block %d not found in the insn stream.\", 693},\n-  {\"Basic block %i edge lists are corrupted\", 694},\n-  {\"Basic block %d pred edge is corrupted\", 695},\n-  {\"NOTE_INSN_BASIC_BLOCK is missing for block %d\", 696},\n-  {\"NOTE_INSN_BASIC_BLOCK is missing for block %d\\n\", 697},\n-  {\"NOTE_INSN_BASIC_BLOCK %d in the middle of basic block %d\", 698},\n-  {\"In basic block %d:\", 699},\n-  {\"Basic blocks not numbered consecutively\", 700},\n-  {\"number of bb notes in insn chain (%d) != n_basic_blocks (%d)\", 701},\n-  {\"Ambiguous abbreviation %s\", 702},\n-  {\"Incomplete `%s' option\", 703},\n-  {\"Missing argument to `%s' option\", 704},\n-  {\"Extraneous argument to `%s' option\", 705},\n-  {\"Using builtin specs.\\n\", 706},\n+target\", 909},\n+  {\"Cannot duplicate non-existant exception region.\", 910},\n+  {\"exception handling disabled, use -fexceptions to enable\", 911},\n+  {\"Never issued previous false_label\", 912},\n+  {\"Duplicate call to __builtin_eh_return\", 913},\n+  {\"function uses __builtin_eh_return\", 914},\n+  {\"stack limits not supported on this target\", 915},\n+  {\"function using short complex types cannot be inline\", 916},\n+  {\"unsupported wide integer operation\", 917},\n+  {\"output_operand: %s\", 918},\n+  {\"operand number missing after %-letter\", 919},\n+  {\"operand number out of range\", 920},\n+  {\"invalid %%-code\", 921},\n+  {\"`%l' operand isn't a label\", 922},\n+  {\"Head insn %d for block %d not found in the insn stream.\", 923},\n+  {\"Insn %d is in multiple basic blocks (%d and %d)\", 924},\n+  {\"End insn %d for block %d not found in the insn stream.\", 925},\n+  {\"Basic block %i edge lists are corrupted\", 926},\n+  {\"Basic block %d pred edge is corrupted\", 927},\n+  {\"NOTE_INSN_BASIC_BLOCK is missing for block %d\", 928},\n+  {\"NOTE_INSN_BASIC_BLOCK is missing for block %d\\n\", 929},\n+  {\"NOTE_INSN_BASIC_BLOCK %d in the middle of basic block %d\", 930},\n+  {\"In basic block %d:\", 931},\n+  {\"Basic blocks not numbered consecutively\", 932},\n+  {\"number of bb notes in insn chain (%d) != n_basic_blocks (%d)\", 933},\n+  {\"Ambiguous abbreviation %s\", 934},\n+  {\"Incomplete `%s' option\", 935},\n+  {\"Missing argument to `%s' option\", 936},\n+  {\"Extraneous argument to `%s' option\", 937},\n+  {\"Using builtin specs.\\n\", 938},\n   {\"\\\n Setting spec %s to '%s'\\n\\\n-\\n\", 707},\n-  {\"Reading specs from %s\\n\", 708},\n-  {\"specs %%include syntax malformed after %ld characters\", 709},\n-  {\"Could not find specs file %s\\n\", 710},\n-  {\"specs %%rename syntax malformed after %ld characters\", 711},\n-  {\"specs %s spec was not found to be renamed\", 712},\n-  {\"rename spec %s to %s\\n\", 713},\n+\\n\", 939},\n+  {\"Reading specs from %s\\n\", 940},\n+  {\"specs %%include syntax malformed after %ld characters\", 941},\n+  {\"Could not find specs file %s\\n\", 942},\n+  {\"specs %%rename syntax malformed after %ld characters\", 943},\n+  {\"specs %s spec was not found to be renamed\", 944},\n+  {\"rename spec %s to %s\\n\", 945},\n   {\"\\\n spec is '%s'\\n\\\n-\\n\", 714},\n-  {\"specs unknown %% command after %ld characters\", 715},\n-  {\"specs file malformed after %ld characters\", 716},\n-  {\"spec file has no spec for linking\", 717},\n-  {\"file path prefix `%s%s' never used\", 718},\n-  {\"file path prefix `%s' never used\", 719},\n-  {\"-pipe not supported\", 720},\n+\\n\", 946},\n+  {\"specs unknown %% command after %ld characters\", 947},\n+  {\"specs file malformed after %ld characters\", 948},\n+  {\"spec file has no spec for linking\", 949},\n+  {\"file path prefix `%s%s' never used\", 950},\n+  {\"file path prefix `%s' never used\", 951},\n+  {\"-pipe not supported\", 952},\n   {\"\\\n \\n\\\n-Go ahead? (y or n) \", 721},\n-  {\"Internal compiler error: program %s got fatal signal %d\", 722},\n-  {\"# %s %.2f %.2f\\n\", 723},\n-  {\"argument to `-Xlinker' is missing\", 724},\n-  {\"argument to `-specs' is missing\", 725},\n-  {\"argument to `-specs=' is missing\", 726},\n-  {\"argument to `-b' is missing\", 727},\n-  {\"argument to `-B' is missing\", 728},\n-  {\"argument to `-V' is missing\", 729},\n-  {\"invalid version number format\", 730},\n-  {\"cannot specify -o with -c or -S and multiple compilations\", 731},\n-  {\"Warning: -pipe ignored since -save-temps specified\", 732},\n-  {\"Warning: -pipe ignored since -time specified\", 733},\n-  {\"argument to `-x' is missing\", 734},\n-  {\"argument to `-%s' is missing\", 735},\n-  {\"Warning: `-x %s' after last input file has no effect\", 736},\n-  {\"Invalid specification!  Bug in cc.\", 737},\n-  {\"Spec failure: '%%*' has not been initialised by pattern match\", 738},\n-  {\"Warning: use of obsolete %%[ operator in specs\", 739},\n-  {\"Processing spec %c%s%c, which is '%s'\\n\", 740},\n-  {\"Spec failure: Unrecognised spec option '%c'\", 741},\n-  {\"unrecognized option `-%s'\", 742},\n-  {\"gcc version %s\\n\", 743},\n-  {\"gcc driver version %s executing gcc version %s\\n\", 744},\n-  {\"No input files\", 745},\n-  {\"%s: %s compiler not installed on this system\", 746},\n-  {\"%s: linker input file unused since linking not done\", 747},\n-  {\"language %s not recognized\", 748},\n-  {\"%s: %s\", 749},\n-  {\"%s: option `%s' is ambiguous\\n\", 750},\n-  {\"%s: option `--%s' doesn't allow an argument\\n\", 751},\n-  {\"%s: option `%c%s' doesn't allow an argument\\n\", 752},\n-  {\"%s: option `%s' requires an argument\\n\", 753},\n-  {\"%s: unrecognized option `--%s'\\n\", 754},\n-  {\"%s: unrecognized option `%c%s'\\n\", 755},\n-  {\"%s: illegal option -- %c\\n\", 756},\n-  {\"%s: invalid option -- %c\\n\", 757},\n-  {\"%s: option requires an argument -- %c\\n\", 758},\n-  {\"%s: option `-W %s' is ambiguous\\n\", 759},\n-  {\"%s: option `-W %s' doesn't allow an argument\\n\", 760},\n-  {\"varargs function cannot be inline\", 761},\n-  {\"function using alloca cannot be inline\", 762},\n-  {\"function using setjmp cannot be inline\", 763},\n-  {\"function with nested functions cannot be inline\", 764},\n-  {\"function with label addresses used in initializers cannot inline\", 765},\n-  {\"function too large to be inline\", 766},\n-  {\"no prototype, and parameter address used; cannot be inline\", 767},\n-  {\"inline functions not supported for this return value type\", 768},\n-  {\"function with varying-size return value cannot be inline\", 769},\n-  {\"function with varying-size parameter cannot be inline\", 770},\n-  {\"function with transparent unit parameter cannot be inline\", 771},\n-  {\"function with computed jump cannot inline\", 772},\n-  {\"function with nonlocal goto cannot be inline\", 773},\n-  {\"function with complex parameters cannot be inline\", 774},\n-  {\"function with target specific attribute(s) cannot be inlined\", 775},\n-  {\"Objective-C text in C source file\", 776},\n-  {\"statically allocated objects not supported\", 777},\n-  {\"Undefined type `id', please import <objc/objc.h>\", 778},\n-  {\"Cannot find protocol declaration for `%s'\", 779},\n-  {\"Cannot find interface declaration for `%s'\", 780},\n-  {\"`%s' redeclared as different kind of symbol\", 781},\n-  {\"Cannot find interface declaration for `%s', superclass of `%s'\", 782},\n-  {\"Circular inheritance in interface declaration for `%s'\", 783},\n-  {\"inconsistent instance variable specification\", 784},\n-  {\"no super class declared in interface for `%s'\", 785},\n-  {\"duplicate definition of class method `%s'.\", 786},\n-  {\"duplicate declaration of class method `%s'.\", 787},\n-  {\"duplicate definition of instance method `%s'.\", 788},\n-  {\"duplicate declaration of instance method `%s'.\", 789},\n-  {\"instance variable `%s' is declared private\", 790},\n-  {\"instance variable `%s' is declared %s\", 791},\n-  {\"reimplementation of class `%s'\", 792},\n-  {\"conflicting super class name `%s'\", 793},\n-  {\"previous declaration of `%s'\", 794},\n-  {\"[super ...] must appear in a method context\", 795},\n-  {\"Instance variable `%s' implicitly declared as function\", 796},\n-  {\"method definition not in class context\", 797},\n-  {\"%s: internal abort\\n\", 798},\n-  {\"%s: error writing file `%s': %s\\n\", 799},\n-  {\"%s: usage '%s [ -VqfnkN ] [ -i <istring> ] [ filename ... ]'\\n\", 800},\n-  {\"%s: usage '%s [ -VqfnkNlgC ] [ -B <dirname> ] [ filename ... ]'\\n\", 801},\n-  {\"%s: warning: no read access for file `%s'\\n\", 802},\n-  {\"%s: warning: no write access for file `%s'\\n\", 803},\n-  {\"%s: warning: no write access for dir containing `%s'\\n\", 804},\n-  {\"%s: invalid file name: %s\\n\", 805},\n-  {\"%s: %s: can't get status: %s\\n\", 806},\n+Go ahead? (y or n) \", 953},\n+  {\"Internal compiler error: program %s got fatal signal %d\", 954},\n+  {\"# %s %.2f %.2f\\n\", 955},\n+  {\"argument to `-Xlinker' is missing\", 956},\n+  {\"argument to `-specs' is missing\", 957},\n+  {\"argument to `-specs=' is missing\", 958},\n+  {\"argument to `-b' is missing\", 959},\n+  {\"argument to `-B' is missing\", 960},\n+  {\"argument to `-V' is missing\", 961},\n+  {\"invalid version number format\", 962},\n+  {\"cannot specify -o with -c or -S and multiple compilations\", 963},\n+  {\"Warning: -pipe ignored since -save-temps specified\", 964},\n+  {\"Warning: -pipe ignored since -time specified\", 965},\n+  {\"argument to `-x' is missing\", 966},\n+  {\"argument to `-%s' is missing\", 967},\n+  {\"Warning: `-x %s' after last input file has no effect\", 968},\n+  {\"Invalid specification!  Bug in cc.\", 969},\n+  {\"Spec failure: '%%*' has not been initialised by pattern match\", 970},\n+  {\"Warning: use of obsolete %%[ operator in specs\", 971},\n+  {\"Processing spec %c%s%c, which is '%s'\\n\", 972},\n+  {\"Spec failure: Unrecognised spec option '%c'\", 973},\n+  {\"unrecognized option `-%s'\", 974},\n+  {\"gcc version %s\\n\", 975},\n+  {\"gcc driver version %s executing gcc version %s\\n\", 976},\n+  {\"No input files\", 977},\n+  {\"%s: %s compiler not installed on this system\", 978},\n+  {\"%s: linker input file unused since linking not done\", 979},\n+  {\"language %s not recognized\", 980},\n+  {\"Internal gcov abort.\\n\", 981},\n+  {\"gcov [-b] [-v] [-n] [-l] [-f] [-o OBJDIR] file\\n\", 982},\n+  {\"Could not open basic block file %s.\\n\", 983},\n+  {\"Could not open data file %s.\\n\", 984},\n+  {\"Assuming that all execution counts are zero.\\n\", 985},\n+  {\"Could not open program flow graph file %s.\\n\", 986},\n+  {\"No executable code associated with file %s.\\n\", 987},\n+  {\".da file contents exhausted too early\\n\", 988},\n+  {\".da file contents not exhausted\\n\", 989},\n+  {\"%6.2f%% of %d source lines executed in function %s\\n\", 990},\n+  {\"No executable source lines in function %s\\n\", 991},\n+  {\"%6.2f%% of %d branches executed in function %s\\n\", 992},\n+  {\"%6.2f%% of %d branches taken at least once in function %s\\n\", 993},\n+  {\"No branches in function %s\\n\", 994},\n+  {\"%6.2f%% of %d calls executed in function %s\\n\", 995},\n+  {\"No calls in function %s\\n\", 996},\n+  {\"didn't use all bb entries of graph, function %s\\n\", 997},\n+  {\"block_num = %ld, num_blocks = %d\\n\", 998},\n+  {\"ERROR: too many basic blocks in .bb file %s\\n\", 999},\n+  {\"%6.2f%% of %d source lines executed in file %s\\n\", 1000},\n+  {\"No executable source lines in file %s\\n\", 1001},\n+  {\"%6.2f%% of %d branches executed in file %s\\n\", 1002},\n+  {\"%6.2f%% of %d branches taken at least once in file %s\\n\", 1003},\n+  {\"No branches in file %s\\n\", 1004},\n+  {\"%6.2f%% of %d calls executed in file %s\\n\", 1005},\n+  {\"No calls in file %s\\n\", 1006},\n+  {\"Could not open source file %s.\\n\", 1007},\n+  {\"Could not open output file %s.\\n\", 1008},\n+  {\"Creating %s.\\n\", 1009},\n+  {\"call %d never executed\\n\", 1010},\n+  {\"call %d returns = %d\\n\", 1011},\n+  {\"call %d returns = %d%%\\n\", 1012},\n+  {\"branch %d never executed\\n\", 1013},\n+  {\"branch %d taken = %d\\n\", 1014},\n+  {\"branch %d taken = %d%%\\n\", 1015},\n+  {\"Unexpected EOF while reading source file %s.\\n\", 1016},\n+  {\"%s: option `%s' is ambiguous\\n\", 1017},\n+  {\"%s: option `--%s' doesn't allow an argument\\n\", 1018},\n+  {\"%s: option `%c%s' doesn't allow an argument\\n\", 1019},\n+  {\"%s: option `%s' requires an argument\\n\", 1020},\n+  {\"%s: unrecognized option `--%s'\\n\", 1021},\n+  {\"%s: unrecognized option `%c%s'\\n\", 1022},\n+  {\"%s: illegal option -- %c\\n\", 1023},\n+  {\"%s: invalid option -- %c\\n\", 1024},\n+  {\"%s: option requires an argument -- %c\\n\", 1025},\n+  {\"%s: option `-W %s' is ambiguous\\n\", 1026},\n+  {\"%s: option `-W %s' doesn't allow an argument\\n\", 1027},\n+  {\"varargs function cannot be inline\", 1028},\n+  {\"function using alloca cannot be inline\", 1029},\n+  {\"function using setjmp cannot be inline\", 1030},\n+  {\"function with nested functions cannot be inline\", 1031},\n+  {\"function with label addresses used in initializers cannot inline\", 1032},\n+  {\"function too large to be inline\", 1033},\n+  {\"no prototype, and parameter address used; cannot be inline\", 1034},\n+  {\"inline functions not supported for this return value type\", 1035},\n+  {\"function with varying-size return value cannot be inline\", 1036},\n+  {\"function with varying-size parameter cannot be inline\", 1037},\n+  {\"function with transparent unit parameter cannot be inline\", 1038},\n+  {\"function with computed jump cannot inline\", 1039},\n+  {\"function with nonlocal goto cannot be inline\", 1040},\n+  {\"function with complex parameters cannot be inline\", 1041},\n+  {\"function with target specific attribute(s) cannot be inlined\", 1042},\n+  {\"Objective-C text in C source file\", 1043},\n+  {\"statically allocated objects not supported\", 1044},\n+  {\"Undefined type `id', please import <objc/objc.h>\", 1045},\n+  {\"Cannot find protocol declaration for `%s'\", 1046},\n+  {\"Cannot find interface declaration for `%s'\", 1047},\n+  {\"`%s' redeclared as different kind of symbol\", 1048},\n+  {\"Cannot find interface declaration for `%s', superclass of `%s'\", 1049},\n+  {\"Circular inheritance in interface declaration for `%s'\", 1050},\n+  {\"inconsistent instance variable specification\", 1051},\n+  {\"no super class declared in interface for `%s'\", 1052},\n+  {\"duplicate definition of class method `%s'.\", 1053},\n+  {\"duplicate declaration of class method `%s'.\", 1054},\n+  {\"duplicate definition of instance method `%s'.\", 1055},\n+  {\"duplicate declaration of instance method `%s'.\", 1056},\n+  {\"instance variable `%s' is declared private\", 1057},\n+  {\"instance variable `%s' is declared %s\", 1058},\n+  {\"reimplementation of class `%s'\", 1059},\n+  {\"conflicting super class name `%s'\", 1060},\n+  {\"previous declaration of `%s'\", 1061},\n+  {\"[super ...] must appear in a method context\", 1062},\n+  {\"Instance variable `%s' implicitly declared as function\", 1063},\n+  {\"method definition not in class context\", 1064},\n+  {\"%s: internal abort\\n\", 1065},\n+  {\"%s: error writing file `%s': %s\\n\", 1066},\n+  {\"%s: usage '%s [ -VqfnkN ] [ -i <istring> ] [ filename ... ]'\\n\", 1067},\n+  {\"%s: usage '%s [ -VqfnkNlgC ] [ -B <dirname> ] [ filename ... ]'\\n\", 1068},\n+  {\"%s: warning: no read access for file `%s'\\n\", 1069},\n+  {\"%s: warning: no write access for file `%s'\\n\", 1070},\n+  {\"%s: warning: no write access for dir containing `%s'\\n\", 1071},\n+  {\"%s: invalid file name: %s\\n\", 1072},\n+  {\"%s: %s: can't get status: %s\\n\", 1073},\n   {\"\\\n \\n\\\n-%s: fatal error: aux info file corrupted at line %d\\n\", 807},\n-  {\"%s:%d: declaration of function `%s' takes different forms\\n\", 808},\n-  {\"%s: compiling `%s'\\n\", 809},\n-  {\"%s: wait: %s\\n\", 810},\n-  {\"%s: subprocess got fatal signal %d\\n\", 811},\n-  {\"%s: %s exited with status %d\\n\", 812},\n-  {\"%s: warning: missing SYSCALLS file `%s'\\n\", 813},\n-  {\"%s: can't read aux info file `%s': %s\\n\", 814},\n-  {\"%s: can't get status of aux info file `%s': %s\\n\", 815},\n-  {\"%s: can't open aux info file `%s' for reading: %s\\n\", 816},\n-  {\"%s: error reading aux info file `%s': %s\\n\", 817},\n-  {\"%s: error closing aux info file `%s': %s\\n\", 818},\n-  {\"%s: can't delete aux info file `%s': %s\\n\", 819},\n-  {\"%s: can't delete file `%s': %s\\n\", 820},\n-  {\"%s: warning: can't rename file `%s' to `%s': %s\\n\", 821},\n-  {\"%s: conflicting extern definitions of '%s'\\n\", 822},\n-  {\"%s: declarations of '%s' will not be converted\\n\", 823},\n-  {\"%s: conflict list for '%s' follows:\\n\", 824},\n-  {\"%s: warning: using formals list from %s(%d) for function `%s'\\n\", 825},\n-  {\"%s: %d: `%s' used but missing from SYSCALLS\\n\", 826},\n-  {\"%s: %d: warning: no extern definition for `%s'\\n\", 827},\n-  {\"%s: warning: no static definition for `%s' in file `%s'\\n\", 828},\n-  {\"%s: multiple static defs of `%s' in file `%s'\\n\", 829},\n-  {\"%s: %d: warning: source too confusing\\n\", 830},\n-  {\"%s: %d: warning: varargs function declaration not converted\\n\", 831},\n-  {\"%s: declaration of function `%s' not converted\\n\", 832},\n-  {\"%s: warning: too many parameter lists in declaration of `%s'\\n\", 833},\n+%s: fatal error: aux info file corrupted at line %d\\n\", 1074},\n+  {\"%s:%d: declaration of function `%s' takes different forms\\n\", 1075},\n+  {\"%s: compiling `%s'\\n\", 1076},\n+  {\"%s: wait: %s\\n\", 1077},\n+  {\"%s: subprocess got fatal signal %d\\n\", 1078},\n+  {\"%s: %s exited with status %d\\n\", 1079},\n+  {\"%s: warning: missing SYSCALLS file `%s'\\n\", 1080},\n+  {\"%s: can't read aux info file `%s': %s\\n\", 1081},\n+  {\"%s: can't get status of aux info file `%s': %s\\n\", 1082},\n+  {\"%s: can't open aux info file `%s' for reading: %s\\n\", 1083},\n+  {\"%s: error reading aux info file `%s': %s\\n\", 1084},\n+  {\"%s: error closing aux info file `%s': %s\\n\", 1085},\n+  {\"%s: can't delete aux info file `%s': %s\\n\", 1086},\n+  {\"%s: can't delete file `%s': %s\\n\", 1087},\n+  {\"%s: warning: can't rename file `%s' to `%s': %s\\n\", 1088},\n+  {\"%s: conflicting extern definitions of '%s'\\n\", 1089},\n+  {\"%s: declarations of '%s' will not be converted\\n\", 1090},\n+  {\"%s: conflict list for '%s' follows:\\n\", 1091},\n+  {\"%s: warning: using formals list from %s(%d) for function `%s'\\n\", 1092},\n+  {\"%s: %d: `%s' used but missing from SYSCALLS\\n\", 1093},\n+  {\"%s: %d: warning: no extern definition for `%s'\\n\", 1094},\n+  {\"%s: warning: no static definition for `%s' in file `%s'\\n\", 1095},\n+  {\"%s: multiple static defs of `%s' in file `%s'\\n\", 1096},\n+  {\"%s: %d: warning: source too confusing\\n\", 1097},\n+  {\"%s: %d: warning: varargs function declaration not converted\\n\", 1098},\n+  {\"%s: declaration of function `%s' not converted\\n\", 1099},\n+  {\"%s: warning: too many parameter lists in declaration of `%s'\\n\", 1100},\n   {\"\\\n \\n\\\n-%s: warning: too few parameter lists in declaration of `%s'\\n\", 834},\n-  {\"%s: %d: warning: found `%s' but expected `%s'\\n\", 835},\n-  {\"%s: local declaration for function `%s' not inserted\\n\", 836},\n+%s: warning: too few parameter lists in declaration of `%s'\\n\", 1101},\n+  {\"%s: %d: warning: found `%s' but expected `%s'\\n\", 1102},\n+  {\"%s: local declaration for function `%s' not inserted\\n\", 1103},\n   {\"\\\n \\n\\\n-%s: %d: warning: can't add declaration of `%s' into macro call\\n\", 837},\n-  {\"%s: global declarations for file `%s' not inserted\\n\", 838},\n-  {\"%s: definition of function `%s' not converted\\n\", 839},\n-  {\"%s: %d: warning: definition of %s not converted\\n\", 840},\n-  {\"%s: found definition of `%s' at %s(%d)\\n\", 841},\n-  {\"%s: %d: warning: `%s' excluded by preprocessing\\n\", 842},\n-  {\"%s: function definition not converted\\n\", 843},\n-  {\"%s: `%s' not converted\\n\", 844},\n-  {\"%s: would convert file `%s'\\n\", 845},\n-  {\"%s: converting file `%s'\\n\", 846},\n-  {\"%s: can't get status for file `%s': %s\\n\", 847},\n-  {\"%s: can't open file `%s' for reading: %s\\n\", 848},\n+%s: %d: warning: can't add declaration of `%s' into macro call\\n\", 1104},\n+  {\"%s: global declarations for file `%s' not inserted\\n\", 1105},\n+  {\"%s: definition of function `%s' not converted\\n\", 1106},\n+  {\"%s: %d: warning: definition of %s not converted\\n\", 1107},\n+  {\"%s: found definition of `%s' at %s(%d)\\n\", 1108},\n+  {\"%s: %d: warning: `%s' excluded by preprocessing\\n\", 1109},\n+  {\"%s: function definition not converted\\n\", 1110},\n+  {\"%s: `%s' not converted\\n\", 1111},\n+  {\"%s: would convert file `%s'\\n\", 1112},\n+  {\"%s: converting file `%s'\\n\", 1113},\n+  {\"%s: can't get status for file `%s': %s\\n\", 1114},\n+  {\"%s: can't open file `%s' for reading: %s\\n\", 1115},\n   {\"\\\n \\n\\\n-%s: error reading input file `%s': %s\\n\", 849},\n-  {\"%s: can't create/open clean file `%s': %s\\n\", 850},\n-  {\"%s: warning: file `%s' already saved in `%s'\\n\", 851},\n-  {\"%s: can't link file `%s' to `%s': %s\\n\", 852},\n-  {\"%s: can't create/open output file `%s': %s\\n\", 853},\n-  {\"%s: can't change mode of file `%s': %s\\n\", 854},\n-  {\"%s: cannot get working directory: %s\\n\", 855},\n-  {\"%s: input file names must have .c suffixes: %s\\n\", 856},\n-  {\"can't use '%s' as a %s register\", 857},\n-  {\"global register variable follows a function definition\", 858},\n-  {\"Unable to find a register to spill in class `%s'.\", 859},\n-  {\"RTL check: access of elt %d of `%s' with last elt %d\", 860},\n-  {\"RTL check: expected elt %d type '%c', have '%c' (rtx %s)\", 861},\n-  {\"RTL check: expected elt %d type '%c' or '%c', have '%c' (rtx %s)\", 862},\n-  {\"RTL check: expected code `%s', have `%s'\", 863},\n-  {\"RTL check: expected code `%s' or `%s', have `%s'\", 864},\n-  {\"RTL check: access of elt %d of vector with last elt %d\", 865},\n+%s: error reading input file `%s': %s\\n\", 1116},\n+  {\"%s: can't create/open clean file `%s': %s\\n\", 1117},\n+  {\"%s: warning: file `%s' already saved in `%s'\\n\", 1118},\n+  {\"%s: can't link file `%s' to `%s': %s\\n\", 1119},\n+  {\"%s: can't create/open output file `%s': %s\\n\", 1120},\n+  {\"%s: can't change mode of file `%s': %s\\n\", 1121},\n+  {\"%s: cannot get working directory: %s\\n\", 1122},\n+  {\"%s: input file names must have .c suffixes: %s\\n\", 1123},\n+  {\"can't use '%s' as a %s register\", 1124},\n+  {\"global register variable follows a function definition\", 1125},\n+  {\"Unable to find a register to spill in class `%s'.\", 1126},\n+  {\"RTL check: access of elt %d of `%s' with last elt %d\", 1127},\n+  {\"RTL check: expected elt %d type '%c', have '%c' (rtx %s)\", 1128},\n+  {\"RTL check: expected elt %d type '%c' or '%c', have '%c' (rtx %s)\", 1129},\n+  {\"RTL check: expected code `%s', have `%s'\", 1130},\n+  {\"RTL check: expected code `%s' or `%s', have `%s'\", 1131},\n+  {\"RTL check: access of elt %d of vector with last elt %d\", 1132},\n   {\"\\\n Internal compiler error in `%s', at %s:%d\\n\\\n Please submit a full bug report.\\n\\\n-See %s for instructions.\", 866},\n-  {\"jump to `%s' invalidly jumps into binding contour\", 867},\n-  {\"`asm' cannot be used in function where memory usage is checked\", 868},\n-  {\"`asm' cannot be used with `-fcheck-memory-usage'\", 869},\n-  {\"unknown register name `%s' in `asm'\", 870},\n-  {\"too many alternatives in `asm'\", 871},\n-  {\"operand constraints for `asm' differ in number of alternatives\", 872},\n-  {\"output operand constraint lacks `='\", 873},\n-  {\"output operand constraint %d contains `+'\", 874},\n-  {\"operand constraint contains '+' or '=' at illegal position.\", 875},\n-  {\"`%%' constraint used with last operand\", 876},\n-  {\"matching constraint not valid in output operand\", 877},\n-  {\"output number %d not directly addressable\", 878},\n-  {\"more than %d operands in `asm'\", 879},\n-  {\"hard register `%s' listed as input operand to `asm'\", 880},\n-  {\"input operand constraint contains `%c'\", 881},\n-  {\"matching constraint references invalid operand number\", 882},\n-  {\"type size can't be explicitly evaluated\", 883},\n-  {\"variable-size type declared outside of any function\", 884},\n-  {\"Invalid option `%s'\", 885},\n-  {\"output pipe has been closed\", 886},\n-  {\"invalid register name `%s' for register variable\", 887},\n-  {\"unrecognized register name `%s'\", 888},\n-  {\"use -gdwarf -g%d for DWARF v1, level %d\", 889},\n-  {\"use -gdwarf-2   for DWARF v2\", 890},\n-  {\"options passed: \", 891},\n-  {\"options enabled: \", 892},\n-  {\"arrays of functions are not meaningful\", 893},\n-  {\"function return type cannot be function\", 894},\n-  {\"invalid initializer for bit string\", 895},\n-  {\"Tree check: expected %s, have %s\", 896},\n-  {\"Tree check: expected class '%c', have '%c' (%s)\", 897},\n-  {\"global register variable has initial value\", 898},\n-  {\"floating point trap outputting a constant\", 899},\n-  {\"initializer for integer value is too complicated\", 900},\n-  {\"initializer for floating value is not a floating constant\", 901},\n-  {\"unknown set constructor type\", 902},\n-  {\"invalid initial value for member `%s'\", 903},\n-  {\"may not use both -EB and -EL\", 904},\n-  {\"-mapcs-26 and -mapcs-32 may not be used together\", 905},\n-  {\"-msoft-float and -mhard_float may not be used together\", 906},\n-  {\"-mbig-endian and -mlittle-endian may not be used together\", 907},\n-  {\"-mbsd and -pedantic incompatible\", 908},\n-  {\"-mbsd and -mxopen incompatible\", 909},\n-  {\"-mxopen and -pedantic incompatible\", 910},\n-  {\"A -ifile option requires a -map option\", 911},\n-  {\"`-p' not supported; use `-pg' and gprof(1)\", 912},\n-  {\"-static not valid with -mcoff\", 913},\n-  {\"-shared not valid with -mcoff\", 914},\n-  {\"-symbolic not valid with -mcoff\", 915},\n-  {\"-fpic is not valid with -mcoff\", 916},\n-  {\"-fPIC is not valid with -mcoff\", 917},\n-  {\"-fpic not valid with -mcoff\", 918},\n-  {\"-fPIC not valid with -mcoff\", 919},\n-  {\"-p option not supported: use -pg instead\", 920},\n-  {\"-pipe is not supported.\", 921},\n-  {\"may not use both -mfp64 and -msingle-float\", 922},\n-  {\"may not use both -mfp64 and -m4650\", 923},\n-  {\"-mhard-float not supported.\", 924},\n-  {\"-msingle-float and -msoft-float can not both be specified.\", 925},\n-  {\"-p profiling is no longer supported.  Use -pg instead.\", 926},\n-  {\"profiling not supported with -mg\\n\", 927},\n-  {\"GNU C++ does not support -C without using -E\", 928},\n-  {\"-pg and -fomit-frame-pointer are incompatible\", 929},\n-  {\"GNU C does not support -C without using -E\", 930},\n-  {\"-E required when input is from standard input\", 931},\n-  {\"Compilation of header file requested\", 932},\n+See %s for instructions.\", 1133},\n+  {\"jump to `%s' invalidly jumps into binding contour\", 1134},\n+  {\"`asm' cannot be used in function where memory usage is checked\", 1135},\n+  {\"`asm' cannot be used with `-fcheck-memory-usage'\", 1136},\n+  {\"unknown register name `%s' in `asm'\", 1137},\n+  {\"too many alternatives in `asm'\", 1138},\n+  {\"operand constraints for `asm' differ in number of alternatives\", 1139},\n+  {\"output operand constraint lacks `='\", 1140},\n+  {\"output operand constraint %d contains `+'\", 1141},\n+  {\"operand constraint contains '+' or '=' at illegal position.\", 1142},\n+  {\"`%%' constraint used with last operand\", 1143},\n+  {\"matching constraint not valid in output operand\", 1144},\n+  {\"output number %d not directly addressable\", 1145},\n+  {\"more than %d operands in `asm'\", 1146},\n+  {\"hard register `%s' listed as input operand to `asm'\", 1147},\n+  {\"input operand constraint contains `%c'\", 1148},\n+  {\"matching constraint references invalid operand number\", 1149},\n+  {\"type size can't be explicitly evaluated\", 1150},\n+  {\"variable-size type declared outside of any function\", 1151},\n+  {\"Invalid option `%s'\", 1152},\n+  {\"output pipe has been closed\", 1153},\n+  {\"Errors detected in input file (your bison.simple is out of date)\\n\", 1154},\n+  {\"invalid register name `%s' for register variable\", 1155},\n+  {\"unrecognized register name `%s'\", 1156},\n+  {\"Unrecognized option `%s'\", 1157},\n+  {\"use -gdwarf -g%d for DWARF v1, level %d\", 1158},\n+  {\"use -gdwarf-2   for DWARF v2\", 1159},\n+  {\"Data size %ld.\\n\", 1160},\n+  {\"\\\n+%s%s%s version %s (%s) compiled by GNU C version %s.\\n\\\n+%s%s%s version %s (%s) compiled by CC.\\n\", 1161},\n+  {\"options passed: \", 1162},\n+  {\"options enabled: \", 1163},\n+  {\"arrays of functions are not meaningful\", 1164},\n+  {\"function return type cannot be function\", 1165},\n+  {\"invalid initializer for bit string\", 1166},\n+  {\"Tree check: expected %s, have %s\", 1167},\n+  {\"Tree check: expected class '%c', have '%c' (%s)\", 1168},\n+  {\"global register variable has initial value\", 1169},\n+  {\"floating point trap outputting a constant\", 1170},\n+  {\"initializer for integer value is too complicated\", 1171},\n+  {\"initializer for floating value is not a floating constant\", 1172},\n+  {\"unknown set constructor type\", 1173},\n+  {\"invalid initial value for member `%s'\", 1174},\n+  {\"Unknown stab %s: : 0x%x\\n\", 1175},\n+  {\"may not use both -EB and -EL\", 1176},\n+  {\"-mapcs-26 and -mapcs-32 may not be used together\", 1177},\n+  {\"-msoft-float and -mhard_float may not be used together\", 1178},\n+  {\"-mbig-endian and -mlittle-endian may not be used together\", 1179},\n+  {\"-mbsd and -pedantic incompatible\", 1180},\n+  {\"-mbsd and -mxopen incompatible\", 1181},\n+  {\"-mxopen and -pedantic incompatible\", 1182},\n+  {\"A -ifile option requires a -map option\", 1183},\n+  {\"`-p' not supported; use `-pg' and gprof(1)\", 1184},\n+  {\"-static not valid with -mcoff\", 1185},\n+  {\"-shared not valid with -mcoff\", 1186},\n+  {\"-symbolic not valid with -mcoff\", 1187},\n+  {\"-fpic is not valid with -mcoff\", 1188},\n+  {\"-fPIC is not valid with -mcoff\", 1189},\n+  {\"-fpic not valid with -mcoff\", 1190},\n+  {\"-fPIC not valid with -mcoff\", 1191},\n+  {\"-p option not supported: use -pg instead\", 1192},\n+  {\"-pipe is not supported.\", 1193},\n+  {\"may not use both -mfp64 and -msingle-float\", 1194},\n+  {\"may not use both -mfp64 and -m4650\", 1195},\n+  {\"-mhard-float not supported.\", 1196},\n+  {\"-msingle-float and -msoft-float can not both be specified.\", 1197},\n+  {\"-p profiling is no longer supported.  Use -pg instead.\", 1198},\n+  {\"profiling not supported with -mg\\n\", 1199},\n+  {\"GNU C++ does not support -C without using -E\", 1200},\n+  {\"-pg and -fomit-frame-pointer are incompatible\", 1201},\n+  {\"GNU C does not support -C without using -E\", 1202},\n+  {\"-E required when input is from standard input\", 1203},\n+  {\"Compilation of header file requested\", 1204},\n };\n \n-int _msg_tbl_length = 932;\n+int _msg_tbl_length = 1204;"}, {"sha": "bf60859c8cbe1e50f163a05c4312f3a020945285", "filename": "gcc/po/gcc.pot", "status": "modified", "additions": 1710, "deletions": 434, "changes": 2144, "blob_url": "https://github.com/Rust-GCC/gccrs/blob/7bf81eeefc61820c53f1ce886ed23905e5aab9f5/gcc%2Fpo%2Fgcc.pot", "raw_url": "https://github.com/Rust-GCC/gccrs/raw/7bf81eeefc61820c53f1ce886ed23905e5aab9f5/gcc%2Fpo%2Fgcc.pot", "contents_url": "https://api.github.com/repos/Rust-GCC/gccrs/contents/gcc%2Fpo%2Fgcc.pot?ref=7bf81eeefc61820c53f1ce886ed23905e5aab9f5"}]}