{"sha": "d967c45e83d3d79e100f88a5ed26c63c33e91754", "node_id": "MDY6Q29tbWl0MTM2NTMxMDA6ZDk2N2M0NWU4M2QzZDc5ZTEwMGY4OGE1ZWQyNmM2M2MzM2U5MTc1NA==", "commit": {"author": {"name": "Andreas Tobler", "email": "a.tobler@schweiz.ch", "date": "2005-06-26T20:41:31Z"}, "committer": {"name": "Andreas Tobler", "email": "andreast@gcc.gnu.org", "date": "2005-06-26T20:41:31Z"}, "message": "xfails: Updated to reflect current state of mauve and libjava.\n\n2005-06-26  Andreas Tobler  <a.tobler@schweiz.ch>\n\n\t* testsuite/libjava.mauve/xfails: Updated to reflect current state\n\tof mauve and libjava.\n\nFrom-SVN: r101337", "tree": {"sha": "8d03f621d2067a92d0225858c54cfb86276f3ae2", "url": "https://api.github.com/repos/Rust-GCC/gccrs/git/trees/8d03f621d2067a92d0225858c54cfb86276f3ae2"}, "url": "https://api.github.com/repos/Rust-GCC/gccrs/git/commits/d967c45e83d3d79e100f88a5ed26c63c33e91754", "comment_count": 0, "verification": {"verified": false, "reason": "unsigned", "signature": null, "payload": null}}, "url": "https://api.github.com/repos/Rust-GCC/gccrs/commits/d967c45e83d3d79e100f88a5ed26c63c33e91754", "html_url": "https://github.com/Rust-GCC/gccrs/commit/d967c45e83d3d79e100f88a5ed26c63c33e91754", "comments_url": "https://api.github.com/repos/Rust-GCC/gccrs/commits/d967c45e83d3d79e100f88a5ed26c63c33e91754/comments", "author": null, "committer": null, "parents": [{"sha": "f341de7bf61024b66271078de0ea3d1085e665f2", "url": "https://api.github.com/repos/Rust-GCC/gccrs/commits/f341de7bf61024b66271078de0ea3d1085e665f2", "html_url": "https://github.com/Rust-GCC/gccrs/commit/f341de7bf61024b66271078de0ea3d1085e665f2"}], "stats": {"total": 149, "additions": 5, "deletions": 144}, "files": [{"sha": "2ca36e5ef472beb404e6bbba4029e7fffa41c2e7", "filename": "libjava/ChangeLog", "status": "modified", "additions": 5, "deletions": 0, "changes": 5, "blob_url": "https://github.com/Rust-GCC/gccrs/blob/d967c45e83d3d79e100f88a5ed26c63c33e91754/libjava%2FChangeLog", "raw_url": "https://github.com/Rust-GCC/gccrs/raw/d967c45e83d3d79e100f88a5ed26c63c33e91754/libjava%2FChangeLog", "contents_url": "https://api.github.com/repos/Rust-GCC/gccrs/contents/libjava%2FChangeLog?ref=d967c45e83d3d79e100f88a5ed26c63c33e91754", "patch": "@@ -1,3 +1,8 @@\n+2005-06-26  Andreas Tobler  <a.tobler@schweiz.ch>\n+\n+\t* testsuite/libjava.mauve/xfails: Updated to reflect current state\n+\tof mauve and libjava. \n+\n 2005-06-24  Tom Tromey  <tromey@redhat.com>\n \n \t* java/lang/natClassLoader.cc (_Jv_UnregisterClass): Handle case"}, {"sha": "71c1de5d2b585c0fc5272a890e09932973c5b91c", "filename": "libjava/testsuite/libjava.mauve/xfails", "status": "modified", "additions": 0, "deletions": 144, "changes": 144, "blob_url": "https://github.com/Rust-GCC/gccrs/blob/d967c45e83d3d79e100f88a5ed26c63c33e91754/libjava%2Ftestsuite%2Flibjava.mauve%2Fxfails", "raw_url": "https://github.com/Rust-GCC/gccrs/raw/d967c45e83d3d79e100f88a5ed26c63c33e91754/libjava%2Ftestsuite%2Flibjava.mauve%2Fxfails", "contents_url": "https://api.github.com/repos/Rust-GCC/gccrs/contents/libjava%2Ftestsuite%2Flibjava.mauve%2Fxfails?ref=d967c45e83d3d79e100f88a5ed26c63c33e91754", "patch": "@@ -36,21 +36,12 @@ FAIL: gnu.testlet.java.awt.image.SinglePixelPackedSampleModel.getDataElements: u\n FAIL: gnu.testlet.java.awt.image.SinglePixelPackedSampleModel.hashCode (number 1)\n FAIL: gnu.testlet.java.awt.image.SinglePixelPackedSampleModel.hashCode (number 2)\n FAIL: Link for gnu.testlet.java.beans.Beans.instantiate_1\n-FAIL: gnu.testlet.java.beans.Introspector.getBeanInfo2: MATCH_EXPECTED_METHOD_COUNT (number 1)\n-FAIL: gnu.testlet.java.beans.Introspector.getBeanInfo2: EXPECTED_METHOD_AVAILABLE: setSomeStaticValue (number 1)\n-FAIL: gnu.testlet.java.beans.Introspector.getBeanInfo2: EXPECTED_METHOD_AVAILABLE: getSomeStaticValue (number 1)\n-FAIL: gnu.testlet.java.beans.PropertyDescriptor.constructorTest2: new PropertyDescriptor(prop5) (check bindings) (number 3)\n-FAIL: gnu.testlet.java.beans.PropertyDescriptor.constructorTest2: new PropertyDescriptor(prop5) (check bindings) (number 5)\n-FAIL: gnu.testlet.java.beans.PropertyDescriptor.constructorTest2: new PropertyDescriptor(prop6) (check bindings) (number 3)\n-FAIL: gnu.testlet.java.beans.PropertyDescriptor.constructorTest2: new PropertyDescriptor(prop6) (check bindings) (number 5)\n-FAIL: gnu.testlet.java.io.File.jdk11: getCanonicalPath () (number 1)\n FAIL: gnu.testlet.java.io.File.security: createTempFile(2-args) - unexpected exception (number 1)\n FAIL: gnu.testlet.java.io.File.security: File.listRoots() (number 1)\n FAIL: gnu.testlet.java.io.File.security: file.renameTo - unexpected exception (number 1)\n FAIL: gnu.testlet.java.io.File.security: dir.deleteOnExit() - unexpected exception (number 1)\n FAIL: gnu.testlet.java.io.ObjectInputOutput.Deserializable: Wrong exception (number 1)\n FAIL: gnu.testlet.java.io.ObjectInputOutput.Deserializable: Was expecting an InvalidClassException (number 1)\n-FAIL: gnu.testlet.java.io.ObjectInputOutput.ExtTest (number 2)\n FAIL: gnu.testlet.java.io.ObjectInputOutput.InputTest: gnu.testlet.java.io.ObjectInputOutput.Test$GetPutField (number 1)\n FAIL: gnu.testlet.java.io.ObjectInputOutput.OutputTest: Serializable: test(str=null, x=0) (number 2)\n FAIL: Link for gnu.testlet.java.io.ObjectInputStream.registerValidation\n@@ -82,17 +73,7 @@ FAIL: gnu.testlet.java.lang.Class.reflect2: getDeclaringClass (number 5)\n FAIL: gnu.testlet.java.lang.Class.reflect2: getDeclaredClasses (number 1)\n FAIL: gnu.testlet.java.lang.Class.reflect2: getDeclaredClasses (number 2)\n FAIL: gnu.testlet.java.lang.Class.reflect2: getDeclaredClasses (number 3)\n-FAIL: gnu.testlet.java.lang.ClassLoader.redefine: normal loading (number 1)\n-FAIL: gnu.testlet.java.lang.Double.parseDouble (number 16)\n-FAIL: gnu.testlet.java.lang.Double.parseDouble (number 19)\n-FAIL: gnu.testlet.java.lang.Double.valueOf (number 16)\n-FAIL: gnu.testlet.java.lang.Double.valueOf (number 19)\n-FAIL: gnu.testlet.java.lang.Float.parseFloat (number 16)\n-FAIL: gnu.testlet.java.lang.Float.parseFloat (number 19)\n-FAIL: gnu.testlet.java.lang.Float.valueOf (number 16)\n-FAIL: gnu.testlet.java.lang.Float.valueOf (number 19)\n FAIL: gnu.testlet.java.lang.Math.MathTest: Error : test_pow failed - 9 (number 1)\n-FAIL: gnu.testlet.java.lang.String.getBytes13: String.getBytes(\"UTF-16\") (number 1)\n FAIL: gnu.testlet.java.lang.String.getBytes13: String.getBytes(\"UnicodeBig\") (number 1)\n FAIL: gnu.testlet.java.lang.String.getBytes13: String.getBytes(\"UnicodeBigUnmarked\") (number 1)\n FAIL: gnu.testlet.java.lang.String.getBytes13: String.getBytes(\"UnicodeLittle\") (number 1)\n@@ -105,24 +86,10 @@ FAIL: gnu.testlet.java.lang.Thread.daemon: Daemon status changed when set on an\n FAIL: gnu.testlet.java.lang.Thread.security10: Thread.enumerate(Thread[]) (number 1)\n FAIL: gnu.testlet.java.lang.Thread.stop: Unexpected exception during test() (number 1)\n FAIL: gnu.testlet.java.net.DatagramPacket.DatagramPacketOffset: DatagramPacket Offset Test byte[]='Hello Worl..........Hello World 12345' should be='Hello WorlHello WorlHello World 12345' (number 1)\n-FAIL: gnu.testlet.java.net.InetAddress.isSiteLocalAddress (number 5)\n-FAIL: gnu.testlet.java.net.InetAddress.isSiteLocalAddress (number 6)\n-FAIL: gnu.testlet.java.net.InetAddress.isSiteLocalAddress (number 9)\n-FAIL: gnu.testlet.java.net.InetAddress.isSiteLocalAddress (number 10)\n FAIL: gnu.testlet.java.net.MulticastSocket.MulticastSocketTest: joinGroup() twice. (number 1)\n FAIL: Compile gnu/testlet/java/net/ServerSocket/ServerSocketTest.lo for gnu.testlet.java.net.ServerSocket.ServerSocketTest\n FAIL: gnu.testlet.java.net.Socket.SocketTest: Error : test_Basics failed - 7 exception should not have been thrown. (number 1)\n-FAIL: gnu.testlet.java.net.URI.URITest: g:h (number 4)\n-FAIL: gnu.testlet.java.net.URI.URITest: g:h (number 9)\n FAIL: gnu.testlet.java.net.URI.URITest: unexpected exception (number 1)\n-FAIL: gnu.testlet.java.net.URI.URITest: ?y (number 4)\n-FAIL: gnu.testlet.java.net.URI.URITest: ?y (number 9)\n-FAIL: gnu.testlet.java.net.URI.URITest: #s (number 4)\n-FAIL: gnu.testlet.java.net.URI.URITest: #s (number 9)\n-FAIL: gnu.testlet.java.net.URI.URITest: #s (number 11)\n-FAIL: gnu.testlet.java.net.URI.URITest: #s (number 14)\n-FAIL: gnu.testlet.java.net.URI.URITest: jrmi://localhost:2000 (number 4)\n-FAIL: gnu.testlet.java.net.URI.URITest: jrmi://localhost:2000 (number 9)\n FAIL: gnu.testlet.java.net.URL.URLTest:  Error in test_toString  - 5  exception should not be thrown here (number 1)\n FAIL: gnu.testlet.java.net.URL.URLTest: contextResolution (number 5)\n FAIL: gnu.testlet.java.net.URL.URLTest: contextResolution (number 6)\n@@ -131,31 +98,8 @@ FAIL: gnu.testlet.java.nio.ByteBuffer.Allocating: mark: mark not invalidated (nu\n FAIL: gnu.testlet.java.nio.ByteBuffer.Allocating: mark: mark not invalidated (number 1)\n FAIL: gnu.testlet.java.nio.ByteBuffer.Allocating: mark: mark not invalidated (number 1)\n FAIL: gnu.testlet.java.nio.ByteBuffer.Allocating: mark: mark not invalidated (number 1)\n-FAIL: gnu.testlet.java.nio.ByteBuffer.compact: position after compact() (number 1)\n-FAIL: gnu.testlet.java.nio.ByteBuffer.compact: limit after compact() (number 1)\n-FAIL: gnu.testlet.java.nio.ByteBuffer.compact: position after compact() (number 1)\n-FAIL: gnu.testlet.java.nio.ByteBuffer.compact: limit after compact() (number 1)\n-FAIL: gnu.testlet.java.nio.CharBuffer.compact: limit after compact() (number 1)\n-FAIL: gnu.testlet.java.nio.CharBuffer.compact: position after compact() (number 1)\n-FAIL: gnu.testlet.java.nio.CharBuffer.compact: limit after compact() (number 1)\n-FAIL: gnu.testlet.java.nio.DoubleBuffer.compact: limit after compact() (number 1)\n-FAIL: gnu.testlet.java.nio.DoubleBuffer.compact: position after compact() (number 1)\n-FAIL: gnu.testlet.java.nio.DoubleBuffer.compact: limit after compact() (number 1)\n-FAIL: gnu.testlet.java.nio.FloatBuffer.compact: limit after compact() (number 1)\n-FAIL: gnu.testlet.java.nio.FloatBuffer.compact: position after compact() (number 1)\n-FAIL: gnu.testlet.java.nio.FloatBuffer.compact: limit after compact() (number 1)\n-FAIL: gnu.testlet.java.nio.IntBuffer.compact: limit after compact() (number 1)\n-FAIL: gnu.testlet.java.nio.IntBuffer.compact: position after compact() (number 1)\n-FAIL: gnu.testlet.java.nio.IntBuffer.compact: limit after compact() (number 1)\n-FAIL: gnu.testlet.java.nio.LongBuffer.compact: limit after compact() (number 1)\n-FAIL: gnu.testlet.java.nio.LongBuffer.compact: position after compact() (number 1)\n-FAIL: gnu.testlet.java.nio.LongBuffer.compact: limit after compact() (number 1)\n-FAIL: gnu.testlet.java.nio.ShortBuffer.compact: limit after compact() (number 1)\n-FAIL: gnu.testlet.java.nio.ShortBuffer.compact: position after compact() (number 1)\n-FAIL: gnu.testlet.java.nio.ShortBuffer.compact: limit after compact() (number 1)\n FAIL: gnu.testlet.java.nio.channels.FileChannel.copyIO: Unexpected result: source=abcdefghijklmnopqrstuvwxyz, result=aababcabcdabcdeabcdefabcdef (number 1)\n FAIL: gnu.testlet.java.nio.channels.FileChannel.manyopen: Unexpected exception at nr 339: java.io.IOException: Too many open files (number 1)\n-FAIL: gnu.testlet.java.nio.charset.Charset.encode: Wrong limit in byte buffer (number 1)\n FAIL: gnu.testlet.java.nio.charset.Charset.encode: uncaught exception at \"Wrong limit in char buffer\" number 2: java.lang.IllegalStateException\n FAIL: gnu.testlet.java.text.DateFormatSymbols.setAmPmStrings (number 1)\n FAIL: gnu.testlet.java.text.DateFormatSymbols.setEras (number 1)\n@@ -164,14 +108,10 @@ FAIL: gnu.testlet.java.text.DateFormatSymbols.setShortMonths (number 1)\n FAIL: gnu.testlet.java.text.DateFormatSymbols.setShortWeekdays (number 1)\n FAIL: gnu.testlet.java.text.DateFormatSymbols.setWeekdays (number 1)\n FAIL: gnu.testlet.java.text.DateFormatSymbols.setZoneStrings (number 1)\n-FAIL: gnu.testlet.java.text.DecimalFormat.equals (number 1)\n-FAIL: gnu.testlet.java.text.DecimalFormat.equals (number 2)\n FAIL: gnu.testlet.java.text.DecimalFormat.formatExp: pattern ##.###E0 (number 2)\n FAIL: gnu.testlet.java.text.DecimalFormatSymbols.getCurrency (number 1)\n FAIL: gnu.testlet.java.text.MessageFormat.format14: number (number 2)\n FAIL: gnu.testlet.java.text.MessageFormat.format14: number (number 4)\n-FAIL: gnu.testlet.java.text.MessageFormat.format14: date (number 3)\n-FAIL: gnu.testlet.java.text.MessageFormat.format14: time (number 3)\n FAIL: gnu.testlet.java.text.MessageFormat.format14: choice (number 1)\n FAIL: gnu.testlet.java.text.NumberFormat.UK: Double-based fraction formatting with integer number format (0.333). (number 1)\n FAIL: gnu.testlet.java.text.NumberFormat.UK: Double-based fraction formatting with integer number format (123,456.789). (number 1)\n@@ -180,22 +120,10 @@ FAIL: gnu.testlet.java.text.NumberFormat.UK: Double-based integer formatting wit\n FAIL: gnu.testlet.java.text.NumberFormat.UK: Double-based fraction formatting with currency number format ($0.333). (number 1)\n FAIL: gnu.testlet.java.text.NumberFormat.UK: Double-based fraction formatting with currency number format ($123,456.789). (number 1)\n FAIL: gnu.testlet.java.text.NumberFormat.UK: Long-based integer formatting with percentile number format (30%). (number 1)\n-FAIL: gnu.testlet.java.text.SimpleDateFormat.Cloning: Cloned symbols (number 1)\n-FAIL: gnu.testlet.java.text.SimpleDateFormat.Cloning: Cloned 2 digit year start date (number 1)\n FAIL: gnu.testlet.java.text.SimpleDateFormat.Localization: uncaught exception at \"Non-localized pattern comes back as is with toPattern().\" number 2: java.lang.StringIndexOutOfBoundsException: String index out of range: 18\n FAIL: gnu.testlet.java.text.SimpleDateFormat.applyLocalizedPattern (number 1)\n FAIL: gnu.testlet.java.text.SimpleDateFormat.applyLocalizedPattern (number 2)\n-FAIL: gnu.testlet.java.text.SimpleDateFormat.applyPattern (number 2)\n-FAIL: gnu.testlet.java.text.SimpleDateFormat.constructors: SimpleDateFormat(String) (number 2)\n-FAIL: gnu.testlet.java.text.SimpleDateFormat.constructors: SimpleDateFormat(String, DateFormatSymbols) (number 1)\n-FAIL: gnu.testlet.java.text.SimpleDateFormat.constructors: SimpleDateFormat(String, DateFormatSymbols) (number 5)\n-FAIL: gnu.testlet.java.text.SimpleDateFormat.constructors: SimpleDateFormat(String, Locale) (number 3)\n-FAIL: gnu.testlet.java.text.SimpleDateFormat.getDateFormatSymbols (number 1)\n-FAIL: gnu.testlet.java.text.SimpleDateFormat.getDateFormatSymbols (number 2)\n-FAIL: gnu.testlet.java.text.SimpleDateFormat.parse: parse pattern MMMM yyyy (number 1)\n-FAIL: gnu.testlet.java.text.SimpleDateFormat.parse: parse pattern MMMM yyyy (number 2)\n FAIL: gnu.testlet.java.text.SimpleDateFormat.parse: java.lang.NullPointerException:  (number 1)\n-FAIL: gnu.testlet.java.text.SimpleDateFormat.parse: parse pattern EEEE MMMM yyyy (number 1)\n FAIL: gnu.testlet.java.text.SimpleDateFormat.parse: java.text.ParseException:  (number 1)\n FAIL: gnu.testlet.java.text.SimpleDateFormat.parse: java.text.ParseException:  (number 2)\n FAIL: gnu.testlet.java.text.SimpleDateFormat.parse: java.text.ParseException:  (number 1)\n@@ -204,29 +132,14 @@ FAIL: gnu.testlet.java.text.SimpleDateFormat.parse: java.text.ParseException:  (\n FAIL: gnu.testlet.java.text.SimpleDateFormat.parse: java.text.ParseException:  (number 1)\n FAIL: gnu.testlet.java.text.SimpleDateFormat.parse: java.text.ParseException:  (number 1)\n FAIL: gnu.testlet.java.text.SimpleDateFormat.parse: java.text.ParseException:  (number 1)\n-FAIL: gnu.testlet.java.text.SimpleDateFormat.parse: parse pattern EEE MMM (number 1)\n FAIL: gnu.testlet.java.text.SimpleDateFormat.parse: java.text.ParseException:  (number 1)\n FAIL: gnu.testlet.java.text.SimpleDateFormat.parse: java.text.ParseException:  (number 1)\n FAIL: gnu.testlet.java.text.SimpleDateFormat.parse: java.text.ParseException:  (number 2)\n FAIL: gnu.testlet.java.text.SimpleDateFormat.parse: java.lang.NullPointerException:  (number 1)\n-FAIL: gnu.testlet.java.text.SimpleDateFormat.regress: DST timezone (number 1)\n-FAIL: gnu.testlet.java.text.SimpleDateFormat.setDateFormatSymbols (number 1)\n-FAIL: gnu.testlet.java.text.SimpleDateFormat.setDateFormatSymbols (number 2)\n-FAIL: gnu.testlet.java.text.SimpleDateFormat.setDateFormatSymbols (number 3)\n FAIL: gnu.testlet.java.text.SimpleDateFormat.toLocalizedPattern (number 1)\n FAIL: gnu.testlet.java.text.SimpleDateFormat.toLocalizedPattern (number 2)\n-FAIL: gnu.testlet.java.util.Calendar.set: Simple tests (number 2)\n-FAIL: gnu.testlet.java.util.Calendar.set: setting only some fields (number 3)\n FAIL: gnu.testlet.java.util.Calendar.set: setting only some fields (number 4)\n FAIL: gnu.testlet.java.util.Calendar.set: setting only some fields (number 5)\n-FAIL: gnu.testlet.java.util.Calendar.set: setting only some fields (number 6)\n-FAIL: gnu.testlet.java.util.Calendar.set: setting only some fields (number 7)\n-FAIL: gnu.testlet.java.util.Calendar.set: test setting conflicting values of different fields (number 2)\n-FAIL: gnu.testlet.java.util.Calendar.set: test setting conflicting values of different fields (number 3)\n-FAIL: gnu.testlet.java.util.Calendar.set: test setting conflicting values of different fields (number 4)\n-FAIL: gnu.testlet.java.util.Calendar.set: test setting conflicting values of different fields (number 5)\n-FAIL: gnu.testlet.java.util.Calendar.set: Normalization (number 2)\n-FAIL: gnu.testlet.java.util.Calendar.set: Normalization (number 3)\n FAIL: gnu.testlet.java.util.Currency.Constructors: uncaught exception: java.lang.IllegalArgumentException: The currency code, null, is not supported.\n FAIL: gnu.testlet.java.util.Currency.France: Euro ISO 4217 currency code retrieval check (FRF). (number 1)\n FAIL: gnu.testlet.java.util.Currency.France: Euro currency symbol retrieval check (F). (number 1)\n@@ -247,17 +160,9 @@ FAIL: gnu.testlet.java.util.Currency.getInstance (number 5)\n FAIL: gnu.testlet.java.util.Date.getTimezoneOffset: getTimezoneOffset for zone: GMT (number 1)\n FAIL: gnu.testlet.java.util.Date.getTimezoneOffset: getTimezoneOffset for zone: GMT (number 2)\n FAIL: gnu.testlet.java.util.Date.getTimezoneOffset: getTimezoneOffset for zone: Europe/London (number 2)\n-FAIL: gnu.testlet.java.util.Date.range (number 6)\n-FAIL: gnu.testlet.java.util.Date.range (number 7)\n-FAIL: gnu.testlet.java.util.Date.range (number 8)\n-FAIL: gnu.testlet.java.util.Date.range (number 9)\n-FAIL: gnu.testlet.java.util.Date.range (number 10)\n FAIL: gnu.testlet.java.util.GregorianCalendar.conversion: uncaught exception at \"Testing setTimeInMillis(281474976710656) i = 48\" number 3: java.lang.IllegalArgumentException: month out of range\n FAIL: gnu.testlet.java.util.GregorianCalendar.getMinimalDaysInFirstWeek (number 1)\n FAIL: gnu.testlet.java.util.GregorianCalendar.getMinimalDaysInFirstWeek (number 2)\n-FAIL: gnu.testlet.java.util.GregorianCalendar.getMinimum (number 2)\n-FAIL: gnu.testlet.java.util.GregorianCalendar.getMinimum (number 3)\n-FAIL: gnu.testlet.java.util.GregorianCalendar.getMinimum (number 4)\n FAIL: gnu.testlet.java.util.SimpleTimeZone.check12 (number 22)\n FAIL: gnu.testlet.java.util.SimpleTimeZone.check12 (number 23)\n FAIL: gnu.testlet.java.util.SimpleTimeZone.equals (number 21)\n@@ -267,60 +172,22 @@ FAIL: gnu.testlet.java.util.Timer.taskException: still able to schedule tasks (n\n FAIL: gnu.testlet.java.util.logging.Logger.getLogger (number 9)\n FAIL: gnu.testlet.java.util.logging.Logger.securityChecks: Logger.getAnonymousLogger() (number 7)\n FAIL: gnu.testlet.java.util.logging.Logger.securityChecks: Logger.getAnonymousLogger(null) (number 7)\n-FAIL: gnu.testlet.java.util.logging.XMLFormatter.formatMessage (number 2)\n-FAIL: gnu.testlet.java.util.logging.XMLFormatter.formatMessage (number 3)\n-FAIL: gnu.testlet.java.util.logging.XMLFormatter.formatMessage (number 4)\n-FAIL: gnu.testlet.java.util.logging.XMLFormatter.formatMessage (number 5)\n-FAIL: gnu.testlet.java.util.logging.XMLFormatter.formatMessage (number 6)\n FAIL: gnu.testlet.java.util.zip.ZipFile.DirEntryTest: getEntry(\"dir/\") (number 2)\n FAIL: gnu.testlet.java.util.zip.ZipFile.newZipFile: non-zipfile gets rejected (number 1)\n-FAIL: gnu.testlet.javax.swing.DefaultListModel.add: add(int, Object) (number 5)\n-FAIL: gnu.testlet.javax.swing.DefaultListModel.add: add(int, Object) (number 9)\n-FAIL: gnu.testlet.javax.swing.DefaultListModel.add: add(int, Object) (number 13)\n-FAIL: gnu.testlet.javax.swing.DefaultListModel.add: add(int, Object) (number 18)\n-FAIL: gnu.testlet.javax.swing.DefaultListModel.addElement: addElement(Object) (number 3)\n-FAIL: gnu.testlet.javax.swing.DefaultListModel.addElement: addElement(Object) (number 4)\n-FAIL: gnu.testlet.javax.swing.DefaultListModel.addElement: addElement(Object) (number 7)\n-FAIL: gnu.testlet.javax.swing.DefaultListModel.addElement: addElement(Object) (number 8)\n-FAIL: gnu.testlet.javax.swing.DefaultListModel.addElement: addElement(Object) (number 11)\n-FAIL: gnu.testlet.javax.swing.DefaultListModel.addElement: addElement(Object) (number 12)\n-FAIL: gnu.testlet.javax.swing.DefaultListModel.addElement: addElement(Object) (number 15)\n-FAIL: gnu.testlet.javax.swing.DefaultListModel.addElement: addElement(Object) (number 16)\n-FAIL: gnu.testlet.javax.swing.DefaultListModel.clear: clear() (number 4)\n-FAIL: gnu.testlet.javax.swing.DefaultListModel.clear: clear() (number 6)\n FAIL: Link for gnu.testlet.javax.swing.DefaultListModel.removeAllElements\n-FAIL: gnu.testlet.javax.swing.DefaultListModel.setSize: setSize(int) (number 6)\n FAIL: gnu.testlet.javax.swing.DefaultListModel.setSize: uncaught exception at \"setSize(int)\" number 10: java.lang.NullPointerException\n FAIL: Link for gnu.testlet.javax.swing.JComboBox.MutableTest1\n FAIL: Link for gnu.testlet.javax.swing.JComboBox.MutableTest2\n FAIL: Link for gnu.testlet.javax.swing.JComboBox.SimpleSelectionTest\n FAIL: gnu.testlet.javax.swing.UIDefaults.remove: put with null gave NullPointerException (number 1)\n FAIL: gnu.testlet.javax.swing.tree.DefaultMutableTreeNode.add: uncaught exception: java.lang.NullPointerException\n FAIL: gnu.testlet.javax.swing.tree.DefaultMutableTreeNode.breadthFirstEnumeration: uncaught exception: java.lang.NullPointerException\n-FAIL: gnu.testlet.javax.swing.tree.DefaultMutableTreeNode.constructors: userObject (number 1)\n-FAIL: gnu.testlet.javax.swing.tree.DefaultMutableTreeNode.getNextPreviousNode (number 2)\n-FAIL: gnu.testlet.javax.swing.tree.DefaultMutableTreeNode.getNextPreviousNode (number 3)\n-FAIL: gnu.testlet.javax.swing.tree.DefaultMutableTreeNode.getNextPreviousNode (number 4)\n-FAIL: gnu.testlet.javax.swing.tree.DefaultMutableTreeNode.getNextPreviousNode (number 5)\n-FAIL: gnu.testlet.javax.swing.tree.DefaultMutableTreeNode.getNextPreviousNode (number 7)\n-FAIL: gnu.testlet.javax.swing.tree.DefaultMutableTreeNode.getNextPreviousNode (number 8)\n-FAIL: gnu.testlet.javax.swing.tree.DefaultMutableTreeNode.getNextPreviousNode (number 9)\n-FAIL: gnu.testlet.javax.swing.tree.DefaultMutableTreeNode.getNextPreviousNode (number 10)\n-FAIL: gnu.testlet.javax.swing.tree.DefaultMutableTreeNode.getNextPreviousNode (number 11)\n-FAIL: gnu.testlet.javax.swing.tree.DefaultMutableTreeNode.getNextPreviousNode (number 12)\n-FAIL: gnu.testlet.javax.swing.tree.DefaultMutableTreeNode.pathFromAncestorEnumeration: rejects invalid arguments (number 1)\n-FAIL: gnu.testlet.javax.swing.tree.DefaultMutableTreeNode.pathFromAncestorEnumeration: rejects invalid arguments (null) (number 1)\n FAIL: gnu.testlet.javax.swing.tree.DefaultMutableTreeNode.pathFromAncestorEnumeration: uncaught exception at \"rejects invalid arguments (null)\" number 2: java.lang.NullPointerException\n FAIL: gnu.testlet.javax.swing.tree.DefaultMutableTreeNode.postorderEnumeration: uncaught exception: java.lang.NullPointerException\n FAIL: gnu.testlet.javax.swing.tree.DefaultMutableTreeNode.preorderEnumeration: uncaught exception: java.lang.NullPointerException\n FAIL: gnu.testlet.locales.LocaleTest: Locale de_DE (number 7)\n FAIL: gnu.testlet.locales.LocaleTest: Locale de_DE (number 8)\n FAIL: gnu.testlet.locales.LocaleTest: Locale de_DE (number 10)\n-FAIL: gnu.testlet.locales.LocaleTest: DateFormat.DEFAULT de_DE (number 1)\n-FAIL: gnu.testlet.locales.LocaleTest: DateFormat.SHORT de_DE (number 1)\n-FAIL: gnu.testlet.locales.LocaleTest: DateFormat.MEDIUM de_DE (number 1)\n-FAIL: gnu.testlet.locales.LocaleTest: DateFormat.DEFAULT == DateFormat.MEDIUM de_DE (number 1)\n-FAIL: gnu.testlet.locales.LocaleTest: DateFormat.LONG de_DE (number 1)\n FAIL: gnu.testlet.locales.LocaleTest: numberformats locale: de_DE (number 6)\n FAIL: gnu.testlet.locales.LocaleTest: numberformats locale: de_DE (number 7)\n FAIL: gnu.testlet.locales.LocaleTest: numberformats locale: de_DE (number 8)\n@@ -435,11 +302,6 @@ FAIL: gnu.testlet.locales.LocaleTest: Currency code not supported: ITL (number 1\n FAIL: gnu.testlet.locales.LocaleTest: Locale nl_NL (number 7)\n FAIL: gnu.testlet.locales.LocaleTest: Locale nl_NL (number 8)\n FAIL: gnu.testlet.locales.LocaleTest: Locale nl_NL (number 10)\n-FAIL: gnu.testlet.locales.LocaleTest: DateFormat.DEFAULT nl_NL (number 1)\n-FAIL: gnu.testlet.locales.LocaleTest: DateFormat.SHORT nl_NL (number 1)\n-FAIL: gnu.testlet.locales.LocaleTest: DateFormat.MEDIUM nl_NL (number 1)\n-FAIL: gnu.testlet.locales.LocaleTest: DateFormat.DEFAULT == DateFormat.MEDIUM nl_NL (number 1)\n-FAIL: gnu.testlet.locales.LocaleTest: DateFormat.LONG nl_NL (number 1)\n FAIL: gnu.testlet.locales.LocaleTest: numberformats locale: nl_NL (number 1)\n FAIL: gnu.testlet.locales.LocaleTest: numberformats locale: nl_NL (number 2)\n FAIL: gnu.testlet.locales.LocaleTest: numberformats locale: nl_NL (number 5)\n@@ -477,7 +339,6 @@ FAIL: gnu.testlet.locales.LocaleTest: DateFormat.MEDIUM en_GB (number 1)\n FAIL: gnu.testlet.locales.LocaleTest: DateFormat.LONG en_GB (number 1)\n FAIL: gnu.testlet.locales.LocaleTest: DateFormat.DEFAULT == DateFormat.MEDIUM en_GB (number 1)\n FAIL: gnu.testlet.locales.LocaleTest: DateFormat.DEFAULT en_GB (number 1)\n-FAIL: gnu.testlet.locales.LocaleTest: DateFormat.SHORT en_GB (number 1)\n FAIL: gnu.testlet.locales.LocaleTest: DateFormat.MEDIUM en_GB (number 1)\n FAIL: gnu.testlet.locales.LocaleTest: DateFormat.LONG en_GB (number 1)\n FAIL: gnu.testlet.locales.LocaleTest: DateFormat.DEFAULT == DateFormat.MEDIUM en_GB (number 1)\n@@ -495,11 +356,6 @@ FAIL: gnu.testlet.locales.LocaleTest: Currency code not supported: GBP (number 1\n FAIL: gnu.testlet.locales.LocaleTest: Locale en_US (number 7)\n FAIL: gnu.testlet.locales.LocaleTest: Locale en_US (number 8)\n FAIL: gnu.testlet.locales.LocaleTest: Locale en_US (number 10)\n-FAIL: gnu.testlet.locales.LocaleTest: DateFormat.DEFAULT en_US (number 1)\n-FAIL: gnu.testlet.locales.LocaleTest: DateFormat.SHORT en_US (number 1)\n-FAIL: gnu.testlet.locales.LocaleTest: DateFormat.MEDIUM en_US (number 1)\n-FAIL: gnu.testlet.locales.LocaleTest: DateFormat.DEFAULT == DateFormat.MEDIUM en_US (number 1)\n-FAIL: gnu.testlet.locales.LocaleTest: DateFormat.LONG en_US (number 1)\n FAIL: gnu.testlet.locales.LocaleTest: numberformats locale: en_US (number 14)\n FAIL: gnu.testlet.locales.LocaleTest: numberformats locale: en_US (number 15)\n FAIL: gnu.testlet.locales.LocaleTest: numberformats locale: en_US (number 21)"}]}